[2024-09-25T14:55:35.652+0000] {processor.py:186} INFO - Started process (PID=80) to work on /home/airflow/.local/lib/python3.12/site-packages/airflow/example_dags/example_datasets.py
[2024-09-25T14:55:35.653+0000] {processor.py:914} INFO - Processing file /home/airflow/.local/lib/python3.12/site-packages/airflow/example_dags/example_datasets.py for tasks to queue
[2024-09-25T14:55:35.655+0000] {logging_mixin.py:190} INFO - [2024-09-25T14:55:35.654+0000] {dagbag.py:588} INFO - Filling up the DagBag from /home/airflow/.local/lib/python3.12/site-packages/airflow/example_dags/example_datasets.py
[2024-09-25T14:55:35.776+0000] {processor.py:925} INFO - DAG(s) 'dataset_consumes_1_and_2', 'consume_1_and_2_with_dataset_expressions', 'consume_1_or_both_2_and_3_with_dataset_expressions', 'dataset_consumes_1', 'conditional_dataset_and_time_based_timetable', 'dataset_consumes_unknown_never_scheduled', 'dataset_produces_2', 'dataset_produces_1', 'consume_1_or_2_with_dataset_expressions', 'dataset_consumes_1_never_scheduled' retrieved from /home/airflow/.local/lib/python3.12/site-packages/airflow/example_dags/example_datasets.py
[2024-09-25T14:55:35.849+0000] {logging_mixin.py:190} INFO - [2024-09-25T14:55:35.848+0000] {override.py:1900} INFO - Created Permission View: can read on DAG:dataset_consumes_1_and_2
[2024-09-25T14:55:35.855+0000] {logging_mixin.py:190} INFO - [2024-09-25T14:55:35.854+0000] {override.py:1900} INFO - Created Permission View: can edit on DAG:dataset_consumes_1_and_2
[2024-09-25T14:55:35.858+0000] {logging_mixin.py:190} INFO - [2024-09-25T14:55:35.858+0000] {override.py:1900} INFO - Created Permission View: can delete on DAG:dataset_consumes_1_and_2
[2024-09-25T14:55:35.862+0000] {logging_mixin.py:190} INFO - [2024-09-25T14:55:35.862+0000] {override.py:1900} INFO - Created Permission View: can read on DAG Run:dataset_consumes_1_and_2
[2024-09-25T14:55:35.867+0000] {logging_mixin.py:190} INFO - [2024-09-25T14:55:35.867+0000] {override.py:1900} INFO - Created Permission View: can delete on DAG Run:dataset_consumes_1_and_2
[2024-09-25T14:55:35.872+0000] {logging_mixin.py:190} INFO - [2024-09-25T14:55:35.872+0000] {override.py:1900} INFO - Created Permission View: menu access on DAG Run:dataset_consumes_1_and_2
[2024-09-25T14:55:35.877+0000] {logging_mixin.py:190} INFO - [2024-09-25T14:55:35.876+0000] {override.py:1900} INFO - Created Permission View: can create on DAG Run:dataset_consumes_1_and_2
[2024-09-25T14:55:35.884+0000] {logging_mixin.py:190} INFO - [2024-09-25T14:55:35.884+0000] {override.py:1900} INFO - Created Permission View: can read on DAG:consume_1_and_2_with_dataset_expressions
[2024-09-25T14:55:35.887+0000] {logging_mixin.py:190} INFO - [2024-09-25T14:55:35.887+0000] {override.py:1900} INFO - Created Permission View: can edit on DAG:consume_1_and_2_with_dataset_expressions
[2024-09-25T14:55:35.890+0000] {logging_mixin.py:190} INFO - [2024-09-25T14:55:35.890+0000] {override.py:1900} INFO - Created Permission View: can delete on DAG:consume_1_and_2_with_dataset_expressions
[2024-09-25T14:55:35.894+0000] {logging_mixin.py:190} INFO - [2024-09-25T14:55:35.894+0000] {override.py:1900} INFO - Created Permission View: can read on DAG Run:consume_1_and_2_with_dataset_expressions
[2024-09-25T14:55:35.897+0000] {logging_mixin.py:190} INFO - [2024-09-25T14:55:35.897+0000] {override.py:1900} INFO - Created Permission View: can delete on DAG Run:consume_1_and_2_with_dataset_expressions
[2024-09-25T14:55:35.901+0000] {logging_mixin.py:190} INFO - [2024-09-25T14:55:35.901+0000] {override.py:1900} INFO - Created Permission View: menu access on DAG Run:consume_1_and_2_with_dataset_expressions
[2024-09-25T14:55:35.904+0000] {logging_mixin.py:190} INFO - [2024-09-25T14:55:35.904+0000] {override.py:1900} INFO - Created Permission View: can create on DAG Run:consume_1_and_2_with_dataset_expressions
[2024-09-25T14:55:35.910+0000] {logging_mixin.py:190} INFO - [2024-09-25T14:55:35.910+0000] {override.py:1900} INFO - Created Permission View: can read on DAG:consume_1_or_both_2_and_3_with_dataset_expressions
[2024-09-25T14:55:35.913+0000] {logging_mixin.py:190} INFO - [2024-09-25T14:55:35.913+0000] {override.py:1900} INFO - Created Permission View: can edit on DAG:consume_1_or_both_2_and_3_with_dataset_expressions
[2024-09-25T14:55:35.916+0000] {logging_mixin.py:190} INFO - [2024-09-25T14:55:35.916+0000] {override.py:1900} INFO - Created Permission View: can delete on DAG:consume_1_or_both_2_and_3_with_dataset_expressions
[2024-09-25T14:55:35.920+0000] {logging_mixin.py:190} INFO - [2024-09-25T14:55:35.919+0000] {override.py:1900} INFO - Created Permission View: can read on DAG Run:consume_1_or_both_2_and_3_with_dataset_expressions
[2024-09-25T14:55:35.923+0000] {logging_mixin.py:190} INFO - [2024-09-25T14:55:35.923+0000] {override.py:1900} INFO - Created Permission View: can delete on DAG Run:consume_1_or_both_2_and_3_with_dataset_expressions
[2024-09-25T14:55:35.926+0000] {logging_mixin.py:190} INFO - [2024-09-25T14:55:35.926+0000] {override.py:1900} INFO - Created Permission View: menu access on DAG Run:consume_1_or_both_2_and_3_with_dataset_expressions
[2024-09-25T14:55:35.929+0000] {logging_mixin.py:190} INFO - [2024-09-25T14:55:35.929+0000] {override.py:1900} INFO - Created Permission View: can create on DAG Run:consume_1_or_both_2_and_3_with_dataset_expressions
[2024-09-25T14:55:35.936+0000] {logging_mixin.py:190} INFO - [2024-09-25T14:55:35.936+0000] {override.py:1900} INFO - Created Permission View: can read on DAG:dataset_consumes_1
[2024-09-25T14:55:35.939+0000] {logging_mixin.py:190} INFO - [2024-09-25T14:55:35.939+0000] {override.py:1900} INFO - Created Permission View: can edit on DAG:dataset_consumes_1
[2024-09-25T14:55:35.943+0000] {logging_mixin.py:190} INFO - [2024-09-25T14:55:35.943+0000] {override.py:1900} INFO - Created Permission View: can delete on DAG:dataset_consumes_1
[2024-09-25T14:55:35.948+0000] {logging_mixin.py:190} INFO - [2024-09-25T14:55:35.948+0000] {override.py:1900} INFO - Created Permission View: can read on DAG Run:dataset_consumes_1
[2024-09-25T14:55:35.952+0000] {logging_mixin.py:190} INFO - [2024-09-25T14:55:35.952+0000] {override.py:1900} INFO - Created Permission View: can delete on DAG Run:dataset_consumes_1
[2024-09-25T14:55:35.956+0000] {logging_mixin.py:190} INFO - [2024-09-25T14:55:35.956+0000] {override.py:1900} INFO - Created Permission View: menu access on DAG Run:dataset_consumes_1
[2024-09-25T14:55:35.959+0000] {logging_mixin.py:190} INFO - [2024-09-25T14:55:35.959+0000] {override.py:1900} INFO - Created Permission View: can create on DAG Run:dataset_consumes_1
[2024-09-25T14:55:35.966+0000] {logging_mixin.py:190} INFO - [2024-09-25T14:55:35.966+0000] {override.py:1900} INFO - Created Permission View: can read on DAG:conditional_dataset_and_time_based_timetable
[2024-09-25T14:55:35.970+0000] {logging_mixin.py:190} INFO - [2024-09-25T14:55:35.970+0000] {override.py:1900} INFO - Created Permission View: can edit on DAG:conditional_dataset_and_time_based_timetable
[2024-09-25T14:55:35.974+0000] {logging_mixin.py:190} INFO - [2024-09-25T14:55:35.974+0000] {override.py:1900} INFO - Created Permission View: can delete on DAG:conditional_dataset_and_time_based_timetable
[2024-09-25T14:55:35.978+0000] {logging_mixin.py:190} INFO - [2024-09-25T14:55:35.978+0000] {override.py:1900} INFO - Created Permission View: can read on DAG Run:conditional_dataset_and_time_based_timetable
[2024-09-25T14:55:35.982+0000] {logging_mixin.py:190} INFO - [2024-09-25T14:55:35.982+0000] {override.py:1900} INFO - Created Permission View: can delete on DAG Run:conditional_dataset_and_time_based_timetable
[2024-09-25T14:55:35.985+0000] {logging_mixin.py:190} INFO - [2024-09-25T14:55:35.985+0000] {override.py:1900} INFO - Created Permission View: menu access on DAG Run:conditional_dataset_and_time_based_timetable
[2024-09-25T14:55:35.989+0000] {logging_mixin.py:190} INFO - [2024-09-25T14:55:35.988+0000] {override.py:1900} INFO - Created Permission View: can create on DAG Run:conditional_dataset_and_time_based_timetable
[2024-09-25T14:55:35.995+0000] {logging_mixin.py:190} INFO - [2024-09-25T14:55:35.995+0000] {override.py:1900} INFO - Created Permission View: can read on DAG:dataset_consumes_unknown_never_scheduled
[2024-09-25T14:55:35.999+0000] {logging_mixin.py:190} INFO - [2024-09-25T14:55:35.998+0000] {override.py:1900} INFO - Created Permission View: can edit on DAG:dataset_consumes_unknown_never_scheduled
[2024-09-25T14:55:36.002+0000] {logging_mixin.py:190} INFO - [2024-09-25T14:55:36.002+0000] {override.py:1900} INFO - Created Permission View: can delete on DAG:dataset_consumes_unknown_never_scheduled
[2024-09-25T14:55:36.006+0000] {logging_mixin.py:190} INFO - [2024-09-25T14:55:36.006+0000] {override.py:1900} INFO - Created Permission View: can read on DAG Run:dataset_consumes_unknown_never_scheduled
[2024-09-25T14:55:36.009+0000] {logging_mixin.py:190} INFO - [2024-09-25T14:55:36.009+0000] {override.py:1900} INFO - Created Permission View: can delete on DAG Run:dataset_consumes_unknown_never_scheduled
[2024-09-25T14:55:36.012+0000] {logging_mixin.py:190} INFO - [2024-09-25T14:55:36.012+0000] {override.py:1900} INFO - Created Permission View: menu access on DAG Run:dataset_consumes_unknown_never_scheduled
[2024-09-25T14:55:36.016+0000] {logging_mixin.py:190} INFO - [2024-09-25T14:55:36.016+0000] {override.py:1900} INFO - Created Permission View: can create on DAG Run:dataset_consumes_unknown_never_scheduled
[2024-09-25T14:55:36.023+0000] {logging_mixin.py:190} INFO - [2024-09-25T14:55:36.023+0000] {override.py:1900} INFO - Created Permission View: can read on DAG:dataset_produces_2
[2024-09-25T14:55:36.026+0000] {logging_mixin.py:190} INFO - [2024-09-25T14:55:36.026+0000] {override.py:1900} INFO - Created Permission View: can edit on DAG:dataset_produces_2
[2024-09-25T14:55:36.029+0000] {logging_mixin.py:190} INFO - [2024-09-25T14:55:36.029+0000] {override.py:1900} INFO - Created Permission View: can delete on DAG:dataset_produces_2
[2024-09-25T14:55:36.033+0000] {logging_mixin.py:190} INFO - [2024-09-25T14:55:36.033+0000] {override.py:1900} INFO - Created Permission View: can read on DAG Run:dataset_produces_2
[2024-09-25T14:55:36.036+0000] {logging_mixin.py:190} INFO - [2024-09-25T14:55:36.036+0000] {override.py:1900} INFO - Created Permission View: can delete on DAG Run:dataset_produces_2
[2024-09-25T14:55:36.039+0000] {logging_mixin.py:190} INFO - [2024-09-25T14:55:36.039+0000] {override.py:1900} INFO - Created Permission View: menu access on DAG Run:dataset_produces_2
[2024-09-25T14:55:36.042+0000] {logging_mixin.py:190} INFO - [2024-09-25T14:55:36.042+0000] {override.py:1900} INFO - Created Permission View: can create on DAG Run:dataset_produces_2
[2024-09-25T14:55:36.049+0000] {logging_mixin.py:190} INFO - [2024-09-25T14:55:36.048+0000] {override.py:1900} INFO - Created Permission View: can read on DAG:dataset_produces_1
[2024-09-25T14:55:36.052+0000] {logging_mixin.py:190} INFO - [2024-09-25T14:55:36.052+0000] {override.py:1900} INFO - Created Permission View: can edit on DAG:dataset_produces_1
[2024-09-25T14:55:36.057+0000] {logging_mixin.py:190} INFO - [2024-09-25T14:55:36.057+0000] {override.py:1900} INFO - Created Permission View: can delete on DAG:dataset_produces_1
[2024-09-25T14:55:36.060+0000] {logging_mixin.py:190} INFO - [2024-09-25T14:55:36.060+0000] {override.py:1900} INFO - Created Permission View: can read on DAG Run:dataset_produces_1
[2024-09-25T14:55:36.063+0000] {logging_mixin.py:190} INFO - [2024-09-25T14:55:36.063+0000] {override.py:1900} INFO - Created Permission View: can delete on DAG Run:dataset_produces_1
[2024-09-25T14:55:36.066+0000] {logging_mixin.py:190} INFO - [2024-09-25T14:55:36.066+0000] {override.py:1900} INFO - Created Permission View: menu access on DAG Run:dataset_produces_1
[2024-09-25T14:55:36.070+0000] {logging_mixin.py:190} INFO - [2024-09-25T14:55:36.069+0000] {override.py:1900} INFO - Created Permission View: can create on DAG Run:dataset_produces_1
[2024-09-25T14:55:36.076+0000] {logging_mixin.py:190} INFO - [2024-09-25T14:55:36.076+0000] {override.py:1900} INFO - Created Permission View: can read on DAG:consume_1_or_2_with_dataset_expressions
[2024-09-25T14:55:36.079+0000] {logging_mixin.py:190} INFO - [2024-09-25T14:55:36.079+0000] {override.py:1900} INFO - Created Permission View: can edit on DAG:consume_1_or_2_with_dataset_expressions
[2024-09-25T14:55:36.082+0000] {logging_mixin.py:190} INFO - [2024-09-25T14:55:36.082+0000] {override.py:1900} INFO - Created Permission View: can delete on DAG:consume_1_or_2_with_dataset_expressions
[2024-09-25T14:55:36.086+0000] {logging_mixin.py:190} INFO - [2024-09-25T14:55:36.086+0000] {override.py:1900} INFO - Created Permission View: can read on DAG Run:consume_1_or_2_with_dataset_expressions
[2024-09-25T14:55:36.090+0000] {logging_mixin.py:190} INFO - [2024-09-25T14:55:36.089+0000] {override.py:1900} INFO - Created Permission View: can delete on DAG Run:consume_1_or_2_with_dataset_expressions
[2024-09-25T14:55:36.093+0000] {logging_mixin.py:190} INFO - [2024-09-25T14:55:36.093+0000] {override.py:1900} INFO - Created Permission View: menu access on DAG Run:consume_1_or_2_with_dataset_expressions
[2024-09-25T14:55:36.096+0000] {logging_mixin.py:190} INFO - [2024-09-25T14:55:36.096+0000] {override.py:1900} INFO - Created Permission View: can create on DAG Run:consume_1_or_2_with_dataset_expressions
[2024-09-25T14:55:36.103+0000] {logging_mixin.py:190} INFO - [2024-09-25T14:55:36.103+0000] {override.py:1900} INFO - Created Permission View: can read on DAG:dataset_consumes_1_never_scheduled
[2024-09-25T14:55:36.106+0000] {logging_mixin.py:190} INFO - [2024-09-25T14:55:36.106+0000] {override.py:1900} INFO - Created Permission View: can edit on DAG:dataset_consumes_1_never_scheduled
[2024-09-25T14:55:36.110+0000] {logging_mixin.py:190} INFO - [2024-09-25T14:55:36.110+0000] {override.py:1900} INFO - Created Permission View: can delete on DAG:dataset_consumes_1_never_scheduled
[2024-09-25T14:55:36.113+0000] {logging_mixin.py:190} INFO - [2024-09-25T14:55:36.113+0000] {override.py:1900} INFO - Created Permission View: can read on DAG Run:dataset_consumes_1_never_scheduled
[2024-09-25T14:55:36.117+0000] {logging_mixin.py:190} INFO - [2024-09-25T14:55:36.117+0000] {override.py:1900} INFO - Created Permission View: can delete on DAG Run:dataset_consumes_1_never_scheduled
[2024-09-25T14:55:36.120+0000] {logging_mixin.py:190} INFO - [2024-09-25T14:55:36.120+0000] {override.py:1900} INFO - Created Permission View: menu access on DAG Run:dataset_consumes_1_never_scheduled
[2024-09-25T14:55:36.124+0000] {logging_mixin.py:190} INFO - [2024-09-25T14:55:36.124+0000] {override.py:1900} INFO - Created Permission View: can create on DAG Run:dataset_consumes_1_never_scheduled
[2024-09-25T14:55:36.124+0000] {logging_mixin.py:190} INFO - [2024-09-25T14:55:36.124+0000] {dag.py:3239} INFO - Sync 10 DAGs
[2024-09-25T14:55:36.134+0000] {logging_mixin.py:190} INFO - [2024-09-25T14:55:36.134+0000] {dag.py:3262} INFO - Creating ORM DAG for consume_1_and_2_with_dataset_expressions
[2024-09-25T14:55:36.134+0000] {logging_mixin.py:190} INFO - [2024-09-25T14:55:36.134+0000] {dag.py:3262} INFO - Creating ORM DAG for dataset_consumes_unknown_never_scheduled
[2024-09-25T14:55:36.134+0000] {logging_mixin.py:190} INFO - [2024-09-25T14:55:36.134+0000] {dag.py:3262} INFO - Creating ORM DAG for dataset_consumes_1_never_scheduled
[2024-09-25T14:55:36.135+0000] {logging_mixin.py:190} INFO - [2024-09-25T14:55:36.135+0000] {dag.py:3262} INFO - Creating ORM DAG for dataset_consumes_1_and_2
[2024-09-25T14:55:36.135+0000] {logging_mixin.py:190} INFO - [2024-09-25T14:55:36.135+0000] {dag.py:3262} INFO - Creating ORM DAG for dataset_produces_1
[2024-09-25T14:55:36.135+0000] {logging_mixin.py:190} INFO - [2024-09-25T14:55:36.135+0000] {dag.py:3262} INFO - Creating ORM DAG for consume_1_or_2_with_dataset_expressions
[2024-09-25T14:55:36.136+0000] {logging_mixin.py:190} INFO - [2024-09-25T14:55:36.136+0000] {dag.py:3262} INFO - Creating ORM DAG for dataset_produces_2
[2024-09-25T14:55:36.136+0000] {logging_mixin.py:190} INFO - [2024-09-25T14:55:36.136+0000] {dag.py:3262} INFO - Creating ORM DAG for conditional_dataset_and_time_based_timetable
[2024-09-25T14:55:36.136+0000] {logging_mixin.py:190} INFO - [2024-09-25T14:55:36.136+0000] {dag.py:3262} INFO - Creating ORM DAG for consume_1_or_both_2_and_3_with_dataset_expressions
[2024-09-25T14:55:36.137+0000] {logging_mixin.py:190} INFO - [2024-09-25T14:55:36.137+0000] {dag.py:3262} INFO - Creating ORM DAG for dataset_consumes_1
[2024-09-25T14:55:36.144+0000] {logging_mixin.py:190} INFO - [2024-09-25T14:55:36.144+0000] {dag.py:4180} INFO - Setting next_dagrun for conditional_dataset_and_time_based_timetable to 2024-09-25 01:00:00+00:00, run_after=2024-09-25 01:00:00+00:00
[2024-09-25T14:55:36.144+0000] {logging_mixin.py:190} INFO - [2024-09-25T14:55:36.144+0000] {dag.py:4180} INFO - Setting next_dagrun for consume_1_and_2_with_dataset_expressions to None, run_after=None
[2024-09-25T14:55:36.144+0000] {logging_mixin.py:190} INFO - [2024-09-25T14:55:36.144+0000] {dag.py:4180} INFO - Setting next_dagrun for consume_1_or_2_with_dataset_expressions to None, run_after=None
[2024-09-25T14:55:36.145+0000] {logging_mixin.py:190} INFO - [2024-09-25T14:55:36.145+0000] {dag.py:4180} INFO - Setting next_dagrun for consume_1_or_both_2_and_3_with_dataset_expressions to None, run_after=None
[2024-09-25T14:55:36.145+0000] {logging_mixin.py:190} INFO - [2024-09-25T14:55:36.145+0000] {dag.py:4180} INFO - Setting next_dagrun for dataset_consumes_1 to None, run_after=None
[2024-09-25T14:55:36.145+0000] {logging_mixin.py:190} INFO - [2024-09-25T14:55:36.145+0000] {dag.py:4180} INFO - Setting next_dagrun for dataset_consumes_1_and_2 to None, run_after=None
[2024-09-25T14:55:36.145+0000] {logging_mixin.py:190} INFO - [2024-09-25T14:55:36.145+0000] {dag.py:4180} INFO - Setting next_dagrun for dataset_consumes_1_never_scheduled to None, run_after=None
[2024-09-25T14:55:36.146+0000] {logging_mixin.py:190} INFO - [2024-09-25T14:55:36.146+0000] {dag.py:4180} INFO - Setting next_dagrun for dataset_consumes_unknown_never_scheduled to None, run_after=None
[2024-09-25T14:55:36.147+0000] {logging_mixin.py:190} INFO - [2024-09-25T14:55:36.147+0000] {dag.py:4180} INFO - Setting next_dagrun for dataset_produces_1 to 2024-09-24 00:00:00+00:00, run_after=2024-09-25 00:00:00+00:00
[2024-09-25T14:55:36.147+0000] {logging_mixin.py:190} INFO - [2024-09-25T14:55:36.147+0000] {dag.py:4180} INFO - Setting next_dagrun for dataset_produces_2 to None, run_after=None
[2024-09-25T14:55:36.174+0000] {processor.py:208} INFO - Processing /home/airflow/.local/lib/python3.12/site-packages/airflow/example_dags/example_datasets.py took 0.526 seconds
[2024-09-25T14:56:06.305+0000] {processor.py:186} INFO - Started process (PID=144) to work on /home/airflow/.local/lib/python3.12/site-packages/airflow/example_dags/example_datasets.py
[2024-09-25T14:56:06.306+0000] {processor.py:914} INFO - Processing file /home/airflow/.local/lib/python3.12/site-packages/airflow/example_dags/example_datasets.py for tasks to queue
[2024-09-25T14:56:06.308+0000] {logging_mixin.py:190} INFO - [2024-09-25T14:56:06.308+0000] {dagbag.py:588} INFO - Filling up the DagBag from /home/airflow/.local/lib/python3.12/site-packages/airflow/example_dags/example_datasets.py
[2024-09-25T14:56:06.433+0000] {processor.py:925} INFO - DAG(s) 'dataset_consumes_unknown_never_scheduled', 'consume_1_or_both_2_and_3_with_dataset_expressions', 'dataset_produces_1', 'dataset_consumes_1_and_2', 'dataset_produces_2', 'conditional_dataset_and_time_based_timetable', 'dataset_consumes_1_never_scheduled', 'consume_1_or_2_with_dataset_expressions', 'consume_1_and_2_with_dataset_expressions', 'dataset_consumes_1' retrieved from /home/airflow/.local/lib/python3.12/site-packages/airflow/example_dags/example_datasets.py
[2024-09-25T14:56:06.466+0000] {logging_mixin.py:190} INFO - [2024-09-25T14:56:06.466+0000] {dag.py:3239} INFO - Sync 10 DAGs
[2024-09-25T14:56:06.491+0000] {logging_mixin.py:190} INFO - [2024-09-25T14:56:06.491+0000] {dag.py:4180} INFO - Setting next_dagrun for conditional_dataset_and_time_based_timetable to 2024-09-25 01:00:00+00:00, run_after=2024-09-25 01:00:00+00:00
[2024-09-25T14:56:06.494+0000] {logging_mixin.py:190} INFO - [2024-09-25T14:56:06.494+0000] {dag.py:4180} INFO - Setting next_dagrun for consume_1_and_2_with_dataset_expressions to None, run_after=None
[2024-09-25T14:56:06.495+0000] {logging_mixin.py:190} INFO - [2024-09-25T14:56:06.494+0000] {dag.py:4180} INFO - Setting next_dagrun for consume_1_or_2_with_dataset_expressions to None, run_after=None
[2024-09-25T14:56:06.495+0000] {logging_mixin.py:190} INFO - [2024-09-25T14:56:06.495+0000] {dag.py:4180} INFO - Setting next_dagrun for consume_1_or_both_2_and_3_with_dataset_expressions to None, run_after=None
[2024-09-25T14:56:06.496+0000] {logging_mixin.py:190} INFO - [2024-09-25T14:56:06.496+0000] {dag.py:4180} INFO - Setting next_dagrun for dataset_consumes_1 to None, run_after=None
[2024-09-25T14:56:06.498+0000] {logging_mixin.py:190} INFO - [2024-09-25T14:56:06.498+0000] {dag.py:4180} INFO - Setting next_dagrun for dataset_consumes_1_and_2 to None, run_after=None
[2024-09-25T14:56:06.499+0000] {logging_mixin.py:190} INFO - [2024-09-25T14:56:06.499+0000] {dag.py:4180} INFO - Setting next_dagrun for dataset_consumes_1_never_scheduled to None, run_after=None
[2024-09-25T14:56:06.500+0000] {logging_mixin.py:190} INFO - [2024-09-25T14:56:06.500+0000] {dag.py:4180} INFO - Setting next_dagrun for dataset_consumes_unknown_never_scheduled to None, run_after=None
[2024-09-25T14:56:06.502+0000] {logging_mixin.py:190} INFO - [2024-09-25T14:56:06.502+0000] {dag.py:4180} INFO - Setting next_dagrun for dataset_produces_1 to 2024-09-24 00:00:00+00:00, run_after=2024-09-25 00:00:00+00:00
[2024-09-25T14:56:06.503+0000] {logging_mixin.py:190} INFO - [2024-09-25T14:56:06.502+0000] {dag.py:4180} INFO - Setting next_dagrun for dataset_produces_2 to None, run_after=None
[2024-09-25T14:56:06.526+0000] {processor.py:208} INFO - Processing /home/airflow/.local/lib/python3.12/site-packages/airflow/example_dags/example_datasets.py took 0.225 seconds
[2024-09-25T14:56:36.766+0000] {processor.py:186} INFO - Started process (PID=206) to work on /home/airflow/.local/lib/python3.12/site-packages/airflow/example_dags/example_datasets.py
[2024-09-25T14:56:36.767+0000] {processor.py:914} INFO - Processing file /home/airflow/.local/lib/python3.12/site-packages/airflow/example_dags/example_datasets.py for tasks to queue
[2024-09-25T14:56:36.768+0000] {logging_mixin.py:190} INFO - [2024-09-25T14:56:36.768+0000] {dagbag.py:588} INFO - Filling up the DagBag from /home/airflow/.local/lib/python3.12/site-packages/airflow/example_dags/example_datasets.py
[2024-09-25T14:56:36.882+0000] {processor.py:925} INFO - DAG(s) 'dataset_produces_2', 'consume_1_or_2_with_dataset_expressions', 'dataset_consumes_1_never_scheduled', 'dataset_consumes_1', 'dataset_consumes_unknown_never_scheduled', 'dataset_produces_1', 'dataset_consumes_1_and_2', 'consume_1_or_both_2_and_3_with_dataset_expressions', 'conditional_dataset_and_time_based_timetable', 'consume_1_and_2_with_dataset_expressions' retrieved from /home/airflow/.local/lib/python3.12/site-packages/airflow/example_dags/example_datasets.py
[2024-09-25T14:56:36.909+0000] {logging_mixin.py:190} INFO - [2024-09-25T14:56:36.909+0000] {dag.py:3239} INFO - Sync 10 DAGs
[2024-09-25T14:56:36.927+0000] {logging_mixin.py:190} INFO - [2024-09-25T14:56:36.927+0000] {dag.py:4180} INFO - Setting next_dagrun for conditional_dataset_and_time_based_timetable to 2024-09-25 01:00:00+00:00, run_after=2024-09-25 01:00:00+00:00
[2024-09-25T14:56:36.930+0000] {logging_mixin.py:190} INFO - [2024-09-25T14:56:36.929+0000] {dag.py:4180} INFO - Setting next_dagrun for consume_1_and_2_with_dataset_expressions to None, run_after=None
[2024-09-25T14:56:36.930+0000] {logging_mixin.py:190} INFO - [2024-09-25T14:56:36.930+0000] {dag.py:4180} INFO - Setting next_dagrun for consume_1_or_2_with_dataset_expressions to None, run_after=None
[2024-09-25T14:56:36.931+0000] {logging_mixin.py:190} INFO - [2024-09-25T14:56:36.931+0000] {dag.py:4180} INFO - Setting next_dagrun for consume_1_or_both_2_and_3_with_dataset_expressions to None, run_after=None
[2024-09-25T14:56:36.932+0000] {logging_mixin.py:190} INFO - [2024-09-25T14:56:36.932+0000] {dag.py:4180} INFO - Setting next_dagrun for dataset_consumes_1 to None, run_after=None
[2024-09-25T14:56:36.933+0000] {logging_mixin.py:190} INFO - [2024-09-25T14:56:36.932+0000] {dag.py:4180} INFO - Setting next_dagrun for dataset_consumes_1_and_2 to None, run_after=None
[2024-09-25T14:56:36.933+0000] {logging_mixin.py:190} INFO - [2024-09-25T14:56:36.933+0000] {dag.py:4180} INFO - Setting next_dagrun for dataset_consumes_1_never_scheduled to None, run_after=None
[2024-09-25T14:56:36.934+0000] {logging_mixin.py:190} INFO - [2024-09-25T14:56:36.934+0000] {dag.py:4180} INFO - Setting next_dagrun for dataset_consumes_unknown_never_scheduled to None, run_after=None
[2024-09-25T14:56:36.935+0000] {logging_mixin.py:190} INFO - [2024-09-25T14:56:36.935+0000] {dag.py:4180} INFO - Setting next_dagrun for dataset_produces_1 to 2024-09-24 00:00:00+00:00, run_after=2024-09-25 00:00:00+00:00
[2024-09-25T14:56:36.936+0000] {logging_mixin.py:190} INFO - [2024-09-25T14:56:36.936+0000] {dag.py:4180} INFO - Setting next_dagrun for dataset_produces_2 to None, run_after=None
[2024-09-25T14:56:36.956+0000] {processor.py:208} INFO - Processing /home/airflow/.local/lib/python3.12/site-packages/airflow/example_dags/example_datasets.py took 0.194 seconds
[2024-09-25T14:57:07.320+0000] {processor.py:186} INFO - Started process (PID=269) to work on /home/airflow/.local/lib/python3.12/site-packages/airflow/example_dags/example_datasets.py
[2024-09-25T14:57:07.321+0000] {processor.py:914} INFO - Processing file /home/airflow/.local/lib/python3.12/site-packages/airflow/example_dags/example_datasets.py for tasks to queue
[2024-09-25T14:57:07.323+0000] {logging_mixin.py:190} INFO - [2024-09-25T14:57:07.322+0000] {dagbag.py:588} INFO - Filling up the DagBag from /home/airflow/.local/lib/python3.12/site-packages/airflow/example_dags/example_datasets.py
[2024-09-25T14:57:07.439+0000] {processor.py:925} INFO - DAG(s) 'dataset_consumes_1_never_scheduled', 'dataset_produces_1', 'consume_1_or_2_with_dataset_expressions', 'dataset_consumes_unknown_never_scheduled', 'dataset_produces_2', 'dataset_consumes_1_and_2', 'conditional_dataset_and_time_based_timetable', 'dataset_consumes_1', 'consume_1_and_2_with_dataset_expressions', 'consume_1_or_both_2_and_3_with_dataset_expressions' retrieved from /home/airflow/.local/lib/python3.12/site-packages/airflow/example_dags/example_datasets.py
[2024-09-25T14:57:07.467+0000] {logging_mixin.py:190} INFO - [2024-09-25T14:57:07.467+0000] {dag.py:3239} INFO - Sync 10 DAGs
[2024-09-25T14:57:07.485+0000] {logging_mixin.py:190} INFO - [2024-09-25T14:57:07.485+0000] {dag.py:4180} INFO - Setting next_dagrun for conditional_dataset_and_time_based_timetable to 2024-09-25 01:00:00+00:00, run_after=2024-09-25 01:00:00+00:00
[2024-09-25T14:57:07.488+0000] {logging_mixin.py:190} INFO - [2024-09-25T14:57:07.487+0000] {dag.py:4180} INFO - Setting next_dagrun for consume_1_and_2_with_dataset_expressions to None, run_after=None
[2024-09-25T14:57:07.488+0000] {logging_mixin.py:190} INFO - [2024-09-25T14:57:07.488+0000] {dag.py:4180} INFO - Setting next_dagrun for consume_1_or_2_with_dataset_expressions to None, run_after=None
[2024-09-25T14:57:07.489+0000] {logging_mixin.py:190} INFO - [2024-09-25T14:57:07.489+0000] {dag.py:4180} INFO - Setting next_dagrun for consume_1_or_both_2_and_3_with_dataset_expressions to None, run_after=None
[2024-09-25T14:57:07.490+0000] {logging_mixin.py:190} INFO - [2024-09-25T14:57:07.489+0000] {dag.py:4180} INFO - Setting next_dagrun for dataset_consumes_1 to None, run_after=None
[2024-09-25T14:57:07.490+0000] {logging_mixin.py:190} INFO - [2024-09-25T14:57:07.490+0000] {dag.py:4180} INFO - Setting next_dagrun for dataset_consumes_1_and_2 to None, run_after=None
[2024-09-25T14:57:07.491+0000] {logging_mixin.py:190} INFO - [2024-09-25T14:57:07.491+0000] {dag.py:4180} INFO - Setting next_dagrun for dataset_consumes_1_never_scheduled to None, run_after=None
[2024-09-25T14:57:07.491+0000] {logging_mixin.py:190} INFO - [2024-09-25T14:57:07.491+0000] {dag.py:4180} INFO - Setting next_dagrun for dataset_consumes_unknown_never_scheduled to None, run_after=None
[2024-09-25T14:57:07.493+0000] {logging_mixin.py:190} INFO - [2024-09-25T14:57:07.493+0000] {dag.py:4180} INFO - Setting next_dagrun for dataset_produces_1 to 2024-09-24 00:00:00+00:00, run_after=2024-09-25 00:00:00+00:00
[2024-09-25T14:57:07.494+0000] {logging_mixin.py:190} INFO - [2024-09-25T14:57:07.493+0000] {dag.py:4180} INFO - Setting next_dagrun for dataset_produces_2 to None, run_after=None
[2024-09-25T14:57:07.513+0000] {processor.py:208} INFO - Processing /home/airflow/.local/lib/python3.12/site-packages/airflow/example_dags/example_datasets.py took 0.197 seconds
[2024-09-25T14:57:38.031+0000] {processor.py:186} INFO - Started process (PID=332) to work on /home/airflow/.local/lib/python3.12/site-packages/airflow/example_dags/example_datasets.py
[2024-09-25T14:57:38.032+0000] {processor.py:914} INFO - Processing file /home/airflow/.local/lib/python3.12/site-packages/airflow/example_dags/example_datasets.py for tasks to queue
[2024-09-25T14:57:38.034+0000] {logging_mixin.py:190} INFO - [2024-09-25T14:57:38.033+0000] {dagbag.py:588} INFO - Filling up the DagBag from /home/airflow/.local/lib/python3.12/site-packages/airflow/example_dags/example_datasets.py
[2024-09-25T14:57:38.159+0000] {processor.py:925} INFO - DAG(s) 'consume_1_and_2_with_dataset_expressions', 'conditional_dataset_and_time_based_timetable', 'consume_1_or_both_2_and_3_with_dataset_expressions', 'dataset_consumes_1_never_scheduled', 'dataset_produces_2', 'dataset_produces_1', 'dataset_consumes_1', 'consume_1_or_2_with_dataset_expressions', 'dataset_consumes_unknown_never_scheduled', 'dataset_consumes_1_and_2' retrieved from /home/airflow/.local/lib/python3.12/site-packages/airflow/example_dags/example_datasets.py
[2024-09-25T14:57:38.189+0000] {logging_mixin.py:190} INFO - [2024-09-25T14:57:38.189+0000] {dag.py:3239} INFO - Sync 10 DAGs
[2024-09-25T14:57:38.213+0000] {logging_mixin.py:190} INFO - [2024-09-25T14:57:38.213+0000] {dag.py:4180} INFO - Setting next_dagrun for conditional_dataset_and_time_based_timetable to 2024-09-25 01:00:00+00:00, run_after=2024-09-25 01:00:00+00:00
[2024-09-25T14:57:38.216+0000] {logging_mixin.py:190} INFO - [2024-09-25T14:57:38.216+0000] {dag.py:4180} INFO - Setting next_dagrun for consume_1_and_2_with_dataset_expressions to None, run_after=None
[2024-09-25T14:57:38.217+0000] {logging_mixin.py:190} INFO - [2024-09-25T14:57:38.217+0000] {dag.py:4180} INFO - Setting next_dagrun for consume_1_or_2_with_dataset_expressions to None, run_after=None
[2024-09-25T14:57:38.218+0000] {logging_mixin.py:190} INFO - [2024-09-25T14:57:38.218+0000] {dag.py:4180} INFO - Setting next_dagrun for consume_1_or_both_2_and_3_with_dataset_expressions to None, run_after=None
[2024-09-25T14:57:38.219+0000] {logging_mixin.py:190} INFO - [2024-09-25T14:57:38.219+0000] {dag.py:4180} INFO - Setting next_dagrun for dataset_consumes_1 to None, run_after=None
[2024-09-25T14:57:38.220+0000] {logging_mixin.py:190} INFO - [2024-09-25T14:57:38.220+0000] {dag.py:4180} INFO - Setting next_dagrun for dataset_consumes_1_and_2 to None, run_after=None
[2024-09-25T14:57:38.220+0000] {logging_mixin.py:190} INFO - [2024-09-25T14:57:38.220+0000] {dag.py:4180} INFO - Setting next_dagrun for dataset_consumes_1_never_scheduled to None, run_after=None
[2024-09-25T14:57:38.221+0000] {logging_mixin.py:190} INFO - [2024-09-25T14:57:38.221+0000] {dag.py:4180} INFO - Setting next_dagrun for dataset_consumes_unknown_never_scheduled to None, run_after=None
[2024-09-25T14:57:38.223+0000] {logging_mixin.py:190} INFO - [2024-09-25T14:57:38.222+0000] {dag.py:4180} INFO - Setting next_dagrun for dataset_produces_1 to 2024-09-24 00:00:00+00:00, run_after=2024-09-25 00:00:00+00:00
[2024-09-25T14:57:38.223+0000] {logging_mixin.py:190} INFO - [2024-09-25T14:57:38.223+0000] {dag.py:4180} INFO - Setting next_dagrun for dataset_produces_2 to None, run_after=None
[2024-09-25T14:57:38.246+0000] {processor.py:208} INFO - Processing /home/airflow/.local/lib/python3.12/site-packages/airflow/example_dags/example_datasets.py took 0.219 seconds
[2024-09-25T14:58:08.859+0000] {processor.py:186} INFO - Started process (PID=395) to work on /home/airflow/.local/lib/python3.12/site-packages/airflow/example_dags/example_datasets.py
[2024-09-25T14:58:08.860+0000] {processor.py:914} INFO - Processing file /home/airflow/.local/lib/python3.12/site-packages/airflow/example_dags/example_datasets.py for tasks to queue
[2024-09-25T14:58:08.862+0000] {logging_mixin.py:190} INFO - [2024-09-25T14:58:08.862+0000] {dagbag.py:588} INFO - Filling up the DagBag from /home/airflow/.local/lib/python3.12/site-packages/airflow/example_dags/example_datasets.py
[2024-09-25T14:58:08.989+0000] {processor.py:925} INFO - DAG(s) 'consume_1_and_2_with_dataset_expressions', 'dataset_produces_1', 'dataset_produces_2', 'consume_1_or_both_2_and_3_with_dataset_expressions', 'dataset_consumes_1_never_scheduled', 'conditional_dataset_and_time_based_timetable', 'dataset_consumes_1', 'dataset_consumes_unknown_never_scheduled', 'dataset_consumes_1_and_2', 'consume_1_or_2_with_dataset_expressions' retrieved from /home/airflow/.local/lib/python3.12/site-packages/airflow/example_dags/example_datasets.py
[2024-09-25T14:58:09.024+0000] {logging_mixin.py:190} INFO - [2024-09-25T14:58:09.024+0000] {dag.py:3239} INFO - Sync 10 DAGs
[2024-09-25T14:58:09.047+0000] {logging_mixin.py:190} INFO - [2024-09-25T14:58:09.047+0000] {dag.py:4180} INFO - Setting next_dagrun for conditional_dataset_and_time_based_timetable to 2024-09-25 01:00:00+00:00, run_after=2024-09-25 01:00:00+00:00
[2024-09-25T14:58:09.049+0000] {logging_mixin.py:190} INFO - [2024-09-25T14:58:09.049+0000] {dag.py:4180} INFO - Setting next_dagrun for consume_1_and_2_with_dataset_expressions to None, run_after=None
[2024-09-25T14:58:09.050+0000] {logging_mixin.py:190} INFO - [2024-09-25T14:58:09.050+0000] {dag.py:4180} INFO - Setting next_dagrun for consume_1_or_2_with_dataset_expressions to None, run_after=None
[2024-09-25T14:58:09.051+0000] {logging_mixin.py:190} INFO - [2024-09-25T14:58:09.051+0000] {dag.py:4180} INFO - Setting next_dagrun for consume_1_or_both_2_and_3_with_dataset_expressions to None, run_after=None
[2024-09-25T14:58:09.052+0000] {logging_mixin.py:190} INFO - [2024-09-25T14:58:09.052+0000] {dag.py:4180} INFO - Setting next_dagrun for dataset_consumes_1 to None, run_after=None
[2024-09-25T14:58:09.053+0000] {logging_mixin.py:190} INFO - [2024-09-25T14:58:09.052+0000] {dag.py:4180} INFO - Setting next_dagrun for dataset_consumes_1_and_2 to None, run_after=None
[2024-09-25T14:58:09.053+0000] {logging_mixin.py:190} INFO - [2024-09-25T14:58:09.053+0000] {dag.py:4180} INFO - Setting next_dagrun for dataset_consumes_1_never_scheduled to None, run_after=None
[2024-09-25T14:58:09.054+0000] {logging_mixin.py:190} INFO - [2024-09-25T14:58:09.054+0000] {dag.py:4180} INFO - Setting next_dagrun for dataset_consumes_unknown_never_scheduled to None, run_after=None
[2024-09-25T14:58:09.055+0000] {logging_mixin.py:190} INFO - [2024-09-25T14:58:09.055+0000] {dag.py:4180} INFO - Setting next_dagrun for dataset_produces_1 to 2024-09-24 00:00:00+00:00, run_after=2024-09-25 00:00:00+00:00
[2024-09-25T14:58:09.056+0000] {logging_mixin.py:190} INFO - [2024-09-25T14:58:09.056+0000] {dag.py:4180} INFO - Setting next_dagrun for dataset_produces_2 to None, run_after=None
[2024-09-25T14:58:09.079+0000] {processor.py:208} INFO - Processing /home/airflow/.local/lib/python3.12/site-packages/airflow/example_dags/example_datasets.py took 0.225 seconds
