[2024-09-25T14:55:33.110+0000] {processor.py:186} INFO - Started process (PID=57) to work on /home/airflow/.local/lib/python3.12/site-packages/airflow/example_dags/example_display_name.py
[2024-09-25T14:55:33.110+0000] {processor.py:914} INFO - Processing file /home/airflow/.local/lib/python3.12/site-packages/airflow/example_dags/example_display_name.py for tasks to queue
[2024-09-25T14:55:33.112+0000] {logging_mixin.py:190} INFO - [2024-09-25T14:55:33.112+0000] {dagbag.py:588} INFO - Filling up the DagBag from /home/airflow/.local/lib/python3.12/site-packages/airflow/example_dags/example_display_name.py
[2024-09-25T14:55:33.119+0000] {processor.py:925} INFO - DAG(s) 'example_display_name' retrieved from /home/airflow/.local/lib/python3.12/site-packages/airflow/example_dags/example_display_name.py
[2024-09-25T14:55:33.201+0000] {logging_mixin.py:190} INFO - [2024-09-25T14:55:33.201+0000] {override.py:1900} INFO - Created Permission View: can read on DAG:example_display_name
[2024-09-25T14:55:33.209+0000] {logging_mixin.py:190} INFO - [2024-09-25T14:55:33.208+0000] {override.py:1900} INFO - Created Permission View: can edit on DAG:example_display_name
[2024-09-25T14:55:33.213+0000] {logging_mixin.py:190} INFO - [2024-09-25T14:55:33.213+0000] {override.py:1900} INFO - Created Permission View: can delete on DAG:example_display_name
[2024-09-25T14:55:33.218+0000] {logging_mixin.py:190} INFO - [2024-09-25T14:55:33.218+0000] {override.py:1900} INFO - Created Permission View: can read on DAG Run:example_display_name
[2024-09-25T14:55:33.222+0000] {logging_mixin.py:190} INFO - [2024-09-25T14:55:33.222+0000] {override.py:1900} INFO - Created Permission View: can delete on DAG Run:example_display_name
[2024-09-25T14:55:33.226+0000] {logging_mixin.py:190} INFO - [2024-09-25T14:55:33.225+0000] {override.py:1900} INFO - Created Permission View: menu access on DAG Run:example_display_name
[2024-09-25T14:55:33.229+0000] {logging_mixin.py:190} INFO - [2024-09-25T14:55:33.229+0000] {override.py:1900} INFO - Created Permission View: can create on DAG Run:example_display_name
[2024-09-25T14:55:33.230+0000] {logging_mixin.py:190} INFO - [2024-09-25T14:55:33.229+0000] {dag.py:3239} INFO - Sync 1 DAGs
[2024-09-25T14:55:33.239+0000] {logging_mixin.py:190} INFO - [2024-09-25T14:55:33.239+0000] {dag.py:3262} INFO - Creating ORM DAG for example_display_name
[2024-09-25T14:55:33.239+0000] {logging_mixin.py:190} INFO - [2024-09-25T14:55:33.239+0000] {dag.py:4180} INFO - Setting next_dagrun for example_display_name to None, run_after=None
[2024-09-25T14:55:33.249+0000] {processor.py:208} INFO - Processing /home/airflow/.local/lib/python3.12/site-packages/airflow/example_dags/example_display_name.py took 0.144 seconds
[2024-09-25T14:56:03.923+0000] {processor.py:186} INFO - Started process (PID=120) to work on /home/airflow/.local/lib/python3.12/site-packages/airflow/example_dags/example_display_name.py
[2024-09-25T14:56:03.924+0000] {processor.py:914} INFO - Processing file /home/airflow/.local/lib/python3.12/site-packages/airflow/example_dags/example_display_name.py for tasks to queue
[2024-09-25T14:56:03.926+0000] {logging_mixin.py:190} INFO - [2024-09-25T14:56:03.925+0000] {dagbag.py:588} INFO - Filling up the DagBag from /home/airflow/.local/lib/python3.12/site-packages/airflow/example_dags/example_display_name.py
[2024-09-25T14:56:03.932+0000] {processor.py:925} INFO - DAG(s) 'example_display_name' retrieved from /home/airflow/.local/lib/python3.12/site-packages/airflow/example_dags/example_display_name.py
[2024-09-25T14:56:03.949+0000] {logging_mixin.py:190} INFO - [2024-09-25T14:56:03.949+0000] {dag.py:3239} INFO - Sync 1 DAGs
[2024-09-25T14:56:03.961+0000] {logging_mixin.py:190} INFO - [2024-09-25T14:56:03.961+0000] {dag.py:4180} INFO - Setting next_dagrun for example_display_name to None, run_after=None
[2024-09-25T14:56:03.976+0000] {processor.py:208} INFO - Processing /home/airflow/.local/lib/python3.12/site-packages/airflow/example_dags/example_display_name.py took 0.057 seconds
[2024-09-25T14:56:34.712+0000] {processor.py:186} INFO - Started process (PID=183) to work on /home/airflow/.local/lib/python3.12/site-packages/airflow/example_dags/example_display_name.py
[2024-09-25T14:56:34.713+0000] {processor.py:914} INFO - Processing file /home/airflow/.local/lib/python3.12/site-packages/airflow/example_dags/example_display_name.py for tasks to queue
[2024-09-25T14:56:34.714+0000] {logging_mixin.py:190} INFO - [2024-09-25T14:56:34.714+0000] {dagbag.py:588} INFO - Filling up the DagBag from /home/airflow/.local/lib/python3.12/site-packages/airflow/example_dags/example_display_name.py
[2024-09-25T14:56:34.720+0000] {processor.py:925} INFO - DAG(s) 'example_display_name' retrieved from /home/airflow/.local/lib/python3.12/site-packages/airflow/example_dags/example_display_name.py
[2024-09-25T14:56:34.734+0000] {logging_mixin.py:190} INFO - [2024-09-25T14:56:34.734+0000] {dag.py:3239} INFO - Sync 1 DAGs
[2024-09-25T14:56:34.744+0000] {logging_mixin.py:190} INFO - [2024-09-25T14:56:34.744+0000] {dag.py:4180} INFO - Setting next_dagrun for example_display_name to None, run_after=None
[2024-09-25T14:56:34.755+0000] {processor.py:208} INFO - Processing /home/airflow/.local/lib/python3.12/site-packages/airflow/example_dags/example_display_name.py took 0.048 seconds
[2024-09-25T14:57:05.290+0000] {processor.py:186} INFO - Started process (PID=246) to work on /home/airflow/.local/lib/python3.12/site-packages/airflow/example_dags/example_display_name.py
[2024-09-25T14:57:05.291+0000] {processor.py:914} INFO - Processing file /home/airflow/.local/lib/python3.12/site-packages/airflow/example_dags/example_display_name.py for tasks to queue
[2024-09-25T14:57:05.292+0000] {logging_mixin.py:190} INFO - [2024-09-25T14:57:05.292+0000] {dagbag.py:588} INFO - Filling up the DagBag from /home/airflow/.local/lib/python3.12/site-packages/airflow/example_dags/example_display_name.py
[2024-09-25T14:57:05.298+0000] {processor.py:925} INFO - DAG(s) 'example_display_name' retrieved from /home/airflow/.local/lib/python3.12/site-packages/airflow/example_dags/example_display_name.py
[2024-09-25T14:57:05.312+0000] {logging_mixin.py:190} INFO - [2024-09-25T14:57:05.312+0000] {dag.py:3239} INFO - Sync 1 DAGs
[2024-09-25T14:57:05.322+0000] {logging_mixin.py:190} INFO - [2024-09-25T14:57:05.322+0000] {dag.py:4180} INFO - Setting next_dagrun for example_display_name to None, run_after=None
[2024-09-25T14:57:05.332+0000] {processor.py:208} INFO - Processing /home/airflow/.local/lib/python3.12/site-packages/airflow/example_dags/example_display_name.py took 0.046 seconds
[2024-09-25T14:57:35.835+0000] {processor.py:186} INFO - Started process (PID=309) to work on /home/airflow/.local/lib/python3.12/site-packages/airflow/example_dags/example_display_name.py
[2024-09-25T14:57:35.836+0000] {processor.py:914} INFO - Processing file /home/airflow/.local/lib/python3.12/site-packages/airflow/example_dags/example_display_name.py for tasks to queue
[2024-09-25T14:57:35.837+0000] {logging_mixin.py:190} INFO - [2024-09-25T14:57:35.837+0000] {dagbag.py:588} INFO - Filling up the DagBag from /home/airflow/.local/lib/python3.12/site-packages/airflow/example_dags/example_display_name.py
[2024-09-25T14:57:35.843+0000] {processor.py:925} INFO - DAG(s) 'example_display_name' retrieved from /home/airflow/.local/lib/python3.12/site-packages/airflow/example_dags/example_display_name.py
[2024-09-25T14:57:35.857+0000] {logging_mixin.py:190} INFO - [2024-09-25T14:57:35.857+0000] {dag.py:3239} INFO - Sync 1 DAGs
[2024-09-25T14:57:35.870+0000] {logging_mixin.py:190} INFO - [2024-09-25T14:57:35.870+0000] {dag.py:4180} INFO - Setting next_dagrun for example_display_name to None, run_after=None
[2024-09-25T14:57:35.884+0000] {processor.py:208} INFO - Processing /home/airflow/.local/lib/python3.12/site-packages/airflow/example_dags/example_display_name.py took 0.053 seconds
[2024-09-25T14:58:06.784+0000] {processor.py:186} INFO - Started process (PID=372) to work on /home/airflow/.local/lib/python3.12/site-packages/airflow/example_dags/example_display_name.py
[2024-09-25T14:58:06.785+0000] {processor.py:914} INFO - Processing file /home/airflow/.local/lib/python3.12/site-packages/airflow/example_dags/example_display_name.py for tasks to queue
[2024-09-25T14:58:06.786+0000] {logging_mixin.py:190} INFO - [2024-09-25T14:58:06.786+0000] {dagbag.py:588} INFO - Filling up the DagBag from /home/airflow/.local/lib/python3.12/site-packages/airflow/example_dags/example_display_name.py
[2024-09-25T14:58:06.792+0000] {processor.py:925} INFO - DAG(s) 'example_display_name' retrieved from /home/airflow/.local/lib/python3.12/site-packages/airflow/example_dags/example_display_name.py
[2024-09-25T14:58:06.805+0000] {logging_mixin.py:190} INFO - [2024-09-25T14:58:06.805+0000] {dag.py:3239} INFO - Sync 1 DAGs
[2024-09-25T14:58:06.816+0000] {logging_mixin.py:190} INFO - [2024-09-25T14:58:06.815+0000] {dag.py:4180} INFO - Setting next_dagrun for example_display_name to None, run_after=None
[2024-09-25T14:58:06.827+0000] {processor.py:208} INFO - Processing /home/airflow/.local/lib/python3.12/site-packages/airflow/example_dags/example_display_name.py took 0.047 seconds
