[2024-09-25T14:55:33.751+0000] {processor.py:186} INFO - Started process (PID=63) to work on /home/airflow/.local/lib/python3.12/site-packages/airflow/example_dags/example_subdag_operator.py
[2024-09-25T14:55:33.752+0000] {processor.py:914} INFO - Processing file /home/airflow/.local/lib/python3.12/site-packages/airflow/example_dags/example_subdag_operator.py for tasks to queue
[2024-09-25T14:55:33.753+0000] {logging_mixin.py:190} INFO - [2024-09-25T14:55:33.753+0000] {dagbag.py:588} INFO - Filling up the DagBag from /home/airflow/.local/lib/python3.12/site-packages/airflow/example_dags/example_subdag_operator.py
[2024-09-25T14:55:33.773+0000] {processor.py:925} INFO - DAG(s) 'example_subdag_operator.section-1', 'example_subdag_operator.section-2', 'example_subdag_operator' retrieved from /home/airflow/.local/lib/python3.12/site-packages/airflow/example_dags/example_subdag_operator.py
[2024-09-25T14:55:33.848+0000] {logging_mixin.py:190} INFO - [2024-09-25T14:55:33.847+0000] {override.py:1900} INFO - Created Permission View: can read on DAG:example_subdag_operator
[2024-09-25T14:55:33.853+0000] {logging_mixin.py:190} INFO - [2024-09-25T14:55:33.853+0000] {override.py:1900} INFO - Created Permission View: can edit on DAG:example_subdag_operator
[2024-09-25T14:55:33.857+0000] {logging_mixin.py:190} INFO - [2024-09-25T14:55:33.856+0000] {override.py:1900} INFO - Created Permission View: can delete on DAG:example_subdag_operator
[2024-09-25T14:55:33.860+0000] {logging_mixin.py:190} INFO - [2024-09-25T14:55:33.860+0000] {override.py:1900} INFO - Created Permission View: can read on DAG Run:example_subdag_operator
[2024-09-25T14:55:33.863+0000] {logging_mixin.py:190} INFO - [2024-09-25T14:55:33.863+0000] {override.py:1900} INFO - Created Permission View: can delete on DAG Run:example_subdag_operator
[2024-09-25T14:55:33.866+0000] {logging_mixin.py:190} INFO - [2024-09-25T14:55:33.866+0000] {override.py:1900} INFO - Created Permission View: menu access on DAG Run:example_subdag_operator
[2024-09-25T14:55:33.870+0000] {logging_mixin.py:190} INFO - [2024-09-25T14:55:33.869+0000] {override.py:1900} INFO - Created Permission View: can create on DAG Run:example_subdag_operator
[2024-09-25T14:55:33.870+0000] {logging_mixin.py:190} INFO - [2024-09-25T14:55:33.870+0000] {dag.py:3239} INFO - Sync 3 DAGs
[2024-09-25T14:55:33.879+0000] {logging_mixin.py:190} INFO - [2024-09-25T14:55:33.879+0000] {dag.py:3262} INFO - Creating ORM DAG for example_subdag_operator.section-2
[2024-09-25T14:55:33.880+0000] {logging_mixin.py:190} INFO - [2024-09-25T14:55:33.880+0000] {dag.py:3262} INFO - Creating ORM DAG for example_subdag_operator
[2024-09-25T14:55:33.880+0000] {logging_mixin.py:190} INFO - [2024-09-25T14:55:33.880+0000] {dag.py:3262} INFO - Creating ORM DAG for example_subdag_operator.section-1
[2024-09-25T14:55:33.886+0000] {logging_mixin.py:190} INFO - [2024-09-25T14:55:33.886+0000] {dag.py:4180} INFO - Setting next_dagrun for example_subdag_operator to 2022-01-01 00:00:00+00:00, run_after=2022-01-01 00:00:00+00:00
[2024-09-25T14:55:33.886+0000] {logging_mixin.py:190} INFO - [2024-09-25T14:55:33.886+0000] {dag.py:4180} INFO - Setting next_dagrun for example_subdag_operator.section-1 to None, run_after=None
[2024-09-25T14:55:33.886+0000] {logging_mixin.py:190} INFO - [2024-09-25T14:55:33.886+0000] {dag.py:4180} INFO - Setting next_dagrun for example_subdag_operator.section-2 to None, run_after=None
[2024-09-25T14:55:33.892+0000] {logging_mixin.py:190} INFO - [2024-09-25T14:55:33.891+0000] {dag.py:3239} INFO - Sync 2 DAGs
[2024-09-25T14:55:33.895+0000] {logging_mixin.py:190} INFO - [2024-09-25T14:55:33.895+0000] {dag.py:4180} INFO - Setting next_dagrun for example_subdag_operator.section-1 to None, run_after=None
[2024-09-25T14:55:33.897+0000] {logging_mixin.py:190} INFO - [2024-09-25T14:55:33.896+0000] {dag.py:4180} INFO - Setting next_dagrun for example_subdag_operator.section-2 to None, run_after=None
[2024-09-25T14:55:33.903+0000] {processor.py:208} INFO - Processing /home/airflow/.local/lib/python3.12/site-packages/airflow/example_dags/example_subdag_operator.py took 0.156 seconds
[2024-09-25T14:56:04.161+0000] {processor.py:186} INFO - Started process (PID=126) to work on /home/airflow/.local/lib/python3.12/site-packages/airflow/example_dags/example_subdag_operator.py
[2024-09-25T14:56:04.162+0000] {processor.py:914} INFO - Processing file /home/airflow/.local/lib/python3.12/site-packages/airflow/example_dags/example_subdag_operator.py for tasks to queue
[2024-09-25T14:56:04.163+0000] {logging_mixin.py:190} INFO - [2024-09-25T14:56:04.163+0000] {dagbag.py:588} INFO - Filling up the DagBag from /home/airflow/.local/lib/python3.12/site-packages/airflow/example_dags/example_subdag_operator.py
[2024-09-25T14:56:04.182+0000] {processor.py:925} INFO - DAG(s) 'example_subdag_operator.section-1', 'example_subdag_operator.section-2', 'example_subdag_operator' retrieved from /home/airflow/.local/lib/python3.12/site-packages/airflow/example_dags/example_subdag_operator.py
[2024-09-25T14:56:04.193+0000] {logging_mixin.py:190} INFO - [2024-09-25T14:56:04.192+0000] {dag.py:3239} INFO - Sync 3 DAGs
[2024-09-25T14:56:04.209+0000] {logging_mixin.py:190} INFO - [2024-09-25T14:56:04.209+0000] {dag.py:4180} INFO - Setting next_dagrun for example_subdag_operator to 2022-01-01 00:00:00+00:00, run_after=2022-01-01 00:00:00+00:00
[2024-09-25T14:56:04.212+0000] {logging_mixin.py:190} INFO - [2024-09-25T14:56:04.212+0000] {dag.py:4180} INFO - Setting next_dagrun for example_subdag_operator.section-1 to None, run_after=None
[2024-09-25T14:56:04.213+0000] {logging_mixin.py:190} INFO - [2024-09-25T14:56:04.213+0000] {dag.py:4180} INFO - Setting next_dagrun for example_subdag_operator.section-2 to None, run_after=None
[2024-09-25T14:56:04.219+0000] {logging_mixin.py:190} INFO - [2024-09-25T14:56:04.219+0000] {dag.py:3239} INFO - Sync 2 DAGs
[2024-09-25T14:56:04.223+0000] {logging_mixin.py:190} INFO - [2024-09-25T14:56:04.223+0000] {dag.py:4180} INFO - Setting next_dagrun for example_subdag_operator.section-1 to None, run_after=None
[2024-09-25T14:56:04.223+0000] {logging_mixin.py:190} INFO - [2024-09-25T14:56:04.223+0000] {dag.py:4180} INFO - Setting next_dagrun for example_subdag_operator.section-2 to None, run_after=None
[2024-09-25T14:56:04.229+0000] {processor.py:208} INFO - Processing /home/airflow/.local/lib/python3.12/site-packages/airflow/example_dags/example_subdag_operator.py took 0.073 seconds
[2024-09-25T14:56:34.936+0000] {processor.py:186} INFO - Started process (PID=189) to work on /home/airflow/.local/lib/python3.12/site-packages/airflow/example_dags/example_subdag_operator.py
[2024-09-25T14:56:34.937+0000] {processor.py:914} INFO - Processing file /home/airflow/.local/lib/python3.12/site-packages/airflow/example_dags/example_subdag_operator.py for tasks to queue
[2024-09-25T14:56:34.938+0000] {logging_mixin.py:190} INFO - [2024-09-25T14:56:34.938+0000] {dagbag.py:588} INFO - Filling up the DagBag from /home/airflow/.local/lib/python3.12/site-packages/airflow/example_dags/example_subdag_operator.py
[2024-09-25T14:56:34.958+0000] {processor.py:925} INFO - DAG(s) 'example_subdag_operator.section-1', 'example_subdag_operator.section-2', 'example_subdag_operator' retrieved from /home/airflow/.local/lib/python3.12/site-packages/airflow/example_dags/example_subdag_operator.py
[2024-09-25T14:56:34.968+0000] {logging_mixin.py:190} INFO - [2024-09-25T14:56:34.967+0000] {dag.py:3239} INFO - Sync 3 DAGs
[2024-09-25T14:56:34.984+0000] {logging_mixin.py:190} INFO - [2024-09-25T14:56:34.984+0000] {dag.py:4180} INFO - Setting next_dagrun for example_subdag_operator to 2022-01-01 00:00:00+00:00, run_after=2022-01-01 00:00:00+00:00
[2024-09-25T14:56:34.986+0000] {logging_mixin.py:190} INFO - [2024-09-25T14:56:34.986+0000] {dag.py:4180} INFO - Setting next_dagrun for example_subdag_operator.section-1 to None, run_after=None
[2024-09-25T14:56:34.987+0000] {logging_mixin.py:190} INFO - [2024-09-25T14:56:34.987+0000] {dag.py:4180} INFO - Setting next_dagrun for example_subdag_operator.section-2 to None, run_after=None
[2024-09-25T14:56:34.992+0000] {logging_mixin.py:190} INFO - [2024-09-25T14:56:34.992+0000] {dag.py:3239} INFO - Sync 2 DAGs
[2024-09-25T14:56:34.995+0000] {logging_mixin.py:190} INFO - [2024-09-25T14:56:34.995+0000] {dag.py:4180} INFO - Setting next_dagrun for example_subdag_operator.section-1 to None, run_after=None
[2024-09-25T14:56:34.995+0000] {logging_mixin.py:190} INFO - [2024-09-25T14:56:34.995+0000] {dag.py:4180} INFO - Setting next_dagrun for example_subdag_operator.section-2 to None, run_after=None
[2024-09-25T14:56:35.001+0000] {processor.py:208} INFO - Processing /home/airflow/.local/lib/python3.12/site-packages/airflow/example_dags/example_subdag_operator.py took 0.070 seconds
[2024-09-25T14:57:05.498+0000] {processor.py:186} INFO - Started process (PID=252) to work on /home/airflow/.local/lib/python3.12/site-packages/airflow/example_dags/example_subdag_operator.py
[2024-09-25T14:57:05.498+0000] {processor.py:914} INFO - Processing file /home/airflow/.local/lib/python3.12/site-packages/airflow/example_dags/example_subdag_operator.py for tasks to queue
[2024-09-25T14:57:05.500+0000] {logging_mixin.py:190} INFO - [2024-09-25T14:57:05.499+0000] {dagbag.py:588} INFO - Filling up the DagBag from /home/airflow/.local/lib/python3.12/site-packages/airflow/example_dags/example_subdag_operator.py
[2024-09-25T14:57:05.517+0000] {processor.py:925} INFO - DAG(s) 'example_subdag_operator.section-1', 'example_subdag_operator.section-2', 'example_subdag_operator' retrieved from /home/airflow/.local/lib/python3.12/site-packages/airflow/example_dags/example_subdag_operator.py
[2024-09-25T14:57:05.527+0000] {logging_mixin.py:190} INFO - [2024-09-25T14:57:05.527+0000] {dag.py:3239} INFO - Sync 3 DAGs
[2024-09-25T14:57:05.543+0000] {logging_mixin.py:190} INFO - [2024-09-25T14:57:05.543+0000] {dag.py:4180} INFO - Setting next_dagrun for example_subdag_operator to 2022-01-01 00:00:00+00:00, run_after=2022-01-01 00:00:00+00:00
[2024-09-25T14:57:05.546+0000] {logging_mixin.py:190} INFO - [2024-09-25T14:57:05.546+0000] {dag.py:4180} INFO - Setting next_dagrun for example_subdag_operator.section-1 to None, run_after=None
[2024-09-25T14:57:05.547+0000] {logging_mixin.py:190} INFO - [2024-09-25T14:57:05.546+0000] {dag.py:4180} INFO - Setting next_dagrun for example_subdag_operator.section-2 to None, run_after=None
[2024-09-25T14:57:05.551+0000] {logging_mixin.py:190} INFO - [2024-09-25T14:57:05.551+0000] {dag.py:3239} INFO - Sync 2 DAGs
[2024-09-25T14:57:05.554+0000] {logging_mixin.py:190} INFO - [2024-09-25T14:57:05.554+0000] {dag.py:4180} INFO - Setting next_dagrun for example_subdag_operator.section-1 to None, run_after=None
[2024-09-25T14:57:05.555+0000] {logging_mixin.py:190} INFO - [2024-09-25T14:57:05.554+0000] {dag.py:4180} INFO - Setting next_dagrun for example_subdag_operator.section-2 to None, run_after=None
[2024-09-25T14:57:05.561+0000] {processor.py:208} INFO - Processing /home/airflow/.local/lib/python3.12/site-packages/airflow/example_dags/example_subdag_operator.py took 0.067 seconds
[2024-09-25T14:57:36.154+0000] {processor.py:186} INFO - Started process (PID=315) to work on /home/airflow/.local/lib/python3.12/site-packages/airflow/example_dags/example_subdag_operator.py
[2024-09-25T14:57:36.155+0000] {processor.py:914} INFO - Processing file /home/airflow/.local/lib/python3.12/site-packages/airflow/example_dags/example_subdag_operator.py for tasks to queue
[2024-09-25T14:57:36.157+0000] {logging_mixin.py:190} INFO - [2024-09-25T14:57:36.157+0000] {dagbag.py:588} INFO - Filling up the DagBag from /home/airflow/.local/lib/python3.12/site-packages/airflow/example_dags/example_subdag_operator.py
[2024-09-25T14:57:36.175+0000] {processor.py:925} INFO - DAG(s) 'example_subdag_operator.section-1', 'example_subdag_operator.section-2', 'example_subdag_operator' retrieved from /home/airflow/.local/lib/python3.12/site-packages/airflow/example_dags/example_subdag_operator.py
[2024-09-25T14:57:36.186+0000] {logging_mixin.py:190} INFO - [2024-09-25T14:57:36.186+0000] {dag.py:3239} INFO - Sync 3 DAGs
[2024-09-25T14:57:36.202+0000] {logging_mixin.py:190} INFO - [2024-09-25T14:57:36.202+0000] {dag.py:4180} INFO - Setting next_dagrun for example_subdag_operator to 2022-01-01 00:00:00+00:00, run_after=2022-01-01 00:00:00+00:00
[2024-09-25T14:57:36.205+0000] {logging_mixin.py:190} INFO - [2024-09-25T14:57:36.205+0000] {dag.py:4180} INFO - Setting next_dagrun for example_subdag_operator.section-1 to None, run_after=None
[2024-09-25T14:57:36.206+0000] {logging_mixin.py:190} INFO - [2024-09-25T14:57:36.205+0000] {dag.py:4180} INFO - Setting next_dagrun for example_subdag_operator.section-2 to None, run_after=None
[2024-09-25T14:57:36.210+0000] {logging_mixin.py:190} INFO - [2024-09-25T14:57:36.210+0000] {dag.py:3239} INFO - Sync 2 DAGs
[2024-09-25T14:57:36.214+0000] {logging_mixin.py:190} INFO - [2024-09-25T14:57:36.214+0000] {dag.py:4180} INFO - Setting next_dagrun for example_subdag_operator.section-1 to None, run_after=None
[2024-09-25T14:57:36.215+0000] {logging_mixin.py:190} INFO - [2024-09-25T14:57:36.215+0000] {dag.py:4180} INFO - Setting next_dagrun for example_subdag_operator.section-2 to None, run_after=None
[2024-09-25T14:57:36.221+0000] {processor.py:208} INFO - Processing /home/airflow/.local/lib/python3.12/site-packages/airflow/example_dags/example_subdag_operator.py took 0.071 seconds
[2024-09-25T14:58:06.992+0000] {processor.py:186} INFO - Started process (PID=378) to work on /home/airflow/.local/lib/python3.12/site-packages/airflow/example_dags/example_subdag_operator.py
[2024-09-25T14:58:06.993+0000] {processor.py:914} INFO - Processing file /home/airflow/.local/lib/python3.12/site-packages/airflow/example_dags/example_subdag_operator.py for tasks to queue
[2024-09-25T14:58:06.994+0000] {logging_mixin.py:190} INFO - [2024-09-25T14:58:06.994+0000] {dagbag.py:588} INFO - Filling up the DagBag from /home/airflow/.local/lib/python3.12/site-packages/airflow/example_dags/example_subdag_operator.py
[2024-09-25T14:58:07.013+0000] {processor.py:925} INFO - DAG(s) 'example_subdag_operator.section-1', 'example_subdag_operator.section-2', 'example_subdag_operator' retrieved from /home/airflow/.local/lib/python3.12/site-packages/airflow/example_dags/example_subdag_operator.py
[2024-09-25T14:58:07.023+0000] {logging_mixin.py:190} INFO - [2024-09-25T14:58:07.023+0000] {dag.py:3239} INFO - Sync 3 DAGs
[2024-09-25T14:58:07.043+0000] {logging_mixin.py:190} INFO - [2024-09-25T14:58:07.042+0000] {dag.py:4180} INFO - Setting next_dagrun for example_subdag_operator to 2022-01-01 00:00:00+00:00, run_after=2022-01-01 00:00:00+00:00
[2024-09-25T14:58:07.047+0000] {logging_mixin.py:190} INFO - [2024-09-25T14:58:07.047+0000] {dag.py:4180} INFO - Setting next_dagrun for example_subdag_operator.section-1 to None, run_after=None
[2024-09-25T14:58:07.049+0000] {logging_mixin.py:190} INFO - [2024-09-25T14:58:07.048+0000] {dag.py:4180} INFO - Setting next_dagrun for example_subdag_operator.section-2 to None, run_after=None
[2024-09-25T14:58:07.055+0000] {logging_mixin.py:190} INFO - [2024-09-25T14:58:07.054+0000] {dag.py:3239} INFO - Sync 2 DAGs
[2024-09-25T14:58:07.059+0000] {logging_mixin.py:190} INFO - [2024-09-25T14:58:07.058+0000] {dag.py:4180} INFO - Setting next_dagrun for example_subdag_operator.section-1 to None, run_after=None
[2024-09-25T14:58:07.059+0000] {logging_mixin.py:190} INFO - [2024-09-25T14:58:07.059+0000] {dag.py:4180} INFO - Setting next_dagrun for example_subdag_operator.section-2 to None, run_after=None
[2024-09-25T14:58:07.066+0000] {processor.py:208} INFO - Processing /home/airflow/.local/lib/python3.12/site-packages/airflow/example_dags/example_subdag_operator.py took 0.078 seconds
