[2024-09-25T14:55:32.725+0000] {processor.py:186} INFO - Started process (PID=53) to work on /home/airflow/.local/lib/python3.12/site-packages/airflow/example_dags/example_xcom.py
[2024-09-25T14:55:32.725+0000] {processor.py:914} INFO - Processing file /home/airflow/.local/lib/python3.12/site-packages/airflow/example_dags/example_xcom.py for tasks to queue
[2024-09-25T14:55:32.727+0000] {logging_mixin.py:190} INFO - [2024-09-25T14:55:32.727+0000] {dagbag.py:588} INFO - Filling up the DagBag from /home/airflow/.local/lib/python3.12/site-packages/airflow/example_dags/example_xcom.py
[2024-09-25T14:55:32.735+0000] {processor.py:925} INFO - DAG(s) 'example_xcom' retrieved from /home/airflow/.local/lib/python3.12/site-packages/airflow/example_dags/example_xcom.py
[2024-09-25T14:55:32.820+0000] {logging_mixin.py:190} INFO - [2024-09-25T14:55:32.820+0000] {override.py:1900} INFO - Created Permission View: can read on DAG:example_xcom
[2024-09-25T14:55:32.826+0000] {logging_mixin.py:190} INFO - [2024-09-25T14:55:32.826+0000] {override.py:1900} INFO - Created Permission View: can edit on DAG:example_xcom
[2024-09-25T14:55:32.830+0000] {logging_mixin.py:190} INFO - [2024-09-25T14:55:32.830+0000] {override.py:1900} INFO - Created Permission View: can delete on DAG:example_xcom
[2024-09-25T14:55:32.834+0000] {logging_mixin.py:190} INFO - [2024-09-25T14:55:32.833+0000] {override.py:1900} INFO - Created Permission View: can read on DAG Run:example_xcom
[2024-09-25T14:55:32.837+0000] {logging_mixin.py:190} INFO - [2024-09-25T14:55:32.837+0000] {override.py:1900} INFO - Created Permission View: can delete on DAG Run:example_xcom
[2024-09-25T14:55:32.840+0000] {logging_mixin.py:190} INFO - [2024-09-25T14:55:32.840+0000] {override.py:1900} INFO - Created Permission View: menu access on DAG Run:example_xcom
[2024-09-25T14:55:32.843+0000] {logging_mixin.py:190} INFO - [2024-09-25T14:55:32.843+0000] {override.py:1900} INFO - Created Permission View: can create on DAG Run:example_xcom
[2024-09-25T14:55:32.844+0000] {logging_mixin.py:190} INFO - [2024-09-25T14:55:32.844+0000] {dag.py:3239} INFO - Sync 1 DAGs
[2024-09-25T14:55:32.853+0000] {logging_mixin.py:190} INFO - [2024-09-25T14:55:32.852+0000] {dag.py:3262} INFO - Creating ORM DAG for example_xcom
[2024-09-25T14:55:32.859+0000] {logging_mixin.py:190} INFO - [2024-09-25T14:55:32.859+0000] {dag.py:4180} INFO - Setting next_dagrun for example_xcom to 2021-01-01 00:00:00+00:00, run_after=2021-01-01 00:00:00+00:00
[2024-09-25T14:55:32.870+0000] {processor.py:208} INFO - Processing /home/airflow/.local/lib/python3.12/site-packages/airflow/example_dags/example_xcom.py took 0.150 seconds
[2024-09-25T14:56:03.748+0000] {processor.py:186} INFO - Started process (PID=116) to work on /home/airflow/.local/lib/python3.12/site-packages/airflow/example_dags/example_xcom.py
[2024-09-25T14:56:03.749+0000] {processor.py:914} INFO - Processing file /home/airflow/.local/lib/python3.12/site-packages/airflow/example_dags/example_xcom.py for tasks to queue
[2024-09-25T14:56:03.751+0000] {logging_mixin.py:190} INFO - [2024-09-25T14:56:03.751+0000] {dagbag.py:588} INFO - Filling up the DagBag from /home/airflow/.local/lib/python3.12/site-packages/airflow/example_dags/example_xcom.py
[2024-09-25T14:56:03.758+0000] {processor.py:925} INFO - DAG(s) 'example_xcom' retrieved from /home/airflow/.local/lib/python3.12/site-packages/airflow/example_dags/example_xcom.py
[2024-09-25T14:56:03.775+0000] {logging_mixin.py:190} INFO - [2024-09-25T14:56:03.775+0000] {dag.py:3239} INFO - Sync 1 DAGs
[2024-09-25T14:56:03.791+0000] {logging_mixin.py:190} INFO - [2024-09-25T14:56:03.791+0000] {dag.py:4180} INFO - Setting next_dagrun for example_xcom to 2021-01-01 00:00:00+00:00, run_after=2021-01-01 00:00:00+00:00
[2024-09-25T14:56:03.805+0000] {processor.py:208} INFO - Processing /home/airflow/.local/lib/python3.12/site-packages/airflow/example_dags/example_xcom.py took 0.060 seconds
[2024-09-25T14:56:34.558+0000] {processor.py:186} INFO - Started process (PID=179) to work on /home/airflow/.local/lib/python3.12/site-packages/airflow/example_dags/example_xcom.py
[2024-09-25T14:56:34.559+0000] {processor.py:914} INFO - Processing file /home/airflow/.local/lib/python3.12/site-packages/airflow/example_dags/example_xcom.py for tasks to queue
[2024-09-25T14:56:34.561+0000] {logging_mixin.py:190} INFO - [2024-09-25T14:56:34.561+0000] {dagbag.py:588} INFO - Filling up the DagBag from /home/airflow/.local/lib/python3.12/site-packages/airflow/example_dags/example_xcom.py
[2024-09-25T14:56:34.568+0000] {processor.py:925} INFO - DAG(s) 'example_xcom' retrieved from /home/airflow/.local/lib/python3.12/site-packages/airflow/example_dags/example_xcom.py
[2024-09-25T14:56:34.583+0000] {logging_mixin.py:190} INFO - [2024-09-25T14:56:34.583+0000] {dag.py:3239} INFO - Sync 1 DAGs
[2024-09-25T14:56:34.599+0000] {logging_mixin.py:190} INFO - [2024-09-25T14:56:34.599+0000] {dag.py:4180} INFO - Setting next_dagrun for example_xcom to 2021-01-01 00:00:00+00:00, run_after=2021-01-01 00:00:00+00:00
[2024-09-25T14:56:34.610+0000] {processor.py:208} INFO - Processing /home/airflow/.local/lib/python3.12/site-packages/airflow/example_dags/example_xcom.py took 0.056 seconds
[2024-09-25T14:57:05.150+0000] {processor.py:186} INFO - Started process (PID=242) to work on /home/airflow/.local/lib/python3.12/site-packages/airflow/example_dags/example_xcom.py
[2024-09-25T14:57:05.150+0000] {processor.py:914} INFO - Processing file /home/airflow/.local/lib/python3.12/site-packages/airflow/example_dags/example_xcom.py for tasks to queue
[2024-09-25T14:57:05.152+0000] {logging_mixin.py:190} INFO - [2024-09-25T14:57:05.152+0000] {dagbag.py:588} INFO - Filling up the DagBag from /home/airflow/.local/lib/python3.12/site-packages/airflow/example_dags/example_xcom.py
[2024-09-25T14:57:05.158+0000] {processor.py:925} INFO - DAG(s) 'example_xcom' retrieved from /home/airflow/.local/lib/python3.12/site-packages/airflow/example_dags/example_xcom.py
[2024-09-25T14:57:05.173+0000] {logging_mixin.py:190} INFO - [2024-09-25T14:57:05.173+0000] {dag.py:3239} INFO - Sync 1 DAGs
[2024-09-25T14:57:05.189+0000] {logging_mixin.py:190} INFO - [2024-09-25T14:57:05.188+0000] {dag.py:4180} INFO - Setting next_dagrun for example_xcom to 2021-01-01 00:00:00+00:00, run_after=2021-01-01 00:00:00+00:00
[2024-09-25T14:57:05.199+0000] {processor.py:208} INFO - Processing /home/airflow/.local/lib/python3.12/site-packages/airflow/example_dags/example_xcom.py took 0.053 seconds
[2024-09-25T14:57:35.670+0000] {processor.py:186} INFO - Started process (PID=305) to work on /home/airflow/.local/lib/python3.12/site-packages/airflow/example_dags/example_xcom.py
[2024-09-25T14:57:35.671+0000] {processor.py:914} INFO - Processing file /home/airflow/.local/lib/python3.12/site-packages/airflow/example_dags/example_xcom.py for tasks to queue
[2024-09-25T14:57:35.673+0000] {logging_mixin.py:190} INFO - [2024-09-25T14:57:35.672+0000] {dagbag.py:588} INFO - Filling up the DagBag from /home/airflow/.local/lib/python3.12/site-packages/airflow/example_dags/example_xcom.py
[2024-09-25T14:57:35.679+0000] {processor.py:925} INFO - DAG(s) 'example_xcom' retrieved from /home/airflow/.local/lib/python3.12/site-packages/airflow/example_dags/example_xcom.py
[2024-09-25T14:57:35.696+0000] {logging_mixin.py:190} INFO - [2024-09-25T14:57:35.696+0000] {dag.py:3239} INFO - Sync 1 DAGs
[2024-09-25T14:57:35.716+0000] {logging_mixin.py:190} INFO - [2024-09-25T14:57:35.716+0000] {dag.py:4180} INFO - Setting next_dagrun for example_xcom to 2021-01-01 00:00:00+00:00, run_after=2021-01-01 00:00:00+00:00
[2024-09-25T14:57:35.732+0000] {processor.py:208} INFO - Processing /home/airflow/.local/lib/python3.12/site-packages/airflow/example_dags/example_xcom.py took 0.066 seconds
[2024-09-25T14:58:06.637+0000] {processor.py:186} INFO - Started process (PID=368) to work on /home/airflow/.local/lib/python3.12/site-packages/airflow/example_dags/example_xcom.py
[2024-09-25T14:58:06.637+0000] {processor.py:914} INFO - Processing file /home/airflow/.local/lib/python3.12/site-packages/airflow/example_dags/example_xcom.py for tasks to queue
[2024-09-25T14:58:06.639+0000] {logging_mixin.py:190} INFO - [2024-09-25T14:58:06.639+0000] {dagbag.py:588} INFO - Filling up the DagBag from /home/airflow/.local/lib/python3.12/site-packages/airflow/example_dags/example_xcom.py
[2024-09-25T14:58:06.645+0000] {processor.py:925} INFO - DAG(s) 'example_xcom' retrieved from /home/airflow/.local/lib/python3.12/site-packages/airflow/example_dags/example_xcom.py
[2024-09-25T14:58:06.660+0000] {logging_mixin.py:190} INFO - [2024-09-25T14:58:06.660+0000] {dag.py:3239} INFO - Sync 1 DAGs
[2024-09-25T14:58:06.676+0000] {logging_mixin.py:190} INFO - [2024-09-25T14:58:06.676+0000] {dag.py:4180} INFO - Setting next_dagrun for example_xcom to 2021-01-01 00:00:00+00:00, run_after=2021-01-01 00:00:00+00:00
[2024-09-25T14:58:06.687+0000] {processor.py:208} INFO - Processing /home/airflow/.local/lib/python3.12/site-packages/airflow/example_dags/example_xcom.py took 0.054 seconds
