[2024-09-25T14:55:31.837+0000] {processor.py:186} INFO - Started process (PID=42) to work on /home/airflow/.local/lib/python3.12/site-packages/airflow/example_dags/example_kubernetes_executor.py
[2024-09-25T14:55:31.837+0000] {processor.py:914} INFO - Processing file /home/airflow/.local/lib/python3.12/site-packages/airflow/example_dags/example_kubernetes_executor.py for tasks to queue
[2024-09-25T14:55:31.839+0000] {logging_mixin.py:190} INFO - [2024-09-25T14:55:31.839+0000] {dagbag.py:588} INFO - Filling up the DagBag from /home/airflow/.local/lib/python3.12/site-packages/airflow/example_dags/example_kubernetes_executor.py
[2024-09-25T14:55:31.854+0000] {processor.py:925} INFO - DAG(s) 'example_kubernetes_executor' retrieved from /home/airflow/.local/lib/python3.12/site-packages/airflow/example_dags/example_kubernetes_executor.py
[2024-09-25T14:55:31.951+0000] {logging_mixin.py:190} INFO - [2024-09-25T14:55:31.951+0000] {override.py:1900} INFO - Created Permission View: can read on DAG:example_kubernetes_executor
[2024-09-25T14:55:31.957+0000] {logging_mixin.py:190} INFO - [2024-09-25T14:55:31.956+0000] {override.py:1900} INFO - Created Permission View: can edit on DAG:example_kubernetes_executor
[2024-09-25T14:55:31.960+0000] {logging_mixin.py:190} INFO - [2024-09-25T14:55:31.960+0000] {override.py:1900} INFO - Created Permission View: can delete on DAG:example_kubernetes_executor
[2024-09-25T14:55:31.963+0000] {logging_mixin.py:190} INFO - [2024-09-25T14:55:31.963+0000] {override.py:1900} INFO - Created Permission View: can read on DAG Run:example_kubernetes_executor
[2024-09-25T14:55:31.966+0000] {logging_mixin.py:190} INFO - [2024-09-25T14:55:31.966+0000] {override.py:1900} INFO - Created Permission View: can delete on DAG Run:example_kubernetes_executor
[2024-09-25T14:55:31.970+0000] {logging_mixin.py:190} INFO - [2024-09-25T14:55:31.970+0000] {override.py:1900} INFO - Created Permission View: menu access on DAG Run:example_kubernetes_executor
[2024-09-25T14:55:31.973+0000] {logging_mixin.py:190} INFO - [2024-09-25T14:55:31.973+0000] {override.py:1900} INFO - Created Permission View: can create on DAG Run:example_kubernetes_executor
[2024-09-25T14:55:31.974+0000] {logging_mixin.py:190} INFO - [2024-09-25T14:55:31.973+0000] {dag.py:3239} INFO - Sync 1 DAGs
[2024-09-25T14:55:31.982+0000] {logging_mixin.py:190} INFO - [2024-09-25T14:55:31.982+0000] {dag.py:3262} INFO - Creating ORM DAG for example_kubernetes_executor
[2024-09-25T14:55:31.982+0000] {logging_mixin.py:190} INFO - [2024-09-25T14:55:31.982+0000] {dag.py:4180} INFO - Setting next_dagrun for example_kubernetes_executor to None, run_after=None
[2024-09-25T14:55:31.992+0000] {processor.py:208} INFO - Processing /home/airflow/.local/lib/python3.12/site-packages/airflow/example_dags/example_kubernetes_executor.py took 0.159 seconds
[2024-09-25T14:56:02.232+0000] {processor.py:186} INFO - Started process (PID=105) to work on /home/airflow/.local/lib/python3.12/site-packages/airflow/example_dags/example_kubernetes_executor.py
[2024-09-25T14:56:02.232+0000] {processor.py:914} INFO - Processing file /home/airflow/.local/lib/python3.12/site-packages/airflow/example_dags/example_kubernetes_executor.py for tasks to queue
[2024-09-25T14:56:02.234+0000] {logging_mixin.py:190} INFO - [2024-09-25T14:56:02.233+0000] {dagbag.py:588} INFO - Filling up the DagBag from /home/airflow/.local/lib/python3.12/site-packages/airflow/example_dags/example_kubernetes_executor.py
[2024-09-25T14:56:02.243+0000] {processor.py:925} INFO - DAG(s) 'example_kubernetes_executor' retrieved from /home/airflow/.local/lib/python3.12/site-packages/airflow/example_dags/example_kubernetes_executor.py
[2024-09-25T14:56:02.269+0000] {logging_mixin.py:190} INFO - [2024-09-25T14:56:02.268+0000] {dag.py:3239} INFO - Sync 1 DAGs
[2024-09-25T14:56:02.279+0000] {logging_mixin.py:190} INFO - [2024-09-25T14:56:02.279+0000] {dag.py:4180} INFO - Setting next_dagrun for example_kubernetes_executor to None, run_after=None
[2024-09-25T14:56:02.290+0000] {processor.py:208} INFO - Processing /home/airflow/.local/lib/python3.12/site-packages/airflow/example_dags/example_kubernetes_executor.py took 0.063 seconds
[2024-09-25T14:56:33.106+0000] {processor.py:186} INFO - Started process (PID=168) to work on /home/airflow/.local/lib/python3.12/site-packages/airflow/example_dags/example_kubernetes_executor.py
[2024-09-25T14:56:33.106+0000] {processor.py:914} INFO - Processing file /home/airflow/.local/lib/python3.12/site-packages/airflow/example_dags/example_kubernetes_executor.py for tasks to queue
[2024-09-25T14:56:33.108+0000] {logging_mixin.py:190} INFO - [2024-09-25T14:56:33.108+0000] {dagbag.py:588} INFO - Filling up the DagBag from /home/airflow/.local/lib/python3.12/site-packages/airflow/example_dags/example_kubernetes_executor.py
[2024-09-25T14:56:33.117+0000] {processor.py:925} INFO - DAG(s) 'example_kubernetes_executor' retrieved from /home/airflow/.local/lib/python3.12/site-packages/airflow/example_dags/example_kubernetes_executor.py
[2024-09-25T14:56:33.143+0000] {logging_mixin.py:190} INFO - [2024-09-25T14:56:33.142+0000] {dag.py:3239} INFO - Sync 1 DAGs
[2024-09-25T14:56:33.153+0000] {logging_mixin.py:190} INFO - [2024-09-25T14:56:33.152+0000] {dag.py:4180} INFO - Setting next_dagrun for example_kubernetes_executor to None, run_after=None
[2024-09-25T14:56:33.163+0000] {processor.py:208} INFO - Processing /home/airflow/.local/lib/python3.12/site-packages/airflow/example_dags/example_kubernetes_executor.py took 0.061 seconds
[2024-09-25T14:57:03.710+0000] {processor.py:186} INFO - Started process (PID=231) to work on /home/airflow/.local/lib/python3.12/site-packages/airflow/example_dags/example_kubernetes_executor.py
[2024-09-25T14:57:03.711+0000] {processor.py:914} INFO - Processing file /home/airflow/.local/lib/python3.12/site-packages/airflow/example_dags/example_kubernetes_executor.py for tasks to queue
[2024-09-25T14:57:03.712+0000] {logging_mixin.py:190} INFO - [2024-09-25T14:57:03.712+0000] {dagbag.py:588} INFO - Filling up the DagBag from /home/airflow/.local/lib/python3.12/site-packages/airflow/example_dags/example_kubernetes_executor.py
[2024-09-25T14:57:03.722+0000] {processor.py:925} INFO - DAG(s) 'example_kubernetes_executor' retrieved from /home/airflow/.local/lib/python3.12/site-packages/airflow/example_dags/example_kubernetes_executor.py
[2024-09-25T14:57:03.748+0000] {logging_mixin.py:190} INFO - [2024-09-25T14:57:03.747+0000] {dag.py:3239} INFO - Sync 1 DAGs
[2024-09-25T14:57:03.758+0000] {logging_mixin.py:190} INFO - [2024-09-25T14:57:03.757+0000] {dag.py:4180} INFO - Setting next_dagrun for example_kubernetes_executor to None, run_after=None
[2024-09-25T14:57:03.768+0000] {processor.py:208} INFO - Processing /home/airflow/.local/lib/python3.12/site-packages/airflow/example_dags/example_kubernetes_executor.py took 0.062 seconds
[2024-09-25T14:57:34.246+0000] {processor.py:186} INFO - Started process (PID=294) to work on /home/airflow/.local/lib/python3.12/site-packages/airflow/example_dags/example_kubernetes_executor.py
[2024-09-25T14:57:34.247+0000] {processor.py:914} INFO - Processing file /home/airflow/.local/lib/python3.12/site-packages/airflow/example_dags/example_kubernetes_executor.py for tasks to queue
[2024-09-25T14:57:34.248+0000] {logging_mixin.py:190} INFO - [2024-09-25T14:57:34.248+0000] {dagbag.py:588} INFO - Filling up the DagBag from /home/airflow/.local/lib/python3.12/site-packages/airflow/example_dags/example_kubernetes_executor.py
[2024-09-25T14:57:34.259+0000] {processor.py:925} INFO - DAG(s) 'example_kubernetes_executor' retrieved from /home/airflow/.local/lib/python3.12/site-packages/airflow/example_dags/example_kubernetes_executor.py
[2024-09-25T14:57:34.289+0000] {logging_mixin.py:190} INFO - [2024-09-25T14:57:34.289+0000] {dag.py:3239} INFO - Sync 1 DAGs
[2024-09-25T14:57:34.299+0000] {logging_mixin.py:190} INFO - [2024-09-25T14:57:34.299+0000] {dag.py:4180} INFO - Setting next_dagrun for example_kubernetes_executor to None, run_after=None
[2024-09-25T14:57:34.312+0000] {processor.py:208} INFO - Processing /home/airflow/.local/lib/python3.12/site-packages/airflow/example_dags/example_kubernetes_executor.py took 0.070 seconds
[2024-09-25T14:58:05.071+0000] {processor.py:186} INFO - Started process (PID=357) to work on /home/airflow/.local/lib/python3.12/site-packages/airflow/example_dags/example_kubernetes_executor.py
[2024-09-25T14:58:05.072+0000] {processor.py:914} INFO - Processing file /home/airflow/.local/lib/python3.12/site-packages/airflow/example_dags/example_kubernetes_executor.py for tasks to queue
[2024-09-25T14:58:05.074+0000] {logging_mixin.py:190} INFO - [2024-09-25T14:58:05.074+0000] {dagbag.py:588} INFO - Filling up the DagBag from /home/airflow/.local/lib/python3.12/site-packages/airflow/example_dags/example_kubernetes_executor.py
[2024-09-25T14:58:05.088+0000] {processor.py:925} INFO - DAG(s) 'example_kubernetes_executor' retrieved from /home/airflow/.local/lib/python3.12/site-packages/airflow/example_dags/example_kubernetes_executor.py
[2024-09-25T14:58:05.129+0000] {logging_mixin.py:190} INFO - [2024-09-25T14:58:05.128+0000] {dag.py:3239} INFO - Sync 1 DAGs
[2024-09-25T14:58:05.145+0000] {logging_mixin.py:190} INFO - [2024-09-25T14:58:05.145+0000] {dag.py:4180} INFO - Setting next_dagrun for example_kubernetes_executor to None, run_after=None
[2024-09-25T14:58:05.160+0000] {processor.py:208} INFO - Processing /home/airflow/.local/lib/python3.12/site-packages/airflow/example_dags/example_kubernetes_executor.py took 0.095 seconds
