[2024-09-25T14:55:36.603+0000] {processor.py:186} INFO - Started process (PID=88) to work on /home/airflow/.local/lib/python3.12/site-packages/airflow/example_dags/example_time_delta_sensor_async.py
[2024-09-25T14:55:36.604+0000] {processor.py:914} INFO - Processing file /home/airflow/.local/lib/python3.12/site-packages/airflow/example_dags/example_time_delta_sensor_async.py for tasks to queue
[2024-09-25T14:55:36.606+0000] {logging_mixin.py:190} INFO - [2024-09-25T14:55:36.606+0000] {dagbag.py:588} INFO - Filling up the DagBag from /home/airflow/.local/lib/python3.12/site-packages/airflow/example_dags/example_time_delta_sensor_async.py
[2024-09-25T14:55:36.611+0000] {processor.py:925} INFO - DAG(s) 'example_time_delta_sensor_async' retrieved from /home/airflow/.local/lib/python3.12/site-packages/airflow/example_dags/example_time_delta_sensor_async.py
[2024-09-25T14:55:36.690+0000] {logging_mixin.py:190} INFO - [2024-09-25T14:55:36.689+0000] {override.py:1900} INFO - Created Permission View: can read on DAG:example_time_delta_sensor_async
[2024-09-25T14:55:36.695+0000] {logging_mixin.py:190} INFO - [2024-09-25T14:55:36.695+0000] {override.py:1900} INFO - Created Permission View: can edit on DAG:example_time_delta_sensor_async
[2024-09-25T14:55:36.699+0000] {logging_mixin.py:190} INFO - [2024-09-25T14:55:36.699+0000] {override.py:1900} INFO - Created Permission View: can delete on DAG:example_time_delta_sensor_async
[2024-09-25T14:55:36.703+0000] {logging_mixin.py:190} INFO - [2024-09-25T14:55:36.703+0000] {override.py:1900} INFO - Created Permission View: can read on DAG Run:example_time_delta_sensor_async
[2024-09-25T14:55:36.706+0000] {logging_mixin.py:190} INFO - [2024-09-25T14:55:36.706+0000] {override.py:1900} INFO - Created Permission View: can delete on DAG Run:example_time_delta_sensor_async
[2024-09-25T14:55:36.709+0000] {logging_mixin.py:190} INFO - [2024-09-25T14:55:36.709+0000] {override.py:1900} INFO - Created Permission View: menu access on DAG Run:example_time_delta_sensor_async
[2024-09-25T14:55:36.713+0000] {logging_mixin.py:190} INFO - [2024-09-25T14:55:36.712+0000] {override.py:1900} INFO - Created Permission View: can create on DAG Run:example_time_delta_sensor_async
[2024-09-25T14:55:36.713+0000] {logging_mixin.py:190} INFO - [2024-09-25T14:55:36.713+0000] {dag.py:3239} INFO - Sync 1 DAGs
[2024-09-25T14:55:36.723+0000] {logging_mixin.py:190} INFO - [2024-09-25T14:55:36.723+0000] {dag.py:3262} INFO - Creating ORM DAG for example_time_delta_sensor_async
[2024-09-25T14:55:36.723+0000] {logging_mixin.py:190} INFO - [2024-09-25T14:55:36.723+0000] {dag.py:4180} INFO - Setting next_dagrun for example_time_delta_sensor_async to None, run_after=None
[2024-09-25T14:55:36.732+0000] {processor.py:208} INFO - Processing /home/airflow/.local/lib/python3.12/site-packages/airflow/example_dags/example_time_delta_sensor_async.py took 0.134 seconds
[2024-09-25T14:56:07.699+0000] {processor.py:186} INFO - Started process (PID=151) to work on /home/airflow/.local/lib/python3.12/site-packages/airflow/example_dags/example_time_delta_sensor_async.py
[2024-09-25T14:56:07.699+0000] {processor.py:914} INFO - Processing file /home/airflow/.local/lib/python3.12/site-packages/airflow/example_dags/example_time_delta_sensor_async.py for tasks to queue
[2024-09-25T14:56:07.701+0000] {logging_mixin.py:190} INFO - [2024-09-25T14:56:07.701+0000] {dagbag.py:588} INFO - Filling up the DagBag from /home/airflow/.local/lib/python3.12/site-packages/airflow/example_dags/example_time_delta_sensor_async.py
[2024-09-25T14:56:07.706+0000] {processor.py:925} INFO - DAG(s) 'example_time_delta_sensor_async' retrieved from /home/airflow/.local/lib/python3.12/site-packages/airflow/example_dags/example_time_delta_sensor_async.py
[2024-09-25T14:56:07.720+0000] {logging_mixin.py:190} INFO - [2024-09-25T14:56:07.720+0000] {dag.py:3239} INFO - Sync 1 DAGs
[2024-09-25T14:56:07.730+0000] {logging_mixin.py:190} INFO - [2024-09-25T14:56:07.730+0000] {dag.py:4180} INFO - Setting next_dagrun for example_time_delta_sensor_async to None, run_after=None
[2024-09-25T14:56:07.741+0000] {processor.py:208} INFO - Processing /home/airflow/.local/lib/python3.12/site-packages/airflow/example_dags/example_time_delta_sensor_async.py took 0.046 seconds
[2024-09-25T14:56:38.298+0000] {processor.py:186} INFO - Started process (PID=214) to work on /home/airflow/.local/lib/python3.12/site-packages/airflow/example_dags/example_time_delta_sensor_async.py
[2024-09-25T14:56:38.299+0000] {processor.py:914} INFO - Processing file /home/airflow/.local/lib/python3.12/site-packages/airflow/example_dags/example_time_delta_sensor_async.py for tasks to queue
[2024-09-25T14:56:38.301+0000] {logging_mixin.py:190} INFO - [2024-09-25T14:56:38.300+0000] {dagbag.py:588} INFO - Filling up the DagBag from /home/airflow/.local/lib/python3.12/site-packages/airflow/example_dags/example_time_delta_sensor_async.py
[2024-09-25T14:56:38.306+0000] {processor.py:925} INFO - DAG(s) 'example_time_delta_sensor_async' retrieved from /home/airflow/.local/lib/python3.12/site-packages/airflow/example_dags/example_time_delta_sensor_async.py
[2024-09-25T14:56:38.320+0000] {logging_mixin.py:190} INFO - [2024-09-25T14:56:38.320+0000] {dag.py:3239} INFO - Sync 1 DAGs
[2024-09-25T14:56:38.331+0000] {logging_mixin.py:190} INFO - [2024-09-25T14:56:38.330+0000] {dag.py:4180} INFO - Setting next_dagrun for example_time_delta_sensor_async to None, run_after=None
[2024-09-25T14:56:38.342+0000] {processor.py:208} INFO - Processing /home/airflow/.local/lib/python3.12/site-packages/airflow/example_dags/example_time_delta_sensor_async.py took 0.048 seconds
[2024-09-25T14:57:08.831+0000] {processor.py:186} INFO - Started process (PID=277) to work on /home/airflow/.local/lib/python3.12/site-packages/airflow/example_dags/example_time_delta_sensor_async.py
[2024-09-25T14:57:08.832+0000] {processor.py:914} INFO - Processing file /home/airflow/.local/lib/python3.12/site-packages/airflow/example_dags/example_time_delta_sensor_async.py for tasks to queue
[2024-09-25T14:57:08.834+0000] {logging_mixin.py:190} INFO - [2024-09-25T14:57:08.834+0000] {dagbag.py:588} INFO - Filling up the DagBag from /home/airflow/.local/lib/python3.12/site-packages/airflow/example_dags/example_time_delta_sensor_async.py
[2024-09-25T14:57:08.841+0000] {processor.py:925} INFO - DAG(s) 'example_time_delta_sensor_async' retrieved from /home/airflow/.local/lib/python3.12/site-packages/airflow/example_dags/example_time_delta_sensor_async.py
[2024-09-25T14:57:08.856+0000] {logging_mixin.py:190} INFO - [2024-09-25T14:57:08.855+0000] {dag.py:3239} INFO - Sync 1 DAGs
[2024-09-25T14:57:08.866+0000] {logging_mixin.py:190} INFO - [2024-09-25T14:57:08.866+0000] {dag.py:4180} INFO - Setting next_dagrun for example_time_delta_sensor_async to None, run_after=None
[2024-09-25T14:57:08.877+0000] {processor.py:208} INFO - Processing /home/airflow/.local/lib/python3.12/site-packages/airflow/example_dags/example_time_delta_sensor_async.py took 0.050 seconds
[2024-09-25T14:57:39.659+0000] {processor.py:186} INFO - Started process (PID=340) to work on /home/airflow/.local/lib/python3.12/site-packages/airflow/example_dags/example_time_delta_sensor_async.py
[2024-09-25T14:57:39.659+0000] {processor.py:914} INFO - Processing file /home/airflow/.local/lib/python3.12/site-packages/airflow/example_dags/example_time_delta_sensor_async.py for tasks to queue
[2024-09-25T14:57:39.661+0000] {logging_mixin.py:190} INFO - [2024-09-25T14:57:39.661+0000] {dagbag.py:588} INFO - Filling up the DagBag from /home/airflow/.local/lib/python3.12/site-packages/airflow/example_dags/example_time_delta_sensor_async.py
[2024-09-25T14:57:39.666+0000] {processor.py:925} INFO - DAG(s) 'example_time_delta_sensor_async' retrieved from /home/airflow/.local/lib/python3.12/site-packages/airflow/example_dags/example_time_delta_sensor_async.py
[2024-09-25T14:57:39.680+0000] {logging_mixin.py:190} INFO - [2024-09-25T14:57:39.680+0000] {dag.py:3239} INFO - Sync 1 DAGs
[2024-09-25T14:57:39.690+0000] {logging_mixin.py:190} INFO - [2024-09-25T14:57:39.690+0000] {dag.py:4180} INFO - Setting next_dagrun for example_time_delta_sensor_async to None, run_after=None
[2024-09-25T14:57:39.701+0000] {processor.py:208} INFO - Processing /home/airflow/.local/lib/python3.12/site-packages/airflow/example_dags/example_time_delta_sensor_async.py took 0.046 seconds
[2024-09-25T14:58:10.473+0000] {processor.py:186} INFO - Started process (PID=403) to work on /home/airflow/.local/lib/python3.12/site-packages/airflow/example_dags/example_time_delta_sensor_async.py
[2024-09-25T14:58:10.474+0000] {processor.py:914} INFO - Processing file /home/airflow/.local/lib/python3.12/site-packages/airflow/example_dags/example_time_delta_sensor_async.py for tasks to queue
[2024-09-25T14:58:10.475+0000] {logging_mixin.py:190} INFO - [2024-09-25T14:58:10.475+0000] {dagbag.py:588} INFO - Filling up the DagBag from /home/airflow/.local/lib/python3.12/site-packages/airflow/example_dags/example_time_delta_sensor_async.py
[2024-09-25T14:58:10.480+0000] {processor.py:925} INFO - DAG(s) 'example_time_delta_sensor_async' retrieved from /home/airflow/.local/lib/python3.12/site-packages/airflow/example_dags/example_time_delta_sensor_async.py
[2024-09-25T14:58:10.495+0000] {logging_mixin.py:190} INFO - [2024-09-25T14:58:10.495+0000] {dag.py:3239} INFO - Sync 1 DAGs
[2024-09-25T14:58:10.505+0000] {logging_mixin.py:190} INFO - [2024-09-25T14:58:10.505+0000] {dag.py:4180} INFO - Setting next_dagrun for example_time_delta_sensor_async to None, run_after=None
[2024-09-25T14:58:10.516+0000] {processor.py:208} INFO - Processing /home/airflow/.local/lib/python3.12/site-packages/airflow/example_dags/example_time_delta_sensor_async.py took 0.048 seconds
