[2024-09-25T14:55:33.745+0000] {processor.py:186} INFO - Started process (PID=62) to work on /home/airflow/.local/lib/python3.12/site-packages/airflow/example_dags/example_params_ui_tutorial.py
[2024-09-25T14:55:33.746+0000] {processor.py:914} INFO - Processing file /home/airflow/.local/lib/python3.12/site-packages/airflow/example_dags/example_params_ui_tutorial.py for tasks to queue
[2024-09-25T14:55:33.747+0000] {logging_mixin.py:190} INFO - [2024-09-25T14:55:33.747+0000] {dagbag.py:588} INFO - Filling up the DagBag from /home/airflow/.local/lib/python3.12/site-packages/airflow/example_dags/example_params_ui_tutorial.py
[2024-09-25T14:55:33.755+0000] {processor.py:925} INFO - DAG(s) 'example_params_ui_tutorial' retrieved from /home/airflow/.local/lib/python3.12/site-packages/airflow/example_dags/example_params_ui_tutorial.py
[2024-09-25T14:55:33.852+0000] {logging_mixin.py:190} INFO - [2024-09-25T14:55:33.852+0000] {override.py:1900} INFO - Created Permission View: can read on DAG:example_params_ui_tutorial
[2024-09-25T14:55:33.858+0000] {logging_mixin.py:190} INFO - [2024-09-25T14:55:33.858+0000] {override.py:1900} INFO - Created Permission View: can edit on DAG:example_params_ui_tutorial
[2024-09-25T14:55:33.861+0000] {logging_mixin.py:190} INFO - [2024-09-25T14:55:33.861+0000] {override.py:1900} INFO - Created Permission View: can delete on DAG:example_params_ui_tutorial
[2024-09-25T14:55:33.865+0000] {logging_mixin.py:190} INFO - [2024-09-25T14:55:33.865+0000] {override.py:1900} INFO - Created Permission View: can read on DAG Run:example_params_ui_tutorial
[2024-09-25T14:55:33.868+0000] {logging_mixin.py:190} INFO - [2024-09-25T14:55:33.868+0000] {override.py:1900} INFO - Created Permission View: can delete on DAG Run:example_params_ui_tutorial
[2024-09-25T14:55:33.871+0000] {logging_mixin.py:190} INFO - [2024-09-25T14:55:33.871+0000] {override.py:1900} INFO - Created Permission View: menu access on DAG Run:example_params_ui_tutorial
[2024-09-25T14:55:33.874+0000] {logging_mixin.py:190} INFO - [2024-09-25T14:55:33.874+0000] {override.py:1900} INFO - Created Permission View: can create on DAG Run:example_params_ui_tutorial
[2024-09-25T14:55:33.875+0000] {logging_mixin.py:190} INFO - [2024-09-25T14:55:33.874+0000] {dag.py:3239} INFO - Sync 1 DAGs
[2024-09-25T14:55:33.883+0000] {logging_mixin.py:190} INFO - [2024-09-25T14:55:33.883+0000] {dag.py:3262} INFO - Creating ORM DAG for example_params_ui_tutorial
[2024-09-25T14:55:33.884+0000] {logging_mixin.py:190} INFO - [2024-09-25T14:55:33.884+0000] {dag.py:4180} INFO - Setting next_dagrun for example_params_ui_tutorial to None, run_after=None
[2024-09-25T14:55:33.894+0000] {processor.py:208} INFO - Processing /home/airflow/.local/lib/python3.12/site-packages/airflow/example_dags/example_params_ui_tutorial.py took 0.153 seconds
[2024-09-25T14:56:04.132+0000] {processor.py:186} INFO - Started process (PID=125) to work on /home/airflow/.local/lib/python3.12/site-packages/airflow/example_dags/example_params_ui_tutorial.py
[2024-09-25T14:56:04.133+0000] {processor.py:914} INFO - Processing file /home/airflow/.local/lib/python3.12/site-packages/airflow/example_dags/example_params_ui_tutorial.py for tasks to queue
[2024-09-25T14:56:04.135+0000] {logging_mixin.py:190} INFO - [2024-09-25T14:56:04.134+0000] {dagbag.py:588} INFO - Filling up the DagBag from /home/airflow/.local/lib/python3.12/site-packages/airflow/example_dags/example_params_ui_tutorial.py
[2024-09-25T14:56:04.142+0000] {processor.py:925} INFO - DAG(s) 'example_params_ui_tutorial' retrieved from /home/airflow/.local/lib/python3.12/site-packages/airflow/example_dags/example_params_ui_tutorial.py
[2024-09-25T14:56:04.172+0000] {logging_mixin.py:190} INFO - [2024-09-25T14:56:04.172+0000] {dag.py:3239} INFO - Sync 1 DAGs
[2024-09-25T14:56:04.183+0000] {logging_mixin.py:190} INFO - [2024-09-25T14:56:04.183+0000] {dag.py:4180} INFO - Setting next_dagrun for example_params_ui_tutorial to None, run_after=None
[2024-09-25T14:56:04.195+0000] {processor.py:208} INFO - Processing /home/airflow/.local/lib/python3.12/site-packages/airflow/example_dags/example_params_ui_tutorial.py took 0.067 seconds
[2024-09-25T14:56:34.906+0000] {processor.py:186} INFO - Started process (PID=188) to work on /home/airflow/.local/lib/python3.12/site-packages/airflow/example_dags/example_params_ui_tutorial.py
[2024-09-25T14:56:34.907+0000] {processor.py:914} INFO - Processing file /home/airflow/.local/lib/python3.12/site-packages/airflow/example_dags/example_params_ui_tutorial.py for tasks to queue
[2024-09-25T14:56:34.908+0000] {logging_mixin.py:190} INFO - [2024-09-25T14:56:34.908+0000] {dagbag.py:588} INFO - Filling up the DagBag from /home/airflow/.local/lib/python3.12/site-packages/airflow/example_dags/example_params_ui_tutorial.py
[2024-09-25T14:56:34.916+0000] {processor.py:925} INFO - DAG(s) 'example_params_ui_tutorial' retrieved from /home/airflow/.local/lib/python3.12/site-packages/airflow/example_dags/example_params_ui_tutorial.py
[2024-09-25T14:56:34.949+0000] {logging_mixin.py:190} INFO - [2024-09-25T14:56:34.949+0000] {dag.py:3239} INFO - Sync 1 DAGs
[2024-09-25T14:56:34.960+0000] {logging_mixin.py:190} INFO - [2024-09-25T14:56:34.960+0000] {dag.py:4180} INFO - Setting next_dagrun for example_params_ui_tutorial to None, run_after=None
[2024-09-25T14:56:34.971+0000] {processor.py:208} INFO - Processing /home/airflow/.local/lib/python3.12/site-packages/airflow/example_dags/example_params_ui_tutorial.py took 0.070 seconds
[2024-09-25T14:57:05.474+0000] {processor.py:186} INFO - Started process (PID=251) to work on /home/airflow/.local/lib/python3.12/site-packages/airflow/example_dags/example_params_ui_tutorial.py
[2024-09-25T14:57:05.475+0000] {processor.py:914} INFO - Processing file /home/airflow/.local/lib/python3.12/site-packages/airflow/example_dags/example_params_ui_tutorial.py for tasks to queue
[2024-09-25T14:57:05.476+0000] {logging_mixin.py:190} INFO - [2024-09-25T14:57:05.476+0000] {dagbag.py:588} INFO - Filling up the DagBag from /home/airflow/.local/lib/python3.12/site-packages/airflow/example_dags/example_params_ui_tutorial.py
[2024-09-25T14:57:05.482+0000] {processor.py:925} INFO - DAG(s) 'example_params_ui_tutorial' retrieved from /home/airflow/.local/lib/python3.12/site-packages/airflow/example_dags/example_params_ui_tutorial.py
[2024-09-25T14:57:05.514+0000] {logging_mixin.py:190} INFO - [2024-09-25T14:57:05.513+0000] {dag.py:3239} INFO - Sync 1 DAGs
[2024-09-25T14:57:05.524+0000] {logging_mixin.py:190} INFO - [2024-09-25T14:57:05.524+0000] {dag.py:4180} INFO - Setting next_dagrun for example_params_ui_tutorial to None, run_after=None
[2024-09-25T14:57:05.535+0000] {processor.py:208} INFO - Processing /home/airflow/.local/lib/python3.12/site-packages/airflow/example_dags/example_params_ui_tutorial.py took 0.065 seconds
[2024-09-25T14:57:36.088+0000] {processor.py:186} INFO - Started process (PID=314) to work on /home/airflow/.local/lib/python3.12/site-packages/airflow/example_dags/example_params_ui_tutorial.py
[2024-09-25T14:57:36.089+0000] {processor.py:914} INFO - Processing file /home/airflow/.local/lib/python3.12/site-packages/airflow/example_dags/example_params_ui_tutorial.py for tasks to queue
[2024-09-25T14:57:36.091+0000] {logging_mixin.py:190} INFO - [2024-09-25T14:57:36.090+0000] {dagbag.py:588} INFO - Filling up the DagBag from /home/airflow/.local/lib/python3.12/site-packages/airflow/example_dags/example_params_ui_tutorial.py
[2024-09-25T14:57:36.097+0000] {processor.py:925} INFO - DAG(s) 'example_params_ui_tutorial' retrieved from /home/airflow/.local/lib/python3.12/site-packages/airflow/example_dags/example_params_ui_tutorial.py
[2024-09-25T14:57:36.129+0000] {logging_mixin.py:190} INFO - [2024-09-25T14:57:36.129+0000] {dag.py:3239} INFO - Sync 1 DAGs
[2024-09-25T14:57:36.141+0000] {logging_mixin.py:190} INFO - [2024-09-25T14:57:36.141+0000] {dag.py:4180} INFO - Setting next_dagrun for example_params_ui_tutorial to None, run_after=None
[2024-09-25T14:57:36.153+0000] {processor.py:208} INFO - Processing /home/airflow/.local/lib/python3.12/site-packages/airflow/example_dags/example_params_ui_tutorial.py took 0.069 seconds
[2024-09-25T14:58:06.961+0000] {processor.py:186} INFO - Started process (PID=377) to work on /home/airflow/.local/lib/python3.12/site-packages/airflow/example_dags/example_params_ui_tutorial.py
[2024-09-25T14:58:06.961+0000] {processor.py:914} INFO - Processing file /home/airflow/.local/lib/python3.12/site-packages/airflow/example_dags/example_params_ui_tutorial.py for tasks to queue
[2024-09-25T14:58:06.963+0000] {logging_mixin.py:190} INFO - [2024-09-25T14:58:06.963+0000] {dagbag.py:588} INFO - Filling up the DagBag from /home/airflow/.local/lib/python3.12/site-packages/airflow/example_dags/example_params_ui_tutorial.py
[2024-09-25T14:58:06.969+0000] {processor.py:925} INFO - DAG(s) 'example_params_ui_tutorial' retrieved from /home/airflow/.local/lib/python3.12/site-packages/airflow/example_dags/example_params_ui_tutorial.py
[2024-09-25T14:58:06.999+0000] {logging_mixin.py:190} INFO - [2024-09-25T14:58:06.999+0000] {dag.py:3239} INFO - Sync 1 DAGs
[2024-09-25T14:58:07.009+0000] {logging_mixin.py:190} INFO - [2024-09-25T14:58:07.009+0000] {dag.py:4180} INFO - Setting next_dagrun for example_params_ui_tutorial to None, run_after=None
[2024-09-25T14:58:07.020+0000] {processor.py:208} INFO - Processing /home/airflow/.local/lib/python3.12/site-packages/airflow/example_dags/example_params_ui_tutorial.py took 0.063 seconds
