[2024-09-25T14:55:34.728+0000] {processor.py:186} INFO - Started process (PID=71) to work on /home/airflow/.local/lib/python3.12/site-packages/airflow/example_dags/example_inlet_event_extra.py
[2024-09-25T14:55:34.728+0000] {processor.py:914} INFO - Processing file /home/airflow/.local/lib/python3.12/site-packages/airflow/example_dags/example_inlet_event_extra.py for tasks to queue
[2024-09-25T14:55:34.730+0000] {logging_mixin.py:190} INFO - [2024-09-25T14:55:34.730+0000] {dagbag.py:588} INFO - Filling up the DagBag from /home/airflow/.local/lib/python3.12/site-packages/airflow/example_dags/example_inlet_event_extra.py
[2024-09-25T14:55:34.844+0000] {processor.py:925} INFO - DAG(s) 'read_dataset_event_from_classic', 'read_dataset_event' retrieved from /home/airflow/.local/lib/python3.12/site-packages/airflow/example_dags/example_inlet_event_extra.py
[2024-09-25T14:55:34.918+0000] {logging_mixin.py:190} INFO - [2024-09-25T14:55:34.917+0000] {override.py:1900} INFO - Created Permission View: can read on DAG:read_dataset_event_from_classic
[2024-09-25T14:55:34.923+0000] {logging_mixin.py:190} INFO - [2024-09-25T14:55:34.923+0000] {override.py:1900} INFO - Created Permission View: can edit on DAG:read_dataset_event_from_classic
[2024-09-25T14:55:34.926+0000] {logging_mixin.py:190} INFO - [2024-09-25T14:55:34.926+0000] {override.py:1900} INFO - Created Permission View: can delete on DAG:read_dataset_event_from_classic
[2024-09-25T14:55:34.930+0000] {logging_mixin.py:190} INFO - [2024-09-25T14:55:34.930+0000] {override.py:1900} INFO - Created Permission View: can read on DAG Run:read_dataset_event_from_classic
[2024-09-25T14:55:34.933+0000] {logging_mixin.py:190} INFO - [2024-09-25T14:55:34.933+0000] {override.py:1900} INFO - Created Permission View: can delete on DAG Run:read_dataset_event_from_classic
[2024-09-25T14:55:34.936+0000] {logging_mixin.py:190} INFO - [2024-09-25T14:55:34.936+0000] {override.py:1900} INFO - Created Permission View: menu access on DAG Run:read_dataset_event_from_classic
[2024-09-25T14:55:34.940+0000] {logging_mixin.py:190} INFO - [2024-09-25T14:55:34.940+0000] {override.py:1900} INFO - Created Permission View: can create on DAG Run:read_dataset_event_from_classic
[2024-09-25T14:55:34.947+0000] {logging_mixin.py:190} INFO - [2024-09-25T14:55:34.946+0000] {override.py:1900} INFO - Created Permission View: can read on DAG:read_dataset_event
[2024-09-25T14:55:34.950+0000] {logging_mixin.py:190} INFO - [2024-09-25T14:55:34.950+0000] {override.py:1900} INFO - Created Permission View: can edit on DAG:read_dataset_event
[2024-09-25T14:55:34.953+0000] {logging_mixin.py:190} INFO - [2024-09-25T14:55:34.953+0000] {override.py:1900} INFO - Created Permission View: can delete on DAG:read_dataset_event
[2024-09-25T14:55:34.956+0000] {logging_mixin.py:190} INFO - [2024-09-25T14:55:34.956+0000] {override.py:1900} INFO - Created Permission View: can read on DAG Run:read_dataset_event
[2024-09-25T14:55:34.959+0000] {logging_mixin.py:190} INFO - [2024-09-25T14:55:34.959+0000] {override.py:1900} INFO - Created Permission View: can delete on DAG Run:read_dataset_event
[2024-09-25T14:55:34.963+0000] {logging_mixin.py:190} INFO - [2024-09-25T14:55:34.962+0000] {override.py:1900} INFO - Created Permission View: menu access on DAG Run:read_dataset_event
[2024-09-25T14:55:34.966+0000] {logging_mixin.py:190} INFO - [2024-09-25T14:55:34.965+0000] {override.py:1900} INFO - Created Permission View: can create on DAG Run:read_dataset_event
[2024-09-25T14:55:34.966+0000] {logging_mixin.py:190} INFO - [2024-09-25T14:55:34.966+0000] {dag.py:3239} INFO - Sync 2 DAGs
[2024-09-25T14:55:34.975+0000] {logging_mixin.py:190} INFO - [2024-09-25T14:55:34.974+0000] {dag.py:3262} INFO - Creating ORM DAG for read_dataset_event_from_classic
[2024-09-25T14:55:34.975+0000] {logging_mixin.py:190} INFO - [2024-09-25T14:55:34.975+0000] {dag.py:3262} INFO - Creating ORM DAG for read_dataset_event
[2024-09-25T14:55:34.982+0000] {logging_mixin.py:190} INFO - [2024-09-25T14:55:34.982+0000] {dag.py:4180} INFO - Setting next_dagrun for read_dataset_event to 2024-09-24 00:00:00+00:00, run_after=2024-09-25 00:00:00+00:00
[2024-09-25T14:55:34.983+0000] {logging_mixin.py:190} INFO - [2024-09-25T14:55:34.983+0000] {dag.py:4180} INFO - Setting next_dagrun for read_dataset_event_from_classic to 2024-09-24 00:00:00+00:00, run_after=2024-09-25 00:00:00+00:00
[2024-09-25T14:55:34.994+0000] {processor.py:208} INFO - Processing /home/airflow/.local/lib/python3.12/site-packages/airflow/example_dags/example_inlet_event_extra.py took 0.270 seconds
[2024-09-25T14:56:05.541+0000] {processor.py:186} INFO - Started process (PID=134) to work on /home/airflow/.local/lib/python3.12/site-packages/airflow/example_dags/example_inlet_event_extra.py
[2024-09-25T14:56:05.542+0000] {processor.py:914} INFO - Processing file /home/airflow/.local/lib/python3.12/site-packages/airflow/example_dags/example_inlet_event_extra.py for tasks to queue
[2024-09-25T14:56:05.543+0000] {logging_mixin.py:190} INFO - [2024-09-25T14:56:05.543+0000] {dagbag.py:588} INFO - Filling up the DagBag from /home/airflow/.local/lib/python3.12/site-packages/airflow/example_dags/example_inlet_event_extra.py
[2024-09-25T14:56:05.652+0000] {processor.py:925} INFO - DAG(s) 'read_dataset_event', 'read_dataset_event_from_classic' retrieved from /home/airflow/.local/lib/python3.12/site-packages/airflow/example_dags/example_inlet_event_extra.py
[2024-09-25T14:56:05.668+0000] {logging_mixin.py:190} INFO - [2024-09-25T14:56:05.667+0000] {dag.py:3239} INFO - Sync 2 DAGs
[2024-09-25T14:56:05.686+0000] {logging_mixin.py:190} INFO - [2024-09-25T14:56:05.685+0000] {dag.py:4180} INFO - Setting next_dagrun for read_dataset_event to 2024-09-24 00:00:00+00:00, run_after=2024-09-25 00:00:00+00:00
[2024-09-25T14:56:05.689+0000] {logging_mixin.py:190} INFO - [2024-09-25T14:56:05.689+0000] {dag.py:4180} INFO - Setting next_dagrun for read_dataset_event_from_classic to 2024-09-24 00:00:00+00:00, run_after=2024-09-25 00:00:00+00:00
[2024-09-25T14:56:05.700+0000] {processor.py:208} INFO - Processing /home/airflow/.local/lib/python3.12/site-packages/airflow/example_dags/example_inlet_event_extra.py took 0.164 seconds
[2024-09-25T14:56:36.294+0000] {processor.py:186} INFO - Started process (PID=197) to work on /home/airflow/.local/lib/python3.12/site-packages/airflow/example_dags/example_inlet_event_extra.py
[2024-09-25T14:56:36.294+0000] {processor.py:914} INFO - Processing file /home/airflow/.local/lib/python3.12/site-packages/airflow/example_dags/example_inlet_event_extra.py for tasks to queue
[2024-09-25T14:56:36.296+0000] {logging_mixin.py:190} INFO - [2024-09-25T14:56:36.296+0000] {dagbag.py:588} INFO - Filling up the DagBag from /home/airflow/.local/lib/python3.12/site-packages/airflow/example_dags/example_inlet_event_extra.py
[2024-09-25T14:56:36.401+0000] {processor.py:925} INFO - DAG(s) 'read_dataset_event_from_classic', 'read_dataset_event' retrieved from /home/airflow/.local/lib/python3.12/site-packages/airflow/example_dags/example_inlet_event_extra.py
[2024-09-25T14:56:36.416+0000] {logging_mixin.py:190} INFO - [2024-09-25T14:56:36.416+0000] {dag.py:3239} INFO - Sync 2 DAGs
[2024-09-25T14:56:36.432+0000] {logging_mixin.py:190} INFO - [2024-09-25T14:56:36.432+0000] {dag.py:4180} INFO - Setting next_dagrun for read_dataset_event to 2024-09-24 00:00:00+00:00, run_after=2024-09-25 00:00:00+00:00
[2024-09-25T14:56:36.435+0000] {logging_mixin.py:190} INFO - [2024-09-25T14:56:36.435+0000] {dag.py:4180} INFO - Setting next_dagrun for read_dataset_event_from_classic to 2024-09-24 00:00:00+00:00, run_after=2024-09-25 00:00:00+00:00
[2024-09-25T14:56:36.444+0000] {processor.py:208} INFO - Processing /home/airflow/.local/lib/python3.12/site-packages/airflow/example_dags/example_inlet_event_extra.py took 0.155 seconds
[2024-09-25T14:57:06.849+0000] {processor.py:186} INFO - Started process (PID=260) to work on /home/airflow/.local/lib/python3.12/site-packages/airflow/example_dags/example_inlet_event_extra.py
[2024-09-25T14:57:06.849+0000] {processor.py:914} INFO - Processing file /home/airflow/.local/lib/python3.12/site-packages/airflow/example_dags/example_inlet_event_extra.py for tasks to queue
[2024-09-25T14:57:06.851+0000] {logging_mixin.py:190} INFO - [2024-09-25T14:57:06.851+0000] {dagbag.py:588} INFO - Filling up the DagBag from /home/airflow/.local/lib/python3.12/site-packages/airflow/example_dags/example_inlet_event_extra.py
[2024-09-25T14:57:06.959+0000] {processor.py:925} INFO - DAG(s) 'read_dataset_event', 'read_dataset_event_from_classic' retrieved from /home/airflow/.local/lib/python3.12/site-packages/airflow/example_dags/example_inlet_event_extra.py
[2024-09-25T14:57:06.977+0000] {logging_mixin.py:190} INFO - [2024-09-25T14:57:06.976+0000] {dag.py:3239} INFO - Sync 2 DAGs
[2024-09-25T14:57:06.994+0000] {logging_mixin.py:190} INFO - [2024-09-25T14:57:06.993+0000] {dag.py:4180} INFO - Setting next_dagrun for read_dataset_event to 2024-09-24 00:00:00+00:00, run_after=2024-09-25 00:00:00+00:00
[2024-09-25T14:57:06.997+0000] {logging_mixin.py:190} INFO - [2024-09-25T14:57:06.996+0000] {dag.py:4180} INFO - Setting next_dagrun for read_dataset_event_from_classic to 2024-09-24 00:00:00+00:00, run_after=2024-09-25 00:00:00+00:00
[2024-09-25T14:57:07.006+0000] {processor.py:208} INFO - Processing /home/airflow/.local/lib/python3.12/site-packages/airflow/example_dags/example_inlet_event_extra.py took 0.161 seconds
[2024-09-25T14:57:37.532+0000] {processor.py:186} INFO - Started process (PID=323) to work on /home/airflow/.local/lib/python3.12/site-packages/airflow/example_dags/example_inlet_event_extra.py
[2024-09-25T14:57:37.532+0000] {processor.py:914} INFO - Processing file /home/airflow/.local/lib/python3.12/site-packages/airflow/example_dags/example_inlet_event_extra.py for tasks to queue
[2024-09-25T14:57:37.534+0000] {logging_mixin.py:190} INFO - [2024-09-25T14:57:37.534+0000] {dagbag.py:588} INFO - Filling up the DagBag from /home/airflow/.local/lib/python3.12/site-packages/airflow/example_dags/example_inlet_event_extra.py
[2024-09-25T14:57:37.641+0000] {processor.py:925} INFO - DAG(s) 'read_dataset_event_from_classic', 'read_dataset_event' retrieved from /home/airflow/.local/lib/python3.12/site-packages/airflow/example_dags/example_inlet_event_extra.py
[2024-09-25T14:57:37.656+0000] {logging_mixin.py:190} INFO - [2024-09-25T14:57:37.656+0000] {dag.py:3239} INFO - Sync 2 DAGs
[2024-09-25T14:57:37.674+0000] {logging_mixin.py:190} INFO - [2024-09-25T14:57:37.674+0000] {dag.py:4180} INFO - Setting next_dagrun for read_dataset_event to 2024-09-24 00:00:00+00:00, run_after=2024-09-25 00:00:00+00:00
[2024-09-25T14:57:37.677+0000] {logging_mixin.py:190} INFO - [2024-09-25T14:57:37.677+0000] {dag.py:4180} INFO - Setting next_dagrun for read_dataset_event_from_classic to 2024-09-24 00:00:00+00:00, run_after=2024-09-25 00:00:00+00:00
[2024-09-25T14:57:37.687+0000] {processor.py:208} INFO - Processing /home/airflow/.local/lib/python3.12/site-packages/airflow/example_dags/example_inlet_event_extra.py took 0.160 seconds
[2024-09-25T14:58:08.354+0000] {processor.py:186} INFO - Started process (PID=386) to work on /home/airflow/.local/lib/python3.12/site-packages/airflow/example_dags/example_inlet_event_extra.py
[2024-09-25T14:58:08.355+0000] {processor.py:914} INFO - Processing file /home/airflow/.local/lib/python3.12/site-packages/airflow/example_dags/example_inlet_event_extra.py for tasks to queue
[2024-09-25T14:58:08.357+0000] {logging_mixin.py:190} INFO - [2024-09-25T14:58:08.357+0000] {dagbag.py:588} INFO - Filling up the DagBag from /home/airflow/.local/lib/python3.12/site-packages/airflow/example_dags/example_inlet_event_extra.py
[2024-09-25T14:58:08.466+0000] {processor.py:925} INFO - DAG(s) 'read_dataset_event_from_classic', 'read_dataset_event' retrieved from /home/airflow/.local/lib/python3.12/site-packages/airflow/example_dags/example_inlet_event_extra.py
[2024-09-25T14:58:08.481+0000] {logging_mixin.py:190} INFO - [2024-09-25T14:58:08.480+0000] {dag.py:3239} INFO - Sync 2 DAGs
[2024-09-25T14:58:08.498+0000] {logging_mixin.py:190} INFO - [2024-09-25T14:58:08.498+0000] {dag.py:4180} INFO - Setting next_dagrun for read_dataset_event to 2024-09-24 00:00:00+00:00, run_after=2024-09-25 00:00:00+00:00
[2024-09-25T14:58:08.501+0000] {logging_mixin.py:190} INFO - [2024-09-25T14:58:08.501+0000] {dag.py:4180} INFO - Setting next_dagrun for read_dataset_event_from_classic to 2024-09-24 00:00:00+00:00, run_after=2024-09-25 00:00:00+00:00
[2024-09-25T14:58:08.512+0000] {processor.py:208} INFO - Processing /home/airflow/.local/lib/python3.12/site-packages/airflow/example_dags/example_inlet_event_extra.py took 0.162 seconds
