[2024-09-25T14:55:32.375+0000] {processor.py:186} INFO - Started process (PID=49) to work on /home/airflow/.local/lib/python3.12/site-packages/airflow/example_dags/example_task_group.py
[2024-09-25T14:55:32.375+0000] {processor.py:914} INFO - Processing file /home/airflow/.local/lib/python3.12/site-packages/airflow/example_dags/example_task_group.py for tasks to queue
[2024-09-25T14:55:32.377+0000] {logging_mixin.py:190} INFO - [2024-09-25T14:55:32.377+0000] {dagbag.py:588} INFO - Filling up the DagBag from /home/airflow/.local/lib/python3.12/site-packages/airflow/example_dags/example_task_group.py
[2024-09-25T14:55:32.387+0000] {processor.py:925} INFO - DAG(s) 'example_task_group' retrieved from /home/airflow/.local/lib/python3.12/site-packages/airflow/example_dags/example_task_group.py
[2024-09-25T14:55:32.469+0000] {logging_mixin.py:190} INFO - [2024-09-25T14:55:32.469+0000] {override.py:1900} INFO - Created Permission View: can read on DAG:example_task_group
[2024-09-25T14:55:32.476+0000] {logging_mixin.py:190} INFO - [2024-09-25T14:55:32.475+0000] {override.py:1900} INFO - Created Permission View: can edit on DAG:example_task_group
[2024-09-25T14:55:32.479+0000] {logging_mixin.py:190} INFO - [2024-09-25T14:55:32.479+0000] {override.py:1900} INFO - Created Permission View: can delete on DAG:example_task_group
[2024-09-25T14:55:32.483+0000] {logging_mixin.py:190} INFO - [2024-09-25T14:55:32.482+0000] {override.py:1900} INFO - Created Permission View: can read on DAG Run:example_task_group
[2024-09-25T14:55:32.486+0000] {logging_mixin.py:190} INFO - [2024-09-25T14:55:32.486+0000] {override.py:1900} INFO - Created Permission View: can delete on DAG Run:example_task_group
[2024-09-25T14:55:32.489+0000] {logging_mixin.py:190} INFO - [2024-09-25T14:55:32.489+0000] {override.py:1900} INFO - Created Permission View: menu access on DAG Run:example_task_group
[2024-09-25T14:55:32.492+0000] {logging_mixin.py:190} INFO - [2024-09-25T14:55:32.492+0000] {override.py:1900} INFO - Created Permission View: can create on DAG Run:example_task_group
[2024-09-25T14:55:32.493+0000] {logging_mixin.py:190} INFO - [2024-09-25T14:55:32.493+0000] {dag.py:3239} INFO - Sync 1 DAGs
[2024-09-25T14:55:32.501+0000] {logging_mixin.py:190} INFO - [2024-09-25T14:55:32.501+0000] {dag.py:3262} INFO - Creating ORM DAG for example_task_group
[2024-09-25T14:55:32.502+0000] {logging_mixin.py:190} INFO - [2024-09-25T14:55:32.502+0000] {dag.py:4180} INFO - Setting next_dagrun for example_task_group to None, run_after=None
[2024-09-25T14:55:32.511+0000] {processor.py:208} INFO - Processing /home/airflow/.local/lib/python3.12/site-packages/airflow/example_dags/example_task_group.py took 0.141 seconds
[2024-09-25T14:56:02.576+0000] {processor.py:186} INFO - Started process (PID=112) to work on /home/airflow/.local/lib/python3.12/site-packages/airflow/example_dags/example_task_group.py
[2024-09-25T14:56:02.576+0000] {processor.py:914} INFO - Processing file /home/airflow/.local/lib/python3.12/site-packages/airflow/example_dags/example_task_group.py for tasks to queue
[2024-09-25T14:56:02.578+0000] {logging_mixin.py:190} INFO - [2024-09-25T14:56:02.578+0000] {dagbag.py:588} INFO - Filling up the DagBag from /home/airflow/.local/lib/python3.12/site-packages/airflow/example_dags/example_task_group.py
[2024-09-25T14:56:02.585+0000] {processor.py:925} INFO - DAG(s) 'example_task_group' retrieved from /home/airflow/.local/lib/python3.12/site-packages/airflow/example_dags/example_task_group.py
[2024-09-25T14:56:02.601+0000] {logging_mixin.py:190} INFO - [2024-09-25T14:56:02.600+0000] {dag.py:3239} INFO - Sync 1 DAGs
[2024-09-25T14:56:02.612+0000] {logging_mixin.py:190} INFO - [2024-09-25T14:56:02.612+0000] {dag.py:4180} INFO - Setting next_dagrun for example_task_group to None, run_after=None
[2024-09-25T14:56:02.625+0000] {processor.py:208} INFO - Processing /home/airflow/.local/lib/python3.12/site-packages/airflow/example_dags/example_task_group.py took 0.053 seconds
[2024-09-25T14:56:33.372+0000] {processor.py:186} INFO - Started process (PID=175) to work on /home/airflow/.local/lib/python3.12/site-packages/airflow/example_dags/example_task_group.py
[2024-09-25T14:56:33.372+0000] {processor.py:914} INFO - Processing file /home/airflow/.local/lib/python3.12/site-packages/airflow/example_dags/example_task_group.py for tasks to queue
[2024-09-25T14:56:33.374+0000] {logging_mixin.py:190} INFO - [2024-09-25T14:56:33.374+0000] {dagbag.py:588} INFO - Filling up the DagBag from /home/airflow/.local/lib/python3.12/site-packages/airflow/example_dags/example_task_group.py
[2024-09-25T14:56:33.380+0000] {processor.py:925} INFO - DAG(s) 'example_task_group' retrieved from /home/airflow/.local/lib/python3.12/site-packages/airflow/example_dags/example_task_group.py
[2024-09-25T14:56:33.394+0000] {logging_mixin.py:190} INFO - [2024-09-25T14:56:33.394+0000] {dag.py:3239} INFO - Sync 1 DAGs
[2024-09-25T14:56:33.404+0000] {logging_mixin.py:190} INFO - [2024-09-25T14:56:33.404+0000] {dag.py:4180} INFO - Setting next_dagrun for example_task_group to None, run_after=None
[2024-09-25T14:56:33.415+0000] {processor.py:208} INFO - Processing /home/airflow/.local/lib/python3.12/site-packages/airflow/example_dags/example_task_group.py took 0.047 seconds
[2024-09-25T14:57:03.978+0000] {processor.py:186} INFO - Started process (PID=238) to work on /home/airflow/.local/lib/python3.12/site-packages/airflow/example_dags/example_task_group.py
[2024-09-25T14:57:03.979+0000] {processor.py:914} INFO - Processing file /home/airflow/.local/lib/python3.12/site-packages/airflow/example_dags/example_task_group.py for tasks to queue
[2024-09-25T14:57:03.980+0000] {logging_mixin.py:190} INFO - [2024-09-25T14:57:03.980+0000] {dagbag.py:588} INFO - Filling up the DagBag from /home/airflow/.local/lib/python3.12/site-packages/airflow/example_dags/example_task_group.py
[2024-09-25T14:57:03.986+0000] {processor.py:925} INFO - DAG(s) 'example_task_group' retrieved from /home/airflow/.local/lib/python3.12/site-packages/airflow/example_dags/example_task_group.py
[2024-09-25T14:57:04.002+0000] {logging_mixin.py:190} INFO - [2024-09-25T14:57:04.001+0000] {dag.py:3239} INFO - Sync 1 DAGs
[2024-09-25T14:57:04.012+0000] {logging_mixin.py:190} INFO - [2024-09-25T14:57:04.011+0000] {dag.py:4180} INFO - Setting next_dagrun for example_task_group to None, run_after=None
[2024-09-25T14:57:04.022+0000] {processor.py:208} INFO - Processing /home/airflow/.local/lib/python3.12/site-packages/airflow/example_dags/example_task_group.py took 0.048 seconds
[2024-09-25T14:57:34.540+0000] {processor.py:186} INFO - Started process (PID=301) to work on /home/airflow/.local/lib/python3.12/site-packages/airflow/example_dags/example_task_group.py
[2024-09-25T14:57:34.540+0000] {processor.py:914} INFO - Processing file /home/airflow/.local/lib/python3.12/site-packages/airflow/example_dags/example_task_group.py for tasks to queue
[2024-09-25T14:57:34.542+0000] {logging_mixin.py:190} INFO - [2024-09-25T14:57:34.542+0000] {dagbag.py:588} INFO - Filling up the DagBag from /home/airflow/.local/lib/python3.12/site-packages/airflow/example_dags/example_task_group.py
[2024-09-25T14:57:34.548+0000] {processor.py:925} INFO - DAG(s) 'example_task_group' retrieved from /home/airflow/.local/lib/python3.12/site-packages/airflow/example_dags/example_task_group.py
[2024-09-25T14:57:34.564+0000] {logging_mixin.py:190} INFO - [2024-09-25T14:57:34.564+0000] {dag.py:3239} INFO - Sync 1 DAGs
[2024-09-25T14:57:34.576+0000] {logging_mixin.py:190} INFO - [2024-09-25T14:57:34.576+0000] {dag.py:4180} INFO - Setting next_dagrun for example_task_group to None, run_after=None
[2024-09-25T14:57:34.587+0000] {processor.py:208} INFO - Processing /home/airflow/.local/lib/python3.12/site-packages/airflow/example_dags/example_task_group.py took 0.052 seconds
[2024-09-25T14:58:05.449+0000] {processor.py:186} INFO - Started process (PID=364) to work on /home/airflow/.local/lib/python3.12/site-packages/airflow/example_dags/example_task_group.py
[2024-09-25T14:58:05.449+0000] {processor.py:914} INFO - Processing file /home/airflow/.local/lib/python3.12/site-packages/airflow/example_dags/example_task_group.py for tasks to queue
[2024-09-25T14:58:05.451+0000] {logging_mixin.py:190} INFO - [2024-09-25T14:58:05.451+0000] {dagbag.py:588} INFO - Filling up the DagBag from /home/airflow/.local/lib/python3.12/site-packages/airflow/example_dags/example_task_group.py
[2024-09-25T14:58:05.459+0000] {processor.py:925} INFO - DAG(s) 'example_task_group' retrieved from /home/airflow/.local/lib/python3.12/site-packages/airflow/example_dags/example_task_group.py
[2024-09-25T14:58:05.477+0000] {logging_mixin.py:190} INFO - [2024-09-25T14:58:05.477+0000] {dag.py:3239} INFO - Sync 1 DAGs
[2024-09-25T14:58:05.489+0000] {logging_mixin.py:190} INFO - [2024-09-25T14:58:05.489+0000] {dag.py:4180} INFO - Setting next_dagrun for example_task_group to None, run_after=None
[2024-09-25T14:58:05.503+0000] {processor.py:208} INFO - Processing /home/airflow/.local/lib/python3.12/site-packages/airflow/example_dags/example_task_group.py took 0.060 seconds
