[2024-09-25T14:55:34.852+0000] {processor.py:186} INFO - Started process (PID=72) to work on /home/airflow/.local/lib/python3.12/site-packages/airflow/example_dags/example_branch_datetime_operator.py
[2024-09-25T14:55:34.852+0000] {processor.py:914} INFO - Processing file /home/airflow/.local/lib/python3.12/site-packages/airflow/example_dags/example_branch_datetime_operator.py for tasks to queue
[2024-09-25T14:55:34.854+0000] {logging_mixin.py:190} INFO - [2024-09-25T14:55:34.853+0000] {dagbag.py:588} INFO - Filling up the DagBag from /home/airflow/.local/lib/python3.12/site-packages/airflow/example_dags/example_branch_datetime_operator.py
[2024-09-25T14:55:34.862+0000] {processor.py:925} INFO - DAG(s) 'example_branch_datetime_operator_2', 'example_branch_datetime_operator_3', 'example_branch_datetime_operator' retrieved from /home/airflow/.local/lib/python3.12/site-packages/airflow/example_dags/example_branch_datetime_operator.py
[2024-09-25T14:55:34.936+0000] {logging_mixin.py:190} INFO - [2024-09-25T14:55:34.936+0000] {override.py:1900} INFO - Created Permission View: can read on DAG:example_branch_datetime_operator_2
[2024-09-25T14:55:34.942+0000] {logging_mixin.py:190} INFO - [2024-09-25T14:55:34.941+0000] {override.py:1900} INFO - Created Permission View: can edit on DAG:example_branch_datetime_operator_2
[2024-09-25T14:55:34.945+0000] {logging_mixin.py:190} INFO - [2024-09-25T14:55:34.945+0000] {override.py:1900} INFO - Created Permission View: can delete on DAG:example_branch_datetime_operator_2
[2024-09-25T14:55:34.948+0000] {logging_mixin.py:190} INFO - [2024-09-25T14:55:34.948+0000] {override.py:1900} INFO - Created Permission View: can read on DAG Run:example_branch_datetime_operator_2
[2024-09-25T14:55:34.952+0000] {logging_mixin.py:190} INFO - [2024-09-25T14:55:34.951+0000] {override.py:1900} INFO - Created Permission View: can delete on DAG Run:example_branch_datetime_operator_2
[2024-09-25T14:55:34.955+0000] {logging_mixin.py:190} INFO - [2024-09-25T14:55:34.955+0000] {override.py:1900} INFO - Created Permission View: menu access on DAG Run:example_branch_datetime_operator_2
[2024-09-25T14:55:34.958+0000] {logging_mixin.py:190} INFO - [2024-09-25T14:55:34.958+0000] {override.py:1900} INFO - Created Permission View: can create on DAG Run:example_branch_datetime_operator_2
[2024-09-25T14:55:34.964+0000] {logging_mixin.py:190} INFO - [2024-09-25T14:55:34.964+0000] {override.py:1900} INFO - Created Permission View: can read on DAG:example_branch_datetime_operator_3
[2024-09-25T14:55:34.967+0000] {logging_mixin.py:190} INFO - [2024-09-25T14:55:34.967+0000] {override.py:1900} INFO - Created Permission View: can edit on DAG:example_branch_datetime_operator_3
[2024-09-25T14:55:34.971+0000] {logging_mixin.py:190} INFO - [2024-09-25T14:55:34.971+0000] {override.py:1900} INFO - Created Permission View: can delete on DAG:example_branch_datetime_operator_3
[2024-09-25T14:55:34.974+0000] {logging_mixin.py:190} INFO - [2024-09-25T14:55:34.974+0000] {override.py:1900} INFO - Created Permission View: can read on DAG Run:example_branch_datetime_operator_3
[2024-09-25T14:55:34.977+0000] {logging_mixin.py:190} INFO - [2024-09-25T14:55:34.977+0000] {override.py:1900} INFO - Created Permission View: can delete on DAG Run:example_branch_datetime_operator_3
[2024-09-25T14:55:34.980+0000] {logging_mixin.py:190} INFO - [2024-09-25T14:55:34.980+0000] {override.py:1900} INFO - Created Permission View: menu access on DAG Run:example_branch_datetime_operator_3
[2024-09-25T14:55:34.983+0000] {logging_mixin.py:190} INFO - [2024-09-25T14:55:34.983+0000] {override.py:1900} INFO - Created Permission View: can create on DAG Run:example_branch_datetime_operator_3
[2024-09-25T14:55:34.991+0000] {logging_mixin.py:190} INFO - [2024-09-25T14:55:34.990+0000] {override.py:1900} INFO - Created Permission View: can read on DAG:example_branch_datetime_operator
[2024-09-25T14:55:34.994+0000] {logging_mixin.py:190} INFO - [2024-09-25T14:55:34.994+0000] {override.py:1900} INFO - Created Permission View: can edit on DAG:example_branch_datetime_operator
[2024-09-25T14:55:34.997+0000] {logging_mixin.py:190} INFO - [2024-09-25T14:55:34.997+0000] {override.py:1900} INFO - Created Permission View: can delete on DAG:example_branch_datetime_operator
[2024-09-25T14:55:35.001+0000] {logging_mixin.py:190} INFO - [2024-09-25T14:55:35.001+0000] {override.py:1900} INFO - Created Permission View: can read on DAG Run:example_branch_datetime_operator
[2024-09-25T14:55:35.004+0000] {logging_mixin.py:190} INFO - [2024-09-25T14:55:35.004+0000] {override.py:1900} INFO - Created Permission View: can delete on DAG Run:example_branch_datetime_operator
[2024-09-25T14:55:35.007+0000] {logging_mixin.py:190} INFO - [2024-09-25T14:55:35.007+0000] {override.py:1900} INFO - Created Permission View: menu access on DAG Run:example_branch_datetime_operator
[2024-09-25T14:55:35.011+0000] {logging_mixin.py:190} INFO - [2024-09-25T14:55:35.011+0000] {override.py:1900} INFO - Created Permission View: can create on DAG Run:example_branch_datetime_operator
[2024-09-25T14:55:35.011+0000] {logging_mixin.py:190} INFO - [2024-09-25T14:55:35.011+0000] {dag.py:3239} INFO - Sync 3 DAGs
[2024-09-25T14:55:35.021+0000] {logging_mixin.py:190} INFO - [2024-09-25T14:55:35.021+0000] {dag.py:3262} INFO - Creating ORM DAG for example_branch_datetime_operator
[2024-09-25T14:55:35.021+0000] {logging_mixin.py:190} INFO - [2024-09-25T14:55:35.021+0000] {dag.py:3262} INFO - Creating ORM DAG for example_branch_datetime_operator_2
[2024-09-25T14:55:35.022+0000] {logging_mixin.py:190} INFO - [2024-09-25T14:55:35.022+0000] {dag.py:3262} INFO - Creating ORM DAG for example_branch_datetime_operator_3
[2024-09-25T14:55:35.029+0000] {logging_mixin.py:190} INFO - [2024-09-25T14:55:35.028+0000] {dag.py:4180} INFO - Setting next_dagrun for example_branch_datetime_operator to 2024-09-24 00:00:00+00:00, run_after=2024-09-25 00:00:00+00:00
[2024-09-25T14:55:35.030+0000] {logging_mixin.py:190} INFO - [2024-09-25T14:55:35.030+0000] {dag.py:4180} INFO - Setting next_dagrun for example_branch_datetime_operator_2 to 2024-09-24 00:00:00+00:00, run_after=2024-09-25 00:00:00+00:00
[2024-09-25T14:55:35.031+0000] {logging_mixin.py:190} INFO - [2024-09-25T14:55:35.031+0000] {dag.py:4180} INFO - Setting next_dagrun for example_branch_datetime_operator_3 to 2024-09-24 00:00:00+00:00, run_after=2024-09-25 00:00:00+00:00
[2024-09-25T14:55:35.041+0000] {processor.py:208} INFO - Processing /home/airflow/.local/lib/python3.12/site-packages/airflow/example_dags/example_branch_datetime_operator.py took 0.194 seconds
[2024-09-25T14:56:05.587+0000] {processor.py:186} INFO - Started process (PID=135) to work on /home/airflow/.local/lib/python3.12/site-packages/airflow/example_dags/example_branch_datetime_operator.py
[2024-09-25T14:56:05.588+0000] {processor.py:914} INFO - Processing file /home/airflow/.local/lib/python3.12/site-packages/airflow/example_dags/example_branch_datetime_operator.py for tasks to queue
[2024-09-25T14:56:05.589+0000] {logging_mixin.py:190} INFO - [2024-09-25T14:56:05.589+0000] {dagbag.py:588} INFO - Filling up the DagBag from /home/airflow/.local/lib/python3.12/site-packages/airflow/example_dags/example_branch_datetime_operator.py
[2024-09-25T14:56:05.598+0000] {processor.py:925} INFO - DAG(s) 'example_branch_datetime_operator', 'example_branch_datetime_operator_3', 'example_branch_datetime_operator_2' retrieved from /home/airflow/.local/lib/python3.12/site-packages/airflow/example_dags/example_branch_datetime_operator.py
[2024-09-25T14:56:05.618+0000] {logging_mixin.py:190} INFO - [2024-09-25T14:56:05.618+0000] {dag.py:3239} INFO - Sync 3 DAGs
[2024-09-25T14:56:05.638+0000] {logging_mixin.py:190} INFO - [2024-09-25T14:56:05.638+0000] {dag.py:4180} INFO - Setting next_dagrun for example_branch_datetime_operator to 2024-09-24 00:00:00+00:00, run_after=2024-09-25 00:00:00+00:00
[2024-09-25T14:56:05.642+0000] {logging_mixin.py:190} INFO - [2024-09-25T14:56:05.642+0000] {dag.py:4180} INFO - Setting next_dagrun for example_branch_datetime_operator_2 to 2024-09-24 00:00:00+00:00, run_after=2024-09-25 00:00:00+00:00
[2024-09-25T14:56:05.644+0000] {logging_mixin.py:190} INFO - [2024-09-25T14:56:05.644+0000] {dag.py:4180} INFO - Setting next_dagrun for example_branch_datetime_operator_3 to 2024-09-24 00:00:00+00:00, run_after=2024-09-25 00:00:00+00:00
[2024-09-25T14:56:05.655+0000] {processor.py:208} INFO - Processing /home/airflow/.local/lib/python3.12/site-packages/airflow/example_dags/example_branch_datetime_operator.py took 0.073 seconds
[2024-09-25T14:56:36.318+0000] {processor.py:186} INFO - Started process (PID=198) to work on /home/airflow/.local/lib/python3.12/site-packages/airflow/example_dags/example_branch_datetime_operator.py
[2024-09-25T14:56:36.318+0000] {processor.py:914} INFO - Processing file /home/airflow/.local/lib/python3.12/site-packages/airflow/example_dags/example_branch_datetime_operator.py for tasks to queue
[2024-09-25T14:56:36.320+0000] {logging_mixin.py:190} INFO - [2024-09-25T14:56:36.320+0000] {dagbag.py:588} INFO - Filling up the DagBag from /home/airflow/.local/lib/python3.12/site-packages/airflow/example_dags/example_branch_datetime_operator.py
[2024-09-25T14:56:36.328+0000] {processor.py:925} INFO - DAG(s) 'example_branch_datetime_operator', 'example_branch_datetime_operator_2', 'example_branch_datetime_operator_3' retrieved from /home/airflow/.local/lib/python3.12/site-packages/airflow/example_dags/example_branch_datetime_operator.py
[2024-09-25T14:56:36.347+0000] {logging_mixin.py:190} INFO - [2024-09-25T14:56:36.347+0000] {dag.py:3239} INFO - Sync 3 DAGs
[2024-09-25T14:56:36.365+0000] {logging_mixin.py:190} INFO - [2024-09-25T14:56:36.365+0000] {dag.py:4180} INFO - Setting next_dagrun for example_branch_datetime_operator to 2024-09-24 00:00:00+00:00, run_after=2024-09-25 00:00:00+00:00
[2024-09-25T14:56:36.368+0000] {logging_mixin.py:190} INFO - [2024-09-25T14:56:36.368+0000] {dag.py:4180} INFO - Setting next_dagrun for example_branch_datetime_operator_2 to 2024-09-24 00:00:00+00:00, run_after=2024-09-25 00:00:00+00:00
[2024-09-25T14:56:36.370+0000] {logging_mixin.py:190} INFO - [2024-09-25T14:56:36.369+0000] {dag.py:4180} INFO - Setting next_dagrun for example_branch_datetime_operator_3 to 2024-09-24 00:00:00+00:00, run_after=2024-09-25 00:00:00+00:00
[2024-09-25T14:56:36.379+0000] {processor.py:208} INFO - Processing /home/airflow/.local/lib/python3.12/site-packages/airflow/example_dags/example_branch_datetime_operator.py took 0.066 seconds
[2024-09-25T14:57:06.877+0000] {processor.py:186} INFO - Started process (PID=261) to work on /home/airflow/.local/lib/python3.12/site-packages/airflow/example_dags/example_branch_datetime_operator.py
[2024-09-25T14:57:06.878+0000] {processor.py:914} INFO - Processing file /home/airflow/.local/lib/python3.12/site-packages/airflow/example_dags/example_branch_datetime_operator.py for tasks to queue
[2024-09-25T14:57:06.879+0000] {logging_mixin.py:190} INFO - [2024-09-25T14:57:06.879+0000] {dagbag.py:588} INFO - Filling up the DagBag from /home/airflow/.local/lib/python3.12/site-packages/airflow/example_dags/example_branch_datetime_operator.py
[2024-09-25T14:57:06.887+0000] {processor.py:925} INFO - DAG(s) 'example_branch_datetime_operator_3', 'example_branch_datetime_operator', 'example_branch_datetime_operator_2' retrieved from /home/airflow/.local/lib/python3.12/site-packages/airflow/example_dags/example_branch_datetime_operator.py
[2024-09-25T14:57:06.905+0000] {logging_mixin.py:190} INFO - [2024-09-25T14:57:06.905+0000] {dag.py:3239} INFO - Sync 3 DAGs
[2024-09-25T14:57:06.925+0000] {logging_mixin.py:190} INFO - [2024-09-25T14:57:06.924+0000] {dag.py:4180} INFO - Setting next_dagrun for example_branch_datetime_operator to 2024-09-24 00:00:00+00:00, run_after=2024-09-25 00:00:00+00:00
[2024-09-25T14:57:06.928+0000] {logging_mixin.py:190} INFO - [2024-09-25T14:57:06.927+0000] {dag.py:4180} INFO - Setting next_dagrun for example_branch_datetime_operator_2 to 2024-09-24 00:00:00+00:00, run_after=2024-09-25 00:00:00+00:00
[2024-09-25T14:57:06.929+0000] {logging_mixin.py:190} INFO - [2024-09-25T14:57:06.929+0000] {dag.py:4180} INFO - Setting next_dagrun for example_branch_datetime_operator_3 to 2024-09-24 00:00:00+00:00, run_after=2024-09-25 00:00:00+00:00
[2024-09-25T14:57:06.939+0000] {processor.py:208} INFO - Processing /home/airflow/.local/lib/python3.12/site-packages/airflow/example_dags/example_branch_datetime_operator.py took 0.066 seconds
[2024-09-25T14:57:37.562+0000] {processor.py:186} INFO - Started process (PID=324) to work on /home/airflow/.local/lib/python3.12/site-packages/airflow/example_dags/example_branch_datetime_operator.py
[2024-09-25T14:57:37.562+0000] {processor.py:914} INFO - Processing file /home/airflow/.local/lib/python3.12/site-packages/airflow/example_dags/example_branch_datetime_operator.py for tasks to queue
[2024-09-25T14:57:37.564+0000] {logging_mixin.py:190} INFO - [2024-09-25T14:57:37.564+0000] {dagbag.py:588} INFO - Filling up the DagBag from /home/airflow/.local/lib/python3.12/site-packages/airflow/example_dags/example_branch_datetime_operator.py
[2024-09-25T14:57:37.572+0000] {processor.py:925} INFO - DAG(s) 'example_branch_datetime_operator_2', 'example_branch_datetime_operator_3', 'example_branch_datetime_operator' retrieved from /home/airflow/.local/lib/python3.12/site-packages/airflow/example_dags/example_branch_datetime_operator.py
[2024-09-25T14:57:37.590+0000] {logging_mixin.py:190} INFO - [2024-09-25T14:57:37.590+0000] {dag.py:3239} INFO - Sync 3 DAGs
[2024-09-25T14:57:37.608+0000] {logging_mixin.py:190} INFO - [2024-09-25T14:57:37.607+0000] {dag.py:4180} INFO - Setting next_dagrun for example_branch_datetime_operator to 2024-09-24 00:00:00+00:00, run_after=2024-09-25 00:00:00+00:00
[2024-09-25T14:57:37.611+0000] {logging_mixin.py:190} INFO - [2024-09-25T14:57:37.611+0000] {dag.py:4180} INFO - Setting next_dagrun for example_branch_datetime_operator_2 to 2024-09-24 00:00:00+00:00, run_after=2024-09-25 00:00:00+00:00
[2024-09-25T14:57:37.612+0000] {logging_mixin.py:190} INFO - [2024-09-25T14:57:37.612+0000] {dag.py:4180} INFO - Setting next_dagrun for example_branch_datetime_operator_3 to 2024-09-24 00:00:00+00:00, run_after=2024-09-25 00:00:00+00:00
[2024-09-25T14:57:37.621+0000] {processor.py:208} INFO - Processing /home/airflow/.local/lib/python3.12/site-packages/airflow/example_dags/example_branch_datetime_operator.py took 0.064 seconds
[2024-09-25T14:58:08.386+0000] {processor.py:186} INFO - Started process (PID=387) to work on /home/airflow/.local/lib/python3.12/site-packages/airflow/example_dags/example_branch_datetime_operator.py
[2024-09-25T14:58:08.387+0000] {processor.py:914} INFO - Processing file /home/airflow/.local/lib/python3.12/site-packages/airflow/example_dags/example_branch_datetime_operator.py for tasks to queue
[2024-09-25T14:58:08.389+0000] {logging_mixin.py:190} INFO - [2024-09-25T14:58:08.389+0000] {dagbag.py:588} INFO - Filling up the DagBag from /home/airflow/.local/lib/python3.12/site-packages/airflow/example_dags/example_branch_datetime_operator.py
[2024-09-25T14:58:08.397+0000] {processor.py:925} INFO - DAG(s) 'example_branch_datetime_operator', 'example_branch_datetime_operator_2', 'example_branch_datetime_operator_3' retrieved from /home/airflow/.local/lib/python3.12/site-packages/airflow/example_dags/example_branch_datetime_operator.py
[2024-09-25T14:58:08.415+0000] {logging_mixin.py:190} INFO - [2024-09-25T14:58:08.415+0000] {dag.py:3239} INFO - Sync 3 DAGs
[2024-09-25T14:58:08.433+0000] {logging_mixin.py:190} INFO - [2024-09-25T14:58:08.433+0000] {dag.py:4180} INFO - Setting next_dagrun for example_branch_datetime_operator to 2024-09-24 00:00:00+00:00, run_after=2024-09-25 00:00:00+00:00
[2024-09-25T14:58:08.436+0000] {logging_mixin.py:190} INFO - [2024-09-25T14:58:08.436+0000] {dag.py:4180} INFO - Setting next_dagrun for example_branch_datetime_operator_2 to 2024-09-24 00:00:00+00:00, run_after=2024-09-25 00:00:00+00:00
[2024-09-25T14:58:08.438+0000] {logging_mixin.py:190} INFO - [2024-09-25T14:58:08.438+0000] {dag.py:4180} INFO - Setting next_dagrun for example_branch_datetime_operator_3 to 2024-09-24 00:00:00+00:00, run_after=2024-09-25 00:00:00+00:00
[2024-09-25T14:58:08.448+0000] {processor.py:208} INFO - Processing /home/airflow/.local/lib/python3.12/site-packages/airflow/example_dags/example_branch_datetime_operator.py took 0.066 seconds
