[2024-09-25T14:55:32.208+0000] {processor.py:186} INFO - Started process (PID=47) to work on /home/airflow/.local/lib/python3.12/site-packages/airflow/example_dags/example_latest_only_with_trigger.py
[2024-09-25T14:55:32.208+0000] {processor.py:914} INFO - Processing file /home/airflow/.local/lib/python3.12/site-packages/airflow/example_dags/example_latest_only_with_trigger.py for tasks to queue
[2024-09-25T14:55:32.210+0000] {logging_mixin.py:190} INFO - [2024-09-25T14:55:32.209+0000] {dagbag.py:588} INFO - Filling up the DagBag from /home/airflow/.local/lib/python3.12/site-packages/airflow/example_dags/example_latest_only_with_trigger.py
[2024-09-25T14:55:32.218+0000] {processor.py:925} INFO - DAG(s) 'latest_only_with_trigger' retrieved from /home/airflow/.local/lib/python3.12/site-packages/airflow/example_dags/example_latest_only_with_trigger.py
[2024-09-25T14:55:32.300+0000] {logging_mixin.py:190} INFO - [2024-09-25T14:55:32.300+0000] {override.py:1900} INFO - Created Permission View: can read on DAG:latest_only_with_trigger
[2024-09-25T14:55:32.307+0000] {logging_mixin.py:190} INFO - [2024-09-25T14:55:32.306+0000] {override.py:1900} INFO - Created Permission View: can edit on DAG:latest_only_with_trigger
[2024-09-25T14:55:32.310+0000] {logging_mixin.py:190} INFO - [2024-09-25T14:55:32.310+0000] {override.py:1900} INFO - Created Permission View: can delete on DAG:latest_only_with_trigger
[2024-09-25T14:55:32.314+0000] {logging_mixin.py:190} INFO - [2024-09-25T14:55:32.314+0000] {override.py:1900} INFO - Created Permission View: can read on DAG Run:latest_only_with_trigger
[2024-09-25T14:55:32.318+0000] {logging_mixin.py:190} INFO - [2024-09-25T14:55:32.318+0000] {override.py:1900} INFO - Created Permission View: can delete on DAG Run:latest_only_with_trigger
[2024-09-25T14:55:32.321+0000] {logging_mixin.py:190} INFO - [2024-09-25T14:55:32.321+0000] {override.py:1900} INFO - Created Permission View: menu access on DAG Run:latest_only_with_trigger
[2024-09-25T14:55:32.325+0000] {logging_mixin.py:190} INFO - [2024-09-25T14:55:32.324+0000] {override.py:1900} INFO - Created Permission View: can create on DAG Run:latest_only_with_trigger
[2024-09-25T14:55:32.325+0000] {logging_mixin.py:190} INFO - [2024-09-25T14:55:32.325+0000] {dag.py:3239} INFO - Sync 1 DAGs
[2024-09-25T14:55:32.334+0000] {logging_mixin.py:190} INFO - [2024-09-25T14:55:32.334+0000] {dag.py:3262} INFO - Creating ORM DAG for latest_only_with_trigger
[2024-09-25T14:55:32.340+0000] {logging_mixin.py:190} INFO - [2024-09-25T14:55:32.340+0000] {dag.py:4180} INFO - Setting next_dagrun for latest_only_with_trigger to 2024-09-25 08:00:00+00:00, run_after=2024-09-25 12:00:00+00:00
[2024-09-25T14:55:32.350+0000] {processor.py:208} INFO - Processing /home/airflow/.local/lib/python3.12/site-packages/airflow/example_dags/example_latest_only_with_trigger.py took 0.146 seconds
[2024-09-25T14:56:02.429+0000] {processor.py:186} INFO - Started process (PID=110) to work on /home/airflow/.local/lib/python3.12/site-packages/airflow/example_dags/example_latest_only_with_trigger.py
[2024-09-25T14:56:02.429+0000] {processor.py:914} INFO - Processing file /home/airflow/.local/lib/python3.12/site-packages/airflow/example_dags/example_latest_only_with_trigger.py for tasks to queue
[2024-09-25T14:56:02.431+0000] {logging_mixin.py:190} INFO - [2024-09-25T14:56:02.431+0000] {dagbag.py:588} INFO - Filling up the DagBag from /home/airflow/.local/lib/python3.12/site-packages/airflow/example_dags/example_latest_only_with_trigger.py
[2024-09-25T14:56:02.436+0000] {processor.py:925} INFO - DAG(s) 'latest_only_with_trigger' retrieved from /home/airflow/.local/lib/python3.12/site-packages/airflow/example_dags/example_latest_only_with_trigger.py
[2024-09-25T14:56:02.449+0000] {logging_mixin.py:190} INFO - [2024-09-25T14:56:02.449+0000] {dag.py:3239} INFO - Sync 1 DAGs
[2024-09-25T14:56:02.465+0000] {logging_mixin.py:190} INFO - [2024-09-25T14:56:02.464+0000] {dag.py:4180} INFO - Setting next_dagrun for latest_only_with_trigger to 2024-09-25 08:00:00+00:00, run_after=2024-09-25 12:00:00+00:00
[2024-09-25T14:56:02.476+0000] {processor.py:208} INFO - Processing /home/airflow/.local/lib/python3.12/site-packages/airflow/example_dags/example_latest_only_with_trigger.py took 0.051 seconds
[2024-09-25T14:56:33.303+0000] {processor.py:186} INFO - Started process (PID=173) to work on /home/airflow/.local/lib/python3.12/site-packages/airflow/example_dags/example_latest_only_with_trigger.py
[2024-09-25T14:56:33.303+0000] {processor.py:914} INFO - Processing file /home/airflow/.local/lib/python3.12/site-packages/airflow/example_dags/example_latest_only_with_trigger.py for tasks to queue
[2024-09-25T14:56:33.305+0000] {logging_mixin.py:190} INFO - [2024-09-25T14:56:33.305+0000] {dagbag.py:588} INFO - Filling up the DagBag from /home/airflow/.local/lib/python3.12/site-packages/airflow/example_dags/example_latest_only_with_trigger.py
[2024-09-25T14:56:33.310+0000] {processor.py:925} INFO - DAG(s) 'latest_only_with_trigger' retrieved from /home/airflow/.local/lib/python3.12/site-packages/airflow/example_dags/example_latest_only_with_trigger.py
[2024-09-25T14:56:33.324+0000] {logging_mixin.py:190} INFO - [2024-09-25T14:56:33.324+0000] {dag.py:3239} INFO - Sync 1 DAGs
[2024-09-25T14:56:33.339+0000] {logging_mixin.py:190} INFO - [2024-09-25T14:56:33.339+0000] {dag.py:4180} INFO - Setting next_dagrun for latest_only_with_trigger to 2024-09-25 08:00:00+00:00, run_after=2024-09-25 12:00:00+00:00
[2024-09-25T14:56:33.349+0000] {processor.py:208} INFO - Processing /home/airflow/.local/lib/python3.12/site-packages/airflow/example_dags/example_latest_only_with_trigger.py took 0.051 seconds
[2024-09-25T14:57:03.907+0000] {processor.py:186} INFO - Started process (PID=236) to work on /home/airflow/.local/lib/python3.12/site-packages/airflow/example_dags/example_latest_only_with_trigger.py
[2024-09-25T14:57:03.908+0000] {processor.py:914} INFO - Processing file /home/airflow/.local/lib/python3.12/site-packages/airflow/example_dags/example_latest_only_with_trigger.py for tasks to queue
[2024-09-25T14:57:03.910+0000] {logging_mixin.py:190} INFO - [2024-09-25T14:57:03.909+0000] {dagbag.py:588} INFO - Filling up the DagBag from /home/airflow/.local/lib/python3.12/site-packages/airflow/example_dags/example_latest_only_with_trigger.py
[2024-09-25T14:57:03.915+0000] {processor.py:925} INFO - DAG(s) 'latest_only_with_trigger' retrieved from /home/airflow/.local/lib/python3.12/site-packages/airflow/example_dags/example_latest_only_with_trigger.py
[2024-09-25T14:57:03.929+0000] {logging_mixin.py:190} INFO - [2024-09-25T14:57:03.928+0000] {dag.py:3239} INFO - Sync 1 DAGs
[2024-09-25T14:57:03.944+0000] {logging_mixin.py:190} INFO - [2024-09-25T14:57:03.944+0000] {dag.py:4180} INFO - Setting next_dagrun for latest_only_with_trigger to 2024-09-25 08:00:00+00:00, run_after=2024-09-25 12:00:00+00:00
[2024-09-25T14:57:03.955+0000] {processor.py:208} INFO - Processing /home/airflow/.local/lib/python3.12/site-packages/airflow/example_dags/example_latest_only_with_trigger.py took 0.052 seconds
[2024-09-25T14:57:34.460+0000] {processor.py:186} INFO - Started process (PID=299) to work on /home/airflow/.local/lib/python3.12/site-packages/airflow/example_dags/example_latest_only_with_trigger.py
[2024-09-25T14:57:34.461+0000] {processor.py:914} INFO - Processing file /home/airflow/.local/lib/python3.12/site-packages/airflow/example_dags/example_latest_only_with_trigger.py for tasks to queue
[2024-09-25T14:57:34.463+0000] {logging_mixin.py:190} INFO - [2024-09-25T14:57:34.462+0000] {dagbag.py:588} INFO - Filling up the DagBag from /home/airflow/.local/lib/python3.12/site-packages/airflow/example_dags/example_latest_only_with_trigger.py
[2024-09-25T14:57:34.469+0000] {processor.py:925} INFO - DAG(s) 'latest_only_with_trigger' retrieved from /home/airflow/.local/lib/python3.12/site-packages/airflow/example_dags/example_latest_only_with_trigger.py
[2024-09-25T14:57:34.484+0000] {logging_mixin.py:190} INFO - [2024-09-25T14:57:34.483+0000] {dag.py:3239} INFO - Sync 1 DAGs
[2024-09-25T14:57:34.502+0000] {logging_mixin.py:190} INFO - [2024-09-25T14:57:34.502+0000] {dag.py:4180} INFO - Setting next_dagrun for latest_only_with_trigger to 2024-09-25 08:00:00+00:00, run_after=2024-09-25 12:00:00+00:00
[2024-09-25T14:57:34.514+0000] {processor.py:208} INFO - Processing /home/airflow/.local/lib/python3.12/site-packages/airflow/example_dags/example_latest_only_with_trigger.py took 0.058 seconds
[2024-09-25T14:58:05.355+0000] {processor.py:186} INFO - Started process (PID=362) to work on /home/airflow/.local/lib/python3.12/site-packages/airflow/example_dags/example_latest_only_with_trigger.py
[2024-09-25T14:58:05.355+0000] {processor.py:914} INFO - Processing file /home/airflow/.local/lib/python3.12/site-packages/airflow/example_dags/example_latest_only_with_trigger.py for tasks to queue
[2024-09-25T14:58:05.358+0000] {logging_mixin.py:190} INFO - [2024-09-25T14:58:05.358+0000] {dagbag.py:588} INFO - Filling up the DagBag from /home/airflow/.local/lib/python3.12/site-packages/airflow/example_dags/example_latest_only_with_trigger.py
[2024-09-25T14:58:05.365+0000] {processor.py:925} INFO - DAG(s) 'latest_only_with_trigger' retrieved from /home/airflow/.local/lib/python3.12/site-packages/airflow/example_dags/example_latest_only_with_trigger.py
[2024-09-25T14:58:05.383+0000] {logging_mixin.py:190} INFO - [2024-09-25T14:58:05.383+0000] {dag.py:3239} INFO - Sync 1 DAGs
[2024-09-25T14:58:05.405+0000] {logging_mixin.py:190} INFO - [2024-09-25T14:58:05.404+0000] {dag.py:4180} INFO - Setting next_dagrun for latest_only_with_trigger to 2024-09-25 08:00:00+00:00, run_after=2024-09-25 12:00:00+00:00
[2024-09-25T14:58:05.420+0000] {processor.py:208} INFO - Processing /home/airflow/.local/lib/python3.12/site-packages/airflow/example_dags/example_latest_only_with_trigger.py took 0.071 seconds
