[2024-09-25T14:55:32.485+0000] {processor.py:186} INFO - Started process (PID=50) to work on /home/airflow/.local/lib/python3.12/site-packages/airflow/example_dags/example_bash_operator.py
[2024-09-25T14:55:32.486+0000] {processor.py:914} INFO - Processing file /home/airflow/.local/lib/python3.12/site-packages/airflow/example_dags/example_bash_operator.py for tasks to queue
[2024-09-25T14:55:32.487+0000] {logging_mixin.py:190} INFO - [2024-09-25T14:55:32.487+0000] {dagbag.py:588} INFO - Filling up the DagBag from /home/airflow/.local/lib/python3.12/site-packages/airflow/example_dags/example_bash_operator.py
[2024-09-25T14:55:32.501+0000] {processor.py:925} INFO - DAG(s) 'example_bash_operator' retrieved from /home/airflow/.local/lib/python3.12/site-packages/airflow/example_dags/example_bash_operator.py
[2024-09-25T14:55:32.588+0000] {logging_mixin.py:190} INFO - [2024-09-25T14:55:32.587+0000] {override.py:1900} INFO - Created Permission View: can read on DAG:example_bash_operator
[2024-09-25T14:55:32.594+0000] {logging_mixin.py:190} INFO - [2024-09-25T14:55:32.594+0000] {override.py:1900} INFO - Created Permission View: can edit on DAG:example_bash_operator
[2024-09-25T14:55:32.598+0000] {logging_mixin.py:190} INFO - [2024-09-25T14:55:32.598+0000] {override.py:1900} INFO - Created Permission View: can delete on DAG:example_bash_operator
[2024-09-25T14:55:32.602+0000] {logging_mixin.py:190} INFO - [2024-09-25T14:55:32.602+0000] {override.py:1900} INFO - Created Permission View: can read on DAG Run:example_bash_operator
[2024-09-25T14:55:32.609+0000] {logging_mixin.py:190} INFO - [2024-09-25T14:55:32.609+0000] {override.py:1900} INFO - Created Permission View: can delete on DAG Run:example_bash_operator
[2024-09-25T14:55:32.612+0000] {logging_mixin.py:190} INFO - [2024-09-25T14:55:32.612+0000] {override.py:1900} INFO - Created Permission View: menu access on DAG Run:example_bash_operator
[2024-09-25T14:55:32.616+0000] {logging_mixin.py:190} INFO - [2024-09-25T14:55:32.616+0000] {override.py:1900} INFO - Created Permission View: can create on DAG Run:example_bash_operator
[2024-09-25T14:55:32.616+0000] {logging_mixin.py:190} INFO - [2024-09-25T14:55:32.616+0000] {dag.py:3239} INFO - Sync 1 DAGs
[2024-09-25T14:55:32.625+0000] {logging_mixin.py:190} INFO - [2024-09-25T14:55:32.625+0000] {dag.py:3262} INFO - Creating ORM DAG for example_bash_operator
[2024-09-25T14:55:32.632+0000] {logging_mixin.py:190} INFO - [2024-09-25T14:55:32.632+0000] {dag.py:4180} INFO - Setting next_dagrun for example_bash_operator to 2024-09-24 00:00:00+00:00, run_after=2024-09-25 00:00:00+00:00
[2024-09-25T14:55:32.643+0000] {processor.py:208} INFO - Processing /home/airflow/.local/lib/python3.12/site-packages/airflow/example_dags/example_bash_operator.py took 0.162 seconds
[2024-09-25T14:56:03.587+0000] {processor.py:186} INFO - Started process (PID=113) to work on /home/airflow/.local/lib/python3.12/site-packages/airflow/example_dags/example_bash_operator.py
[2024-09-25T14:56:03.587+0000] {processor.py:914} INFO - Processing file /home/airflow/.local/lib/python3.12/site-packages/airflow/example_dags/example_bash_operator.py for tasks to queue
[2024-09-25T14:56:03.589+0000] {logging_mixin.py:190} INFO - [2024-09-25T14:56:03.589+0000] {dagbag.py:588} INFO - Filling up the DagBag from /home/airflow/.local/lib/python3.12/site-packages/airflow/example_dags/example_bash_operator.py
[2024-09-25T14:56:03.599+0000] {processor.py:925} INFO - DAG(s) 'example_bash_operator' retrieved from /home/airflow/.local/lib/python3.12/site-packages/airflow/example_dags/example_bash_operator.py
[2024-09-25T14:56:03.621+0000] {logging_mixin.py:190} INFO - [2024-09-25T14:56:03.621+0000] {dag.py:3239} INFO - Sync 1 DAGs
[2024-09-25T14:56:03.641+0000] {logging_mixin.py:190} INFO - [2024-09-25T14:56:03.641+0000] {dag.py:4180} INFO - Setting next_dagrun for example_bash_operator to 2024-09-24 00:00:00+00:00, run_after=2024-09-25 00:00:00+00:00
[2024-09-25T14:56:03.653+0000] {processor.py:208} INFO - Processing /home/airflow/.local/lib/python3.12/site-packages/airflow/example_dags/example_bash_operator.py took 0.071 seconds
[2024-09-25T14:56:34.406+0000] {processor.py:186} INFO - Started process (PID=176) to work on /home/airflow/.local/lib/python3.12/site-packages/airflow/example_dags/example_bash_operator.py
[2024-09-25T14:56:34.408+0000] {processor.py:914} INFO - Processing file /home/airflow/.local/lib/python3.12/site-packages/airflow/example_dags/example_bash_operator.py for tasks to queue
[2024-09-25T14:56:34.410+0000] {logging_mixin.py:190} INFO - [2024-09-25T14:56:34.410+0000] {dagbag.py:588} INFO - Filling up the DagBag from /home/airflow/.local/lib/python3.12/site-packages/airflow/example_dags/example_bash_operator.py
[2024-09-25T14:56:34.420+0000] {processor.py:925} INFO - DAG(s) 'example_bash_operator' retrieved from /home/airflow/.local/lib/python3.12/site-packages/airflow/example_dags/example_bash_operator.py
[2024-09-25T14:56:34.441+0000] {logging_mixin.py:190} INFO - [2024-09-25T14:56:34.440+0000] {dag.py:3239} INFO - Sync 1 DAGs
[2024-09-25T14:56:34.457+0000] {logging_mixin.py:190} INFO - [2024-09-25T14:56:34.457+0000] {dag.py:4180} INFO - Setting next_dagrun for example_bash_operator to 2024-09-24 00:00:00+00:00, run_after=2024-09-25 00:00:00+00:00
[2024-09-25T14:56:34.467+0000] {processor.py:208} INFO - Processing /home/airflow/.local/lib/python3.12/site-packages/airflow/example_dags/example_bash_operator.py took 0.067 seconds
[2024-09-25T14:57:05.008+0000] {processor.py:186} INFO - Started process (PID=239) to work on /home/airflow/.local/lib/python3.12/site-packages/airflow/example_dags/example_bash_operator.py
[2024-09-25T14:57:05.010+0000] {processor.py:914} INFO - Processing file /home/airflow/.local/lib/python3.12/site-packages/airflow/example_dags/example_bash_operator.py for tasks to queue
[2024-09-25T14:57:05.011+0000] {logging_mixin.py:190} INFO - [2024-09-25T14:57:05.011+0000] {dagbag.py:588} INFO - Filling up the DagBag from /home/airflow/.local/lib/python3.12/site-packages/airflow/example_dags/example_bash_operator.py
[2024-09-25T14:57:05.020+0000] {processor.py:925} INFO - DAG(s) 'example_bash_operator' retrieved from /home/airflow/.local/lib/python3.12/site-packages/airflow/example_dags/example_bash_operator.py
[2024-09-25T14:57:05.039+0000] {logging_mixin.py:190} INFO - [2024-09-25T14:57:05.039+0000] {dag.py:3239} INFO - Sync 1 DAGs
[2024-09-25T14:57:05.055+0000] {logging_mixin.py:190} INFO - [2024-09-25T14:57:05.055+0000] {dag.py:4180} INFO - Setting next_dagrun for example_bash_operator to 2024-09-24 00:00:00+00:00, run_after=2024-09-25 00:00:00+00:00
[2024-09-25T14:57:05.066+0000] {processor.py:208} INFO - Processing /home/airflow/.local/lib/python3.12/site-packages/airflow/example_dags/example_bash_operator.py took 0.061 seconds
[2024-09-25T14:57:35.578+0000] {processor.py:186} INFO - Started process (PID=302) to work on /home/airflow/.local/lib/python3.12/site-packages/airflow/example_dags/example_bash_operator.py
[2024-09-25T14:57:35.579+0000] {processor.py:914} INFO - Processing file /home/airflow/.local/lib/python3.12/site-packages/airflow/example_dags/example_bash_operator.py for tasks to queue
[2024-09-25T14:57:35.581+0000] {logging_mixin.py:190} INFO - [2024-09-25T14:57:35.581+0000] {dagbag.py:588} INFO - Filling up the DagBag from /home/airflow/.local/lib/python3.12/site-packages/airflow/example_dags/example_bash_operator.py
[2024-09-25T14:57:35.590+0000] {processor.py:925} INFO - DAG(s) 'example_bash_operator' retrieved from /home/airflow/.local/lib/python3.12/site-packages/airflow/example_dags/example_bash_operator.py
[2024-09-25T14:57:35.610+0000] {logging_mixin.py:190} INFO - [2024-09-25T14:57:35.610+0000] {dag.py:3239} INFO - Sync 1 DAGs
[2024-09-25T14:57:35.629+0000] {logging_mixin.py:190} INFO - [2024-09-25T14:57:35.629+0000] {dag.py:4180} INFO - Setting next_dagrun for example_bash_operator to 2024-09-24 00:00:00+00:00, run_after=2024-09-25 00:00:00+00:00
[2024-09-25T14:57:35.642+0000] {processor.py:208} INFO - Processing /home/airflow/.local/lib/python3.12/site-packages/airflow/example_dags/example_bash_operator.py took 0.068 seconds
[2024-09-25T14:58:06.490+0000] {processor.py:186} INFO - Started process (PID=365) to work on /home/airflow/.local/lib/python3.12/site-packages/airflow/example_dags/example_bash_operator.py
[2024-09-25T14:58:06.491+0000] {processor.py:914} INFO - Processing file /home/airflow/.local/lib/python3.12/site-packages/airflow/example_dags/example_bash_operator.py for tasks to queue
[2024-09-25T14:58:06.493+0000] {logging_mixin.py:190} INFO - [2024-09-25T14:58:06.492+0000] {dagbag.py:588} INFO - Filling up the DagBag from /home/airflow/.local/lib/python3.12/site-packages/airflow/example_dags/example_bash_operator.py
[2024-09-25T14:58:06.502+0000] {processor.py:925} INFO - DAG(s) 'example_bash_operator' retrieved from /home/airflow/.local/lib/python3.12/site-packages/airflow/example_dags/example_bash_operator.py
[2024-09-25T14:58:06.521+0000] {logging_mixin.py:190} INFO - [2024-09-25T14:58:06.521+0000] {dag.py:3239} INFO - Sync 1 DAGs
[2024-09-25T14:58:06.537+0000] {logging_mixin.py:190} INFO - [2024-09-25T14:58:06.536+0000] {dag.py:4180} INFO - Setting next_dagrun for example_bash_operator to 2024-09-24 00:00:00+00:00, run_after=2024-09-25 00:00:00+00:00
[2024-09-25T14:58:06.548+0000] {processor.py:208} INFO - Processing /home/airflow/.local/lib/python3.12/site-packages/airflow/example_dags/example_bash_operator.py took 0.062 seconds
