[2024-09-25T14:55:36.065+0000] {processor.py:186} INFO - Started process (PID=82) to work on /home/airflow/.local/lib/python3.12/site-packages/airflow/example_dags/example_dag_decorator.py
[2024-09-25T14:55:36.066+0000] {processor.py:914} INFO - Processing file /home/airflow/.local/lib/python3.12/site-packages/airflow/example_dags/example_dag_decorator.py for tasks to queue
[2024-09-25T14:55:36.068+0000] {logging_mixin.py:190} INFO - [2024-09-25T14:55:36.067+0000] {dagbag.py:588} INFO - Filling up the DagBag from /home/airflow/.local/lib/python3.12/site-packages/airflow/example_dags/example_dag_decorator.py
[2024-09-25T14:55:36.076+0000] {processor.py:925} INFO - DAG(s) 'example_dag_decorator' retrieved from /home/airflow/.local/lib/python3.12/site-packages/airflow/example_dags/example_dag_decorator.py
[2024-09-25T14:55:36.159+0000] {logging_mixin.py:190} INFO - [2024-09-25T14:55:36.159+0000] {override.py:1900} INFO - Created Permission View: can read on DAG:example_dag_decorator
[2024-09-25T14:55:36.166+0000] {logging_mixin.py:190} INFO - [2024-09-25T14:55:36.166+0000] {override.py:1900} INFO - Created Permission View: can edit on DAG:example_dag_decorator
[2024-09-25T14:55:36.170+0000] {logging_mixin.py:190} INFO - [2024-09-25T14:55:36.170+0000] {override.py:1900} INFO - Created Permission View: can delete on DAG:example_dag_decorator
[2024-09-25T14:55:36.174+0000] {logging_mixin.py:190} INFO - [2024-09-25T14:55:36.173+0000] {override.py:1900} INFO - Created Permission View: can read on DAG Run:example_dag_decorator
[2024-09-25T14:55:36.179+0000] {logging_mixin.py:190} INFO - [2024-09-25T14:55:36.178+0000] {override.py:1900} INFO - Created Permission View: can delete on DAG Run:example_dag_decorator
[2024-09-25T14:55:36.182+0000] {logging_mixin.py:190} INFO - [2024-09-25T14:55:36.182+0000] {override.py:1900} INFO - Created Permission View: menu access on DAG Run:example_dag_decorator
[2024-09-25T14:55:36.185+0000] {logging_mixin.py:190} INFO - [2024-09-25T14:55:36.185+0000] {override.py:1900} INFO - Created Permission View: can create on DAG Run:example_dag_decorator
[2024-09-25T14:55:36.185+0000] {logging_mixin.py:190} INFO - [2024-09-25T14:55:36.185+0000] {dag.py:3239} INFO - Sync 1 DAGs
[2024-09-25T14:55:36.194+0000] {logging_mixin.py:190} INFO - [2024-09-25T14:55:36.194+0000] {dag.py:3262} INFO - Creating ORM DAG for example_dag_decorator
[2024-09-25T14:55:36.194+0000] {logging_mixin.py:190} INFO - [2024-09-25T14:55:36.194+0000] {dag.py:4180} INFO - Setting next_dagrun for example_dag_decorator to None, run_after=None
[2024-09-25T14:55:36.203+0000] {processor.py:208} INFO - Processing /home/airflow/.local/lib/python3.12/site-packages/airflow/example_dags/example_dag_decorator.py took 0.142 seconds
[2024-09-25T14:56:06.313+0000] {processor.py:186} INFO - Started process (PID=145) to work on /home/airflow/.local/lib/python3.12/site-packages/airflow/example_dags/example_dag_decorator.py
[2024-09-25T14:56:06.313+0000] {processor.py:914} INFO - Processing file /home/airflow/.local/lib/python3.12/site-packages/airflow/example_dags/example_dag_decorator.py for tasks to queue
[2024-09-25T14:56:06.315+0000] {logging_mixin.py:190} INFO - [2024-09-25T14:56:06.315+0000] {dagbag.py:588} INFO - Filling up the DagBag from /home/airflow/.local/lib/python3.12/site-packages/airflow/example_dags/example_dag_decorator.py
[2024-09-25T14:56:06.324+0000] {processor.py:925} INFO - DAG(s) 'example_dag_decorator' retrieved from /home/airflow/.local/lib/python3.12/site-packages/airflow/example_dags/example_dag_decorator.py
[2024-09-25T14:56:06.341+0000] {logging_mixin.py:190} INFO - [2024-09-25T14:56:06.341+0000] {dag.py:3239} INFO - Sync 1 DAGs
[2024-09-25T14:56:06.352+0000] {logging_mixin.py:190} INFO - [2024-09-25T14:56:06.352+0000] {dag.py:4180} INFO - Setting next_dagrun for example_dag_decorator to None, run_after=None
[2024-09-25T14:56:06.365+0000] {processor.py:208} INFO - Processing /home/airflow/.local/lib/python3.12/site-packages/airflow/example_dags/example_dag_decorator.py took 0.057 seconds
[2024-09-25T14:56:36.987+0000] {processor.py:186} INFO - Started process (PID=208) to work on /home/airflow/.local/lib/python3.12/site-packages/airflow/example_dags/example_dag_decorator.py
[2024-09-25T14:56:36.987+0000] {processor.py:914} INFO - Processing file /home/airflow/.local/lib/python3.12/site-packages/airflow/example_dags/example_dag_decorator.py for tasks to queue
[2024-09-25T14:56:36.989+0000] {logging_mixin.py:190} INFO - [2024-09-25T14:56:36.989+0000] {dagbag.py:588} INFO - Filling up the DagBag from /home/airflow/.local/lib/python3.12/site-packages/airflow/example_dags/example_dag_decorator.py
[2024-09-25T14:56:36.998+0000] {processor.py:925} INFO - DAG(s) 'example_dag_decorator' retrieved from /home/airflow/.local/lib/python3.12/site-packages/airflow/example_dags/example_dag_decorator.py
[2024-09-25T14:56:37.016+0000] {logging_mixin.py:190} INFO - [2024-09-25T14:56:37.016+0000] {dag.py:3239} INFO - Sync 1 DAGs
[2024-09-25T14:56:37.027+0000] {logging_mixin.py:190} INFO - [2024-09-25T14:56:37.027+0000] {dag.py:4180} INFO - Setting next_dagrun for example_dag_decorator to None, run_after=None
[2024-09-25T14:56:37.039+0000] {processor.py:208} INFO - Processing /home/airflow/.local/lib/python3.12/site-packages/airflow/example_dags/example_dag_decorator.py took 0.058 seconds
[2024-09-25T14:57:07.539+0000] {processor.py:186} INFO - Started process (PID=271) to work on /home/airflow/.local/lib/python3.12/site-packages/airflow/example_dags/example_dag_decorator.py
[2024-09-25T14:57:07.540+0000] {processor.py:914} INFO - Processing file /home/airflow/.local/lib/python3.12/site-packages/airflow/example_dags/example_dag_decorator.py for tasks to queue
[2024-09-25T14:57:07.542+0000] {logging_mixin.py:190} INFO - [2024-09-25T14:57:07.541+0000] {dagbag.py:588} INFO - Filling up the DagBag from /home/airflow/.local/lib/python3.12/site-packages/airflow/example_dags/example_dag_decorator.py
[2024-09-25T14:57:07.550+0000] {processor.py:925} INFO - DAG(s) 'example_dag_decorator' retrieved from /home/airflow/.local/lib/python3.12/site-packages/airflow/example_dags/example_dag_decorator.py
[2024-09-25T14:57:07.633+0000] {logging_mixin.py:190} INFO - [2024-09-25T14:57:07.633+0000] {dag.py:3239} INFO - Sync 1 DAGs
[2024-09-25T14:57:07.641+0000] {logging_mixin.py:190} INFO - [2024-09-25T14:57:07.641+0000] {dag.py:4180} INFO - Setting next_dagrun for example_dag_decorator to None, run_after=None
[2024-09-25T14:57:07.653+0000] {processor.py:208} INFO - Processing /home/airflow/.local/lib/python3.12/site-packages/airflow/example_dags/example_dag_decorator.py took 0.117 seconds
[2024-09-25T14:57:38.277+0000] {processor.py:186} INFO - Started process (PID=334) to work on /home/airflow/.local/lib/python3.12/site-packages/airflow/example_dags/example_dag_decorator.py
[2024-09-25T14:57:38.277+0000] {processor.py:914} INFO - Processing file /home/airflow/.local/lib/python3.12/site-packages/airflow/example_dags/example_dag_decorator.py for tasks to queue
[2024-09-25T14:57:38.279+0000] {logging_mixin.py:190} INFO - [2024-09-25T14:57:38.279+0000] {dagbag.py:588} INFO - Filling up the DagBag from /home/airflow/.local/lib/python3.12/site-packages/airflow/example_dags/example_dag_decorator.py
[2024-09-25T14:57:38.289+0000] {processor.py:925} INFO - DAG(s) 'example_dag_decorator' retrieved from /home/airflow/.local/lib/python3.12/site-packages/airflow/example_dags/example_dag_decorator.py
[2024-09-25T14:57:38.380+0000] {logging_mixin.py:190} INFO - [2024-09-25T14:57:38.380+0000] {dag.py:3239} INFO - Sync 1 DAGs
[2024-09-25T14:57:38.389+0000] {logging_mixin.py:190} INFO - [2024-09-25T14:57:38.389+0000] {dag.py:4180} INFO - Setting next_dagrun for example_dag_decorator to None, run_after=None
[2024-09-25T14:57:38.403+0000] {processor.py:208} INFO - Processing /home/airflow/.local/lib/python3.12/site-packages/airflow/example_dags/example_dag_decorator.py took 0.131 seconds
[2024-09-25T14:58:09.108+0000] {processor.py:186} INFO - Started process (PID=397) to work on /home/airflow/.local/lib/python3.12/site-packages/airflow/example_dags/example_dag_decorator.py
[2024-09-25T14:58:09.109+0000] {processor.py:914} INFO - Processing file /home/airflow/.local/lib/python3.12/site-packages/airflow/example_dags/example_dag_decorator.py for tasks to queue
[2024-09-25T14:58:09.111+0000] {logging_mixin.py:190} INFO - [2024-09-25T14:58:09.111+0000] {dagbag.py:588} INFO - Filling up the DagBag from /home/airflow/.local/lib/python3.12/site-packages/airflow/example_dags/example_dag_decorator.py
[2024-09-25T14:58:09.120+0000] {processor.py:925} INFO - DAG(s) 'example_dag_decorator' retrieved from /home/airflow/.local/lib/python3.12/site-packages/airflow/example_dags/example_dag_decorator.py
[2024-09-25T14:58:09.202+0000] {logging_mixin.py:190} INFO - [2024-09-25T14:58:09.202+0000] {dag.py:3239} INFO - Sync 1 DAGs
[2024-09-25T14:58:09.210+0000] {logging_mixin.py:190} INFO - [2024-09-25T14:58:09.210+0000] {dag.py:4180} INFO - Setting next_dagrun for example_dag_decorator to None, run_after=None
[2024-09-25T14:58:09.221+0000] {processor.py:208} INFO - Processing /home/airflow/.local/lib/python3.12/site-packages/airflow/example_dags/example_dag_decorator.py took 0.117 seconds
