[2024-09-25T14:55:31.452+0000] {processor.py:186} INFO - Started process (PID=40) to work on /home/airflow/.local/lib/python3.12/site-packages/airflow/example_dags/example_nested_branch_dag.py
[2024-09-25T14:55:31.452+0000] {processor.py:914} INFO - Processing file /home/airflow/.local/lib/python3.12/site-packages/airflow/example_dags/example_nested_branch_dag.py for tasks to queue
[2024-09-25T14:55:31.453+0000] {logging_mixin.py:190} INFO - [2024-09-25T14:55:31.453+0000] {dagbag.py:588} INFO - Filling up the DagBag from /home/airflow/.local/lib/python3.12/site-packages/airflow/example_dags/example_nested_branch_dag.py
[2024-09-25T14:55:31.462+0000] {processor.py:925} INFO - DAG(s) 'example_nested_branch_dag' retrieved from /home/airflow/.local/lib/python3.12/site-packages/airflow/example_dags/example_nested_branch_dag.py
[2024-09-25T14:55:31.610+0000] {logging_mixin.py:190} INFO - [2024-09-25T14:55:31.609+0000] {override.py:1900} INFO - Created Permission View: can read on DAG:example_nested_branch_dag
[2024-09-25T14:55:31.616+0000] {logging_mixin.py:190} INFO - [2024-09-25T14:55:31.615+0000] {override.py:1900} INFO - Created Permission View: can edit on DAG:example_nested_branch_dag
[2024-09-25T14:55:31.619+0000] {logging_mixin.py:190} INFO - [2024-09-25T14:55:31.619+0000] {override.py:1900} INFO - Created Permission View: can delete on DAG:example_nested_branch_dag
[2024-09-25T14:55:31.622+0000] {logging_mixin.py:190} INFO - [2024-09-25T14:55:31.622+0000] {override.py:1900} INFO - Created Permission View: can read on DAG Run:example_nested_branch_dag
[2024-09-25T14:55:31.626+0000] {logging_mixin.py:190} INFO - [2024-09-25T14:55:31.625+0000] {override.py:1900} INFO - Created Permission View: can delete on DAG Run:example_nested_branch_dag
[2024-09-25T14:55:31.629+0000] {logging_mixin.py:190} INFO - [2024-09-25T14:55:31.629+0000] {override.py:1900} INFO - Created Permission View: menu access on DAG Run:example_nested_branch_dag
[2024-09-25T14:55:31.632+0000] {logging_mixin.py:190} INFO - [2024-09-25T14:55:31.632+0000] {override.py:1900} INFO - Created Permission View: can create on DAG Run:example_nested_branch_dag
[2024-09-25T14:55:31.632+0000] {logging_mixin.py:190} INFO - [2024-09-25T14:55:31.632+0000] {dag.py:3239} INFO - Sync 1 DAGs
[2024-09-25T14:55:31.641+0000] {logging_mixin.py:190} INFO - [2024-09-25T14:55:31.641+0000] {dag.py:3262} INFO - Creating ORM DAG for example_nested_branch_dag
[2024-09-25T14:55:31.648+0000] {logging_mixin.py:190} INFO - [2024-09-25T14:55:31.648+0000] {dag.py:4180} INFO - Setting next_dagrun for example_nested_branch_dag to 2024-09-24 00:00:00+00:00, run_after=2024-09-25 00:00:00+00:00
[2024-09-25T14:55:31.657+0000] {processor.py:208} INFO - Processing /home/airflow/.local/lib/python3.12/site-packages/airflow/example_dags/example_nested_branch_dag.py took 0.210 seconds
[2024-09-25T14:56:02.153+0000] {processor.py:186} INFO - Started process (PID=103) to work on /home/airflow/.local/lib/python3.12/site-packages/airflow/example_dags/example_nested_branch_dag.py
[2024-09-25T14:56:02.154+0000] {processor.py:914} INFO - Processing file /home/airflow/.local/lib/python3.12/site-packages/airflow/example_dags/example_nested_branch_dag.py for tasks to queue
[2024-09-25T14:56:02.155+0000] {logging_mixin.py:190} INFO - [2024-09-25T14:56:02.155+0000] {dagbag.py:588} INFO - Filling up the DagBag from /home/airflow/.local/lib/python3.12/site-packages/airflow/example_dags/example_nested_branch_dag.py
[2024-09-25T14:56:02.164+0000] {processor.py:925} INFO - DAG(s) 'example_nested_branch_dag' retrieved from /home/airflow/.local/lib/python3.12/site-packages/airflow/example_dags/example_nested_branch_dag.py
[2024-09-25T14:56:02.179+0000] {logging_mixin.py:190} INFO - [2024-09-25T14:56:02.179+0000] {dag.py:3239} INFO - Sync 1 DAGs
[2024-09-25T14:56:02.196+0000] {logging_mixin.py:190} INFO - [2024-09-25T14:56:02.196+0000] {dag.py:4180} INFO - Setting next_dagrun for example_nested_branch_dag to 2024-09-24 00:00:00+00:00, run_after=2024-09-25 00:00:00+00:00
[2024-09-25T14:56:02.207+0000] {processor.py:208} INFO - Processing /home/airflow/.local/lib/python3.12/site-packages/airflow/example_dags/example_nested_branch_dag.py took 0.058 seconds
[2024-09-25T14:56:33.029+0000] {processor.py:186} INFO - Started process (PID=166) to work on /home/airflow/.local/lib/python3.12/site-packages/airflow/example_dags/example_nested_branch_dag.py
[2024-09-25T14:56:33.029+0000] {processor.py:914} INFO - Processing file /home/airflow/.local/lib/python3.12/site-packages/airflow/example_dags/example_nested_branch_dag.py for tasks to queue
[2024-09-25T14:56:33.031+0000] {logging_mixin.py:190} INFO - [2024-09-25T14:56:33.031+0000] {dagbag.py:588} INFO - Filling up the DagBag from /home/airflow/.local/lib/python3.12/site-packages/airflow/example_dags/example_nested_branch_dag.py
[2024-09-25T14:56:33.039+0000] {processor.py:925} INFO - DAG(s) 'example_nested_branch_dag' retrieved from /home/airflow/.local/lib/python3.12/site-packages/airflow/example_dags/example_nested_branch_dag.py
[2024-09-25T14:56:33.054+0000] {logging_mixin.py:190} INFO - [2024-09-25T14:56:33.054+0000] {dag.py:3239} INFO - Sync 1 DAGs
[2024-09-25T14:56:33.072+0000] {logging_mixin.py:190} INFO - [2024-09-25T14:56:33.071+0000] {dag.py:4180} INFO - Setting next_dagrun for example_nested_branch_dag to 2024-09-24 00:00:00+00:00, run_after=2024-09-25 00:00:00+00:00
[2024-09-25T14:56:33.082+0000] {processor.py:208} INFO - Processing /home/airflow/.local/lib/python3.12/site-packages/airflow/example_dags/example_nested_branch_dag.py took 0.057 seconds
[2024-09-25T14:57:03.630+0000] {processor.py:186} INFO - Started process (PID=229) to work on /home/airflow/.local/lib/python3.12/site-packages/airflow/example_dags/example_nested_branch_dag.py
[2024-09-25T14:57:03.630+0000] {processor.py:914} INFO - Processing file /home/airflow/.local/lib/python3.12/site-packages/airflow/example_dags/example_nested_branch_dag.py for tasks to queue
[2024-09-25T14:57:03.632+0000] {logging_mixin.py:190} INFO - [2024-09-25T14:57:03.631+0000] {dagbag.py:588} INFO - Filling up the DagBag from /home/airflow/.local/lib/python3.12/site-packages/airflow/example_dags/example_nested_branch_dag.py
[2024-09-25T14:57:03.640+0000] {processor.py:925} INFO - DAG(s) 'example_nested_branch_dag' retrieved from /home/airflow/.local/lib/python3.12/site-packages/airflow/example_dags/example_nested_branch_dag.py
[2024-09-25T14:57:03.657+0000] {logging_mixin.py:190} INFO - [2024-09-25T14:57:03.657+0000] {dag.py:3239} INFO - Sync 1 DAGs
[2024-09-25T14:57:03.675+0000] {logging_mixin.py:190} INFO - [2024-09-25T14:57:03.675+0000] {dag.py:4180} INFO - Setting next_dagrun for example_nested_branch_dag to 2024-09-24 00:00:00+00:00, run_after=2024-09-25 00:00:00+00:00
[2024-09-25T14:57:03.686+0000] {processor.py:208} INFO - Processing /home/airflow/.local/lib/python3.12/site-packages/airflow/example_dags/example_nested_branch_dag.py took 0.061 seconds
[2024-09-25T14:57:34.160+0000] {processor.py:186} INFO - Started process (PID=292) to work on /home/airflow/.local/lib/python3.12/site-packages/airflow/example_dags/example_nested_branch_dag.py
[2024-09-25T14:57:34.161+0000] {processor.py:914} INFO - Processing file /home/airflow/.local/lib/python3.12/site-packages/airflow/example_dags/example_nested_branch_dag.py for tasks to queue
[2024-09-25T14:57:34.163+0000] {logging_mixin.py:190} INFO - [2024-09-25T14:57:34.163+0000] {dagbag.py:588} INFO - Filling up the DagBag from /home/airflow/.local/lib/python3.12/site-packages/airflow/example_dags/example_nested_branch_dag.py
[2024-09-25T14:57:34.171+0000] {processor.py:925} INFO - DAG(s) 'example_nested_branch_dag' retrieved from /home/airflow/.local/lib/python3.12/site-packages/airflow/example_dags/example_nested_branch_dag.py
[2024-09-25T14:57:34.187+0000] {logging_mixin.py:190} INFO - [2024-09-25T14:57:34.186+0000] {dag.py:3239} INFO - Sync 1 DAGs
[2024-09-25T14:57:34.208+0000] {logging_mixin.py:190} INFO - [2024-09-25T14:57:34.207+0000] {dag.py:4180} INFO - Setting next_dagrun for example_nested_branch_dag to 2024-09-24 00:00:00+00:00, run_after=2024-09-25 00:00:00+00:00
[2024-09-25T14:57:34.221+0000] {processor.py:208} INFO - Processing /home/airflow/.local/lib/python3.12/site-packages/airflow/example_dags/example_nested_branch_dag.py took 0.065 seconds
[2024-09-25T14:58:04.976+0000] {processor.py:186} INFO - Started process (PID=355) to work on /home/airflow/.local/lib/python3.12/site-packages/airflow/example_dags/example_nested_branch_dag.py
[2024-09-25T14:58:04.976+0000] {processor.py:914} INFO - Processing file /home/airflow/.local/lib/python3.12/site-packages/airflow/example_dags/example_nested_branch_dag.py for tasks to queue
[2024-09-25T14:58:04.978+0000] {logging_mixin.py:190} INFO - [2024-09-25T14:58:04.978+0000] {dagbag.py:588} INFO - Filling up the DagBag from /home/airflow/.local/lib/python3.12/site-packages/airflow/example_dags/example_nested_branch_dag.py
[2024-09-25T14:58:04.986+0000] {processor.py:925} INFO - DAG(s) 'example_nested_branch_dag' retrieved from /home/airflow/.local/lib/python3.12/site-packages/airflow/example_dags/example_nested_branch_dag.py
[2024-09-25T14:58:05.002+0000] {logging_mixin.py:190} INFO - [2024-09-25T14:58:05.002+0000] {dag.py:3239} INFO - Sync 1 DAGs
[2024-09-25T14:58:05.022+0000] {logging_mixin.py:190} INFO - [2024-09-25T14:58:05.022+0000] {dag.py:4180} INFO - Setting next_dagrun for example_nested_branch_dag to 2024-09-24 00:00:00+00:00, run_after=2024-09-25 00:00:00+00:00
[2024-09-25T14:58:05.037+0000] {processor.py:208} INFO - Processing /home/airflow/.local/lib/python3.12/site-packages/airflow/example_dags/example_nested_branch_dag.py took 0.065 seconds
