[2024-09-25T14:55:35.495+0000] {processor.py:186} INFO - Started process (PID=79) to work on /home/airflow/.local/lib/python3.12/site-packages/airflow/example_dags/example_sla_dag.py
[2024-09-25T14:55:35.495+0000] {processor.py:914} INFO - Processing file /home/airflow/.local/lib/python3.12/site-packages/airflow/example_dags/example_sla_dag.py for tasks to queue
[2024-09-25T14:55:35.498+0000] {logging_mixin.py:190} INFO - [2024-09-25T14:55:35.497+0000] {dagbag.py:588} INFO - Filling up the DagBag from /home/airflow/.local/lib/python3.12/site-packages/airflow/example_dags/example_sla_dag.py
[2024-09-25T14:55:35.505+0000] {processor.py:925} INFO - DAG(s) 'example_sla_dag' retrieved from /home/airflow/.local/lib/python3.12/site-packages/airflow/example_dags/example_sla_dag.py
[2024-09-25T14:55:35.580+0000] {logging_mixin.py:190} INFO - [2024-09-25T14:55:35.579+0000] {override.py:1900} INFO - Created Permission View: can read on DAG:example_sla_dag
[2024-09-25T14:55:35.585+0000] {logging_mixin.py:190} INFO - [2024-09-25T14:55:35.585+0000] {override.py:1900} INFO - Created Permission View: can edit on DAG:example_sla_dag
[2024-09-25T14:55:35.589+0000] {logging_mixin.py:190} INFO - [2024-09-25T14:55:35.588+0000] {override.py:1900} INFO - Created Permission View: can delete on DAG:example_sla_dag
[2024-09-25T14:55:35.592+0000] {logging_mixin.py:190} INFO - [2024-09-25T14:55:35.592+0000] {override.py:1900} INFO - Created Permission View: can read on DAG Run:example_sla_dag
[2024-09-25T14:55:35.595+0000] {logging_mixin.py:190} INFO - [2024-09-25T14:55:35.595+0000] {override.py:1900} INFO - Created Permission View: can delete on DAG Run:example_sla_dag
[2024-09-25T14:55:35.598+0000] {logging_mixin.py:190} INFO - [2024-09-25T14:55:35.598+0000] {override.py:1900} INFO - Created Permission View: menu access on DAG Run:example_sla_dag
[2024-09-25T14:55:35.601+0000] {logging_mixin.py:190} INFO - [2024-09-25T14:55:35.601+0000] {override.py:1900} INFO - Created Permission View: can create on DAG Run:example_sla_dag
[2024-09-25T14:55:35.602+0000] {logging_mixin.py:190} INFO - [2024-09-25T14:55:35.602+0000] {dag.py:3239} INFO - Sync 1 DAGs
[2024-09-25T14:55:35.611+0000] {logging_mixin.py:190} INFO - [2024-09-25T14:55:35.611+0000] {dag.py:3262} INFO - Creating ORM DAG for example_sla_dag
[2024-09-25T14:55:35.619+0000] {logging_mixin.py:190} INFO - [2024-09-25T14:55:35.619+0000] {dag.py:4180} INFO - Setting next_dagrun for example_sla_dag to 2024-09-25 14:52:00+00:00, run_after=2024-09-25 14:54:00+00:00
[2024-09-25T14:55:35.627+0000] {processor.py:208} INFO - Processing /home/airflow/.local/lib/python3.12/site-packages/airflow/example_dags/example_sla_dag.py took 0.136 seconds
[2024-09-25T14:56:05.925+0000] {processor.py:186} INFO - Started process (PID=142) to work on /home/airflow/.local/lib/python3.12/site-packages/airflow/example_dags/example_sla_dag.py
[2024-09-25T14:56:05.926+0000] {processor.py:914} INFO - Processing file /home/airflow/.local/lib/python3.12/site-packages/airflow/example_dags/example_sla_dag.py for tasks to queue
[2024-09-25T14:56:05.928+0000] {logging_mixin.py:190} INFO - [2024-09-25T14:56:05.927+0000] {dagbag.py:588} INFO - Filling up the DagBag from /home/airflow/.local/lib/python3.12/site-packages/airflow/example_dags/example_sla_dag.py
[2024-09-25T14:56:05.935+0000] {processor.py:925} INFO - DAG(s) 'example_sla_dag' retrieved from /home/airflow/.local/lib/python3.12/site-packages/airflow/example_dags/example_sla_dag.py
[2024-09-25T14:56:05.950+0000] {logging_mixin.py:190} INFO - [2024-09-25T14:56:05.950+0000] {dag.py:3239} INFO - Sync 1 DAGs
[2024-09-25T14:56:05.971+0000] {logging_mixin.py:190} INFO - [2024-09-25T14:56:05.971+0000] {dag.py:4180} INFO - Setting next_dagrun for example_sla_dag to 2024-09-25 14:54:00+00:00, run_after=2024-09-25 14:56:00+00:00
[2024-09-25T14:56:05.985+0000] {processor.py:208} INFO - Processing /home/airflow/.local/lib/python3.12/site-packages/airflow/example_dags/example_sla_dag.py took 0.064 seconds
[2024-09-25T14:56:36.681+0000] {processor.py:186} INFO - Started process (PID=204) to work on /home/airflow/.local/lib/python3.12/site-packages/airflow/example_dags/example_sla_dag.py
[2024-09-25T14:56:36.682+0000] {processor.py:914} INFO - Processing file /home/airflow/.local/lib/python3.12/site-packages/airflow/example_dags/example_sla_dag.py for tasks to queue
[2024-09-25T14:56:36.684+0000] {logging_mixin.py:190} INFO - [2024-09-25T14:56:36.684+0000] {dagbag.py:588} INFO - Filling up the DagBag from /home/airflow/.local/lib/python3.12/site-packages/airflow/example_dags/example_sla_dag.py
[2024-09-25T14:56:36.692+0000] {processor.py:925} INFO - DAG(s) 'example_sla_dag' retrieved from /home/airflow/.local/lib/python3.12/site-packages/airflow/example_dags/example_sla_dag.py
[2024-09-25T14:56:36.706+0000] {logging_mixin.py:190} INFO - [2024-09-25T14:56:36.705+0000] {dag.py:3239} INFO - Sync 1 DAGs
[2024-09-25T14:56:36.724+0000] {logging_mixin.py:190} INFO - [2024-09-25T14:56:36.724+0000] {dag.py:4180} INFO - Setting next_dagrun for example_sla_dag to 2024-09-25 14:54:00+00:00, run_after=2024-09-25 14:56:00+00:00
[2024-09-25T14:56:36.734+0000] {processor.py:208} INFO - Processing /home/airflow/.local/lib/python3.12/site-packages/airflow/example_dags/example_sla_dag.py took 0.058 seconds
[2024-09-25T14:57:07.244+0000] {processor.py:186} INFO - Started process (PID=268) to work on /home/airflow/.local/lib/python3.12/site-packages/airflow/example_dags/example_sla_dag.py
[2024-09-25T14:57:07.244+0000] {processor.py:914} INFO - Processing file /home/airflow/.local/lib/python3.12/site-packages/airflow/example_dags/example_sla_dag.py for tasks to queue
[2024-09-25T14:57:07.246+0000] {logging_mixin.py:190} INFO - [2024-09-25T14:57:07.246+0000] {dagbag.py:588} INFO - Filling up the DagBag from /home/airflow/.local/lib/python3.12/site-packages/airflow/example_dags/example_sla_dag.py
[2024-09-25T14:57:07.253+0000] {processor.py:925} INFO - DAG(s) 'example_sla_dag' retrieved from /home/airflow/.local/lib/python3.12/site-packages/airflow/example_dags/example_sla_dag.py
[2024-09-25T14:57:07.267+0000] {logging_mixin.py:190} INFO - [2024-09-25T14:57:07.267+0000] {dag.py:3239} INFO - Sync 1 DAGs
[2024-09-25T14:57:07.285+0000] {logging_mixin.py:190} INFO - [2024-09-25T14:57:07.285+0000] {dag.py:4180} INFO - Setting next_dagrun for example_sla_dag to 2024-09-25 14:54:00+00:00, run_after=2024-09-25 14:56:00+00:00
[2024-09-25T14:57:07.295+0000] {processor.py:208} INFO - Processing /home/airflow/.local/lib/python3.12/site-packages/airflow/example_dags/example_sla_dag.py took 0.056 seconds
[2024-09-25T14:57:37.944+0000] {processor.py:186} INFO - Started process (PID=330) to work on /home/airflow/.local/lib/python3.12/site-packages/airflow/example_dags/example_sla_dag.py
[2024-09-25T14:57:37.945+0000] {processor.py:914} INFO - Processing file /home/airflow/.local/lib/python3.12/site-packages/airflow/example_dags/example_sla_dag.py for tasks to queue
[2024-09-25T14:57:37.947+0000] {logging_mixin.py:190} INFO - [2024-09-25T14:57:37.946+0000] {dagbag.py:588} INFO - Filling up the DagBag from /home/airflow/.local/lib/python3.12/site-packages/airflow/example_dags/example_sla_dag.py
[2024-09-25T14:57:37.954+0000] {processor.py:925} INFO - DAG(s) 'example_sla_dag' retrieved from /home/airflow/.local/lib/python3.12/site-packages/airflow/example_dags/example_sla_dag.py
[2024-09-25T14:57:37.968+0000] {logging_mixin.py:190} INFO - [2024-09-25T14:57:37.967+0000] {dag.py:3239} INFO - Sync 1 DAGs
[2024-09-25T14:57:37.988+0000] {logging_mixin.py:190} INFO - [2024-09-25T14:57:37.987+0000] {dag.py:4180} INFO - Setting next_dagrun for example_sla_dag to 2024-09-25 14:54:00+00:00, run_after=2024-09-25 14:56:00+00:00
[2024-09-25T14:57:37.999+0000] {processor.py:208} INFO - Processing /home/airflow/.local/lib/python3.12/site-packages/airflow/example_dags/example_sla_dag.py took 0.060 seconds
[2024-09-25T14:58:08.760+0000] {processor.py:186} INFO - Started process (PID=393) to work on /home/airflow/.local/lib/python3.12/site-packages/airflow/example_dags/example_sla_dag.py
[2024-09-25T14:58:08.761+0000] {processor.py:914} INFO - Processing file /home/airflow/.local/lib/python3.12/site-packages/airflow/example_dags/example_sla_dag.py for tasks to queue
[2024-09-25T14:58:08.763+0000] {logging_mixin.py:190} INFO - [2024-09-25T14:58:08.763+0000] {dagbag.py:588} INFO - Filling up the DagBag from /home/airflow/.local/lib/python3.12/site-packages/airflow/example_dags/example_sla_dag.py
[2024-09-25T14:58:08.771+0000] {processor.py:925} INFO - DAG(s) 'example_sla_dag' retrieved from /home/airflow/.local/lib/python3.12/site-packages/airflow/example_dags/example_sla_dag.py
[2024-09-25T14:58:08.787+0000] {logging_mixin.py:190} INFO - [2024-09-25T14:58:08.787+0000] {dag.py:3239} INFO - Sync 1 DAGs
[2024-09-25T14:58:08.808+0000] {logging_mixin.py:190} INFO - [2024-09-25T14:58:08.808+0000] {dag.py:4180} INFO - Setting next_dagrun for example_sla_dag to 2024-09-25 14:56:00+00:00, run_after=2024-09-25 14:58:00+00:00
[2024-09-25T14:58:08.822+0000] {processor.py:208} INFO - Processing /home/airflow/.local/lib/python3.12/site-packages/airflow/example_dags/example_sla_dag.py took 0.066 seconds
