[2024-09-25T14:55:34.232+0000] {processor.py:186} INFO - Started process (PID=67) to work on /home/airflow/.local/lib/python3.12/site-packages/airflow/example_dags/example_dataset_alias.py
[2024-09-25T14:55:34.232+0000] {processor.py:914} INFO - Processing file /home/airflow/.local/lib/python3.12/site-packages/airflow/example_dags/example_dataset_alias.py for tasks to queue
[2024-09-25T14:55:34.234+0000] {logging_mixin.py:190} INFO - [2024-09-25T14:55:34.234+0000] {dagbag.py:588} INFO - Filling up the DagBag from /home/airflow/.local/lib/python3.12/site-packages/airflow/example_dags/example_dataset_alias.py
[2024-09-25T14:55:34.618+0000] {processor.py:925} INFO - DAG(s) 'dataset_alias_example_alias_consumer', 'dataset_s3_bucket_producer', 'dataset_alias_example_alias_producer', 'dataset_s3_bucket_consumer' retrieved from /home/airflow/.local/lib/python3.12/site-packages/airflow/example_dags/example_dataset_alias.py
[2024-09-25T14:55:34.684+0000] {logging_mixin.py:190} INFO - [2024-09-25T14:55:34.683+0000] {override.py:1900} INFO - Created Permission View: can read on DAG:dataset_alias_example_alias_consumer
[2024-09-25T14:55:34.690+0000] {logging_mixin.py:190} INFO - [2024-09-25T14:55:34.690+0000] {override.py:1900} INFO - Created Permission View: can edit on DAG:dataset_alias_example_alias_consumer
[2024-09-25T14:55:34.693+0000] {logging_mixin.py:190} INFO - [2024-09-25T14:55:34.693+0000] {override.py:1900} INFO - Created Permission View: can delete on DAG:dataset_alias_example_alias_consumer
[2024-09-25T14:55:34.697+0000] {logging_mixin.py:190} INFO - [2024-09-25T14:55:34.697+0000] {override.py:1900} INFO - Created Permission View: can read on DAG Run:dataset_alias_example_alias_consumer
[2024-09-25T14:55:34.700+0000] {logging_mixin.py:190} INFO - [2024-09-25T14:55:34.700+0000] {override.py:1900} INFO - Created Permission View: can delete on DAG Run:dataset_alias_example_alias_consumer
[2024-09-25T14:55:34.703+0000] {logging_mixin.py:190} INFO - [2024-09-25T14:55:34.703+0000] {override.py:1900} INFO - Created Permission View: menu access on DAG Run:dataset_alias_example_alias_consumer
[2024-09-25T14:55:34.707+0000] {logging_mixin.py:190} INFO - [2024-09-25T14:55:34.706+0000] {override.py:1900} INFO - Created Permission View: can create on DAG Run:dataset_alias_example_alias_consumer
[2024-09-25T14:55:34.714+0000] {logging_mixin.py:190} INFO - [2024-09-25T14:55:34.713+0000] {override.py:1900} INFO - Created Permission View: can read on DAG:dataset_s3_bucket_producer
[2024-09-25T14:55:34.717+0000] {logging_mixin.py:190} INFO - [2024-09-25T14:55:34.717+0000] {override.py:1900} INFO - Created Permission View: can edit on DAG:dataset_s3_bucket_producer
[2024-09-25T14:55:34.720+0000] {logging_mixin.py:190} INFO - [2024-09-25T14:55:34.720+0000] {override.py:1900} INFO - Created Permission View: can delete on DAG:dataset_s3_bucket_producer
[2024-09-25T14:55:34.724+0000] {logging_mixin.py:190} INFO - [2024-09-25T14:55:34.723+0000] {override.py:1900} INFO - Created Permission View: can read on DAG Run:dataset_s3_bucket_producer
[2024-09-25T14:55:34.727+0000] {logging_mixin.py:190} INFO - [2024-09-25T14:55:34.727+0000] {override.py:1900} INFO - Created Permission View: can delete on DAG Run:dataset_s3_bucket_producer
[2024-09-25T14:55:34.730+0000] {logging_mixin.py:190} INFO - [2024-09-25T14:55:34.730+0000] {override.py:1900} INFO - Created Permission View: menu access on DAG Run:dataset_s3_bucket_producer
[2024-09-25T14:55:34.734+0000] {logging_mixin.py:190} INFO - [2024-09-25T14:55:34.733+0000] {override.py:1900} INFO - Created Permission View: can create on DAG Run:dataset_s3_bucket_producer
[2024-09-25T14:55:34.741+0000] {logging_mixin.py:190} INFO - [2024-09-25T14:55:34.740+0000] {override.py:1900} INFO - Created Permission View: can read on DAG:dataset_alias_example_alias_producer
[2024-09-25T14:55:34.744+0000] {logging_mixin.py:190} INFO - [2024-09-25T14:55:34.744+0000] {override.py:1900} INFO - Created Permission View: can edit on DAG:dataset_alias_example_alias_producer
[2024-09-25T14:55:34.747+0000] {logging_mixin.py:190} INFO - [2024-09-25T14:55:34.747+0000] {override.py:1900} INFO - Created Permission View: can delete on DAG:dataset_alias_example_alias_producer
[2024-09-25T14:55:34.751+0000] {logging_mixin.py:190} INFO - [2024-09-25T14:55:34.751+0000] {override.py:1900} INFO - Created Permission View: can read on DAG Run:dataset_alias_example_alias_producer
[2024-09-25T14:55:34.754+0000] {logging_mixin.py:190} INFO - [2024-09-25T14:55:34.754+0000] {override.py:1900} INFO - Created Permission View: can delete on DAG Run:dataset_alias_example_alias_producer
[2024-09-25T14:55:34.758+0000] {logging_mixin.py:190} INFO - [2024-09-25T14:55:34.758+0000] {override.py:1900} INFO - Created Permission View: menu access on DAG Run:dataset_alias_example_alias_producer
[2024-09-25T14:55:34.761+0000] {logging_mixin.py:190} INFO - [2024-09-25T14:55:34.761+0000] {override.py:1900} INFO - Created Permission View: can create on DAG Run:dataset_alias_example_alias_producer
[2024-09-25T14:55:34.768+0000] {logging_mixin.py:190} INFO - [2024-09-25T14:55:34.768+0000] {override.py:1900} INFO - Created Permission View: can read on DAG:dataset_s3_bucket_consumer
[2024-09-25T14:55:34.771+0000] {logging_mixin.py:190} INFO - [2024-09-25T14:55:34.771+0000] {override.py:1900} INFO - Created Permission View: can edit on DAG:dataset_s3_bucket_consumer
[2024-09-25T14:55:34.775+0000] {logging_mixin.py:190} INFO - [2024-09-25T14:55:34.775+0000] {override.py:1900} INFO - Created Permission View: can delete on DAG:dataset_s3_bucket_consumer
[2024-09-25T14:55:34.779+0000] {logging_mixin.py:190} INFO - [2024-09-25T14:55:34.779+0000] {override.py:1900} INFO - Created Permission View: can read on DAG Run:dataset_s3_bucket_consumer
[2024-09-25T14:55:34.782+0000] {logging_mixin.py:190} INFO - [2024-09-25T14:55:34.782+0000] {override.py:1900} INFO - Created Permission View: can delete on DAG Run:dataset_s3_bucket_consumer
[2024-09-25T14:55:34.786+0000] {logging_mixin.py:190} INFO - [2024-09-25T14:55:34.785+0000] {override.py:1900} INFO - Created Permission View: menu access on DAG Run:dataset_s3_bucket_consumer
[2024-09-25T14:55:34.789+0000] {logging_mixin.py:190} INFO - [2024-09-25T14:55:34.788+0000] {override.py:1900} INFO - Created Permission View: can create on DAG Run:dataset_s3_bucket_consumer
[2024-09-25T14:55:34.789+0000] {logging_mixin.py:190} INFO - [2024-09-25T14:55:34.789+0000] {dag.py:3239} INFO - Sync 4 DAGs
[2024-09-25T14:55:34.798+0000] {logging_mixin.py:190} INFO - [2024-09-25T14:55:34.798+0000] {dag.py:3262} INFO - Creating ORM DAG for dataset_alias_example_alias_producer
[2024-09-25T14:55:34.798+0000] {logging_mixin.py:190} INFO - [2024-09-25T14:55:34.798+0000] {dag.py:3262} INFO - Creating ORM DAG for dataset_s3_bucket_consumer
[2024-09-25T14:55:34.799+0000] {logging_mixin.py:190} INFO - [2024-09-25T14:55:34.799+0000] {dag.py:3262} INFO - Creating ORM DAG for dataset_s3_bucket_producer
[2024-09-25T14:55:34.799+0000] {logging_mixin.py:190} INFO - [2024-09-25T14:55:34.799+0000] {dag.py:3262} INFO - Creating ORM DAG for dataset_alias_example_alias_consumer
[2024-09-25T14:55:34.805+0000] {logging_mixin.py:190} INFO - [2024-09-25T14:55:34.805+0000] {dag.py:4180} INFO - Setting next_dagrun for dataset_alias_example_alias_consumer to None, run_after=None
[2024-09-25T14:55:34.805+0000] {logging_mixin.py:190} INFO - [2024-09-25T14:55:34.805+0000] {dag.py:4180} INFO - Setting next_dagrun for dataset_alias_example_alias_producer to None, run_after=None
[2024-09-25T14:55:34.806+0000] {logging_mixin.py:190} INFO - [2024-09-25T14:55:34.806+0000] {dag.py:4180} INFO - Setting next_dagrun for dataset_s3_bucket_consumer to None, run_after=None
[2024-09-25T14:55:34.806+0000] {logging_mixin.py:190} INFO - [2024-09-25T14:55:34.806+0000] {dag.py:4180} INFO - Setting next_dagrun for dataset_s3_bucket_producer to None, run_after=None
[2024-09-25T14:55:34.823+0000] {processor.py:208} INFO - Processing /home/airflow/.local/lib/python3.12/site-packages/airflow/example_dags/example_dataset_alias.py took 0.595 seconds
[2024-09-25T14:56:05.333+0000] {processor.py:186} INFO - Started process (PID=130) to work on /home/airflow/.local/lib/python3.12/site-packages/airflow/example_dags/example_dataset_alias.py
[2024-09-25T14:56:05.334+0000] {processor.py:914} INFO - Processing file /home/airflow/.local/lib/python3.12/site-packages/airflow/example_dags/example_dataset_alias.py for tasks to queue
[2024-09-25T14:56:05.336+0000] {logging_mixin.py:190} INFO - [2024-09-25T14:56:05.336+0000] {dagbag.py:588} INFO - Filling up the DagBag from /home/airflow/.local/lib/python3.12/site-packages/airflow/example_dags/example_dataset_alias.py
[2024-09-25T14:56:05.462+0000] {processor.py:925} INFO - DAG(s) 'dataset_s3_bucket_consumer', 'dataset_alias_example_alias_producer', 'dataset_s3_bucket_producer', 'dataset_alias_example_alias_consumer' retrieved from /home/airflow/.local/lib/python3.12/site-packages/airflow/example_dags/example_dataset_alias.py
[2024-09-25T14:56:05.476+0000] {logging_mixin.py:190} INFO - [2024-09-25T14:56:05.476+0000] {dag.py:3239} INFO - Sync 4 DAGs
[2024-09-25T14:56:05.494+0000] {logging_mixin.py:190} INFO - [2024-09-25T14:56:05.493+0000] {dag.py:4180} INFO - Setting next_dagrun for dataset_alias_example_alias_consumer to None, run_after=None
[2024-09-25T14:56:05.496+0000] {logging_mixin.py:190} INFO - [2024-09-25T14:56:05.496+0000] {dag.py:4180} INFO - Setting next_dagrun for dataset_alias_example_alias_producer to None, run_after=None
[2024-09-25T14:56:05.497+0000] {logging_mixin.py:190} INFO - [2024-09-25T14:56:05.497+0000] {dag.py:4180} INFO - Setting next_dagrun for dataset_s3_bucket_consumer to None, run_after=None
[2024-09-25T14:56:05.498+0000] {logging_mixin.py:190} INFO - [2024-09-25T14:56:05.498+0000] {dag.py:4180} INFO - Setting next_dagrun for dataset_s3_bucket_producer to None, run_after=None
[2024-09-25T14:56:05.512+0000] {processor.py:208} INFO - Processing /home/airflow/.local/lib/python3.12/site-packages/airflow/example_dags/example_dataset_alias.py took 0.184 seconds
[2024-09-25T14:56:36.098+0000] {processor.py:186} INFO - Started process (PID=193) to work on /home/airflow/.local/lib/python3.12/site-packages/airflow/example_dags/example_dataset_alias.py
[2024-09-25T14:56:36.099+0000] {processor.py:914} INFO - Processing file /home/airflow/.local/lib/python3.12/site-packages/airflow/example_dags/example_dataset_alias.py for tasks to queue
[2024-09-25T14:56:36.101+0000] {logging_mixin.py:190} INFO - [2024-09-25T14:56:36.100+0000] {dagbag.py:588} INFO - Filling up the DagBag from /home/airflow/.local/lib/python3.12/site-packages/airflow/example_dags/example_dataset_alias.py
[2024-09-25T14:56:36.220+0000] {processor.py:925} INFO - DAG(s) 'dataset_alias_example_alias_producer', 'dataset_s3_bucket_consumer', 'dataset_s3_bucket_producer', 'dataset_alias_example_alias_consumer' retrieved from /home/airflow/.local/lib/python3.12/site-packages/airflow/example_dags/example_dataset_alias.py
[2024-09-25T14:56:36.237+0000] {logging_mixin.py:190} INFO - [2024-09-25T14:56:36.237+0000] {dag.py:3239} INFO - Sync 4 DAGs
[2024-09-25T14:56:36.255+0000] {logging_mixin.py:190} INFO - [2024-09-25T14:56:36.255+0000] {dag.py:4180} INFO - Setting next_dagrun for dataset_alias_example_alias_consumer to None, run_after=None
[2024-09-25T14:56:36.257+0000] {logging_mixin.py:190} INFO - [2024-09-25T14:56:36.257+0000] {dag.py:4180} INFO - Setting next_dagrun for dataset_alias_example_alias_producer to None, run_after=None
[2024-09-25T14:56:36.258+0000] {logging_mixin.py:190} INFO - [2024-09-25T14:56:36.258+0000] {dag.py:4180} INFO - Setting next_dagrun for dataset_s3_bucket_consumer to None, run_after=None
[2024-09-25T14:56:36.258+0000] {logging_mixin.py:190} INFO - [2024-09-25T14:56:36.258+0000] {dag.py:4180} INFO - Setting next_dagrun for dataset_s3_bucket_producer to None, run_after=None
[2024-09-25T14:56:36.270+0000] {processor.py:208} INFO - Processing /home/airflow/.local/lib/python3.12/site-packages/airflow/example_dags/example_dataset_alias.py took 0.176 seconds
[2024-09-25T14:57:06.657+0000] {processor.py:186} INFO - Started process (PID=256) to work on /home/airflow/.local/lib/python3.12/site-packages/airflow/example_dags/example_dataset_alias.py
[2024-09-25T14:57:06.659+0000] {processor.py:914} INFO - Processing file /home/airflow/.local/lib/python3.12/site-packages/airflow/example_dags/example_dataset_alias.py for tasks to queue
[2024-09-25T14:57:06.660+0000] {logging_mixin.py:190} INFO - [2024-09-25T14:57:06.660+0000] {dagbag.py:588} INFO - Filling up the DagBag from /home/airflow/.local/lib/python3.12/site-packages/airflow/example_dags/example_dataset_alias.py
[2024-09-25T14:57:06.777+0000] {processor.py:925} INFO - DAG(s) 'dataset_alias_example_alias_producer', 'dataset_s3_bucket_consumer', 'dataset_alias_example_alias_consumer', 'dataset_s3_bucket_producer' retrieved from /home/airflow/.local/lib/python3.12/site-packages/airflow/example_dags/example_dataset_alias.py
[2024-09-25T14:57:06.792+0000] {logging_mixin.py:190} INFO - [2024-09-25T14:57:06.791+0000] {dag.py:3239} INFO - Sync 4 DAGs
[2024-09-25T14:57:06.808+0000] {logging_mixin.py:190} INFO - [2024-09-25T14:57:06.808+0000] {dag.py:4180} INFO - Setting next_dagrun for dataset_alias_example_alias_consumer to None, run_after=None
[2024-09-25T14:57:06.809+0000] {logging_mixin.py:190} INFO - [2024-09-25T14:57:06.809+0000] {dag.py:4180} INFO - Setting next_dagrun for dataset_alias_example_alias_producer to None, run_after=None
[2024-09-25T14:57:06.810+0000] {logging_mixin.py:190} INFO - [2024-09-25T14:57:06.810+0000] {dag.py:4180} INFO - Setting next_dagrun for dataset_s3_bucket_consumer to None, run_after=None
[2024-09-25T14:57:06.811+0000] {logging_mixin.py:190} INFO - [2024-09-25T14:57:06.811+0000] {dag.py:4180} INFO - Setting next_dagrun for dataset_s3_bucket_producer to None, run_after=None
[2024-09-25T14:57:06.823+0000] {processor.py:208} INFO - Processing /home/airflow/.local/lib/python3.12/site-packages/airflow/example_dags/example_dataset_alias.py took 0.170 seconds
[2024-09-25T14:57:37.321+0000] {processor.py:186} INFO - Started process (PID=319) to work on /home/airflow/.local/lib/python3.12/site-packages/airflow/example_dags/example_dataset_alias.py
[2024-09-25T14:57:37.323+0000] {processor.py:914} INFO - Processing file /home/airflow/.local/lib/python3.12/site-packages/airflow/example_dags/example_dataset_alias.py for tasks to queue
[2024-09-25T14:57:37.325+0000] {logging_mixin.py:190} INFO - [2024-09-25T14:57:37.325+0000] {dagbag.py:588} INFO - Filling up the DagBag from /home/airflow/.local/lib/python3.12/site-packages/airflow/example_dags/example_dataset_alias.py
[2024-09-25T14:57:37.453+0000] {processor.py:925} INFO - DAG(s) 'dataset_alias_example_alias_producer', 'dataset_s3_bucket_consumer', 'dataset_alias_example_alias_consumer', 'dataset_s3_bucket_producer' retrieved from /home/airflow/.local/lib/python3.12/site-packages/airflow/example_dags/example_dataset_alias.py
[2024-09-25T14:57:37.471+0000] {logging_mixin.py:190} INFO - [2024-09-25T14:57:37.471+0000] {dag.py:3239} INFO - Sync 4 DAGs
[2024-09-25T14:57:37.490+0000] {logging_mixin.py:190} INFO - [2024-09-25T14:57:37.490+0000] {dag.py:4180} INFO - Setting next_dagrun for dataset_alias_example_alias_consumer to None, run_after=None
[2024-09-25T14:57:37.492+0000] {logging_mixin.py:190} INFO - [2024-09-25T14:57:37.492+0000] {dag.py:4180} INFO - Setting next_dagrun for dataset_alias_example_alias_producer to None, run_after=None
[2024-09-25T14:57:37.492+0000] {logging_mixin.py:190} INFO - [2024-09-25T14:57:37.492+0000] {dag.py:4180} INFO - Setting next_dagrun for dataset_s3_bucket_consumer to None, run_after=None
[2024-09-25T14:57:37.493+0000] {logging_mixin.py:190} INFO - [2024-09-25T14:57:37.493+0000] {dag.py:4180} INFO - Setting next_dagrun for dataset_s3_bucket_producer to None, run_after=None
[2024-09-25T14:57:37.506+0000] {processor.py:208} INFO - Processing /home/airflow/.local/lib/python3.12/site-packages/airflow/example_dags/example_dataset_alias.py took 0.188 seconds
[2024-09-25T14:58:08.165+0000] {processor.py:186} INFO - Started process (PID=382) to work on /home/airflow/.local/lib/python3.12/site-packages/airflow/example_dags/example_dataset_alias.py
[2024-09-25T14:58:08.165+0000] {processor.py:914} INFO - Processing file /home/airflow/.local/lib/python3.12/site-packages/airflow/example_dags/example_dataset_alias.py for tasks to queue
[2024-09-25T14:58:08.167+0000] {logging_mixin.py:190} INFO - [2024-09-25T14:58:08.167+0000] {dagbag.py:588} INFO - Filling up the DagBag from /home/airflow/.local/lib/python3.12/site-packages/airflow/example_dags/example_dataset_alias.py
[2024-09-25T14:58:08.284+0000] {processor.py:925} INFO - DAG(s) 'dataset_alias_example_alias_consumer', 'dataset_alias_example_alias_producer', 'dataset_s3_bucket_producer', 'dataset_s3_bucket_consumer' retrieved from /home/airflow/.local/lib/python3.12/site-packages/airflow/example_dags/example_dataset_alias.py
[2024-09-25T14:58:08.297+0000] {logging_mixin.py:190} INFO - [2024-09-25T14:58:08.297+0000] {dag.py:3239} INFO - Sync 4 DAGs
[2024-09-25T14:58:08.312+0000] {logging_mixin.py:190} INFO - [2024-09-25T14:58:08.312+0000] {dag.py:4180} INFO - Setting next_dagrun for dataset_alias_example_alias_consumer to None, run_after=None
[2024-09-25T14:58:08.315+0000] {logging_mixin.py:190} INFO - [2024-09-25T14:58:08.315+0000] {dag.py:4180} INFO - Setting next_dagrun for dataset_alias_example_alias_producer to None, run_after=None
[2024-09-25T14:58:08.315+0000] {logging_mixin.py:190} INFO - [2024-09-25T14:58:08.315+0000] {dag.py:4180} INFO - Setting next_dagrun for dataset_s3_bucket_consumer to None, run_after=None
[2024-09-25T14:58:08.316+0000] {logging_mixin.py:190} INFO - [2024-09-25T14:58:08.316+0000] {dag.py:4180} INFO - Setting next_dagrun for dataset_s3_bucket_producer to None, run_after=None
[2024-09-25T14:58:08.329+0000] {processor.py:208} INFO - Processing /home/airflow/.local/lib/python3.12/site-packages/airflow/example_dags/example_dataset_alias.py took 0.168 seconds
