[2024-09-25T14:55:33.927+0000] {processor.py:186} INFO - Started process (PID=65) to work on /home/airflow/.local/lib/python3.12/site-packages/airflow/example_dags/example_dynamic_task_mapping.py
[2024-09-25T14:55:33.928+0000] {processor.py:914} INFO - Processing file /home/airflow/.local/lib/python3.12/site-packages/airflow/example_dags/example_dynamic_task_mapping.py for tasks to queue
[2024-09-25T14:55:33.930+0000] {logging_mixin.py:190} INFO - [2024-09-25T14:55:33.929+0000] {dagbag.py:588} INFO - Filling up the DagBag from /home/airflow/.local/lib/python3.12/site-packages/airflow/example_dags/example_dynamic_task_mapping.py
[2024-09-25T14:55:33.936+0000] {processor.py:925} INFO - DAG(s) 'example_dynamic_task_mapping' retrieved from /home/airflow/.local/lib/python3.12/site-packages/airflow/example_dags/example_dynamic_task_mapping.py
[2024-09-25T14:55:34.013+0000] {logging_mixin.py:190} INFO - [2024-09-25T14:55:34.013+0000] {override.py:1900} INFO - Created Permission View: can read on DAG:example_dynamic_task_mapping
[2024-09-25T14:55:34.019+0000] {logging_mixin.py:190} INFO - [2024-09-25T14:55:34.019+0000] {override.py:1900} INFO - Created Permission View: can edit on DAG:example_dynamic_task_mapping
[2024-09-25T14:55:34.023+0000] {logging_mixin.py:190} INFO - [2024-09-25T14:55:34.022+0000] {override.py:1900} INFO - Created Permission View: can delete on DAG:example_dynamic_task_mapping
[2024-09-25T14:55:34.026+0000] {logging_mixin.py:190} INFO - [2024-09-25T14:55:34.026+0000] {override.py:1900} INFO - Created Permission View: can read on DAG Run:example_dynamic_task_mapping
[2024-09-25T14:55:34.030+0000] {logging_mixin.py:190} INFO - [2024-09-25T14:55:34.029+0000] {override.py:1900} INFO - Created Permission View: can delete on DAG Run:example_dynamic_task_mapping
[2024-09-25T14:55:34.033+0000] {logging_mixin.py:190} INFO - [2024-09-25T14:55:34.033+0000] {override.py:1900} INFO - Created Permission View: menu access on DAG Run:example_dynamic_task_mapping
[2024-09-25T14:55:34.036+0000] {logging_mixin.py:190} INFO - [2024-09-25T14:55:34.036+0000] {override.py:1900} INFO - Created Permission View: can create on DAG Run:example_dynamic_task_mapping
[2024-09-25T14:55:34.037+0000] {logging_mixin.py:190} INFO - [2024-09-25T14:55:34.036+0000] {dag.py:3239} INFO - Sync 1 DAGs
[2024-09-25T14:55:34.046+0000] {logging_mixin.py:190} INFO - [2024-09-25T14:55:34.046+0000] {dag.py:3262} INFO - Creating ORM DAG for example_dynamic_task_mapping
[2024-09-25T14:55:34.047+0000] {logging_mixin.py:190} INFO - [2024-09-25T14:55:34.047+0000] {dag.py:4180} INFO - Setting next_dagrun for example_dynamic_task_mapping to None, run_after=None
[2024-09-25T14:55:34.055+0000] {processor.py:208} INFO - Processing /home/airflow/.local/lib/python3.12/site-packages/airflow/example_dags/example_dynamic_task_mapping.py took 0.132 seconds
[2024-09-25T14:56:04.254+0000] {processor.py:186} INFO - Started process (PID=128) to work on /home/airflow/.local/lib/python3.12/site-packages/airflow/example_dags/example_dynamic_task_mapping.py
[2024-09-25T14:56:04.254+0000] {processor.py:914} INFO - Processing file /home/airflow/.local/lib/python3.12/site-packages/airflow/example_dags/example_dynamic_task_mapping.py for tasks to queue
[2024-09-25T14:56:04.256+0000] {logging_mixin.py:190} INFO - [2024-09-25T14:56:04.256+0000] {dagbag.py:588} INFO - Filling up the DagBag from /home/airflow/.local/lib/python3.12/site-packages/airflow/example_dags/example_dynamic_task_mapping.py
[2024-09-25T14:56:04.262+0000] {processor.py:925} INFO - DAG(s) 'example_dynamic_task_mapping' retrieved from /home/airflow/.local/lib/python3.12/site-packages/airflow/example_dags/example_dynamic_task_mapping.py
[2024-09-25T14:56:04.277+0000] {logging_mixin.py:190} INFO - [2024-09-25T14:56:04.277+0000] {dag.py:3239} INFO - Sync 1 DAGs
[2024-09-25T14:56:04.289+0000] {logging_mixin.py:190} INFO - [2024-09-25T14:56:04.289+0000] {dag.py:4180} INFO - Setting next_dagrun for example_dynamic_task_mapping to None, run_after=None
[2024-09-25T14:56:04.302+0000] {processor.py:208} INFO - Processing /home/airflow/.local/lib/python3.12/site-packages/airflow/example_dags/example_dynamic_task_mapping.py took 0.052 seconds
[2024-09-25T14:56:35.025+0000] {processor.py:186} INFO - Started process (PID=191) to work on /home/airflow/.local/lib/python3.12/site-packages/airflow/example_dags/example_dynamic_task_mapping.py
[2024-09-25T14:56:35.026+0000] {processor.py:914} INFO - Processing file /home/airflow/.local/lib/python3.12/site-packages/airflow/example_dags/example_dynamic_task_mapping.py for tasks to queue
[2024-09-25T14:56:35.028+0000] {logging_mixin.py:190} INFO - [2024-09-25T14:56:35.027+0000] {dagbag.py:588} INFO - Filling up the DagBag from /home/airflow/.local/lib/python3.12/site-packages/airflow/example_dags/example_dynamic_task_mapping.py
[2024-09-25T14:56:35.034+0000] {processor.py:925} INFO - DAG(s) 'example_dynamic_task_mapping' retrieved from /home/airflow/.local/lib/python3.12/site-packages/airflow/example_dags/example_dynamic_task_mapping.py
[2024-09-25T14:56:35.048+0000] {logging_mixin.py:190} INFO - [2024-09-25T14:56:35.048+0000] {dag.py:3239} INFO - Sync 1 DAGs
[2024-09-25T14:56:35.059+0000] {logging_mixin.py:190} INFO - [2024-09-25T14:56:35.059+0000] {dag.py:4180} INFO - Setting next_dagrun for example_dynamic_task_mapping to None, run_after=None
[2024-09-25T14:56:35.070+0000] {processor.py:208} INFO - Processing /home/airflow/.local/lib/python3.12/site-packages/airflow/example_dags/example_dynamic_task_mapping.py took 0.048 seconds
[2024-09-25T14:57:05.584+0000] {processor.py:186} INFO - Started process (PID=254) to work on /home/airflow/.local/lib/python3.12/site-packages/airflow/example_dags/example_dynamic_task_mapping.py
[2024-09-25T14:57:05.585+0000] {processor.py:914} INFO - Processing file /home/airflow/.local/lib/python3.12/site-packages/airflow/example_dags/example_dynamic_task_mapping.py for tasks to queue
[2024-09-25T14:57:05.586+0000] {logging_mixin.py:190} INFO - [2024-09-25T14:57:05.586+0000] {dagbag.py:588} INFO - Filling up the DagBag from /home/airflow/.local/lib/python3.12/site-packages/airflow/example_dags/example_dynamic_task_mapping.py
[2024-09-25T14:57:05.592+0000] {processor.py:925} INFO - DAG(s) 'example_dynamic_task_mapping' retrieved from /home/airflow/.local/lib/python3.12/site-packages/airflow/example_dags/example_dynamic_task_mapping.py
[2024-09-25T14:57:05.606+0000] {logging_mixin.py:190} INFO - [2024-09-25T14:57:05.606+0000] {dag.py:3239} INFO - Sync 1 DAGs
[2024-09-25T14:57:05.617+0000] {logging_mixin.py:190} INFO - [2024-09-25T14:57:05.617+0000] {dag.py:4180} INFO - Setting next_dagrun for example_dynamic_task_mapping to None, run_after=None
[2024-09-25T14:57:05.628+0000] {processor.py:208} INFO - Processing /home/airflow/.local/lib/python3.12/site-packages/airflow/example_dags/example_dynamic_task_mapping.py took 0.048 seconds
[2024-09-25T14:57:36.245+0000] {processor.py:186} INFO - Started process (PID=317) to work on /home/airflow/.local/lib/python3.12/site-packages/airflow/example_dags/example_dynamic_task_mapping.py
[2024-09-25T14:57:36.245+0000] {processor.py:914} INFO - Processing file /home/airflow/.local/lib/python3.12/site-packages/airflow/example_dags/example_dynamic_task_mapping.py for tasks to queue
[2024-09-25T14:57:36.247+0000] {logging_mixin.py:190} INFO - [2024-09-25T14:57:36.247+0000] {dagbag.py:588} INFO - Filling up the DagBag from /home/airflow/.local/lib/python3.12/site-packages/airflow/example_dags/example_dynamic_task_mapping.py
[2024-09-25T14:57:36.253+0000] {processor.py:925} INFO - DAG(s) 'example_dynamic_task_mapping' retrieved from /home/airflow/.local/lib/python3.12/site-packages/airflow/example_dags/example_dynamic_task_mapping.py
[2024-09-25T14:57:36.267+0000] {logging_mixin.py:190} INFO - [2024-09-25T14:57:36.267+0000] {dag.py:3239} INFO - Sync 1 DAGs
[2024-09-25T14:57:36.277+0000] {logging_mixin.py:190} INFO - [2024-09-25T14:57:36.277+0000] {dag.py:4180} INFO - Setting next_dagrun for example_dynamic_task_mapping to None, run_after=None
[2024-09-25T14:57:36.287+0000] {processor.py:208} INFO - Processing /home/airflow/.local/lib/python3.12/site-packages/airflow/example_dags/example_dynamic_task_mapping.py took 0.047 seconds
[2024-09-25T14:58:07.090+0000] {processor.py:186} INFO - Started process (PID=380) to work on /home/airflow/.local/lib/python3.12/site-packages/airflow/example_dags/example_dynamic_task_mapping.py
[2024-09-25T14:58:07.091+0000] {processor.py:914} INFO - Processing file /home/airflow/.local/lib/python3.12/site-packages/airflow/example_dags/example_dynamic_task_mapping.py for tasks to queue
[2024-09-25T14:58:07.092+0000] {logging_mixin.py:190} INFO - [2024-09-25T14:58:07.092+0000] {dagbag.py:588} INFO - Filling up the DagBag from /home/airflow/.local/lib/python3.12/site-packages/airflow/example_dags/example_dynamic_task_mapping.py
[2024-09-25T14:58:07.099+0000] {processor.py:925} INFO - DAG(s) 'example_dynamic_task_mapping' retrieved from /home/airflow/.local/lib/python3.12/site-packages/airflow/example_dags/example_dynamic_task_mapping.py
[2024-09-25T14:58:07.114+0000] {logging_mixin.py:190} INFO - [2024-09-25T14:58:07.113+0000] {dag.py:3239} INFO - Sync 1 DAGs
[2024-09-25T14:58:07.125+0000] {logging_mixin.py:190} INFO - [2024-09-25T14:58:07.125+0000] {dag.py:4180} INFO - Setting next_dagrun for example_dynamic_task_mapping to None, run_after=None
[2024-09-25T14:58:07.136+0000] {processor.py:208} INFO - Processing /home/airflow/.local/lib/python3.12/site-packages/airflow/example_dags/example_dynamic_task_mapping.py took 0.051 seconds
