[2024-09-25T14:55:32.669+0000] {processor.py:186} INFO - Started process (PID=52) to work on /home/airflow/.local/lib/python3.12/site-packages/airflow/example_dags/example_task_group_decorator.py
[2024-09-25T14:55:32.669+0000] {processor.py:914} INFO - Processing file /home/airflow/.local/lib/python3.12/site-packages/airflow/example_dags/example_task_group_decorator.py for tasks to queue
[2024-09-25T14:55:32.675+0000] {logging_mixin.py:190} INFO - [2024-09-25T14:55:32.674+0000] {dagbag.py:588} INFO - Filling up the DagBag from /home/airflow/.local/lib/python3.12/site-packages/airflow/example_dags/example_task_group_decorator.py
[2024-09-25T14:55:32.687+0000] {processor.py:925} INFO - DAG(s) 'example_task_group_decorator' retrieved from /home/airflow/.local/lib/python3.12/site-packages/airflow/example_dags/example_task_group_decorator.py
[2024-09-25T14:55:32.780+0000] {logging_mixin.py:190} INFO - [2024-09-25T14:55:32.780+0000] {override.py:1900} INFO - Created Permission View: can read on DAG:example_task_group_decorator
[2024-09-25T14:55:32.788+0000] {logging_mixin.py:190} INFO - [2024-09-25T14:55:32.787+0000] {override.py:1900} INFO - Created Permission View: can edit on DAG:example_task_group_decorator
[2024-09-25T14:55:32.791+0000] {logging_mixin.py:190} INFO - [2024-09-25T14:55:32.791+0000] {override.py:1900} INFO - Created Permission View: can delete on DAG:example_task_group_decorator
[2024-09-25T14:55:32.795+0000] {logging_mixin.py:190} INFO - [2024-09-25T14:55:32.795+0000] {override.py:1900} INFO - Created Permission View: can read on DAG Run:example_task_group_decorator
[2024-09-25T14:55:32.799+0000] {logging_mixin.py:190} INFO - [2024-09-25T14:55:32.799+0000] {override.py:1900} INFO - Created Permission View: can delete on DAG Run:example_task_group_decorator
[2024-09-25T14:55:32.802+0000] {logging_mixin.py:190} INFO - [2024-09-25T14:55:32.802+0000] {override.py:1900} INFO - Created Permission View: menu access on DAG Run:example_task_group_decorator
[2024-09-25T14:55:32.805+0000] {logging_mixin.py:190} INFO - [2024-09-25T14:55:32.805+0000] {override.py:1900} INFO - Created Permission View: can create on DAG Run:example_task_group_decorator
[2024-09-25T14:55:32.806+0000] {logging_mixin.py:190} INFO - [2024-09-25T14:55:32.805+0000] {dag.py:3239} INFO - Sync 1 DAGs
[2024-09-25T14:55:32.815+0000] {logging_mixin.py:190} INFO - [2024-09-25T14:55:32.815+0000] {dag.py:3262} INFO - Creating ORM DAG for example_task_group_decorator
[2024-09-25T14:55:32.816+0000] {logging_mixin.py:190} INFO - [2024-09-25T14:55:32.816+0000] {dag.py:4180} INFO - Setting next_dagrun for example_task_group_decorator to None, run_after=None
[2024-09-25T14:55:32.827+0000] {processor.py:208} INFO - Processing /home/airflow/.local/lib/python3.12/site-packages/airflow/example_dags/example_task_group_decorator.py took 0.163 seconds
[2024-09-25T14:56:03.670+0000] {processor.py:186} INFO - Started process (PID=115) to work on /home/airflow/.local/lib/python3.12/site-packages/airflow/example_dags/example_task_group_decorator.py
[2024-09-25T14:56:03.671+0000] {processor.py:914} INFO - Processing file /home/airflow/.local/lib/python3.12/site-packages/airflow/example_dags/example_task_group_decorator.py for tasks to queue
[2024-09-25T14:56:03.673+0000] {logging_mixin.py:190} INFO - [2024-09-25T14:56:03.673+0000] {dagbag.py:588} INFO - Filling up the DagBag from /home/airflow/.local/lib/python3.12/site-packages/airflow/example_dags/example_task_group_decorator.py
[2024-09-25T14:56:03.685+0000] {processor.py:925} INFO - DAG(s) 'example_task_group_decorator' retrieved from /home/airflow/.local/lib/python3.12/site-packages/airflow/example_dags/example_task_group_decorator.py
[2024-09-25T14:56:03.703+0000] {logging_mixin.py:190} INFO - [2024-09-25T14:56:03.703+0000] {dag.py:3239} INFO - Sync 1 DAGs
[2024-09-25T14:56:03.713+0000] {logging_mixin.py:190} INFO - [2024-09-25T14:56:03.713+0000] {dag.py:4180} INFO - Setting next_dagrun for example_task_group_decorator to None, run_after=None
[2024-09-25T14:56:03.724+0000] {processor.py:208} INFO - Processing /home/airflow/.local/lib/python3.12/site-packages/airflow/example_dags/example_task_group_decorator.py took 0.059 seconds
[2024-09-25T14:56:34.483+0000] {processor.py:186} INFO - Started process (PID=178) to work on /home/airflow/.local/lib/python3.12/site-packages/airflow/example_dags/example_task_group_decorator.py
[2024-09-25T14:56:34.484+0000] {processor.py:914} INFO - Processing file /home/airflow/.local/lib/python3.12/site-packages/airflow/example_dags/example_task_group_decorator.py for tasks to queue
[2024-09-25T14:56:34.486+0000] {logging_mixin.py:190} INFO - [2024-09-25T14:56:34.485+0000] {dagbag.py:588} INFO - Filling up the DagBag from /home/airflow/.local/lib/python3.12/site-packages/airflow/example_dags/example_task_group_decorator.py
[2024-09-25T14:56:34.496+0000] {processor.py:925} INFO - DAG(s) 'example_task_group_decorator' retrieved from /home/airflow/.local/lib/python3.12/site-packages/airflow/example_dags/example_task_group_decorator.py
[2024-09-25T14:56:34.514+0000] {logging_mixin.py:190} INFO - [2024-09-25T14:56:34.514+0000] {dag.py:3239} INFO - Sync 1 DAGs
[2024-09-25T14:56:34.524+0000] {logging_mixin.py:190} INFO - [2024-09-25T14:56:34.524+0000] {dag.py:4180} INFO - Setting next_dagrun for example_task_group_decorator to None, run_after=None
[2024-09-25T14:56:34.535+0000] {processor.py:208} INFO - Processing /home/airflow/.local/lib/python3.12/site-packages/airflow/example_dags/example_task_group_decorator.py took 0.056 seconds
[2024-09-25T14:57:05.080+0000] {processor.py:186} INFO - Started process (PID=241) to work on /home/airflow/.local/lib/python3.12/site-packages/airflow/example_dags/example_task_group_decorator.py
[2024-09-25T14:57:05.080+0000] {processor.py:914} INFO - Processing file /home/airflow/.local/lib/python3.12/site-packages/airflow/example_dags/example_task_group_decorator.py for tasks to queue
[2024-09-25T14:57:05.082+0000] {logging_mixin.py:190} INFO - [2024-09-25T14:57:05.082+0000] {dagbag.py:588} INFO - Filling up the DagBag from /home/airflow/.local/lib/python3.12/site-packages/airflow/example_dags/example_task_group_decorator.py
[2024-09-25T14:57:05.092+0000] {processor.py:925} INFO - DAG(s) 'example_task_group_decorator' retrieved from /home/airflow/.local/lib/python3.12/site-packages/airflow/example_dags/example_task_group_decorator.py
[2024-09-25T14:57:05.109+0000] {logging_mixin.py:190} INFO - [2024-09-25T14:57:05.109+0000] {dag.py:3239} INFO - Sync 1 DAGs
[2024-09-25T14:57:05.119+0000] {logging_mixin.py:190} INFO - [2024-09-25T14:57:05.119+0000] {dag.py:4180} INFO - Setting next_dagrun for example_task_group_decorator to None, run_after=None
[2024-09-25T14:57:05.129+0000] {processor.py:208} INFO - Processing /home/airflow/.local/lib/python3.12/site-packages/airflow/example_dags/example_task_group_decorator.py took 0.053 seconds
[2024-09-25T14:57:35.657+0000] {processor.py:186} INFO - Started process (PID=304) to work on /home/airflow/.local/lib/python3.12/site-packages/airflow/example_dags/example_task_group_decorator.py
[2024-09-25T14:57:35.657+0000] {processor.py:914} INFO - Processing file /home/airflow/.local/lib/python3.12/site-packages/airflow/example_dags/example_task_group_decorator.py for tasks to queue
[2024-09-25T14:57:35.659+0000] {logging_mixin.py:190} INFO - [2024-09-25T14:57:35.659+0000] {dagbag.py:588} INFO - Filling up the DagBag from /home/airflow/.local/lib/python3.12/site-packages/airflow/example_dags/example_task_group_decorator.py
[2024-09-25T14:57:35.670+0000] {processor.py:925} INFO - DAG(s) 'example_task_group_decorator' retrieved from /home/airflow/.local/lib/python3.12/site-packages/airflow/example_dags/example_task_group_decorator.py
[2024-09-25T14:57:35.687+0000] {logging_mixin.py:190} INFO - [2024-09-25T14:57:35.686+0000] {dag.py:3239} INFO - Sync 1 DAGs
[2024-09-25T14:57:35.698+0000] {logging_mixin.py:190} INFO - [2024-09-25T14:57:35.697+0000] {dag.py:4180} INFO - Setting next_dagrun for example_task_group_decorator to None, run_after=None
[2024-09-25T14:57:35.709+0000] {processor.py:208} INFO - Processing /home/airflow/.local/lib/python3.12/site-packages/airflow/example_dags/example_task_group_decorator.py took 0.057 seconds
[2024-09-25T14:58:06.561+0000] {processor.py:186} INFO - Started process (PID=367) to work on /home/airflow/.local/lib/python3.12/site-packages/airflow/example_dags/example_task_group_decorator.py
[2024-09-25T14:58:06.562+0000] {processor.py:914} INFO - Processing file /home/airflow/.local/lib/python3.12/site-packages/airflow/example_dags/example_task_group_decorator.py for tasks to queue
[2024-09-25T14:58:06.564+0000] {logging_mixin.py:190} INFO - [2024-09-25T14:58:06.563+0000] {dagbag.py:588} INFO - Filling up the DagBag from /home/airflow/.local/lib/python3.12/site-packages/airflow/example_dags/example_task_group_decorator.py
[2024-09-25T14:58:06.574+0000] {processor.py:925} INFO - DAG(s) 'example_task_group_decorator' retrieved from /home/airflow/.local/lib/python3.12/site-packages/airflow/example_dags/example_task_group_decorator.py
[2024-09-25T14:58:06.592+0000] {logging_mixin.py:190} INFO - [2024-09-25T14:58:06.592+0000] {dag.py:3239} INFO - Sync 1 DAGs
[2024-09-25T14:58:06.603+0000] {logging_mixin.py:190} INFO - [2024-09-25T14:58:06.603+0000] {dag.py:4180} INFO - Setting next_dagrun for example_task_group_decorator to None, run_after=None
[2024-09-25T14:58:06.614+0000] {processor.py:208} INFO - Processing /home/airflow/.local/lib/python3.12/site-packages/airflow/example_dags/example_task_group_decorator.py took 0.057 seconds
