[2024-09-25T14:55:35.388+0000] {processor.py:186} INFO - Started process (PID=78) to work on /home/airflow/.local/lib/python3.12/site-packages/airflow/example_dags/example_dataset_alias_with_no_taskflow.py
[2024-09-25T14:55:35.389+0000] {processor.py:914} INFO - Processing file /home/airflow/.local/lib/python3.12/site-packages/airflow/example_dags/example_dataset_alias_with_no_taskflow.py for tasks to queue
[2024-09-25T14:55:35.391+0000] {logging_mixin.py:190} INFO - [2024-09-25T14:55:35.391+0000] {dagbag.py:588} INFO - Filling up the DagBag from /home/airflow/.local/lib/python3.12/site-packages/airflow/example_dags/example_dataset_alias_with_no_taskflow.py
[2024-09-25T14:55:35.508+0000] {processor.py:925} INFO - DAG(s) 'dataset_alias_example_alias_consumer_with_no_taskflow', 'dataset_alias_example_alias_producer_with_no_taskflow', 'dataset_s3_bucket_consumer_with_no_taskflow', 'dataset_s3_bucket_producer_with_no_taskflow' retrieved from /home/airflow/.local/lib/python3.12/site-packages/airflow/example_dags/example_dataset_alias_with_no_taskflow.py
[2024-09-25T14:55:35.575+0000] {logging_mixin.py:190} INFO - [2024-09-25T14:55:35.574+0000] {override.py:1900} INFO - Created Permission View: can read on DAG:dataset_alias_example_alias_consumer_with_no_taskflow
[2024-09-25T14:55:35.580+0000] {logging_mixin.py:190} INFO - [2024-09-25T14:55:35.580+0000] {override.py:1900} INFO - Created Permission View: can edit on DAG:dataset_alias_example_alias_consumer_with_no_taskflow
[2024-09-25T14:55:35.583+0000] {logging_mixin.py:190} INFO - [2024-09-25T14:55:35.583+0000] {override.py:1900} INFO - Created Permission View: can delete on DAG:dataset_alias_example_alias_consumer_with_no_taskflow
[2024-09-25T14:55:35.587+0000] {logging_mixin.py:190} INFO - [2024-09-25T14:55:35.587+0000] {override.py:1900} INFO - Created Permission View: can read on DAG Run:dataset_alias_example_alias_consumer_with_no_taskflow
[2024-09-25T14:55:35.590+0000] {logging_mixin.py:190} INFO - [2024-09-25T14:55:35.590+0000] {override.py:1900} INFO - Created Permission View: can delete on DAG Run:dataset_alias_example_alias_consumer_with_no_taskflow
[2024-09-25T14:55:35.593+0000] {logging_mixin.py:190} INFO - [2024-09-25T14:55:35.593+0000] {override.py:1900} INFO - Created Permission View: menu access on DAG Run:dataset_alias_example_alias_consumer_with_no_taskflow
[2024-09-25T14:55:35.597+0000] {logging_mixin.py:190} INFO - [2024-09-25T14:55:35.597+0000] {override.py:1900} INFO - Created Permission View: can create on DAG Run:dataset_alias_example_alias_consumer_with_no_taskflow
[2024-09-25T14:55:35.604+0000] {logging_mixin.py:190} INFO - [2024-09-25T14:55:35.603+0000] {override.py:1900} INFO - Created Permission View: can read on DAG:dataset_alias_example_alias_producer_with_no_taskflow
[2024-09-25T14:55:35.607+0000] {logging_mixin.py:190} INFO - [2024-09-25T14:55:35.607+0000] {override.py:1900} INFO - Created Permission View: can edit on DAG:dataset_alias_example_alias_producer_with_no_taskflow
[2024-09-25T14:55:35.610+0000] {logging_mixin.py:190} INFO - [2024-09-25T14:55:35.610+0000] {override.py:1900} INFO - Created Permission View: can delete on DAG:dataset_alias_example_alias_producer_with_no_taskflow
[2024-09-25T14:55:35.614+0000] {logging_mixin.py:190} INFO - [2024-09-25T14:55:35.613+0000] {override.py:1900} INFO - Created Permission View: can read on DAG Run:dataset_alias_example_alias_producer_with_no_taskflow
[2024-09-25T14:55:35.617+0000] {logging_mixin.py:190} INFO - [2024-09-25T14:55:35.617+0000] {override.py:1900} INFO - Created Permission View: can delete on DAG Run:dataset_alias_example_alias_producer_with_no_taskflow
[2024-09-25T14:55:35.620+0000] {logging_mixin.py:190} INFO - [2024-09-25T14:55:35.620+0000] {override.py:1900} INFO - Created Permission View: menu access on DAG Run:dataset_alias_example_alias_producer_with_no_taskflow
[2024-09-25T14:55:35.623+0000] {logging_mixin.py:190} INFO - [2024-09-25T14:55:35.623+0000] {override.py:1900} INFO - Created Permission View: can create on DAG Run:dataset_alias_example_alias_producer_with_no_taskflow
[2024-09-25T14:55:35.630+0000] {logging_mixin.py:190} INFO - [2024-09-25T14:55:35.630+0000] {override.py:1900} INFO - Created Permission View: can read on DAG:dataset_s3_bucket_consumer_with_no_taskflow
[2024-09-25T14:55:35.633+0000] {logging_mixin.py:190} INFO - [2024-09-25T14:55:35.633+0000] {override.py:1900} INFO - Created Permission View: can edit on DAG:dataset_s3_bucket_consumer_with_no_taskflow
[2024-09-25T14:55:35.636+0000] {logging_mixin.py:190} INFO - [2024-09-25T14:55:35.636+0000] {override.py:1900} INFO - Created Permission View: can delete on DAG:dataset_s3_bucket_consumer_with_no_taskflow
[2024-09-25T14:55:35.640+0000] {logging_mixin.py:190} INFO - [2024-09-25T14:55:35.640+0000] {override.py:1900} INFO - Created Permission View: can read on DAG Run:dataset_s3_bucket_consumer_with_no_taskflow
[2024-09-25T14:55:35.643+0000] {logging_mixin.py:190} INFO - [2024-09-25T14:55:35.643+0000] {override.py:1900} INFO - Created Permission View: can delete on DAG Run:dataset_s3_bucket_consumer_with_no_taskflow
[2024-09-25T14:55:35.646+0000] {logging_mixin.py:190} INFO - [2024-09-25T14:55:35.646+0000] {override.py:1900} INFO - Created Permission View: menu access on DAG Run:dataset_s3_bucket_consumer_with_no_taskflow
[2024-09-25T14:55:35.649+0000] {logging_mixin.py:190} INFO - [2024-09-25T14:55:35.649+0000] {override.py:1900} INFO - Created Permission View: can create on DAG Run:dataset_s3_bucket_consumer_with_no_taskflow
[2024-09-25T14:55:35.656+0000] {logging_mixin.py:190} INFO - [2024-09-25T14:55:35.656+0000] {override.py:1900} INFO - Created Permission View: can read on DAG:dataset_s3_bucket_producer_with_no_taskflow
[2024-09-25T14:55:35.659+0000] {logging_mixin.py:190} INFO - [2024-09-25T14:55:35.659+0000] {override.py:1900} INFO - Created Permission View: can edit on DAG:dataset_s3_bucket_producer_with_no_taskflow
[2024-09-25T14:55:35.662+0000] {logging_mixin.py:190} INFO - [2024-09-25T14:55:35.662+0000] {override.py:1900} INFO - Created Permission View: can delete on DAG:dataset_s3_bucket_producer_with_no_taskflow
[2024-09-25T14:55:35.665+0000] {logging_mixin.py:190} INFO - [2024-09-25T14:55:35.665+0000] {override.py:1900} INFO - Created Permission View: can read on DAG Run:dataset_s3_bucket_producer_with_no_taskflow
[2024-09-25T14:55:35.669+0000] {logging_mixin.py:190} INFO - [2024-09-25T14:55:35.668+0000] {override.py:1900} INFO - Created Permission View: can delete on DAG Run:dataset_s3_bucket_producer_with_no_taskflow
[2024-09-25T14:55:35.672+0000] {logging_mixin.py:190} INFO - [2024-09-25T14:55:35.671+0000] {override.py:1900} INFO - Created Permission View: menu access on DAG Run:dataset_s3_bucket_producer_with_no_taskflow
[2024-09-25T14:55:35.675+0000] {logging_mixin.py:190} INFO - [2024-09-25T14:55:35.675+0000] {override.py:1900} INFO - Created Permission View: can create on DAG Run:dataset_s3_bucket_producer_with_no_taskflow
[2024-09-25T14:55:35.675+0000] {logging_mixin.py:190} INFO - [2024-09-25T14:55:35.675+0000] {dag.py:3239} INFO - Sync 4 DAGs
[2024-09-25T14:55:35.685+0000] {logging_mixin.py:190} INFO - [2024-09-25T14:55:35.684+0000] {dag.py:3262} INFO - Creating ORM DAG for dataset_alias_example_alias_consumer_with_no_taskflow
[2024-09-25T14:55:35.685+0000] {logging_mixin.py:190} INFO - [2024-09-25T14:55:35.685+0000] {dag.py:3262} INFO - Creating ORM DAG for dataset_s3_bucket_consumer_with_no_taskflow
[2024-09-25T14:55:35.685+0000] {logging_mixin.py:190} INFO - [2024-09-25T14:55:35.685+0000] {dag.py:3262} INFO - Creating ORM DAG for dataset_s3_bucket_producer_with_no_taskflow
[2024-09-25T14:55:35.686+0000] {logging_mixin.py:190} INFO - [2024-09-25T14:55:35.686+0000] {dag.py:3262} INFO - Creating ORM DAG for dataset_alias_example_alias_producer_with_no_taskflow
[2024-09-25T14:55:35.692+0000] {logging_mixin.py:190} INFO - [2024-09-25T14:55:35.691+0000] {dag.py:4180} INFO - Setting next_dagrun for dataset_alias_example_alias_consumer_with_no_taskflow to None, run_after=None
[2024-09-25T14:55:35.692+0000] {logging_mixin.py:190} INFO - [2024-09-25T14:55:35.692+0000] {dag.py:4180} INFO - Setting next_dagrun for dataset_alias_example_alias_producer_with_no_taskflow to None, run_after=None
[2024-09-25T14:55:35.692+0000] {logging_mixin.py:190} INFO - [2024-09-25T14:55:35.692+0000] {dag.py:4180} INFO - Setting next_dagrun for dataset_s3_bucket_consumer_with_no_taskflow to None, run_after=None
[2024-09-25T14:55:35.693+0000] {logging_mixin.py:190} INFO - [2024-09-25T14:55:35.693+0000] {dag.py:4180} INFO - Setting next_dagrun for dataset_s3_bucket_producer_with_no_taskflow to None, run_after=None
[2024-09-25T14:55:35.709+0000] {processor.py:208} INFO - Processing /home/airflow/.local/lib/python3.12/site-packages/airflow/example_dags/example_dataset_alias_with_no_taskflow.py took 0.325 seconds
[2024-09-25T14:56:05.898+0000] {processor.py:186} INFO - Started process (PID=141) to work on /home/airflow/.local/lib/python3.12/site-packages/airflow/example_dags/example_dataset_alias_with_no_taskflow.py
[2024-09-25T14:56:05.898+0000] {processor.py:914} INFO - Processing file /home/airflow/.local/lib/python3.12/site-packages/airflow/example_dags/example_dataset_alias_with_no_taskflow.py for tasks to queue
[2024-09-25T14:56:05.900+0000] {logging_mixin.py:190} INFO - [2024-09-25T14:56:05.900+0000] {dagbag.py:588} INFO - Filling up the DagBag from /home/airflow/.local/lib/python3.12/site-packages/airflow/example_dags/example_dataset_alias_with_no_taskflow.py
[2024-09-25T14:56:06.026+0000] {processor.py:925} INFO - DAG(s) 'dataset_s3_bucket_producer_with_no_taskflow', 'dataset_alias_example_alias_consumer_with_no_taskflow', 'dataset_s3_bucket_consumer_with_no_taskflow', 'dataset_alias_example_alias_producer_with_no_taskflow' retrieved from /home/airflow/.local/lib/python3.12/site-packages/airflow/example_dags/example_dataset_alias_with_no_taskflow.py
[2024-09-25T14:56:06.040+0000] {logging_mixin.py:190} INFO - [2024-09-25T14:56:06.040+0000] {dag.py:3239} INFO - Sync 4 DAGs
[2024-09-25T14:56:06.056+0000] {logging_mixin.py:190} INFO - [2024-09-25T14:56:06.055+0000] {dag.py:4180} INFO - Setting next_dagrun for dataset_alias_example_alias_consumer_with_no_taskflow to None, run_after=None
[2024-09-25T14:56:06.057+0000] {logging_mixin.py:190} INFO - [2024-09-25T14:56:06.057+0000] {dag.py:4180} INFO - Setting next_dagrun for dataset_alias_example_alias_producer_with_no_taskflow to None, run_after=None
[2024-09-25T14:56:06.058+0000] {logging_mixin.py:190} INFO - [2024-09-25T14:56:06.058+0000] {dag.py:4180} INFO - Setting next_dagrun for dataset_s3_bucket_consumer_with_no_taskflow to None, run_after=None
[2024-09-25T14:56:06.059+0000] {logging_mixin.py:190} INFO - [2024-09-25T14:56:06.059+0000] {dag.py:4180} INFO - Setting next_dagrun for dataset_s3_bucket_producer_with_no_taskflow to None, run_after=None
[2024-09-25T14:56:06.074+0000] {processor.py:208} INFO - Processing /home/airflow/.local/lib/python3.12/site-packages/airflow/example_dags/example_dataset_alias_with_no_taskflow.py took 0.182 seconds
[2024-09-25T14:56:36.757+0000] {processor.py:186} INFO - Started process (PID=205) to work on /home/airflow/.local/lib/python3.12/site-packages/airflow/example_dags/example_dataset_alias_with_no_taskflow.py
[2024-09-25T14:56:36.758+0000] {processor.py:914} INFO - Processing file /home/airflow/.local/lib/python3.12/site-packages/airflow/example_dags/example_dataset_alias_with_no_taskflow.py for tasks to queue
[2024-09-25T14:56:36.760+0000] {logging_mixin.py:190} INFO - [2024-09-25T14:56:36.759+0000] {dagbag.py:588} INFO - Filling up the DagBag from /home/airflow/.local/lib/python3.12/site-packages/airflow/example_dags/example_dataset_alias_with_no_taskflow.py
[2024-09-25T14:56:36.875+0000] {processor.py:925} INFO - DAG(s) 'dataset_alias_example_alias_consumer_with_no_taskflow', 'dataset_s3_bucket_producer_with_no_taskflow', 'dataset_s3_bucket_consumer_with_no_taskflow', 'dataset_alias_example_alias_producer_with_no_taskflow' retrieved from /home/airflow/.local/lib/python3.12/site-packages/airflow/example_dags/example_dataset_alias_with_no_taskflow.py
[2024-09-25T14:56:36.888+0000] {logging_mixin.py:190} INFO - [2024-09-25T14:56:36.888+0000] {dag.py:3239} INFO - Sync 4 DAGs
[2024-09-25T14:56:36.904+0000] {logging_mixin.py:190} INFO - [2024-09-25T14:56:36.903+0000] {dag.py:4180} INFO - Setting next_dagrun for dataset_alias_example_alias_consumer_with_no_taskflow to None, run_after=None
[2024-09-25T14:56:36.905+0000] {logging_mixin.py:190} INFO - [2024-09-25T14:56:36.905+0000] {dag.py:4180} INFO - Setting next_dagrun for dataset_alias_example_alias_producer_with_no_taskflow to None, run_after=None
[2024-09-25T14:56:36.906+0000] {logging_mixin.py:190} INFO - [2024-09-25T14:56:36.906+0000] {dag.py:4180} INFO - Setting next_dagrun for dataset_s3_bucket_consumer_with_no_taskflow to None, run_after=None
[2024-09-25T14:56:36.906+0000] {logging_mixin.py:190} INFO - [2024-09-25T14:56:36.906+0000] {dag.py:4180} INFO - Setting next_dagrun for dataset_s3_bucket_producer_with_no_taskflow to None, run_after=None
[2024-09-25T14:56:36.919+0000] {processor.py:208} INFO - Processing /home/airflow/.local/lib/python3.12/site-packages/airflow/example_dags/example_dataset_alias_with_no_taskflow.py took 0.166 seconds
[2024-09-25T14:57:07.237+0000] {processor.py:186} INFO - Started process (PID=267) to work on /home/airflow/.local/lib/python3.12/site-packages/airflow/example_dags/example_dataset_alias_with_no_taskflow.py
[2024-09-25T14:57:07.238+0000] {processor.py:914} INFO - Processing file /home/airflow/.local/lib/python3.12/site-packages/airflow/example_dags/example_dataset_alias_with_no_taskflow.py for tasks to queue
[2024-09-25T14:57:07.240+0000] {logging_mixin.py:190} INFO - [2024-09-25T14:57:07.239+0000] {dagbag.py:588} INFO - Filling up the DagBag from /home/airflow/.local/lib/python3.12/site-packages/airflow/example_dags/example_dataset_alias_with_no_taskflow.py
[2024-09-25T14:57:07.355+0000] {processor.py:925} INFO - DAG(s) 'dataset_s3_bucket_producer_with_no_taskflow', 'dataset_alias_example_alias_consumer_with_no_taskflow', 'dataset_s3_bucket_consumer_with_no_taskflow', 'dataset_alias_example_alias_producer_with_no_taskflow' retrieved from /home/airflow/.local/lib/python3.12/site-packages/airflow/example_dags/example_dataset_alias_with_no_taskflow.py
[2024-09-25T14:57:07.369+0000] {logging_mixin.py:190} INFO - [2024-09-25T14:57:07.369+0000] {dag.py:3239} INFO - Sync 4 DAGs
[2024-09-25T14:57:07.384+0000] {logging_mixin.py:190} INFO - [2024-09-25T14:57:07.384+0000] {dag.py:4180} INFO - Setting next_dagrun for dataset_alias_example_alias_consumer_with_no_taskflow to None, run_after=None
[2024-09-25T14:57:07.386+0000] {logging_mixin.py:190} INFO - [2024-09-25T14:57:07.386+0000] {dag.py:4180} INFO - Setting next_dagrun for dataset_alias_example_alias_producer_with_no_taskflow to None, run_after=None
[2024-09-25T14:57:07.387+0000] {logging_mixin.py:190} INFO - [2024-09-25T14:57:07.387+0000] {dag.py:4180} INFO - Setting next_dagrun for dataset_s3_bucket_consumer_with_no_taskflow to None, run_after=None
[2024-09-25T14:57:07.387+0000] {logging_mixin.py:190} INFO - [2024-09-25T14:57:07.387+0000] {dag.py:4180} INFO - Setting next_dagrun for dataset_s3_bucket_producer_with_no_taskflow to None, run_after=None
[2024-09-25T14:57:07.399+0000] {processor.py:208} INFO - Processing /home/airflow/.local/lib/python3.12/site-packages/airflow/example_dags/example_dataset_alias_with_no_taskflow.py took 0.166 seconds
[2024-09-25T14:57:38.023+0000] {processor.py:186} INFO - Started process (PID=331) to work on /home/airflow/.local/lib/python3.12/site-packages/airflow/example_dags/example_dataset_alias_with_no_taskflow.py
[2024-09-25T14:57:38.024+0000] {processor.py:914} INFO - Processing file /home/airflow/.local/lib/python3.12/site-packages/airflow/example_dags/example_dataset_alias_with_no_taskflow.py for tasks to queue
[2024-09-25T14:57:38.026+0000] {logging_mixin.py:190} INFO - [2024-09-25T14:57:38.025+0000] {dagbag.py:588} INFO - Filling up the DagBag from /home/airflow/.local/lib/python3.12/site-packages/airflow/example_dags/example_dataset_alias_with_no_taskflow.py
[2024-09-25T14:57:38.149+0000] {processor.py:925} INFO - DAG(s) 'dataset_alias_example_alias_producer_with_no_taskflow', 'dataset_s3_bucket_producer_with_no_taskflow', 'dataset_s3_bucket_consumer_with_no_taskflow', 'dataset_alias_example_alias_consumer_with_no_taskflow' retrieved from /home/airflow/.local/lib/python3.12/site-packages/airflow/example_dags/example_dataset_alias_with_no_taskflow.py
[2024-09-25T14:57:38.163+0000] {logging_mixin.py:190} INFO - [2024-09-25T14:57:38.162+0000] {dag.py:3239} INFO - Sync 4 DAGs
[2024-09-25T14:57:38.181+0000] {logging_mixin.py:190} INFO - [2024-09-25T14:57:38.181+0000] {dag.py:4180} INFO - Setting next_dagrun for dataset_alias_example_alias_consumer_with_no_taskflow to None, run_after=None
[2024-09-25T14:57:38.183+0000] {logging_mixin.py:190} INFO - [2024-09-25T14:57:38.183+0000] {dag.py:4180} INFO - Setting next_dagrun for dataset_alias_example_alias_producer_with_no_taskflow to None, run_after=None
[2024-09-25T14:57:38.184+0000] {logging_mixin.py:190} INFO - [2024-09-25T14:57:38.183+0000] {dag.py:4180} INFO - Setting next_dagrun for dataset_s3_bucket_consumer_with_no_taskflow to None, run_after=None
[2024-09-25T14:57:38.184+0000] {logging_mixin.py:190} INFO - [2024-09-25T14:57:38.184+0000] {dag.py:4180} INFO - Setting next_dagrun for dataset_s3_bucket_producer_with_no_taskflow to None, run_after=None
[2024-09-25T14:57:38.198+0000] {processor.py:208} INFO - Processing /home/airflow/.local/lib/python3.12/site-packages/airflow/example_dags/example_dataset_alias_with_no_taskflow.py took 0.179 seconds
[2024-09-25T14:58:08.848+0000] {processor.py:186} INFO - Started process (PID=394) to work on /home/airflow/.local/lib/python3.12/site-packages/airflow/example_dags/example_dataset_alias_with_no_taskflow.py
[2024-09-25T14:58:08.849+0000] {processor.py:914} INFO - Processing file /home/airflow/.local/lib/python3.12/site-packages/airflow/example_dags/example_dataset_alias_with_no_taskflow.py for tasks to queue
[2024-09-25T14:58:08.851+0000] {logging_mixin.py:190} INFO - [2024-09-25T14:58:08.850+0000] {dagbag.py:588} INFO - Filling up the DagBag from /home/airflow/.local/lib/python3.12/site-packages/airflow/example_dags/example_dataset_alias_with_no_taskflow.py
[2024-09-25T14:58:08.997+0000] {processor.py:925} INFO - DAG(s) 'dataset_s3_bucket_producer_with_no_taskflow', 'dataset_alias_example_alias_producer_with_no_taskflow', 'dataset_s3_bucket_consumer_with_no_taskflow', 'dataset_alias_example_alias_consumer_with_no_taskflow' retrieved from /home/airflow/.local/lib/python3.12/site-packages/airflow/example_dags/example_dataset_alias_with_no_taskflow.py
[2024-09-25T14:58:09.017+0000] {logging_mixin.py:190} INFO - [2024-09-25T14:58:09.017+0000] {dag.py:3239} INFO - Sync 4 DAGs
[2024-09-25T14:58:09.038+0000] {logging_mixin.py:190} INFO - [2024-09-25T14:58:09.038+0000] {dag.py:4180} INFO - Setting next_dagrun for dataset_alias_example_alias_consumer_with_no_taskflow to None, run_after=None
[2024-09-25T14:58:09.040+0000] {logging_mixin.py:190} INFO - [2024-09-25T14:58:09.040+0000] {dag.py:4180} INFO - Setting next_dagrun for dataset_alias_example_alias_producer_with_no_taskflow to None, run_after=None
[2024-09-25T14:58:09.040+0000] {logging_mixin.py:190} INFO - [2024-09-25T14:58:09.040+0000] {dag.py:4180} INFO - Setting next_dagrun for dataset_s3_bucket_consumer_with_no_taskflow to None, run_after=None
[2024-09-25T14:58:09.041+0000] {logging_mixin.py:190} INFO - [2024-09-25T14:58:09.041+0000] {dag.py:4180} INFO - Setting next_dagrun for dataset_s3_bucket_producer_with_no_taskflow to None, run_after=None
[2024-09-25T14:58:09.056+0000] {processor.py:208} INFO - Processing /home/airflow/.local/lib/python3.12/site-packages/airflow/example_dags/example_dataset_alias_with_no_taskflow.py took 0.213 seconds
