[2024-09-25T14:55:32.536+0000] {processor.py:186} INFO - Started process (PID=51) to work on /home/airflow/.local/lib/python3.12/site-packages/airflow/example_dags/example_short_circuit_operator.py
[2024-09-25T14:55:32.537+0000] {processor.py:914} INFO - Processing file /home/airflow/.local/lib/python3.12/site-packages/airflow/example_dags/example_short_circuit_operator.py for tasks to queue
[2024-09-25T14:55:32.542+0000] {logging_mixin.py:190} INFO - [2024-09-25T14:55:32.538+0000] {dagbag.py:588} INFO - Filling up the DagBag from /home/airflow/.local/lib/python3.12/site-packages/airflow/example_dags/example_short_circuit_operator.py
[2024-09-25T14:55:32.549+0000] {processor.py:925} INFO - DAG(s) 'example_short_circuit_operator' retrieved from /home/airflow/.local/lib/python3.12/site-packages/airflow/example_dags/example_short_circuit_operator.py
[2024-09-25T14:55:32.643+0000] {logging_mixin.py:190} INFO - [2024-09-25T14:55:32.642+0000] {override.py:1900} INFO - Created Permission View: can read on DAG:example_short_circuit_operator
[2024-09-25T14:55:32.651+0000] {logging_mixin.py:190} INFO - [2024-09-25T14:55:32.651+0000] {override.py:1900} INFO - Created Permission View: can edit on DAG:example_short_circuit_operator
[2024-09-25T14:55:32.655+0000] {logging_mixin.py:190} INFO - [2024-09-25T14:55:32.655+0000] {override.py:1900} INFO - Created Permission View: can delete on DAG:example_short_circuit_operator
[2024-09-25T14:55:32.660+0000] {logging_mixin.py:190} INFO - [2024-09-25T14:55:32.660+0000] {override.py:1900} INFO - Created Permission View: can read on DAG Run:example_short_circuit_operator
[2024-09-25T14:55:32.664+0000] {logging_mixin.py:190} INFO - [2024-09-25T14:55:32.664+0000] {override.py:1900} INFO - Created Permission View: can delete on DAG Run:example_short_circuit_operator
[2024-09-25T14:55:32.669+0000] {logging_mixin.py:190} INFO - [2024-09-25T14:55:32.668+0000] {override.py:1900} INFO - Created Permission View: menu access on DAG Run:example_short_circuit_operator
[2024-09-25T14:55:32.673+0000] {logging_mixin.py:190} INFO - [2024-09-25T14:55:32.672+0000] {override.py:1900} INFO - Created Permission View: can create on DAG Run:example_short_circuit_operator
[2024-09-25T14:55:32.673+0000] {logging_mixin.py:190} INFO - [2024-09-25T14:55:32.673+0000] {dag.py:3239} INFO - Sync 1 DAGs
[2024-09-25T14:55:32.682+0000] {logging_mixin.py:190} INFO - [2024-09-25T14:55:32.682+0000] {dag.py:3262} INFO - Creating ORM DAG for example_short_circuit_operator
[2024-09-25T14:55:32.682+0000] {logging_mixin.py:190} INFO - [2024-09-25T14:55:32.682+0000] {dag.py:4180} INFO - Setting next_dagrun for example_short_circuit_operator to None, run_after=None
[2024-09-25T14:55:32.694+0000] {processor.py:208} INFO - Processing /home/airflow/.local/lib/python3.12/site-packages/airflow/example_dags/example_short_circuit_operator.py took 0.162 seconds
[2024-09-25T14:56:03.594+0000] {processor.py:186} INFO - Started process (PID=114) to work on /home/airflow/.local/lib/python3.12/site-packages/airflow/example_dags/example_short_circuit_operator.py
[2024-09-25T14:56:03.594+0000] {processor.py:914} INFO - Processing file /home/airflow/.local/lib/python3.12/site-packages/airflow/example_dags/example_short_circuit_operator.py for tasks to queue
[2024-09-25T14:56:03.596+0000] {logging_mixin.py:190} INFO - [2024-09-25T14:56:03.596+0000] {dagbag.py:588} INFO - Filling up the DagBag from /home/airflow/.local/lib/python3.12/site-packages/airflow/example_dags/example_short_circuit_operator.py
[2024-09-25T14:56:03.603+0000] {processor.py:925} INFO - DAG(s) 'example_short_circuit_operator' retrieved from /home/airflow/.local/lib/python3.12/site-packages/airflow/example_dags/example_short_circuit_operator.py
[2024-09-25T14:56:03.621+0000] {logging_mixin.py:190} INFO - [2024-09-25T14:56:03.621+0000] {dag.py:3239} INFO - Sync 1 DAGs
[2024-09-25T14:56:03.633+0000] {logging_mixin.py:190} INFO - [2024-09-25T14:56:03.632+0000] {dag.py:4180} INFO - Setting next_dagrun for example_short_circuit_operator to None, run_after=None
[2024-09-25T14:56:03.646+0000] {processor.py:208} INFO - Processing /home/airflow/.local/lib/python3.12/site-packages/airflow/example_dags/example_short_circuit_operator.py took 0.056 seconds
[2024-09-25T14:56:34.415+0000] {processor.py:186} INFO - Started process (PID=177) to work on /home/airflow/.local/lib/python3.12/site-packages/airflow/example_dags/example_short_circuit_operator.py
[2024-09-25T14:56:34.416+0000] {processor.py:914} INFO - Processing file /home/airflow/.local/lib/python3.12/site-packages/airflow/example_dags/example_short_circuit_operator.py for tasks to queue
[2024-09-25T14:56:34.418+0000] {logging_mixin.py:190} INFO - [2024-09-25T14:56:34.417+0000] {dagbag.py:588} INFO - Filling up the DagBag from /home/airflow/.local/lib/python3.12/site-packages/airflow/example_dags/example_short_circuit_operator.py
[2024-09-25T14:56:34.426+0000] {processor.py:925} INFO - DAG(s) 'example_short_circuit_operator' retrieved from /home/airflow/.local/lib/python3.12/site-packages/airflow/example_dags/example_short_circuit_operator.py
[2024-09-25T14:56:34.441+0000] {logging_mixin.py:190} INFO - [2024-09-25T14:56:34.441+0000] {dag.py:3239} INFO - Sync 1 DAGs
[2024-09-25T14:56:34.451+0000] {logging_mixin.py:190} INFO - [2024-09-25T14:56:34.451+0000] {dag.py:4180} INFO - Setting next_dagrun for example_short_circuit_operator to None, run_after=None
[2024-09-25T14:56:34.461+0000] {processor.py:208} INFO - Processing /home/airflow/.local/lib/python3.12/site-packages/airflow/example_dags/example_short_circuit_operator.py took 0.051 seconds
[2024-09-25T14:57:05.015+0000] {processor.py:186} INFO - Started process (PID=240) to work on /home/airflow/.local/lib/python3.12/site-packages/airflow/example_dags/example_short_circuit_operator.py
[2024-09-25T14:57:05.016+0000] {processor.py:914} INFO - Processing file /home/airflow/.local/lib/python3.12/site-packages/airflow/example_dags/example_short_circuit_operator.py for tasks to queue
[2024-09-25T14:57:05.017+0000] {logging_mixin.py:190} INFO - [2024-09-25T14:57:05.017+0000] {dagbag.py:588} INFO - Filling up the DagBag from /home/airflow/.local/lib/python3.12/site-packages/airflow/example_dags/example_short_circuit_operator.py
[2024-09-25T14:57:05.023+0000] {processor.py:925} INFO - DAG(s) 'example_short_circuit_operator' retrieved from /home/airflow/.local/lib/python3.12/site-packages/airflow/example_dags/example_short_circuit_operator.py
[2024-09-25T14:57:05.039+0000] {logging_mixin.py:190} INFO - [2024-09-25T14:57:05.038+0000] {dag.py:3239} INFO - Sync 1 DAGs
[2024-09-25T14:57:05.049+0000] {logging_mixin.py:190} INFO - [2024-09-25T14:57:05.049+0000] {dag.py:4180} INFO - Setting next_dagrun for example_short_circuit_operator to None, run_after=None
[2024-09-25T14:57:05.060+0000] {processor.py:208} INFO - Processing /home/airflow/.local/lib/python3.12/site-packages/airflow/example_dags/example_short_circuit_operator.py took 0.048 seconds
[2024-09-25T14:57:35.585+0000] {processor.py:186} INFO - Started process (PID=303) to work on /home/airflow/.local/lib/python3.12/site-packages/airflow/example_dags/example_short_circuit_operator.py
[2024-09-25T14:57:35.586+0000] {processor.py:914} INFO - Processing file /home/airflow/.local/lib/python3.12/site-packages/airflow/example_dags/example_short_circuit_operator.py for tasks to queue
[2024-09-25T14:57:35.587+0000] {logging_mixin.py:190} INFO - [2024-09-25T14:57:35.587+0000] {dagbag.py:588} INFO - Filling up the DagBag from /home/airflow/.local/lib/python3.12/site-packages/airflow/example_dags/example_short_circuit_operator.py
[2024-09-25T14:57:35.593+0000] {processor.py:925} INFO - DAG(s) 'example_short_circuit_operator' retrieved from /home/airflow/.local/lib/python3.12/site-packages/airflow/example_dags/example_short_circuit_operator.py
[2024-09-25T14:57:35.610+0000] {logging_mixin.py:190} INFO - [2024-09-25T14:57:35.610+0000] {dag.py:3239} INFO - Sync 1 DAGs
[2024-09-25T14:57:35.620+0000] {logging_mixin.py:190} INFO - [2024-09-25T14:57:35.620+0000] {dag.py:4180} INFO - Setting next_dagrun for example_short_circuit_operator to None, run_after=None
[2024-09-25T14:57:35.633+0000] {processor.py:208} INFO - Processing /home/airflow/.local/lib/python3.12/site-packages/airflow/example_dags/example_short_circuit_operator.py took 0.052 seconds
[2024-09-25T14:58:06.497+0000] {processor.py:186} INFO - Started process (PID=366) to work on /home/airflow/.local/lib/python3.12/site-packages/airflow/example_dags/example_short_circuit_operator.py
[2024-09-25T14:58:06.497+0000] {processor.py:914} INFO - Processing file /home/airflow/.local/lib/python3.12/site-packages/airflow/example_dags/example_short_circuit_operator.py for tasks to queue
[2024-09-25T14:58:06.499+0000] {logging_mixin.py:190} INFO - [2024-09-25T14:58:06.499+0000] {dagbag.py:588} INFO - Filling up the DagBag from /home/airflow/.local/lib/python3.12/site-packages/airflow/example_dags/example_short_circuit_operator.py
[2024-09-25T14:58:06.505+0000] {processor.py:925} INFO - DAG(s) 'example_short_circuit_operator' retrieved from /home/airflow/.local/lib/python3.12/site-packages/airflow/example_dags/example_short_circuit_operator.py
[2024-09-25T14:58:06.520+0000] {logging_mixin.py:190} INFO - [2024-09-25T14:58:06.520+0000] {dag.py:3239} INFO - Sync 1 DAGs
[2024-09-25T14:58:06.530+0000] {logging_mixin.py:190} INFO - [2024-09-25T14:58:06.530+0000] {dag.py:4180} INFO - Setting next_dagrun for example_short_circuit_operator to None, run_after=None
[2024-09-25T14:58:06.541+0000] {processor.py:208} INFO - Processing /home/airflow/.local/lib/python3.12/site-packages/airflow/example_dags/example_short_circuit_operator.py took 0.048 seconds
