[2024-09-25T14:55:35.067+0000] {processor.py:186} INFO - Started process (PID=74) to work on /home/airflow/.local/lib/python3.12/site-packages/airflow/example_dags/example_branch_day_of_week_operator.py
[2024-09-25T14:55:35.067+0000] {processor.py:914} INFO - Processing file /home/airflow/.local/lib/python3.12/site-packages/airflow/example_dags/example_branch_day_of_week_operator.py for tasks to queue
[2024-09-25T14:55:35.069+0000] {logging_mixin.py:190} INFO - [2024-09-25T14:55:35.069+0000] {dagbag.py:588} INFO - Filling up the DagBag from /home/airflow/.local/lib/python3.12/site-packages/airflow/example_dags/example_branch_day_of_week_operator.py
[2024-09-25T14:55:35.077+0000] {processor.py:925} INFO - DAG(s) 'example_weekday_branch_operator' retrieved from /home/airflow/.local/lib/python3.12/site-packages/airflow/example_dags/example_branch_day_of_week_operator.py
[2024-09-25T14:55:35.153+0000] {logging_mixin.py:190} INFO - [2024-09-25T14:55:35.153+0000] {override.py:1900} INFO - Created Permission View: can read on DAG:example_weekday_branch_operator
[2024-09-25T14:55:35.160+0000] {logging_mixin.py:190} INFO - [2024-09-25T14:55:35.160+0000] {override.py:1900} INFO - Created Permission View: can edit on DAG:example_weekday_branch_operator
[2024-09-25T14:55:35.164+0000] {logging_mixin.py:190} INFO - [2024-09-25T14:55:35.163+0000] {override.py:1900} INFO - Created Permission View: can delete on DAG:example_weekday_branch_operator
[2024-09-25T14:55:35.168+0000] {logging_mixin.py:190} INFO - [2024-09-25T14:55:35.167+0000] {override.py:1900} INFO - Created Permission View: can read on DAG Run:example_weekday_branch_operator
[2024-09-25T14:55:35.171+0000] {logging_mixin.py:190} INFO - [2024-09-25T14:55:35.171+0000] {override.py:1900} INFO - Created Permission View: can delete on DAG Run:example_weekday_branch_operator
[2024-09-25T14:55:35.174+0000] {logging_mixin.py:190} INFO - [2024-09-25T14:55:35.174+0000] {override.py:1900} INFO - Created Permission View: menu access on DAG Run:example_weekday_branch_operator
[2024-09-25T14:55:35.177+0000] {logging_mixin.py:190} INFO - [2024-09-25T14:55:35.177+0000] {override.py:1900} INFO - Created Permission View: can create on DAG Run:example_weekday_branch_operator
[2024-09-25T14:55:35.177+0000] {logging_mixin.py:190} INFO - [2024-09-25T14:55:35.177+0000] {dag.py:3239} INFO - Sync 1 DAGs
[2024-09-25T14:55:35.187+0000] {logging_mixin.py:190} INFO - [2024-09-25T14:55:35.187+0000] {dag.py:3262} INFO - Creating ORM DAG for example_weekday_branch_operator
[2024-09-25T14:55:35.194+0000] {logging_mixin.py:190} INFO - [2024-09-25T14:55:35.194+0000] {dag.py:4180} INFO - Setting next_dagrun for example_weekday_branch_operator to 2024-09-24 00:00:00+00:00, run_after=2024-09-25 00:00:00+00:00
[2024-09-25T14:55:35.203+0000] {processor.py:208} INFO - Processing /home/airflow/.local/lib/python3.12/site-packages/airflow/example_dags/example_branch_day_of_week_operator.py took 0.141 seconds
[2024-09-25T14:56:05.728+0000] {processor.py:186} INFO - Started process (PID=137) to work on /home/airflow/.local/lib/python3.12/site-packages/airflow/example_dags/example_branch_day_of_week_operator.py
[2024-09-25T14:56:05.728+0000] {processor.py:914} INFO - Processing file /home/airflow/.local/lib/python3.12/site-packages/airflow/example_dags/example_branch_day_of_week_operator.py for tasks to queue
[2024-09-25T14:56:05.730+0000] {logging_mixin.py:190} INFO - [2024-09-25T14:56:05.730+0000] {dagbag.py:588} INFO - Filling up the DagBag from /home/airflow/.local/lib/python3.12/site-packages/airflow/example_dags/example_branch_day_of_week_operator.py
[2024-09-25T14:56:05.738+0000] {processor.py:925} INFO - DAG(s) 'example_weekday_branch_operator' retrieved from /home/airflow/.local/lib/python3.12/site-packages/airflow/example_dags/example_branch_day_of_week_operator.py
[2024-09-25T14:56:05.755+0000] {logging_mixin.py:190} INFO - [2024-09-25T14:56:05.755+0000] {dag.py:3239} INFO - Sync 1 DAGs
[2024-09-25T14:56:05.775+0000] {logging_mixin.py:190} INFO - [2024-09-25T14:56:05.775+0000] {dag.py:4180} INFO - Setting next_dagrun for example_weekday_branch_operator to 2024-09-24 00:00:00+00:00, run_after=2024-09-25 00:00:00+00:00
[2024-09-25T14:56:05.790+0000] {processor.py:208} INFO - Processing /home/airflow/.local/lib/python3.12/site-packages/airflow/example_dags/example_branch_day_of_week_operator.py took 0.066 seconds
[2024-09-25T14:56:36.468+0000] {processor.py:186} INFO - Started process (PID=200) to work on /home/airflow/.local/lib/python3.12/site-packages/airflow/example_dags/example_branch_day_of_week_operator.py
[2024-09-25T14:56:36.469+0000] {processor.py:914} INFO - Processing file /home/airflow/.local/lib/python3.12/site-packages/airflow/example_dags/example_branch_day_of_week_operator.py for tasks to queue
[2024-09-25T14:56:36.470+0000] {logging_mixin.py:190} INFO - [2024-09-25T14:56:36.470+0000] {dagbag.py:588} INFO - Filling up the DagBag from /home/airflow/.local/lib/python3.12/site-packages/airflow/example_dags/example_branch_day_of_week_operator.py
[2024-09-25T14:56:36.477+0000] {processor.py:925} INFO - DAG(s) 'example_weekday_branch_operator' retrieved from /home/airflow/.local/lib/python3.12/site-packages/airflow/example_dags/example_branch_day_of_week_operator.py
[2024-09-25T14:56:36.492+0000] {logging_mixin.py:190} INFO - [2024-09-25T14:56:36.492+0000] {dag.py:3239} INFO - Sync 1 DAGs
[2024-09-25T14:56:36.509+0000] {logging_mixin.py:190} INFO - [2024-09-25T14:56:36.509+0000] {dag.py:4180} INFO - Setting next_dagrun for example_weekday_branch_operator to 2024-09-24 00:00:00+00:00, run_after=2024-09-25 00:00:00+00:00
[2024-09-25T14:56:36.520+0000] {processor.py:208} INFO - Processing /home/airflow/.local/lib/python3.12/site-packages/airflow/example_dags/example_branch_day_of_week_operator.py took 0.056 seconds
[2024-09-25T14:57:07.028+0000] {processor.py:186} INFO - Started process (PID=263) to work on /home/airflow/.local/lib/python3.12/site-packages/airflow/example_dags/example_branch_day_of_week_operator.py
[2024-09-25T14:57:07.029+0000] {processor.py:914} INFO - Processing file /home/airflow/.local/lib/python3.12/site-packages/airflow/example_dags/example_branch_day_of_week_operator.py for tasks to queue
[2024-09-25T14:57:07.030+0000] {logging_mixin.py:190} INFO - [2024-09-25T14:57:07.030+0000] {dagbag.py:588} INFO - Filling up the DagBag from /home/airflow/.local/lib/python3.12/site-packages/airflow/example_dags/example_branch_day_of_week_operator.py
[2024-09-25T14:57:07.037+0000] {processor.py:925} INFO - DAG(s) 'example_weekday_branch_operator' retrieved from /home/airflow/.local/lib/python3.12/site-packages/airflow/example_dags/example_branch_day_of_week_operator.py
[2024-09-25T14:57:07.051+0000] {logging_mixin.py:190} INFO - [2024-09-25T14:57:07.051+0000] {dag.py:3239} INFO - Sync 1 DAGs
[2024-09-25T14:57:07.067+0000] {logging_mixin.py:190} INFO - [2024-09-25T14:57:07.067+0000] {dag.py:4180} INFO - Setting next_dagrun for example_weekday_branch_operator to 2024-09-24 00:00:00+00:00, run_after=2024-09-25 00:00:00+00:00
[2024-09-25T14:57:07.078+0000] {processor.py:208} INFO - Processing /home/airflow/.local/lib/python3.12/site-packages/airflow/example_dags/example_branch_day_of_week_operator.py took 0.053 seconds
[2024-09-25T14:57:37.714+0000] {processor.py:186} INFO - Started process (PID=326) to work on /home/airflow/.local/lib/python3.12/site-packages/airflow/example_dags/example_branch_day_of_week_operator.py
[2024-09-25T14:57:37.714+0000] {processor.py:914} INFO - Processing file /home/airflow/.local/lib/python3.12/site-packages/airflow/example_dags/example_branch_day_of_week_operator.py for tasks to queue
[2024-09-25T14:57:37.716+0000] {logging_mixin.py:190} INFO - [2024-09-25T14:57:37.716+0000] {dagbag.py:588} INFO - Filling up the DagBag from /home/airflow/.local/lib/python3.12/site-packages/airflow/example_dags/example_branch_day_of_week_operator.py
[2024-09-25T14:57:37.723+0000] {processor.py:925} INFO - DAG(s) 'example_weekday_branch_operator' retrieved from /home/airflow/.local/lib/python3.12/site-packages/airflow/example_dags/example_branch_day_of_week_operator.py
[2024-09-25T14:57:37.738+0000] {logging_mixin.py:190} INFO - [2024-09-25T14:57:37.737+0000] {dag.py:3239} INFO - Sync 1 DAGs
[2024-09-25T14:57:37.755+0000] {logging_mixin.py:190} INFO - [2024-09-25T14:57:37.755+0000] {dag.py:4180} INFO - Setting next_dagrun for example_weekday_branch_operator to 2024-09-24 00:00:00+00:00, run_after=2024-09-25 00:00:00+00:00
[2024-09-25T14:57:37.767+0000] {processor.py:208} INFO - Processing /home/airflow/.local/lib/python3.12/site-packages/airflow/example_dags/example_branch_day_of_week_operator.py took 0.058 seconds
[2024-09-25T14:58:08.536+0000] {processor.py:186} INFO - Started process (PID=389) to work on /home/airflow/.local/lib/python3.12/site-packages/airflow/example_dags/example_branch_day_of_week_operator.py
[2024-09-25T14:58:08.537+0000] {processor.py:914} INFO - Processing file /home/airflow/.local/lib/python3.12/site-packages/airflow/example_dags/example_branch_day_of_week_operator.py for tasks to queue
[2024-09-25T14:58:08.539+0000] {logging_mixin.py:190} INFO - [2024-09-25T14:58:08.538+0000] {dagbag.py:588} INFO - Filling up the DagBag from /home/airflow/.local/lib/python3.12/site-packages/airflow/example_dags/example_branch_day_of_week_operator.py
[2024-09-25T14:58:08.545+0000] {processor.py:925} INFO - DAG(s) 'example_weekday_branch_operator' retrieved from /home/airflow/.local/lib/python3.12/site-packages/airflow/example_dags/example_branch_day_of_week_operator.py
[2024-09-25T14:58:08.559+0000] {logging_mixin.py:190} INFO - [2024-09-25T14:58:08.559+0000] {dag.py:3239} INFO - Sync 1 DAGs
[2024-09-25T14:58:08.575+0000] {logging_mixin.py:190} INFO - [2024-09-25T14:58:08.575+0000] {dag.py:4180} INFO - Setting next_dagrun for example_weekday_branch_operator to 2024-09-24 00:00:00+00:00, run_after=2024-09-25 00:00:00+00:00
[2024-09-25T14:58:08.586+0000] {processor.py:208} INFO - Processing /home/airflow/.local/lib/python3.12/site-packages/airflow/example_dags/example_branch_day_of_week_operator.py took 0.054 seconds
