[2024-09-25T14:55:35.172+0000] {processor.py:186} INFO - Started process (PID=75) to work on /home/airflow/.local/lib/python3.12/site-packages/airflow/example_dags/example_skip_dag.py
[2024-09-25T14:55:35.173+0000] {processor.py:914} INFO - Processing file /home/airflow/.local/lib/python3.12/site-packages/airflow/example_dags/example_skip_dag.py for tasks to queue
[2024-09-25T14:55:35.174+0000] {logging_mixin.py:190} INFO - [2024-09-25T14:55:35.174+0000] {dagbag.py:588} INFO - Filling up the DagBag from /home/airflow/.local/lib/python3.12/site-packages/airflow/example_dags/example_skip_dag.py
[2024-09-25T14:55:35.180+0000] {processor.py:925} INFO - DAG(s) 'example_skip_dag' retrieved from /home/airflow/.local/lib/python3.12/site-packages/airflow/example_dags/example_skip_dag.py
[2024-09-25T14:55:35.258+0000] {logging_mixin.py:190} INFO - [2024-09-25T14:55:35.258+0000] {override.py:1900} INFO - Created Permission View: can read on DAG:example_skip_dag
[2024-09-25T14:55:35.264+0000] {logging_mixin.py:190} INFO - [2024-09-25T14:55:35.264+0000] {override.py:1900} INFO - Created Permission View: can edit on DAG:example_skip_dag
[2024-09-25T14:55:35.267+0000] {logging_mixin.py:190} INFO - [2024-09-25T14:55:35.267+0000] {override.py:1900} INFO - Created Permission View: can delete on DAG:example_skip_dag
[2024-09-25T14:55:35.271+0000] {logging_mixin.py:190} INFO - [2024-09-25T14:55:35.271+0000] {override.py:1900} INFO - Created Permission View: can read on DAG Run:example_skip_dag
[2024-09-25T14:55:35.274+0000] {logging_mixin.py:190} INFO - [2024-09-25T14:55:35.274+0000] {override.py:1900} INFO - Created Permission View: can delete on DAG Run:example_skip_dag
[2024-09-25T14:55:35.277+0000] {logging_mixin.py:190} INFO - [2024-09-25T14:55:35.277+0000] {override.py:1900} INFO - Created Permission View: menu access on DAG Run:example_skip_dag
[2024-09-25T14:55:35.280+0000] {logging_mixin.py:190} INFO - [2024-09-25T14:55:35.280+0000] {override.py:1900} INFO - Created Permission View: can create on DAG Run:example_skip_dag
[2024-09-25T14:55:35.281+0000] {logging_mixin.py:190} INFO - [2024-09-25T14:55:35.280+0000] {dag.py:3239} INFO - Sync 1 DAGs
[2024-09-25T14:55:35.290+0000] {logging_mixin.py:190} INFO - [2024-09-25T14:55:35.290+0000] {dag.py:3262} INFO - Creating ORM DAG for example_skip_dag
[2024-09-25T14:55:35.297+0000] {logging_mixin.py:190} INFO - [2024-09-25T14:55:35.297+0000] {dag.py:4180} INFO - Setting next_dagrun for example_skip_dag to 2024-09-24 00:00:00+00:00, run_after=2024-09-25 00:00:00+00:00
[2024-09-25T14:55:35.307+0000] {processor.py:208} INFO - Processing /home/airflow/.local/lib/python3.12/site-packages/airflow/example_dags/example_skip_dag.py took 0.139 seconds
[2024-09-25T14:56:05.774+0000] {processor.py:186} INFO - Started process (PID=138) to work on /home/airflow/.local/lib/python3.12/site-packages/airflow/example_dags/example_skip_dag.py
[2024-09-25T14:56:05.775+0000] {processor.py:914} INFO - Processing file /home/airflow/.local/lib/python3.12/site-packages/airflow/example_dags/example_skip_dag.py for tasks to queue
[2024-09-25T14:56:05.776+0000] {logging_mixin.py:190} INFO - [2024-09-25T14:56:05.776+0000] {dagbag.py:588} INFO - Filling up the DagBag from /home/airflow/.local/lib/python3.12/site-packages/airflow/example_dags/example_skip_dag.py
[2024-09-25T14:56:05.782+0000] {processor.py:925} INFO - DAG(s) 'example_skip_dag' retrieved from /home/airflow/.local/lib/python3.12/site-packages/airflow/example_dags/example_skip_dag.py
[2024-09-25T14:56:05.798+0000] {logging_mixin.py:190} INFO - [2024-09-25T14:56:05.798+0000] {dag.py:3239} INFO - Sync 1 DAGs
[2024-09-25T14:56:05.814+0000] {logging_mixin.py:190} INFO - [2024-09-25T14:56:05.814+0000] {dag.py:4180} INFO - Setting next_dagrun for example_skip_dag to 2024-09-24 00:00:00+00:00, run_after=2024-09-25 00:00:00+00:00
[2024-09-25T14:56:05.826+0000] {processor.py:208} INFO - Processing /home/airflow/.local/lib/python3.12/site-packages/airflow/example_dags/example_skip_dag.py took 0.057 seconds
[2024-09-25T14:56:36.543+0000] {processor.py:186} INFO - Started process (PID=201) to work on /home/airflow/.local/lib/python3.12/site-packages/airflow/example_dags/example_skip_dag.py
[2024-09-25T14:56:36.543+0000] {processor.py:914} INFO - Processing file /home/airflow/.local/lib/python3.12/site-packages/airflow/example_dags/example_skip_dag.py for tasks to queue
[2024-09-25T14:56:36.545+0000] {logging_mixin.py:190} INFO - [2024-09-25T14:56:36.545+0000] {dagbag.py:588} INFO - Filling up the DagBag from /home/airflow/.local/lib/python3.12/site-packages/airflow/example_dags/example_skip_dag.py
[2024-09-25T14:56:36.551+0000] {processor.py:925} INFO - DAG(s) 'example_skip_dag' retrieved from /home/airflow/.local/lib/python3.12/site-packages/airflow/example_dags/example_skip_dag.py
[2024-09-25T14:56:36.567+0000] {logging_mixin.py:190} INFO - [2024-09-25T14:56:36.567+0000] {dag.py:3239} INFO - Sync 1 DAGs
[2024-09-25T14:56:36.583+0000] {logging_mixin.py:190} INFO - [2024-09-25T14:56:36.582+0000] {dag.py:4180} INFO - Setting next_dagrun for example_skip_dag to 2024-09-24 00:00:00+00:00, run_after=2024-09-25 00:00:00+00:00
[2024-09-25T14:56:36.593+0000] {processor.py:208} INFO - Processing /home/airflow/.local/lib/python3.12/site-packages/airflow/example_dags/example_skip_dag.py took 0.054 seconds
[2024-09-25T14:57:07.100+0000] {processor.py:186} INFO - Started process (PID=264) to work on /home/airflow/.local/lib/python3.12/site-packages/airflow/example_dags/example_skip_dag.py
[2024-09-25T14:57:07.100+0000] {processor.py:914} INFO - Processing file /home/airflow/.local/lib/python3.12/site-packages/airflow/example_dags/example_skip_dag.py for tasks to queue
[2024-09-25T14:57:07.102+0000] {logging_mixin.py:190} INFO - [2024-09-25T14:57:07.102+0000] {dagbag.py:588} INFO - Filling up the DagBag from /home/airflow/.local/lib/python3.12/site-packages/airflow/example_dags/example_skip_dag.py
[2024-09-25T14:57:07.108+0000] {processor.py:925} INFO - DAG(s) 'example_skip_dag' retrieved from /home/airflow/.local/lib/python3.12/site-packages/airflow/example_dags/example_skip_dag.py
[2024-09-25T14:57:07.123+0000] {logging_mixin.py:190} INFO - [2024-09-25T14:57:07.123+0000] {dag.py:3239} INFO - Sync 1 DAGs
[2024-09-25T14:57:07.140+0000] {logging_mixin.py:190} INFO - [2024-09-25T14:57:07.140+0000] {dag.py:4180} INFO - Setting next_dagrun for example_skip_dag to 2024-09-24 00:00:00+00:00, run_after=2024-09-25 00:00:00+00:00
[2024-09-25T14:57:07.151+0000] {processor.py:208} INFO - Processing /home/airflow/.local/lib/python3.12/site-packages/airflow/example_dags/example_skip_dag.py took 0.056 seconds
[2024-09-25T14:57:37.791+0000] {processor.py:186} INFO - Started process (PID=327) to work on /home/airflow/.local/lib/python3.12/site-packages/airflow/example_dags/example_skip_dag.py
[2024-09-25T14:57:37.792+0000] {processor.py:914} INFO - Processing file /home/airflow/.local/lib/python3.12/site-packages/airflow/example_dags/example_skip_dag.py for tasks to queue
[2024-09-25T14:57:37.793+0000] {logging_mixin.py:190} INFO - [2024-09-25T14:57:37.793+0000] {dagbag.py:588} INFO - Filling up the DagBag from /home/airflow/.local/lib/python3.12/site-packages/airflow/example_dags/example_skip_dag.py
[2024-09-25T14:57:37.799+0000] {processor.py:925} INFO - DAG(s) 'example_skip_dag' retrieved from /home/airflow/.local/lib/python3.12/site-packages/airflow/example_dags/example_skip_dag.py
[2024-09-25T14:57:37.816+0000] {logging_mixin.py:190} INFO - [2024-09-25T14:57:37.816+0000] {dag.py:3239} INFO - Sync 1 DAGs
[2024-09-25T14:57:37.833+0000] {logging_mixin.py:190} INFO - [2024-09-25T14:57:37.833+0000] {dag.py:4180} INFO - Setting next_dagrun for example_skip_dag to 2024-09-24 00:00:00+00:00, run_after=2024-09-25 00:00:00+00:00
[2024-09-25T14:57:37.844+0000] {processor.py:208} INFO - Processing /home/airflow/.local/lib/python3.12/site-packages/airflow/example_dags/example_skip_dag.py took 0.057 seconds
[2024-09-25T14:58:08.608+0000] {processor.py:186} INFO - Started process (PID=390) to work on /home/airflow/.local/lib/python3.12/site-packages/airflow/example_dags/example_skip_dag.py
[2024-09-25T14:58:08.609+0000] {processor.py:914} INFO - Processing file /home/airflow/.local/lib/python3.12/site-packages/airflow/example_dags/example_skip_dag.py for tasks to queue
[2024-09-25T14:58:08.611+0000] {logging_mixin.py:190} INFO - [2024-09-25T14:58:08.611+0000] {dagbag.py:588} INFO - Filling up the DagBag from /home/airflow/.local/lib/python3.12/site-packages/airflow/example_dags/example_skip_dag.py
[2024-09-25T14:58:08.617+0000] {processor.py:925} INFO - DAG(s) 'example_skip_dag' retrieved from /home/airflow/.local/lib/python3.12/site-packages/airflow/example_dags/example_skip_dag.py
[2024-09-25T14:58:08.634+0000] {logging_mixin.py:190} INFO - [2024-09-25T14:58:08.634+0000] {dag.py:3239} INFO - Sync 1 DAGs
[2024-09-25T14:58:08.652+0000] {logging_mixin.py:190} INFO - [2024-09-25T14:58:08.652+0000] {dag.py:4180} INFO - Setting next_dagrun for example_skip_dag to 2024-09-24 00:00:00+00:00, run_after=2024-09-25 00:00:00+00:00
[2024-09-25T14:58:08.664+0000] {processor.py:208} INFO - Processing /home/airflow/.local/lib/python3.12/site-packages/airflow/example_dags/example_skip_dag.py took 0.059 seconds
