[2024-09-25T14:55:35.231+0000] {processor.py:186} INFO - Started process (PID=76) to work on /home/airflow/.local/lib/python3.12/site-packages/airflow/example_dags/example_trigger_controller_dag.py
[2024-09-25T14:55:35.231+0000] {processor.py:914} INFO - Processing file /home/airflow/.local/lib/python3.12/site-packages/airflow/example_dags/example_trigger_controller_dag.py for tasks to queue
[2024-09-25T14:55:35.233+0000] {logging_mixin.py:190} INFO - [2024-09-25T14:55:35.233+0000] {dagbag.py:588} INFO - Filling up the DagBag from /home/airflow/.local/lib/python3.12/site-packages/airflow/example_dags/example_trigger_controller_dag.py
[2024-09-25T14:55:35.237+0000] {processor.py:925} INFO - DAG(s) 'example_trigger_controller_dag' retrieved from /home/airflow/.local/lib/python3.12/site-packages/airflow/example_dags/example_trigger_controller_dag.py
[2024-09-25T14:55:35.311+0000] {logging_mixin.py:190} INFO - [2024-09-25T14:55:35.310+0000] {override.py:1900} INFO - Created Permission View: can read on DAG:example_trigger_controller_dag
[2024-09-25T14:55:35.316+0000] {logging_mixin.py:190} INFO - [2024-09-25T14:55:35.316+0000] {override.py:1900} INFO - Created Permission View: can edit on DAG:example_trigger_controller_dag
[2024-09-25T14:55:35.320+0000] {logging_mixin.py:190} INFO - [2024-09-25T14:55:35.319+0000] {override.py:1900} INFO - Created Permission View: can delete on DAG:example_trigger_controller_dag
[2024-09-25T14:55:35.323+0000] {logging_mixin.py:190} INFO - [2024-09-25T14:55:35.323+0000] {override.py:1900} INFO - Created Permission View: can read on DAG Run:example_trigger_controller_dag
[2024-09-25T14:55:35.326+0000] {logging_mixin.py:190} INFO - [2024-09-25T14:55:35.326+0000] {override.py:1900} INFO - Created Permission View: can delete on DAG Run:example_trigger_controller_dag
[2024-09-25T14:55:35.330+0000] {logging_mixin.py:190} INFO - [2024-09-25T14:55:35.330+0000] {override.py:1900} INFO - Created Permission View: menu access on DAG Run:example_trigger_controller_dag
[2024-09-25T14:55:35.333+0000] {logging_mixin.py:190} INFO - [2024-09-25T14:55:35.333+0000] {override.py:1900} INFO - Created Permission View: can create on DAG Run:example_trigger_controller_dag
[2024-09-25T14:55:35.333+0000] {logging_mixin.py:190} INFO - [2024-09-25T14:55:35.333+0000] {dag.py:3239} INFO - Sync 1 DAGs
[2024-09-25T14:55:35.344+0000] {logging_mixin.py:190} INFO - [2024-09-25T14:55:35.344+0000] {dag.py:3262} INFO - Creating ORM DAG for example_trigger_controller_dag
[2024-09-25T14:55:35.351+0000] {logging_mixin.py:190} INFO - [2024-09-25T14:55:35.351+0000] {dag.py:4180} INFO - Setting next_dagrun for example_trigger_controller_dag to 2021-01-01 00:00:00+00:00, run_after=2021-01-01 00:00:00+00:00
[2024-09-25T14:55:35.362+0000] {processor.py:208} INFO - Processing /home/airflow/.local/lib/python3.12/site-packages/airflow/example_dags/example_trigger_controller_dag.py took 0.136 seconds
[2024-09-25T14:56:05.816+0000] {processor.py:186} INFO - Started process (PID=139) to work on /home/airflow/.local/lib/python3.12/site-packages/airflow/example_dags/example_trigger_controller_dag.py
[2024-09-25T14:56:05.816+0000] {processor.py:914} INFO - Processing file /home/airflow/.local/lib/python3.12/site-packages/airflow/example_dags/example_trigger_controller_dag.py for tasks to queue
[2024-09-25T14:56:05.818+0000] {logging_mixin.py:190} INFO - [2024-09-25T14:56:05.818+0000] {dagbag.py:588} INFO - Filling up the DagBag from /home/airflow/.local/lib/python3.12/site-packages/airflow/example_dags/example_trigger_controller_dag.py
[2024-09-25T14:56:05.824+0000] {processor.py:925} INFO - DAG(s) 'example_trigger_controller_dag' retrieved from /home/airflow/.local/lib/python3.12/site-packages/airflow/example_dags/example_trigger_controller_dag.py
[2024-09-25T14:56:05.838+0000] {logging_mixin.py:190} INFO - [2024-09-25T14:56:05.838+0000] {dag.py:3239} INFO - Sync 1 DAGs
[2024-09-25T14:56:05.856+0000] {logging_mixin.py:190} INFO - [2024-09-25T14:56:05.856+0000] {dag.py:4180} INFO - Setting next_dagrun for example_trigger_controller_dag to 2021-01-01 00:00:00+00:00, run_after=2021-01-01 00:00:00+00:00
[2024-09-25T14:56:05.869+0000] {processor.py:208} INFO - Processing /home/airflow/.local/lib/python3.12/site-packages/airflow/example_dags/example_trigger_controller_dag.py took 0.058 seconds
[2024-09-25T14:56:36.548+0000] {processor.py:186} INFO - Started process (PID=202) to work on /home/airflow/.local/lib/python3.12/site-packages/airflow/example_dags/example_trigger_controller_dag.py
[2024-09-25T14:56:36.549+0000] {processor.py:914} INFO - Processing file /home/airflow/.local/lib/python3.12/site-packages/airflow/example_dags/example_trigger_controller_dag.py for tasks to queue
[2024-09-25T14:56:36.551+0000] {logging_mixin.py:190} INFO - [2024-09-25T14:56:36.550+0000] {dagbag.py:588} INFO - Filling up the DagBag from /home/airflow/.local/lib/python3.12/site-packages/airflow/example_dags/example_trigger_controller_dag.py
[2024-09-25T14:56:36.555+0000] {processor.py:925} INFO - DAG(s) 'example_trigger_controller_dag' retrieved from /home/airflow/.local/lib/python3.12/site-packages/airflow/example_dags/example_trigger_controller_dag.py
[2024-09-25T14:56:36.568+0000] {logging_mixin.py:190} INFO - [2024-09-25T14:56:36.568+0000] {dag.py:3239} INFO - Sync 1 DAGs
[2024-09-25T14:56:36.582+0000] {logging_mixin.py:190} INFO - [2024-09-25T14:56:36.582+0000] {dag.py:4180} INFO - Setting next_dagrun for example_trigger_controller_dag to 2021-01-01 00:00:00+00:00, run_after=2021-01-01 00:00:00+00:00
[2024-09-25T14:56:36.593+0000] {processor.py:208} INFO - Processing /home/airflow/.local/lib/python3.12/site-packages/airflow/example_dags/example_trigger_controller_dag.py took 0.048 seconds
[2024-09-25T14:57:07.105+0000] {processor.py:186} INFO - Started process (PID=265) to work on /home/airflow/.local/lib/python3.12/site-packages/airflow/example_dags/example_trigger_controller_dag.py
[2024-09-25T14:57:07.106+0000] {processor.py:914} INFO - Processing file /home/airflow/.local/lib/python3.12/site-packages/airflow/example_dags/example_trigger_controller_dag.py for tasks to queue
[2024-09-25T14:57:07.108+0000] {logging_mixin.py:190} INFO - [2024-09-25T14:57:07.107+0000] {dagbag.py:588} INFO - Filling up the DagBag from /home/airflow/.local/lib/python3.12/site-packages/airflow/example_dags/example_trigger_controller_dag.py
[2024-09-25T14:57:07.112+0000] {processor.py:925} INFO - DAG(s) 'example_trigger_controller_dag' retrieved from /home/airflow/.local/lib/python3.12/site-packages/airflow/example_dags/example_trigger_controller_dag.py
[2024-09-25T14:57:07.125+0000] {logging_mixin.py:190} INFO - [2024-09-25T14:57:07.125+0000] {dag.py:3239} INFO - Sync 1 DAGs
[2024-09-25T14:57:07.141+0000] {logging_mixin.py:190} INFO - [2024-09-25T14:57:07.141+0000] {dag.py:4180} INFO - Setting next_dagrun for example_trigger_controller_dag to 2021-01-01 00:00:00+00:00, run_after=2021-01-01 00:00:00+00:00
[2024-09-25T14:57:07.152+0000] {processor.py:208} INFO - Processing /home/airflow/.local/lib/python3.12/site-packages/airflow/example_dags/example_trigger_controller_dag.py took 0.050 seconds
[2024-09-25T14:57:37.798+0000] {processor.py:186} INFO - Started process (PID=328) to work on /home/airflow/.local/lib/python3.12/site-packages/airflow/example_dags/example_trigger_controller_dag.py
[2024-09-25T14:57:37.798+0000] {processor.py:914} INFO - Processing file /home/airflow/.local/lib/python3.12/site-packages/airflow/example_dags/example_trigger_controller_dag.py for tasks to queue
[2024-09-25T14:57:37.800+0000] {logging_mixin.py:190} INFO - [2024-09-25T14:57:37.800+0000] {dagbag.py:588} INFO - Filling up the DagBag from /home/airflow/.local/lib/python3.12/site-packages/airflow/example_dags/example_trigger_controller_dag.py
[2024-09-25T14:57:37.805+0000] {processor.py:925} INFO - DAG(s) 'example_trigger_controller_dag' retrieved from /home/airflow/.local/lib/python3.12/site-packages/airflow/example_dags/example_trigger_controller_dag.py
[2024-09-25T14:57:37.820+0000] {logging_mixin.py:190} INFO - [2024-09-25T14:57:37.820+0000] {dag.py:3239} INFO - Sync 1 DAGs
[2024-09-25T14:57:37.837+0000] {logging_mixin.py:190} INFO - [2024-09-25T14:57:37.837+0000] {dag.py:4180} INFO - Setting next_dagrun for example_trigger_controller_dag to 2021-01-01 00:00:00+00:00, run_after=2021-01-01 00:00:00+00:00
[2024-09-25T14:57:37.850+0000] {processor.py:208} INFO - Processing /home/airflow/.local/lib/python3.12/site-packages/airflow/example_dags/example_trigger_controller_dag.py took 0.056 seconds
[2024-09-25T14:58:08.617+0000] {processor.py:186} INFO - Started process (PID=391) to work on /home/airflow/.local/lib/python3.12/site-packages/airflow/example_dags/example_trigger_controller_dag.py
[2024-09-25T14:58:08.618+0000] {processor.py:914} INFO - Processing file /home/airflow/.local/lib/python3.12/site-packages/airflow/example_dags/example_trigger_controller_dag.py for tasks to queue
[2024-09-25T14:58:08.620+0000] {logging_mixin.py:190} INFO - [2024-09-25T14:58:08.620+0000] {dagbag.py:588} INFO - Filling up the DagBag from /home/airflow/.local/lib/python3.12/site-packages/airflow/example_dags/example_trigger_controller_dag.py
[2024-09-25T14:58:08.626+0000] {processor.py:925} INFO - DAG(s) 'example_trigger_controller_dag' retrieved from /home/airflow/.local/lib/python3.12/site-packages/airflow/example_dags/example_trigger_controller_dag.py
[2024-09-25T14:58:08.642+0000] {logging_mixin.py:190} INFO - [2024-09-25T14:58:08.641+0000] {dag.py:3239} INFO - Sync 1 DAGs
[2024-09-25T14:58:08.659+0000] {logging_mixin.py:190} INFO - [2024-09-25T14:58:08.659+0000] {dag.py:4180} INFO - Setting next_dagrun for example_trigger_controller_dag to 2021-01-01 00:00:00+00:00, run_after=2021-01-01 00:00:00+00:00
[2024-09-25T14:58:08.670+0000] {processor.py:208} INFO - Processing /home/airflow/.local/lib/python3.12/site-packages/airflow/example_dags/example_trigger_controller_dag.py took 0.058 seconds
