[2024-09-25T14:55:34.558+0000] {processor.py:186} INFO - Started process (PID=70) to work on /home/airflow/.local/lib/python3.12/site-packages/airflow/example_dags/example_branch_python_dop_operator_3.py
[2024-09-25T14:55:34.558+0000] {processor.py:914} INFO - Processing file /home/airflow/.local/lib/python3.12/site-packages/airflow/example_dags/example_branch_python_dop_operator_3.py for tasks to queue
[2024-09-25T14:55:34.560+0000] {logging_mixin.py:190} INFO - [2024-09-25T14:55:34.560+0000] {dagbag.py:588} INFO - Filling up the DagBag from /home/airflow/.local/lib/python3.12/site-packages/airflow/example_dags/example_branch_python_dop_operator_3.py
[2024-09-25T14:55:34.569+0000] {processor.py:925} INFO - DAG(s) 'example_branch_dop_operator_v3' retrieved from /home/airflow/.local/lib/python3.12/site-packages/airflow/example_dags/example_branch_python_dop_operator_3.py
[2024-09-25T14:55:34.650+0000] {logging_mixin.py:190} INFO - [2024-09-25T14:55:34.649+0000] {override.py:1900} INFO - Created Permission View: can read on DAG:example_branch_dop_operator_v3
[2024-09-25T14:55:34.655+0000] {logging_mixin.py:190} INFO - [2024-09-25T14:55:34.655+0000] {override.py:1900} INFO - Created Permission View: can edit on DAG:example_branch_dop_operator_v3
[2024-09-25T14:55:34.659+0000] {logging_mixin.py:190} INFO - [2024-09-25T14:55:34.659+0000] {override.py:1900} INFO - Created Permission View: can delete on DAG:example_branch_dop_operator_v3
[2024-09-25T14:55:34.663+0000] {logging_mixin.py:190} INFO - [2024-09-25T14:55:34.663+0000] {override.py:1900} INFO - Created Permission View: can read on DAG Run:example_branch_dop_operator_v3
[2024-09-25T14:55:34.666+0000] {logging_mixin.py:190} INFO - [2024-09-25T14:55:34.666+0000] {override.py:1900} INFO - Created Permission View: can delete on DAG Run:example_branch_dop_operator_v3
[2024-09-25T14:55:34.670+0000] {logging_mixin.py:190} INFO - [2024-09-25T14:55:34.669+0000] {override.py:1900} INFO - Created Permission View: menu access on DAG Run:example_branch_dop_operator_v3
[2024-09-25T14:55:34.673+0000] {logging_mixin.py:190} INFO - [2024-09-25T14:55:34.673+0000] {override.py:1900} INFO - Created Permission View: can create on DAG Run:example_branch_dop_operator_v3
[2024-09-25T14:55:34.673+0000] {logging_mixin.py:190} INFO - [2024-09-25T14:55:34.673+0000] {dag.py:3239} INFO - Sync 1 DAGs
[2024-09-25T14:55:34.682+0000] {logging_mixin.py:190} INFO - [2024-09-25T14:55:34.682+0000] {dag.py:3262} INFO - Creating ORM DAG for example_branch_dop_operator_v3
[2024-09-25T14:55:34.693+0000] {logging_mixin.py:190} INFO - [2024-09-25T14:55:34.693+0000] {dag.py:4180} INFO - Setting next_dagrun for example_branch_dop_operator_v3 to 2024-09-25 14:54:00+00:00, run_after=2024-09-25 14:55:00+00:00
[2024-09-25T14:55:34.703+0000] {processor.py:208} INFO - Processing /home/airflow/.local/lib/python3.12/site-packages/airflow/example_dags/example_branch_python_dop_operator_3.py took 0.149 seconds
[2024-09-25T14:56:05.497+0000] {processor.py:186} INFO - Started process (PID=133) to work on /home/airflow/.local/lib/python3.12/site-packages/airflow/example_dags/example_branch_python_dop_operator_3.py
[2024-09-25T14:56:05.497+0000] {processor.py:914} INFO - Processing file /home/airflow/.local/lib/python3.12/site-packages/airflow/example_dags/example_branch_python_dop_operator_3.py for tasks to queue
[2024-09-25T14:56:05.499+0000] {logging_mixin.py:190} INFO - [2024-09-25T14:56:05.499+0000] {dagbag.py:588} INFO - Filling up the DagBag from /home/airflow/.local/lib/python3.12/site-packages/airflow/example_dags/example_branch_python_dop_operator_3.py
[2024-09-25T14:56:05.507+0000] {processor.py:925} INFO - DAG(s) 'example_branch_dop_operator_v3' retrieved from /home/airflow/.local/lib/python3.12/site-packages/airflow/example_dags/example_branch_python_dop_operator_3.py
[2024-09-25T14:56:05.524+0000] {logging_mixin.py:190} INFO - [2024-09-25T14:56:05.524+0000] {dag.py:3239} INFO - Sync 1 DAGs
[2024-09-25T14:56:05.545+0000] {logging_mixin.py:190} INFO - [2024-09-25T14:56:05.545+0000] {dag.py:4180} INFO - Setting next_dagrun for example_branch_dop_operator_v3 to 2024-09-25 14:55:00+00:00, run_after=2024-09-25 14:56:00+00:00
[2024-09-25T14:56:05.560+0000] {processor.py:208} INFO - Processing /home/airflow/.local/lib/python3.12/site-packages/airflow/example_dags/example_branch_python_dop_operator_3.py took 0.067 seconds
[2024-09-25T14:56:36.240+0000] {processor.py:186} INFO - Started process (PID=196) to work on /home/airflow/.local/lib/python3.12/site-packages/airflow/example_dags/example_branch_python_dop_operator_3.py
[2024-09-25T14:56:36.241+0000] {processor.py:914} INFO - Processing file /home/airflow/.local/lib/python3.12/site-packages/airflow/example_dags/example_branch_python_dop_operator_3.py for tasks to queue
[2024-09-25T14:56:36.243+0000] {logging_mixin.py:190} INFO - [2024-09-25T14:56:36.242+0000] {dagbag.py:588} INFO - Filling up the DagBag from /home/airflow/.local/lib/python3.12/site-packages/airflow/example_dags/example_branch_python_dop_operator_3.py
[2024-09-25T14:56:36.250+0000] {processor.py:925} INFO - DAG(s) 'example_branch_dop_operator_v3' retrieved from /home/airflow/.local/lib/python3.12/site-packages/airflow/example_dags/example_branch_python_dop_operator_3.py
[2024-09-25T14:56:36.264+0000] {logging_mixin.py:190} INFO - [2024-09-25T14:56:36.264+0000] {dag.py:3239} INFO - Sync 1 DAGs
[2024-09-25T14:56:36.282+0000] {logging_mixin.py:190} INFO - [2024-09-25T14:56:36.282+0000] {dag.py:4180} INFO - Setting next_dagrun for example_branch_dop_operator_v3 to 2024-09-25 14:55:00+00:00, run_after=2024-09-25 14:56:00+00:00
[2024-09-25T14:56:36.293+0000] {processor.py:208} INFO - Processing /home/airflow/.local/lib/python3.12/site-packages/airflow/example_dags/example_branch_python_dop_operator_3.py took 0.057 seconds
[2024-09-25T14:57:06.800+0000] {processor.py:186} INFO - Started process (PID=259) to work on /home/airflow/.local/lib/python3.12/site-packages/airflow/example_dags/example_branch_python_dop_operator_3.py
[2024-09-25T14:57:06.801+0000] {processor.py:914} INFO - Processing file /home/airflow/.local/lib/python3.12/site-packages/airflow/example_dags/example_branch_python_dop_operator_3.py for tasks to queue
[2024-09-25T14:57:06.802+0000] {logging_mixin.py:190} INFO - [2024-09-25T14:57:06.802+0000] {dagbag.py:588} INFO - Filling up the DagBag from /home/airflow/.local/lib/python3.12/site-packages/airflow/example_dags/example_branch_python_dop_operator_3.py
[2024-09-25T14:57:06.809+0000] {processor.py:925} INFO - DAG(s) 'example_branch_dop_operator_v3' retrieved from /home/airflow/.local/lib/python3.12/site-packages/airflow/example_dags/example_branch_python_dop_operator_3.py
[2024-09-25T14:57:06.823+0000] {logging_mixin.py:190} INFO - [2024-09-25T14:57:06.823+0000] {dag.py:3239} INFO - Sync 1 DAGs
[2024-09-25T14:57:06.842+0000] {logging_mixin.py:190} INFO - [2024-09-25T14:57:06.842+0000] {dag.py:4180} INFO - Setting next_dagrun for example_branch_dop_operator_v3 to 2024-09-25 14:56:00+00:00, run_after=2024-09-25 14:57:00+00:00
[2024-09-25T14:57:06.853+0000] {processor.py:208} INFO - Processing /home/airflow/.local/lib/python3.12/site-packages/airflow/example_dags/example_branch_python_dop_operator_3.py took 0.057 seconds
[2024-09-25T14:57:37.486+0000] {processor.py:186} INFO - Started process (PID=322) to work on /home/airflow/.local/lib/python3.12/site-packages/airflow/example_dags/example_branch_python_dop_operator_3.py
[2024-09-25T14:57:37.486+0000] {processor.py:914} INFO - Processing file /home/airflow/.local/lib/python3.12/site-packages/airflow/example_dags/example_branch_python_dop_operator_3.py for tasks to queue
[2024-09-25T14:57:37.488+0000] {logging_mixin.py:190} INFO - [2024-09-25T14:57:37.488+0000] {dagbag.py:588} INFO - Filling up the DagBag from /home/airflow/.local/lib/python3.12/site-packages/airflow/example_dags/example_branch_python_dop_operator_3.py
[2024-09-25T14:57:37.495+0000] {processor.py:925} INFO - DAG(s) 'example_branch_dop_operator_v3' retrieved from /home/airflow/.local/lib/python3.12/site-packages/airflow/example_dags/example_branch_python_dop_operator_3.py
[2024-09-25T14:57:37.509+0000] {logging_mixin.py:190} INFO - [2024-09-25T14:57:37.509+0000] {dag.py:3239} INFO - Sync 1 DAGs
[2024-09-25T14:57:37.527+0000] {logging_mixin.py:190} INFO - [2024-09-25T14:57:37.527+0000] {dag.py:4180} INFO - Setting next_dagrun for example_branch_dop_operator_v3 to 2024-09-25 14:56:00+00:00, run_after=2024-09-25 14:57:00+00:00
[2024-09-25T14:57:37.538+0000] {processor.py:208} INFO - Processing /home/airflow/.local/lib/python3.12/site-packages/airflow/example_dags/example_branch_python_dop_operator_3.py took 0.056 seconds
[2024-09-25T14:58:08.308+0000] {processor.py:186} INFO - Started process (PID=385) to work on /home/airflow/.local/lib/python3.12/site-packages/airflow/example_dags/example_branch_python_dop_operator_3.py
[2024-09-25T14:58:08.309+0000] {processor.py:914} INFO - Processing file /home/airflow/.local/lib/python3.12/site-packages/airflow/example_dags/example_branch_python_dop_operator_3.py for tasks to queue
[2024-09-25T14:58:08.310+0000] {logging_mixin.py:190} INFO - [2024-09-25T14:58:08.310+0000] {dagbag.py:588} INFO - Filling up the DagBag from /home/airflow/.local/lib/python3.12/site-packages/airflow/example_dags/example_branch_python_dop_operator_3.py
[2024-09-25T14:58:08.317+0000] {processor.py:925} INFO - DAG(s) 'example_branch_dop_operator_v3' retrieved from /home/airflow/.local/lib/python3.12/site-packages/airflow/example_dags/example_branch_python_dop_operator_3.py
[2024-09-25T14:58:08.331+0000] {logging_mixin.py:190} INFO - [2024-09-25T14:58:08.331+0000] {dag.py:3239} INFO - Sync 1 DAGs
[2024-09-25T14:58:08.351+0000] {logging_mixin.py:190} INFO - [2024-09-25T14:58:08.350+0000] {dag.py:4180} INFO - Setting next_dagrun for example_branch_dop_operator_v3 to 2024-09-25 14:57:00+00:00, run_after=2024-09-25 14:58:00+00:00
[2024-09-25T14:58:08.361+0000] {processor.py:208} INFO - Processing /home/airflow/.local/lib/python3.12/site-packages/airflow/example_dags/example_branch_python_dop_operator_3.py took 0.058 seconds
