[2024-09-25T14:55:33.593+0000] {processor.py:186} INFO - Started process (PID=61) to work on /home/airflow/.local/lib/python3.12/site-packages/airflow/example_dags/example_sensors.py
[2024-09-25T14:55:33.594+0000] {processor.py:914} INFO - Processing file /home/airflow/.local/lib/python3.12/site-packages/airflow/example_dags/example_sensors.py for tasks to queue
[2024-09-25T14:55:33.595+0000] {logging_mixin.py:190} INFO - [2024-09-25T14:55:33.595+0000] {dagbag.py:588} INFO - Filling up the DagBag from /home/airflow/.local/lib/python3.12/site-packages/airflow/example_dags/example_sensors.py
[2024-09-25T14:55:33.604+0000] {processor.py:925} INFO - DAG(s) 'example_sensors' retrieved from /home/airflow/.local/lib/python3.12/site-packages/airflow/example_dags/example_sensors.py
[2024-09-25T14:55:33.680+0000] {logging_mixin.py:190} INFO - [2024-09-25T14:55:33.680+0000] {override.py:1900} INFO - Created Permission View: can read on DAG:example_sensors
[2024-09-25T14:55:33.686+0000] {logging_mixin.py:190} INFO - [2024-09-25T14:55:33.686+0000] {override.py:1900} INFO - Created Permission View: can edit on DAG:example_sensors
[2024-09-25T14:55:33.689+0000] {logging_mixin.py:190} INFO - [2024-09-25T14:55:33.689+0000] {override.py:1900} INFO - Created Permission View: can delete on DAG:example_sensors
[2024-09-25T14:55:33.693+0000] {logging_mixin.py:190} INFO - [2024-09-25T14:55:33.693+0000] {override.py:1900} INFO - Created Permission View: can read on DAG Run:example_sensors
[2024-09-25T14:55:33.696+0000] {logging_mixin.py:190} INFO - [2024-09-25T14:55:33.696+0000] {override.py:1900} INFO - Created Permission View: can delete on DAG Run:example_sensors
[2024-09-25T14:55:33.699+0000] {logging_mixin.py:190} INFO - [2024-09-25T14:55:33.699+0000] {override.py:1900} INFO - Created Permission View: menu access on DAG Run:example_sensors
[2024-09-25T14:55:33.702+0000] {logging_mixin.py:190} INFO - [2024-09-25T14:55:33.702+0000] {override.py:1900} INFO - Created Permission View: can create on DAG Run:example_sensors
[2024-09-25T14:55:33.702+0000] {logging_mixin.py:190} INFO - [2024-09-25T14:55:33.702+0000] {dag.py:3239} INFO - Sync 1 DAGs
[2024-09-25T14:55:33.711+0000] {logging_mixin.py:190} INFO - [2024-09-25T14:55:33.711+0000] {dag.py:3262} INFO - Creating ORM DAG for example_sensors
[2024-09-25T14:55:33.712+0000] {logging_mixin.py:190} INFO - [2024-09-25T14:55:33.711+0000] {dag.py:4180} INFO - Setting next_dagrun for example_sensors to None, run_after=None
[2024-09-25T14:55:33.720+0000] {processor.py:208} INFO - Processing /home/airflow/.local/lib/python3.12/site-packages/airflow/example_dags/example_sensors.py took 0.131 seconds
[2024-09-25T14:56:04.078+0000] {processor.py:186} INFO - Started process (PID=124) to work on /home/airflow/.local/lib/python3.12/site-packages/airflow/example_dags/example_sensors.py
[2024-09-25T14:56:04.079+0000] {processor.py:914} INFO - Processing file /home/airflow/.local/lib/python3.12/site-packages/airflow/example_dags/example_sensors.py for tasks to queue
[2024-09-25T14:56:04.080+0000] {logging_mixin.py:190} INFO - [2024-09-25T14:56:04.080+0000] {dagbag.py:588} INFO - Filling up the DagBag from /home/airflow/.local/lib/python3.12/site-packages/airflow/example_dags/example_sensors.py
[2024-09-25T14:56:04.089+0000] {processor.py:925} INFO - DAG(s) 'example_sensors' retrieved from /home/airflow/.local/lib/python3.12/site-packages/airflow/example_dags/example_sensors.py
[2024-09-25T14:56:04.109+0000] {logging_mixin.py:190} INFO - [2024-09-25T14:56:04.109+0000] {dag.py:3239} INFO - Sync 1 DAGs
[2024-09-25T14:56:04.121+0000] {logging_mixin.py:190} INFO - [2024-09-25T14:56:04.120+0000] {dag.py:4180} INFO - Setting next_dagrun for example_sensors to None, run_after=None
[2024-09-25T14:56:04.135+0000] {processor.py:208} INFO - Processing /home/airflow/.local/lib/python3.12/site-packages/airflow/example_dags/example_sensors.py took 0.062 seconds
[2024-09-25T14:56:34.851+0000] {processor.py:186} INFO - Started process (PID=187) to work on /home/airflow/.local/lib/python3.12/site-packages/airflow/example_dags/example_sensors.py
[2024-09-25T14:56:34.852+0000] {processor.py:914} INFO - Processing file /home/airflow/.local/lib/python3.12/site-packages/airflow/example_dags/example_sensors.py for tasks to queue
[2024-09-25T14:56:34.853+0000] {logging_mixin.py:190} INFO - [2024-09-25T14:56:34.853+0000] {dagbag.py:588} INFO - Filling up the DagBag from /home/airflow/.local/lib/python3.12/site-packages/airflow/example_dags/example_sensors.py
[2024-09-25T14:56:34.861+0000] {processor.py:925} INFO - DAG(s) 'example_sensors' retrieved from /home/airflow/.local/lib/python3.12/site-packages/airflow/example_dags/example_sensors.py
[2024-09-25T14:56:34.884+0000] {logging_mixin.py:190} INFO - [2024-09-25T14:56:34.884+0000] {dag.py:3239} INFO - Sync 1 DAGs
[2024-09-25T14:56:34.896+0000] {logging_mixin.py:190} INFO - [2024-09-25T14:56:34.896+0000] {dag.py:4180} INFO - Setting next_dagrun for example_sensors to None, run_after=None
[2024-09-25T14:56:34.910+0000] {processor.py:208} INFO - Processing /home/airflow/.local/lib/python3.12/site-packages/airflow/example_dags/example_sensors.py took 0.063 seconds
[2024-09-25T14:57:05.423+0000] {processor.py:186} INFO - Started process (PID=250) to work on /home/airflow/.local/lib/python3.12/site-packages/airflow/example_dags/example_sensors.py
[2024-09-25T14:57:05.424+0000] {processor.py:914} INFO - Processing file /home/airflow/.local/lib/python3.12/site-packages/airflow/example_dags/example_sensors.py for tasks to queue
[2024-09-25T14:57:05.426+0000] {logging_mixin.py:190} INFO - [2024-09-25T14:57:05.425+0000] {dagbag.py:588} INFO - Filling up the DagBag from /home/airflow/.local/lib/python3.12/site-packages/airflow/example_dags/example_sensors.py
[2024-09-25T14:57:05.433+0000] {processor.py:925} INFO - DAG(s) 'example_sensors' retrieved from /home/airflow/.local/lib/python3.12/site-packages/airflow/example_dags/example_sensors.py
[2024-09-25T14:57:05.451+0000] {logging_mixin.py:190} INFO - [2024-09-25T14:57:05.451+0000] {dag.py:3239} INFO - Sync 1 DAGs
[2024-09-25T14:57:05.461+0000] {logging_mixin.py:190} INFO - [2024-09-25T14:57:05.461+0000] {dag.py:4180} INFO - Setting next_dagrun for example_sensors to None, run_after=None
[2024-09-25T14:57:05.472+0000] {processor.py:208} INFO - Processing /home/airflow/.local/lib/python3.12/site-packages/airflow/example_dags/example_sensors.py took 0.053 seconds
[2024-09-25T14:57:36.074+0000] {processor.py:186} INFO - Started process (PID=313) to work on /home/airflow/.local/lib/python3.12/site-packages/airflow/example_dags/example_sensors.py
[2024-09-25T14:57:36.075+0000] {processor.py:914} INFO - Processing file /home/airflow/.local/lib/python3.12/site-packages/airflow/example_dags/example_sensors.py for tasks to queue
[2024-09-25T14:57:36.076+0000] {logging_mixin.py:190} INFO - [2024-09-25T14:57:36.076+0000] {dagbag.py:588} INFO - Filling up the DagBag from /home/airflow/.local/lib/python3.12/site-packages/airflow/example_dags/example_sensors.py
[2024-09-25T14:57:36.085+0000] {processor.py:925} INFO - DAG(s) 'example_sensors' retrieved from /home/airflow/.local/lib/python3.12/site-packages/airflow/example_dags/example_sensors.py
[2024-09-25T14:57:36.106+0000] {logging_mixin.py:190} INFO - [2024-09-25T14:57:36.106+0000] {dag.py:3239} INFO - Sync 1 DAGs
[2024-09-25T14:57:36.116+0000] {logging_mixin.py:190} INFO - [2024-09-25T14:57:36.116+0000] {dag.py:4180} INFO - Setting next_dagrun for example_sensors to None, run_after=None
[2024-09-25T14:57:36.128+0000] {processor.py:208} INFO - Processing /home/airflow/.local/lib/python3.12/site-packages/airflow/example_dags/example_sensors.py took 0.058 seconds
[2024-09-25T14:58:06.919+0000] {processor.py:186} INFO - Started process (PID=376) to work on /home/airflow/.local/lib/python3.12/site-packages/airflow/example_dags/example_sensors.py
[2024-09-25T14:58:06.919+0000] {processor.py:914} INFO - Processing file /home/airflow/.local/lib/python3.12/site-packages/airflow/example_dags/example_sensors.py for tasks to queue
[2024-09-25T14:58:06.921+0000] {logging_mixin.py:190} INFO - [2024-09-25T14:58:06.921+0000] {dagbag.py:588} INFO - Filling up the DagBag from /home/airflow/.local/lib/python3.12/site-packages/airflow/example_dags/example_sensors.py
[2024-09-25T14:58:06.929+0000] {processor.py:925} INFO - DAG(s) 'example_sensors' retrieved from /home/airflow/.local/lib/python3.12/site-packages/airflow/example_dags/example_sensors.py
[2024-09-25T14:58:06.947+0000] {logging_mixin.py:190} INFO - [2024-09-25T14:58:06.947+0000] {dag.py:3239} INFO - Sync 1 DAGs
[2024-09-25T14:58:06.957+0000] {logging_mixin.py:190} INFO - [2024-09-25T14:58:06.957+0000] {dag.py:4180} INFO - Setting next_dagrun for example_sensors to None, run_after=None
[2024-09-25T14:58:06.968+0000] {processor.py:208} INFO - Processing /home/airflow/.local/lib/python3.12/site-packages/airflow/example_dags/example_sensors.py took 0.054 seconds
