[2024-09-25T14:55:32.002+0000] {processor.py:186} INFO - Started process (PID=44) to work on /home/airflow/.local/lib/python3.12/site-packages/airflow/example_dags/example_setup_teardown.py
[2024-09-25T14:55:32.002+0000] {processor.py:914} INFO - Processing file /home/airflow/.local/lib/python3.12/site-packages/airflow/example_dags/example_setup_teardown.py for tasks to queue
[2024-09-25T14:55:32.004+0000] {logging_mixin.py:190} INFO - [2024-09-25T14:55:32.003+0000] {dagbag.py:588} INFO - Filling up the DagBag from /home/airflow/.local/lib/python3.12/site-packages/airflow/example_dags/example_setup_teardown.py
[2024-09-25T14:55:32.013+0000] {processor.py:925} INFO - DAG(s) 'example_setup_teardown' retrieved from /home/airflow/.local/lib/python3.12/site-packages/airflow/example_dags/example_setup_teardown.py
[2024-09-25T14:55:32.091+0000] {logging_mixin.py:190} INFO - [2024-09-25T14:55:32.090+0000] {override.py:1900} INFO - Created Permission View: can read on DAG:example_setup_teardown
[2024-09-25T14:55:32.096+0000] {logging_mixin.py:190} INFO - [2024-09-25T14:55:32.096+0000] {override.py:1900} INFO - Created Permission View: can edit on DAG:example_setup_teardown
[2024-09-25T14:55:32.100+0000] {logging_mixin.py:190} INFO - [2024-09-25T14:55:32.100+0000] {override.py:1900} INFO - Created Permission View: can delete on DAG:example_setup_teardown
[2024-09-25T14:55:32.103+0000] {logging_mixin.py:190} INFO - [2024-09-25T14:55:32.103+0000] {override.py:1900} INFO - Created Permission View: can read on DAG Run:example_setup_teardown
[2024-09-25T14:55:32.107+0000] {logging_mixin.py:190} INFO - [2024-09-25T14:55:32.107+0000] {override.py:1900} INFO - Created Permission View: can delete on DAG Run:example_setup_teardown
[2024-09-25T14:55:32.110+0000] {logging_mixin.py:190} INFO - [2024-09-25T14:55:32.110+0000] {override.py:1900} INFO - Created Permission View: menu access on DAG Run:example_setup_teardown
[2024-09-25T14:55:32.113+0000] {logging_mixin.py:190} INFO - [2024-09-25T14:55:32.113+0000] {override.py:1900} INFO - Created Permission View: can create on DAG Run:example_setup_teardown
[2024-09-25T14:55:32.114+0000] {logging_mixin.py:190} INFO - [2024-09-25T14:55:32.113+0000] {dag.py:3239} INFO - Sync 1 DAGs
[2024-09-25T14:55:32.122+0000] {logging_mixin.py:190} INFO - [2024-09-25T14:55:32.122+0000] {dag.py:3262} INFO - Creating ORM DAG for example_setup_teardown
[2024-09-25T14:55:32.123+0000] {logging_mixin.py:190} INFO - [2024-09-25T14:55:32.122+0000] {dag.py:4180} INFO - Setting next_dagrun for example_setup_teardown to None, run_after=None
[2024-09-25T14:55:32.132+0000] {processor.py:208} INFO - Processing /home/airflow/.local/lib/python3.12/site-packages/airflow/example_dags/example_setup_teardown.py took 0.135 seconds
[2024-09-25T14:56:02.315+0000] {processor.py:186} INFO - Started process (PID=107) to work on /home/airflow/.local/lib/python3.12/site-packages/airflow/example_dags/example_setup_teardown.py
[2024-09-25T14:56:02.315+0000] {processor.py:914} INFO - Processing file /home/airflow/.local/lib/python3.12/site-packages/airflow/example_dags/example_setup_teardown.py for tasks to queue
[2024-09-25T14:56:02.317+0000] {logging_mixin.py:190} INFO - [2024-09-25T14:56:02.316+0000] {dagbag.py:588} INFO - Filling up the DagBag from /home/airflow/.local/lib/python3.12/site-packages/airflow/example_dags/example_setup_teardown.py
[2024-09-25T14:56:02.323+0000] {processor.py:925} INFO - DAG(s) 'example_setup_teardown' retrieved from /home/airflow/.local/lib/python3.12/site-packages/airflow/example_dags/example_setup_teardown.py
[2024-09-25T14:56:02.337+0000] {logging_mixin.py:190} INFO - [2024-09-25T14:56:02.337+0000] {dag.py:3239} INFO - Sync 1 DAGs
[2024-09-25T14:56:02.347+0000] {logging_mixin.py:190} INFO - [2024-09-25T14:56:02.347+0000] {dag.py:4180} INFO - Setting next_dagrun for example_setup_teardown to None, run_after=None
[2024-09-25T14:56:02.359+0000] {processor.py:208} INFO - Processing /home/airflow/.local/lib/python3.12/site-packages/airflow/example_dags/example_setup_teardown.py took 0.048 seconds
[2024-09-25T14:56:33.186+0000] {processor.py:186} INFO - Started process (PID=170) to work on /home/airflow/.local/lib/python3.12/site-packages/airflow/example_dags/example_setup_teardown.py
[2024-09-25T14:56:33.187+0000] {processor.py:914} INFO - Processing file /home/airflow/.local/lib/python3.12/site-packages/airflow/example_dags/example_setup_teardown.py for tasks to queue
[2024-09-25T14:56:33.189+0000] {logging_mixin.py:190} INFO - [2024-09-25T14:56:33.188+0000] {dagbag.py:588} INFO - Filling up the DagBag from /home/airflow/.local/lib/python3.12/site-packages/airflow/example_dags/example_setup_teardown.py
[2024-09-25T14:56:33.194+0000] {processor.py:925} INFO - DAG(s) 'example_setup_teardown' retrieved from /home/airflow/.local/lib/python3.12/site-packages/airflow/example_dags/example_setup_teardown.py
[2024-09-25T14:56:33.208+0000] {logging_mixin.py:190} INFO - [2024-09-25T14:56:33.208+0000] {dag.py:3239} INFO - Sync 1 DAGs
[2024-09-25T14:56:33.218+0000] {logging_mixin.py:190} INFO - [2024-09-25T14:56:33.218+0000] {dag.py:4180} INFO - Setting next_dagrun for example_setup_teardown to None, run_after=None
[2024-09-25T14:56:33.229+0000] {processor.py:208} INFO - Processing /home/airflow/.local/lib/python3.12/site-packages/airflow/example_dags/example_setup_teardown.py took 0.046 seconds
[2024-09-25T14:57:03.792+0000] {processor.py:186} INFO - Started process (PID=233) to work on /home/airflow/.local/lib/python3.12/site-packages/airflow/example_dags/example_setup_teardown.py
[2024-09-25T14:57:03.792+0000] {processor.py:914} INFO - Processing file /home/airflow/.local/lib/python3.12/site-packages/airflow/example_dags/example_setup_teardown.py for tasks to queue
[2024-09-25T14:57:03.794+0000] {logging_mixin.py:190} INFO - [2024-09-25T14:57:03.793+0000] {dagbag.py:588} INFO - Filling up the DagBag from /home/airflow/.local/lib/python3.12/site-packages/airflow/example_dags/example_setup_teardown.py
[2024-09-25T14:57:03.799+0000] {processor.py:925} INFO - DAG(s) 'example_setup_teardown' retrieved from /home/airflow/.local/lib/python3.12/site-packages/airflow/example_dags/example_setup_teardown.py
[2024-09-25T14:57:03.813+0000] {logging_mixin.py:190} INFO - [2024-09-25T14:57:03.813+0000] {dag.py:3239} INFO - Sync 1 DAGs
[2024-09-25T14:57:03.823+0000] {logging_mixin.py:190} INFO - [2024-09-25T14:57:03.823+0000] {dag.py:4180} INFO - Setting next_dagrun for example_setup_teardown to None, run_after=None
[2024-09-25T14:57:03.834+0000] {processor.py:208} INFO - Processing /home/airflow/.local/lib/python3.12/site-packages/airflow/example_dags/example_setup_teardown.py took 0.047 seconds
[2024-09-25T14:57:34.339+0000] {processor.py:186} INFO - Started process (PID=296) to work on /home/airflow/.local/lib/python3.12/site-packages/airflow/example_dags/example_setup_teardown.py
[2024-09-25T14:57:34.340+0000] {processor.py:914} INFO - Processing file /home/airflow/.local/lib/python3.12/site-packages/airflow/example_dags/example_setup_teardown.py for tasks to queue
[2024-09-25T14:57:34.341+0000] {logging_mixin.py:190} INFO - [2024-09-25T14:57:34.341+0000] {dagbag.py:588} INFO - Filling up the DagBag from /home/airflow/.local/lib/python3.12/site-packages/airflow/example_dags/example_setup_teardown.py
[2024-09-25T14:57:34.347+0000] {processor.py:925} INFO - DAG(s) 'example_setup_teardown' retrieved from /home/airflow/.local/lib/python3.12/site-packages/airflow/example_dags/example_setup_teardown.py
[2024-09-25T14:57:34.362+0000] {logging_mixin.py:190} INFO - [2024-09-25T14:57:34.362+0000] {dag.py:3239} INFO - Sync 1 DAGs
[2024-09-25T14:57:34.373+0000] {logging_mixin.py:190} INFO - [2024-09-25T14:57:34.372+0000] {dag.py:4180} INFO - Setting next_dagrun for example_setup_teardown to None, run_after=None
[2024-09-25T14:57:34.384+0000] {processor.py:208} INFO - Processing /home/airflow/.local/lib/python3.12/site-packages/airflow/example_dags/example_setup_teardown.py took 0.049 seconds
[2024-09-25T14:58:05.197+0000] {processor.py:186} INFO - Started process (PID=359) to work on /home/airflow/.local/lib/python3.12/site-packages/airflow/example_dags/example_setup_teardown.py
[2024-09-25T14:58:05.198+0000] {processor.py:914} INFO - Processing file /home/airflow/.local/lib/python3.12/site-packages/airflow/example_dags/example_setup_teardown.py for tasks to queue
[2024-09-25T14:58:05.200+0000] {logging_mixin.py:190} INFO - [2024-09-25T14:58:05.200+0000] {dagbag.py:588} INFO - Filling up the DagBag from /home/airflow/.local/lib/python3.12/site-packages/airflow/example_dags/example_setup_teardown.py
[2024-09-25T14:58:05.209+0000] {processor.py:925} INFO - DAG(s) 'example_setup_teardown' retrieved from /home/airflow/.local/lib/python3.12/site-packages/airflow/example_dags/example_setup_teardown.py
[2024-09-25T14:58:05.230+0000] {logging_mixin.py:190} INFO - [2024-09-25T14:58:05.230+0000] {dag.py:3239} INFO - Sync 1 DAGs
[2024-09-25T14:58:05.244+0000] {logging_mixin.py:190} INFO - [2024-09-25T14:58:05.244+0000] {dag.py:4180} INFO - Setting next_dagrun for example_setup_teardown to None, run_after=None
[2024-09-25T14:58:05.258+0000] {processor.py:208} INFO - Processing /home/airflow/.local/lib/python3.12/site-packages/airflow/example_dags/example_setup_teardown.py took 0.068 seconds
