[2024-09-25T14:55:35.737+0000] {processor.py:186} INFO - Started process (PID=81) to work on /home/airflow/.local/lib/python3.12/site-packages/airflow/example_dags/example_outlet_event_extra.py
[2024-09-25T14:55:35.738+0000] {processor.py:914} INFO - Processing file /home/airflow/.local/lib/python3.12/site-packages/airflow/example_dags/example_outlet_event_extra.py for tasks to queue
[2024-09-25T14:55:35.740+0000] {logging_mixin.py:190} INFO - [2024-09-25T14:55:35.739+0000] {dagbag.py:588} INFO - Filling up the DagBag from /home/airflow/.local/lib/python3.12/site-packages/airflow/example_dags/example_outlet_event_extra.py
[2024-09-25T14:55:35.850+0000] {processor.py:925} INFO - DAG(s) 'dataset_with_extra_by_yield', 'dataset_with_extra_from_classic_operator', 'dataset_with_extra_by_context' retrieved from /home/airflow/.local/lib/python3.12/site-packages/airflow/example_dags/example_outlet_event_extra.py
[2024-09-25T14:55:35.924+0000] {logging_mixin.py:190} INFO - [2024-09-25T14:55:35.924+0000] {override.py:1900} INFO - Created Permission View: can read on DAG:dataset_with_extra_by_yield
[2024-09-25T14:55:35.930+0000] {logging_mixin.py:190} INFO - [2024-09-25T14:55:35.930+0000] {override.py:1900} INFO - Created Permission View: can edit on DAG:dataset_with_extra_by_yield
[2024-09-25T14:55:35.933+0000] {logging_mixin.py:190} INFO - [2024-09-25T14:55:35.933+0000] {override.py:1900} INFO - Created Permission View: can delete on DAG:dataset_with_extra_by_yield
[2024-09-25T14:55:35.937+0000] {logging_mixin.py:190} INFO - [2024-09-25T14:55:35.936+0000] {override.py:1900} INFO - Created Permission View: can read on DAG Run:dataset_with_extra_by_yield
[2024-09-25T14:55:35.940+0000] {logging_mixin.py:190} INFO - [2024-09-25T14:55:35.940+0000] {override.py:1900} INFO - Created Permission View: can delete on DAG Run:dataset_with_extra_by_yield
[2024-09-25T14:55:35.944+0000] {logging_mixin.py:190} INFO - [2024-09-25T14:55:35.944+0000] {override.py:1900} INFO - Created Permission View: menu access on DAG Run:dataset_with_extra_by_yield
[2024-09-25T14:55:35.948+0000] {logging_mixin.py:190} INFO - [2024-09-25T14:55:35.947+0000] {override.py:1900} INFO - Created Permission View: can create on DAG Run:dataset_with_extra_by_yield
[2024-09-25T14:55:35.957+0000] {logging_mixin.py:190} INFO - [2024-09-25T14:55:35.957+0000] {override.py:1900} INFO - Created Permission View: can read on DAG:dataset_with_extra_from_classic_operator
[2024-09-25T14:55:35.960+0000] {logging_mixin.py:190} INFO - [2024-09-25T14:55:35.960+0000] {override.py:1900} INFO - Created Permission View: can edit on DAG:dataset_with_extra_from_classic_operator
[2024-09-25T14:55:35.964+0000] {logging_mixin.py:190} INFO - [2024-09-25T14:55:35.963+0000] {override.py:1900} INFO - Created Permission View: can delete on DAG:dataset_with_extra_from_classic_operator
[2024-09-25T14:55:35.967+0000] {logging_mixin.py:190} INFO - [2024-09-25T14:55:35.967+0000] {override.py:1900} INFO - Created Permission View: can read on DAG Run:dataset_with_extra_from_classic_operator
[2024-09-25T14:55:35.970+0000] {logging_mixin.py:190} INFO - [2024-09-25T14:55:35.970+0000] {override.py:1900} INFO - Created Permission View: can delete on DAG Run:dataset_with_extra_from_classic_operator
[2024-09-25T14:55:35.975+0000] {logging_mixin.py:190} INFO - [2024-09-25T14:55:35.975+0000] {override.py:1900} INFO - Created Permission View: menu access on DAG Run:dataset_with_extra_from_classic_operator
[2024-09-25T14:55:35.979+0000] {logging_mixin.py:190} INFO - [2024-09-25T14:55:35.979+0000] {override.py:1900} INFO - Created Permission View: can create on DAG Run:dataset_with_extra_from_classic_operator
[2024-09-25T14:55:35.986+0000] {logging_mixin.py:190} INFO - [2024-09-25T14:55:35.986+0000] {override.py:1900} INFO - Created Permission View: can read on DAG:dataset_with_extra_by_context
[2024-09-25T14:55:35.989+0000] {logging_mixin.py:190} INFO - [2024-09-25T14:55:35.989+0000] {override.py:1900} INFO - Created Permission View: can edit on DAG:dataset_with_extra_by_context
[2024-09-25T14:55:35.992+0000] {logging_mixin.py:190} INFO - [2024-09-25T14:55:35.992+0000] {override.py:1900} INFO - Created Permission View: can delete on DAG:dataset_with_extra_by_context
[2024-09-25T14:55:35.996+0000] {logging_mixin.py:190} INFO - [2024-09-25T14:55:35.996+0000] {override.py:1900} INFO - Created Permission View: can read on DAG Run:dataset_with_extra_by_context
[2024-09-25T14:55:35.999+0000] {logging_mixin.py:190} INFO - [2024-09-25T14:55:35.999+0000] {override.py:1900} INFO - Created Permission View: can delete on DAG Run:dataset_with_extra_by_context
[2024-09-25T14:55:36.003+0000] {logging_mixin.py:190} INFO - [2024-09-25T14:55:36.002+0000] {override.py:1900} INFO - Created Permission View: menu access on DAG Run:dataset_with_extra_by_context
[2024-09-25T14:55:36.006+0000] {logging_mixin.py:190} INFO - [2024-09-25T14:55:36.006+0000] {override.py:1900} INFO - Created Permission View: can create on DAG Run:dataset_with_extra_by_context
[2024-09-25T14:55:36.006+0000] {logging_mixin.py:190} INFO - [2024-09-25T14:55:36.006+0000] {dag.py:3239} INFO - Sync 3 DAGs
[2024-09-25T14:55:36.016+0000] {logging_mixin.py:190} INFO - [2024-09-25T14:55:36.016+0000] {dag.py:3262} INFO - Creating ORM DAG for dataset_with_extra_by_context
[2024-09-25T14:55:36.017+0000] {logging_mixin.py:190} INFO - [2024-09-25T14:55:36.017+0000] {dag.py:3262} INFO - Creating ORM DAG for dataset_with_extra_by_yield
[2024-09-25T14:55:36.017+0000] {logging_mixin.py:190} INFO - [2024-09-25T14:55:36.017+0000] {dag.py:3262} INFO - Creating ORM DAG for dataset_with_extra_from_classic_operator
[2024-09-25T14:55:36.024+0000] {logging_mixin.py:190} INFO - [2024-09-25T14:55:36.024+0000] {dag.py:4180} INFO - Setting next_dagrun for dataset_with_extra_by_context to 2024-09-24 00:00:00+00:00, run_after=2024-09-25 00:00:00+00:00
[2024-09-25T14:55:36.025+0000] {logging_mixin.py:190} INFO - [2024-09-25T14:55:36.025+0000] {dag.py:4180} INFO - Setting next_dagrun for dataset_with_extra_by_yield to 2024-09-24 00:00:00+00:00, run_after=2024-09-25 00:00:00+00:00
[2024-09-25T14:55:36.026+0000] {logging_mixin.py:190} INFO - [2024-09-25T14:55:36.026+0000] {dag.py:4180} INFO - Setting next_dagrun for dataset_with_extra_from_classic_operator to 2024-09-24 00:00:00+00:00, run_after=2024-09-25 00:00:00+00:00
[2024-09-25T14:55:36.039+0000] {processor.py:208} INFO - Processing /home/airflow/.local/lib/python3.12/site-packages/airflow/example_dags/example_outlet_event_extra.py took 0.306 seconds
[2024-09-25T14:56:06.101+0000] {processor.py:186} INFO - Started process (PID=143) to work on /home/airflow/.local/lib/python3.12/site-packages/airflow/example_dags/example_outlet_event_extra.py
[2024-09-25T14:56:06.102+0000] {processor.py:914} INFO - Processing file /home/airflow/.local/lib/python3.12/site-packages/airflow/example_dags/example_outlet_event_extra.py for tasks to queue
[2024-09-25T14:56:06.103+0000] {logging_mixin.py:190} INFO - [2024-09-25T14:56:06.103+0000] {dagbag.py:588} INFO - Filling up the DagBag from /home/airflow/.local/lib/python3.12/site-packages/airflow/example_dags/example_outlet_event_extra.py
[2024-09-25T14:56:06.221+0000] {processor.py:925} INFO - DAG(s) 'dataset_with_extra_by_yield', 'dataset_with_extra_from_classic_operator', 'dataset_with_extra_by_context' retrieved from /home/airflow/.local/lib/python3.12/site-packages/airflow/example_dags/example_outlet_event_extra.py
[2024-09-25T14:56:06.240+0000] {logging_mixin.py:190} INFO - [2024-09-25T14:56:06.240+0000] {dag.py:3239} INFO - Sync 3 DAGs
[2024-09-25T14:56:06.259+0000] {logging_mixin.py:190} INFO - [2024-09-25T14:56:06.258+0000] {dag.py:4180} INFO - Setting next_dagrun for dataset_with_extra_by_context to 2024-09-24 00:00:00+00:00, run_after=2024-09-25 00:00:00+00:00
[2024-09-25T14:56:06.262+0000] {logging_mixin.py:190} INFO - [2024-09-25T14:56:06.262+0000] {dag.py:4180} INFO - Setting next_dagrun for dataset_with_extra_by_yield to 2024-09-24 00:00:00+00:00, run_after=2024-09-25 00:00:00+00:00
[2024-09-25T14:56:06.263+0000] {logging_mixin.py:190} INFO - [2024-09-25T14:56:06.263+0000] {dag.py:4180} INFO - Setting next_dagrun for dataset_with_extra_from_classic_operator to 2024-09-24 00:00:00+00:00, run_after=2024-09-25 00:00:00+00:00
[2024-09-25T14:56:06.278+0000] {processor.py:208} INFO - Processing /home/airflow/.local/lib/python3.12/site-packages/airflow/example_dags/example_outlet_event_extra.py took 0.182 seconds
[2024-09-25T14:56:36.945+0000] {processor.py:186} INFO - Started process (PID=207) to work on /home/airflow/.local/lib/python3.12/site-packages/airflow/example_dags/example_outlet_event_extra.py
[2024-09-25T14:56:36.945+0000] {processor.py:914} INFO - Processing file /home/airflow/.local/lib/python3.12/site-packages/airflow/example_dags/example_outlet_event_extra.py for tasks to queue
[2024-09-25T14:56:36.947+0000] {logging_mixin.py:190} INFO - [2024-09-25T14:56:36.947+0000] {dagbag.py:588} INFO - Filling up the DagBag from /home/airflow/.local/lib/python3.12/site-packages/airflow/example_dags/example_outlet_event_extra.py
[2024-09-25T14:56:37.065+0000] {processor.py:925} INFO - DAG(s) 'dataset_with_extra_from_classic_operator', 'dataset_with_extra_by_yield', 'dataset_with_extra_by_context' retrieved from /home/airflow/.local/lib/python3.12/site-packages/airflow/example_dags/example_outlet_event_extra.py
[2024-09-25T14:56:37.082+0000] {logging_mixin.py:190} INFO - [2024-09-25T14:56:37.082+0000] {dag.py:3239} INFO - Sync 3 DAGs
[2024-09-25T14:56:37.101+0000] {logging_mixin.py:190} INFO - [2024-09-25T14:56:37.100+0000] {dag.py:4180} INFO - Setting next_dagrun for dataset_with_extra_by_context to 2024-09-24 00:00:00+00:00, run_after=2024-09-25 00:00:00+00:00
[2024-09-25T14:56:37.104+0000] {logging_mixin.py:190} INFO - [2024-09-25T14:56:37.104+0000] {dag.py:4180} INFO - Setting next_dagrun for dataset_with_extra_by_yield to 2024-09-24 00:00:00+00:00, run_after=2024-09-25 00:00:00+00:00
[2024-09-25T14:56:37.105+0000] {logging_mixin.py:190} INFO - [2024-09-25T14:56:37.105+0000] {dag.py:4180} INFO - Setting next_dagrun for dataset_with_extra_from_classic_operator to 2024-09-24 00:00:00+00:00, run_after=2024-09-25 00:00:00+00:00
[2024-09-25T14:56:37.119+0000] {processor.py:208} INFO - Processing /home/airflow/.local/lib/python3.12/site-packages/airflow/example_dags/example_outlet_event_extra.py took 0.178 seconds
[2024-09-25T14:57:07.426+0000] {processor.py:186} INFO - Started process (PID=270) to work on /home/airflow/.local/lib/python3.12/site-packages/airflow/example_dags/example_outlet_event_extra.py
[2024-09-25T14:57:07.426+0000] {processor.py:914} INFO - Processing file /home/airflow/.local/lib/python3.12/site-packages/airflow/example_dags/example_outlet_event_extra.py for tasks to queue
[2024-09-25T14:57:07.428+0000] {logging_mixin.py:190} INFO - [2024-09-25T14:57:07.428+0000] {dagbag.py:588} INFO - Filling up the DagBag from /home/airflow/.local/lib/python3.12/site-packages/airflow/example_dags/example_outlet_event_extra.py
[2024-09-25T14:57:07.533+0000] {processor.py:925} INFO - DAG(s) 'dataset_with_extra_by_yield', 'dataset_with_extra_from_classic_operator', 'dataset_with_extra_by_context' retrieved from /home/airflow/.local/lib/python3.12/site-packages/airflow/example_dags/example_outlet_event_extra.py
[2024-09-25T14:57:07.552+0000] {logging_mixin.py:190} INFO - [2024-09-25T14:57:07.551+0000] {dag.py:3239} INFO - Sync 3 DAGs
[2024-09-25T14:57:07.569+0000] {logging_mixin.py:190} INFO - [2024-09-25T14:57:07.569+0000] {dag.py:4180} INFO - Setting next_dagrun for dataset_with_extra_by_context to 2024-09-24 00:00:00+00:00, run_after=2024-09-25 00:00:00+00:00
[2024-09-25T14:57:07.572+0000] {logging_mixin.py:190} INFO - [2024-09-25T14:57:07.571+0000] {dag.py:4180} INFO - Setting next_dagrun for dataset_with_extra_by_yield to 2024-09-24 00:00:00+00:00, run_after=2024-09-25 00:00:00+00:00
[2024-09-25T14:57:07.573+0000] {logging_mixin.py:190} INFO - [2024-09-25T14:57:07.573+0000] {dag.py:4180} INFO - Setting next_dagrun for dataset_with_extra_from_classic_operator to 2024-09-24 00:00:00+00:00, run_after=2024-09-25 00:00:00+00:00
[2024-09-25T14:57:07.587+0000] {processor.py:208} INFO - Processing /home/airflow/.local/lib/python3.12/site-packages/airflow/example_dags/example_outlet_event_extra.py took 0.165 seconds
[2024-09-25T14:57:38.225+0000] {processor.py:186} INFO - Started process (PID=333) to work on /home/airflow/.local/lib/python3.12/site-packages/airflow/example_dags/example_outlet_event_extra.py
[2024-09-25T14:57:38.226+0000] {processor.py:914} INFO - Processing file /home/airflow/.local/lib/python3.12/site-packages/airflow/example_dags/example_outlet_event_extra.py for tasks to queue
[2024-09-25T14:57:38.227+0000] {logging_mixin.py:190} INFO - [2024-09-25T14:57:38.227+0000] {dagbag.py:588} INFO - Filling up the DagBag from /home/airflow/.local/lib/python3.12/site-packages/airflow/example_dags/example_outlet_event_extra.py
[2024-09-25T14:57:38.342+0000] {processor.py:925} INFO - DAG(s) 'dataset_with_extra_from_classic_operator', 'dataset_with_extra_by_yield', 'dataset_with_extra_by_context' retrieved from /home/airflow/.local/lib/python3.12/site-packages/airflow/example_dags/example_outlet_event_extra.py
[2024-09-25T14:57:38.362+0000] {logging_mixin.py:190} INFO - [2024-09-25T14:57:38.361+0000] {dag.py:3239} INFO - Sync 3 DAGs
[2024-09-25T14:57:38.383+0000] {logging_mixin.py:190} INFO - [2024-09-25T14:57:38.382+0000] {dag.py:4180} INFO - Setting next_dagrun for dataset_with_extra_by_context to 2024-09-24 00:00:00+00:00, run_after=2024-09-25 00:00:00+00:00
[2024-09-25T14:57:38.386+0000] {logging_mixin.py:190} INFO - [2024-09-25T14:57:38.386+0000] {dag.py:4180} INFO - Setting next_dagrun for dataset_with_extra_by_yield to 2024-09-24 00:00:00+00:00, run_after=2024-09-25 00:00:00+00:00
[2024-09-25T14:57:38.388+0000] {logging_mixin.py:190} INFO - [2024-09-25T14:57:38.388+0000] {dag.py:4180} INFO - Setting next_dagrun for dataset_with_extra_from_classic_operator to 2024-09-24 00:00:00+00:00, run_after=2024-09-25 00:00:00+00:00
[2024-09-25T14:57:38.403+0000] {processor.py:208} INFO - Processing /home/airflow/.local/lib/python3.12/site-packages/airflow/example_dags/example_outlet_event_extra.py took 0.182 seconds
[2024-09-25T14:58:09.083+0000] {processor.py:186} INFO - Started process (PID=396) to work on /home/airflow/.local/lib/python3.12/site-packages/airflow/example_dags/example_outlet_event_extra.py
[2024-09-25T14:58:09.084+0000] {processor.py:914} INFO - Processing file /home/airflow/.local/lib/python3.12/site-packages/airflow/example_dags/example_outlet_event_extra.py for tasks to queue
[2024-09-25T14:58:09.086+0000] {logging_mixin.py:190} INFO - [2024-09-25T14:58:09.086+0000] {dagbag.py:588} INFO - Filling up the DagBag from /home/airflow/.local/lib/python3.12/site-packages/airflow/example_dags/example_outlet_event_extra.py
[2024-09-25T14:58:09.195+0000] {processor.py:925} INFO - DAG(s) 'dataset_with_extra_by_context', 'dataset_with_extra_from_classic_operator', 'dataset_with_extra_by_yield' retrieved from /home/airflow/.local/lib/python3.12/site-packages/airflow/example_dags/example_outlet_event_extra.py
[2024-09-25T14:58:09.211+0000] {logging_mixin.py:190} INFO - [2024-09-25T14:58:09.211+0000] {dag.py:3239} INFO - Sync 3 DAGs
[2024-09-25T14:58:09.230+0000] {logging_mixin.py:190} INFO - [2024-09-25T14:58:09.230+0000] {dag.py:4180} INFO - Setting next_dagrun for dataset_with_extra_by_context to 2024-09-24 00:00:00+00:00, run_after=2024-09-25 00:00:00+00:00
[2024-09-25T14:58:09.233+0000] {logging_mixin.py:190} INFO - [2024-09-25T14:58:09.233+0000] {dag.py:4180} INFO - Setting next_dagrun for dataset_with_extra_by_yield to 2024-09-24 00:00:00+00:00, run_after=2024-09-25 00:00:00+00:00
[2024-09-25T14:58:09.235+0000] {logging_mixin.py:190} INFO - [2024-09-25T14:58:09.235+0000] {dag.py:4180} INFO - Setting next_dagrun for dataset_with_extra_from_classic_operator to 2024-09-24 00:00:00+00:00, run_after=2024-09-25 00:00:00+00:00
[2024-09-25T14:58:09.248+0000] {processor.py:208} INFO - Processing /home/airflow/.local/lib/python3.12/site-packages/airflow/example_dags/example_outlet_event_extra.py took 0.169 seconds
