[2024-09-25T14:55:36.228+0000] {processor.py:186} INFO - Started process (PID=84) to work on /home/airflow/.local/lib/python3.12/site-packages/airflow/example_dags/example_local_kubernetes_executor.py
[2024-09-25T14:55:36.229+0000] {processor.py:914} INFO - Processing file /home/airflow/.local/lib/python3.12/site-packages/airflow/example_dags/example_local_kubernetes_executor.py for tasks to queue
[2024-09-25T14:55:36.230+0000] {logging_mixin.py:190} INFO - [2024-09-25T14:55:36.230+0000] {dagbag.py:588} INFO - Filling up the DagBag from /home/airflow/.local/lib/python3.12/site-packages/airflow/example_dags/example_local_kubernetes_executor.py
[2024-09-25T14:55:36.238+0000] {processor.py:925} INFO - DAG(s) 'example_local_kubernetes_executor' retrieved from /home/airflow/.local/lib/python3.12/site-packages/airflow/example_dags/example_local_kubernetes_executor.py
[2024-09-25T14:55:36.335+0000] {logging_mixin.py:190} INFO - [2024-09-25T14:55:36.335+0000] {override.py:1900} INFO - Created Permission View: can read on DAG:example_local_kubernetes_executor
[2024-09-25T14:55:36.345+0000] {logging_mixin.py:190} INFO - [2024-09-25T14:55:36.345+0000] {override.py:1900} INFO - Created Permission View: can edit on DAG:example_local_kubernetes_executor
[2024-09-25T14:55:36.349+0000] {logging_mixin.py:190} INFO - [2024-09-25T14:55:36.349+0000] {override.py:1900} INFO - Created Permission View: can delete on DAG:example_local_kubernetes_executor
[2024-09-25T14:55:36.354+0000] {logging_mixin.py:190} INFO - [2024-09-25T14:55:36.354+0000] {override.py:1900} INFO - Created Permission View: can read on DAG Run:example_local_kubernetes_executor
[2024-09-25T14:55:36.359+0000] {logging_mixin.py:190} INFO - [2024-09-25T14:55:36.359+0000] {override.py:1900} INFO - Created Permission View: can delete on DAG Run:example_local_kubernetes_executor
[2024-09-25T14:55:36.363+0000] {logging_mixin.py:190} INFO - [2024-09-25T14:55:36.363+0000] {override.py:1900} INFO - Created Permission View: menu access on DAG Run:example_local_kubernetes_executor
[2024-09-25T14:55:36.367+0000] {logging_mixin.py:190} INFO - [2024-09-25T14:55:36.367+0000] {override.py:1900} INFO - Created Permission View: can create on DAG Run:example_local_kubernetes_executor
[2024-09-25T14:55:36.367+0000] {logging_mixin.py:190} INFO - [2024-09-25T14:55:36.367+0000] {dag.py:3239} INFO - Sync 1 DAGs
[2024-09-25T14:55:36.377+0000] {logging_mixin.py:190} INFO - [2024-09-25T14:55:36.377+0000] {dag.py:3262} INFO - Creating ORM DAG for example_local_kubernetes_executor
[2024-09-25T14:55:36.378+0000] {logging_mixin.py:190} INFO - [2024-09-25T14:55:36.378+0000] {dag.py:4180} INFO - Setting next_dagrun for example_local_kubernetes_executor to None, run_after=None
[2024-09-25T14:55:36.389+0000] {processor.py:208} INFO - Processing /home/airflow/.local/lib/python3.12/site-packages/airflow/example_dags/example_local_kubernetes_executor.py took 0.164 seconds
[2024-09-25T14:56:06.474+0000] {processor.py:186} INFO - Started process (PID=147) to work on /home/airflow/.local/lib/python3.12/site-packages/airflow/example_dags/example_local_kubernetes_executor.py
[2024-09-25T14:56:06.475+0000] {processor.py:914} INFO - Processing file /home/airflow/.local/lib/python3.12/site-packages/airflow/example_dags/example_local_kubernetes_executor.py for tasks to queue
[2024-09-25T14:56:06.477+0000] {logging_mixin.py:190} INFO - [2024-09-25T14:56:06.476+0000] {dagbag.py:588} INFO - Filling up the DagBag from /home/airflow/.local/lib/python3.12/site-packages/airflow/example_dags/example_local_kubernetes_executor.py
[2024-09-25T14:56:06.484+0000] {processor.py:925} INFO - DAG(s) 'example_local_kubernetes_executor' retrieved from /home/airflow/.local/lib/python3.12/site-packages/airflow/example_dags/example_local_kubernetes_executor.py
[2024-09-25T14:56:06.512+0000] {logging_mixin.py:190} INFO - [2024-09-25T14:56:06.512+0000] {dag.py:3239} INFO - Sync 1 DAGs
[2024-09-25T14:56:06.526+0000] {logging_mixin.py:190} INFO - [2024-09-25T14:56:06.526+0000] {dag.py:4180} INFO - Setting next_dagrun for example_local_kubernetes_executor to None, run_after=None
[2024-09-25T14:56:06.539+0000] {processor.py:208} INFO - Processing /home/airflow/.local/lib/python3.12/site-packages/airflow/example_dags/example_local_kubernetes_executor.py took 0.069 seconds
[2024-09-25T14:56:37.140+0000] {processor.py:186} INFO - Started process (PID=210) to work on /home/airflow/.local/lib/python3.12/site-packages/airflow/example_dags/example_local_kubernetes_executor.py
[2024-09-25T14:56:37.141+0000] {processor.py:914} INFO - Processing file /home/airflow/.local/lib/python3.12/site-packages/airflow/example_dags/example_local_kubernetes_executor.py for tasks to queue
[2024-09-25T14:56:37.142+0000] {logging_mixin.py:190} INFO - [2024-09-25T14:56:37.142+0000] {dagbag.py:588} INFO - Filling up the DagBag from /home/airflow/.local/lib/python3.12/site-packages/airflow/example_dags/example_local_kubernetes_executor.py
[2024-09-25T14:56:37.149+0000] {processor.py:925} INFO - DAG(s) 'example_local_kubernetes_executor' retrieved from /home/airflow/.local/lib/python3.12/site-packages/airflow/example_dags/example_local_kubernetes_executor.py
[2024-09-25T14:56:37.172+0000] {logging_mixin.py:190} INFO - [2024-09-25T14:56:37.172+0000] {dag.py:3239} INFO - Sync 1 DAGs
[2024-09-25T14:56:37.183+0000] {logging_mixin.py:190} INFO - [2024-09-25T14:56:37.182+0000] {dag.py:4180} INFO - Setting next_dagrun for example_local_kubernetes_executor to None, run_after=None
[2024-09-25T14:56:37.194+0000] {processor.py:208} INFO - Processing /home/airflow/.local/lib/python3.12/site-packages/airflow/example_dags/example_local_kubernetes_executor.py took 0.059 seconds
[2024-09-25T14:57:07.677+0000] {processor.py:186} INFO - Started process (PID=273) to work on /home/airflow/.local/lib/python3.12/site-packages/airflow/example_dags/example_local_kubernetes_executor.py
[2024-09-25T14:57:07.677+0000] {processor.py:914} INFO - Processing file /home/airflow/.local/lib/python3.12/site-packages/airflow/example_dags/example_local_kubernetes_executor.py for tasks to queue
[2024-09-25T14:57:07.679+0000] {logging_mixin.py:190} INFO - [2024-09-25T14:57:07.679+0000] {dagbag.py:588} INFO - Filling up the DagBag from /home/airflow/.local/lib/python3.12/site-packages/airflow/example_dags/example_local_kubernetes_executor.py
[2024-09-25T14:57:07.686+0000] {processor.py:925} INFO - DAG(s) 'example_local_kubernetes_executor' retrieved from /home/airflow/.local/lib/python3.12/site-packages/airflow/example_dags/example_local_kubernetes_executor.py
[2024-09-25T14:57:07.709+0000] {logging_mixin.py:190} INFO - [2024-09-25T14:57:07.708+0000] {dag.py:3239} INFO - Sync 1 DAGs
[2024-09-25T14:57:07.719+0000] {logging_mixin.py:190} INFO - [2024-09-25T14:57:07.719+0000] {dag.py:4180} INFO - Setting next_dagrun for example_local_kubernetes_executor to None, run_after=None
[2024-09-25T14:57:07.729+0000] {processor.py:208} INFO - Processing /home/airflow/.local/lib/python3.12/site-packages/airflow/example_dags/example_local_kubernetes_executor.py took 0.057 seconds
[2024-09-25T14:57:38.499+0000] {processor.py:186} INFO - Started process (PID=336) to work on /home/airflow/.local/lib/python3.12/site-packages/airflow/example_dags/example_local_kubernetes_executor.py
[2024-09-25T14:57:38.500+0000] {processor.py:914} INFO - Processing file /home/airflow/.local/lib/python3.12/site-packages/airflow/example_dags/example_local_kubernetes_executor.py for tasks to queue
[2024-09-25T14:57:38.502+0000] {logging_mixin.py:190} INFO - [2024-09-25T14:57:38.501+0000] {dagbag.py:588} INFO - Filling up the DagBag from /home/airflow/.local/lib/python3.12/site-packages/airflow/example_dags/example_local_kubernetes_executor.py
[2024-09-25T14:57:38.509+0000] {processor.py:925} INFO - DAG(s) 'example_local_kubernetes_executor' retrieved from /home/airflow/.local/lib/python3.12/site-packages/airflow/example_dags/example_local_kubernetes_executor.py
[2024-09-25T14:57:38.533+0000] {logging_mixin.py:190} INFO - [2024-09-25T14:57:38.533+0000] {dag.py:3239} INFO - Sync 1 DAGs
[2024-09-25T14:57:38.544+0000] {logging_mixin.py:190} INFO - [2024-09-25T14:57:38.543+0000] {dag.py:4180} INFO - Setting next_dagrun for example_local_kubernetes_executor to None, run_after=None
[2024-09-25T14:57:38.555+0000] {processor.py:208} INFO - Processing /home/airflow/.local/lib/python3.12/site-packages/airflow/example_dags/example_local_kubernetes_executor.py took 0.060 seconds
[2024-09-25T14:58:09.273+0000] {processor.py:186} INFO - Started process (PID=399) to work on /home/airflow/.local/lib/python3.12/site-packages/airflow/example_dags/example_local_kubernetes_executor.py
[2024-09-25T14:58:09.274+0000] {processor.py:914} INFO - Processing file /home/airflow/.local/lib/python3.12/site-packages/airflow/example_dags/example_local_kubernetes_executor.py for tasks to queue
[2024-09-25T14:58:09.276+0000] {logging_mixin.py:190} INFO - [2024-09-25T14:58:09.275+0000] {dagbag.py:588} INFO - Filling up the DagBag from /home/airflow/.local/lib/python3.12/site-packages/airflow/example_dags/example_local_kubernetes_executor.py
[2024-09-25T14:58:09.282+0000] {processor.py:925} INFO - DAG(s) 'example_local_kubernetes_executor' retrieved from /home/airflow/.local/lib/python3.12/site-packages/airflow/example_dags/example_local_kubernetes_executor.py
[2024-09-25T14:58:09.306+0000] {logging_mixin.py:190} INFO - [2024-09-25T14:58:09.306+0000] {dag.py:3239} INFO - Sync 1 DAGs
[2024-09-25T14:58:09.316+0000] {logging_mixin.py:190} INFO - [2024-09-25T14:58:09.316+0000] {dag.py:4180} INFO - Setting next_dagrun for example_local_kubernetes_executor to None, run_after=None
[2024-09-25T14:58:09.327+0000] {processor.py:208} INFO - Processing /home/airflow/.local/lib/python3.12/site-packages/airflow/example_dags/example_local_kubernetes_executor.py took 0.058 seconds
