[2024-09-25T14:55:33.264+0000] {processor.py:186} INFO - Started process (PID=58) to work on /home/airflow/.local/lib/python3.12/site-packages/airflow/example_dags/example_xcomargs.py
[2024-09-25T14:55:33.265+0000] {processor.py:914} INFO - Processing file /home/airflow/.local/lib/python3.12/site-packages/airflow/example_dags/example_xcomargs.py for tasks to queue
[2024-09-25T14:55:33.266+0000] {logging_mixin.py:190} INFO - [2024-09-25T14:55:33.266+0000] {dagbag.py:588} INFO - Filling up the DagBag from /home/airflow/.local/lib/python3.12/site-packages/airflow/example_dags/example_xcomargs.py
[2024-09-25T14:55:33.274+0000] {processor.py:925} INFO - DAG(s) 'example_xcom_args_with_operators', 'example_xcom_args' retrieved from /home/airflow/.local/lib/python3.12/site-packages/airflow/example_dags/example_xcomargs.py
[2024-09-25T14:55:33.349+0000] {logging_mixin.py:190} INFO - [2024-09-25T14:55:33.349+0000] {override.py:1900} INFO - Created Permission View: can read on DAG:example_xcom_args_with_operators
[2024-09-25T14:55:33.354+0000] {logging_mixin.py:190} INFO - [2024-09-25T14:55:33.354+0000] {override.py:1900} INFO - Created Permission View: can edit on DAG:example_xcom_args_with_operators
[2024-09-25T14:55:33.357+0000] {logging_mixin.py:190} INFO - [2024-09-25T14:55:33.357+0000] {override.py:1900} INFO - Created Permission View: can delete on DAG:example_xcom_args_with_operators
[2024-09-25T14:55:33.361+0000] {logging_mixin.py:190} INFO - [2024-09-25T14:55:33.361+0000] {override.py:1900} INFO - Created Permission View: can read on DAG Run:example_xcom_args_with_operators
[2024-09-25T14:55:33.364+0000] {logging_mixin.py:190} INFO - [2024-09-25T14:55:33.364+0000] {override.py:1900} INFO - Created Permission View: can delete on DAG Run:example_xcom_args_with_operators
[2024-09-25T14:55:33.367+0000] {logging_mixin.py:190} INFO - [2024-09-25T14:55:33.367+0000] {override.py:1900} INFO - Created Permission View: menu access on DAG Run:example_xcom_args_with_operators
[2024-09-25T14:55:33.370+0000] {logging_mixin.py:190} INFO - [2024-09-25T14:55:33.370+0000] {override.py:1900} INFO - Created Permission View: can create on DAG Run:example_xcom_args_with_operators
[2024-09-25T14:55:33.376+0000] {logging_mixin.py:190} INFO - [2024-09-25T14:55:33.376+0000] {override.py:1900} INFO - Created Permission View: can read on DAG:example_xcom_args
[2024-09-25T14:55:33.379+0000] {logging_mixin.py:190} INFO - [2024-09-25T14:55:33.379+0000] {override.py:1900} INFO - Created Permission View: can edit on DAG:example_xcom_args
[2024-09-25T14:55:33.382+0000] {logging_mixin.py:190} INFO - [2024-09-25T14:55:33.382+0000] {override.py:1900} INFO - Created Permission View: can delete on DAG:example_xcom_args
[2024-09-25T14:55:33.386+0000] {logging_mixin.py:190} INFO - [2024-09-25T14:55:33.386+0000] {override.py:1900} INFO - Created Permission View: can read on DAG Run:example_xcom_args
[2024-09-25T14:55:33.389+0000] {logging_mixin.py:190} INFO - [2024-09-25T14:55:33.389+0000] {override.py:1900} INFO - Created Permission View: can delete on DAG Run:example_xcom_args
[2024-09-25T14:55:33.392+0000] {logging_mixin.py:190} INFO - [2024-09-25T14:55:33.392+0000] {override.py:1900} INFO - Created Permission View: menu access on DAG Run:example_xcom_args
[2024-09-25T14:55:33.395+0000] {logging_mixin.py:190} INFO - [2024-09-25T14:55:33.395+0000] {override.py:1900} INFO - Created Permission View: can create on DAG Run:example_xcom_args
[2024-09-25T14:55:33.395+0000] {logging_mixin.py:190} INFO - [2024-09-25T14:55:33.395+0000] {dag.py:3239} INFO - Sync 2 DAGs
[2024-09-25T14:55:33.404+0000] {logging_mixin.py:190} INFO - [2024-09-25T14:55:33.404+0000] {dag.py:3262} INFO - Creating ORM DAG for example_xcom_args
[2024-09-25T14:55:33.405+0000] {logging_mixin.py:190} INFO - [2024-09-25T14:55:33.405+0000] {dag.py:3262} INFO - Creating ORM DAG for example_xcom_args_with_operators
[2024-09-25T14:55:33.405+0000] {logging_mixin.py:190} INFO - [2024-09-25T14:55:33.405+0000] {dag.py:4180} INFO - Setting next_dagrun for example_xcom_args to None, run_after=None
[2024-09-25T14:55:33.406+0000] {logging_mixin.py:190} INFO - [2024-09-25T14:55:33.406+0000] {dag.py:4180} INFO - Setting next_dagrun for example_xcom_args_with_operators to None, run_after=None
[2024-09-25T14:55:33.416+0000] {processor.py:208} INFO - Processing /home/airflow/.local/lib/python3.12/site-packages/airflow/example_dags/example_xcomargs.py took 0.155 seconds
[2024-09-25T14:56:03.969+0000] {processor.py:186} INFO - Started process (PID=121) to work on /home/airflow/.local/lib/python3.12/site-packages/airflow/example_dags/example_xcomargs.py
[2024-09-25T14:56:03.969+0000] {processor.py:914} INFO - Processing file /home/airflow/.local/lib/python3.12/site-packages/airflow/example_dags/example_xcomargs.py for tasks to queue
[2024-09-25T14:56:03.971+0000] {logging_mixin.py:190} INFO - [2024-09-25T14:56:03.971+0000] {dagbag.py:588} INFO - Filling up the DagBag from /home/airflow/.local/lib/python3.12/site-packages/airflow/example_dags/example_xcomargs.py
[2024-09-25T14:56:03.980+0000] {processor.py:925} INFO - DAG(s) 'example_xcom_args_with_operators', 'example_xcom_args' retrieved from /home/airflow/.local/lib/python3.12/site-packages/airflow/example_dags/example_xcomargs.py
[2024-09-25T14:56:03.999+0000] {logging_mixin.py:190} INFO - [2024-09-25T14:56:03.999+0000] {dag.py:3239} INFO - Sync 2 DAGs
[2024-09-25T14:56:04.012+0000] {logging_mixin.py:190} INFO - [2024-09-25T14:56:04.012+0000] {dag.py:4180} INFO - Setting next_dagrun for example_xcom_args to None, run_after=None
[2024-09-25T14:56:04.015+0000] {logging_mixin.py:190} INFO - [2024-09-25T14:56:04.015+0000] {dag.py:4180} INFO - Setting next_dagrun for example_xcom_args_with_operators to None, run_after=None
[2024-09-25T14:56:04.027+0000] {processor.py:208} INFO - Processing /home/airflow/.local/lib/python3.12/site-packages/airflow/example_dags/example_xcomargs.py took 0.063 seconds
[2024-09-25T14:56:34.758+0000] {processor.py:186} INFO - Started process (PID=184) to work on /home/airflow/.local/lib/python3.12/site-packages/airflow/example_dags/example_xcomargs.py
[2024-09-25T14:56:34.758+0000] {processor.py:914} INFO - Processing file /home/airflow/.local/lib/python3.12/site-packages/airflow/example_dags/example_xcomargs.py for tasks to queue
[2024-09-25T14:56:34.760+0000] {logging_mixin.py:190} INFO - [2024-09-25T14:56:34.760+0000] {dagbag.py:588} INFO - Filling up the DagBag from /home/airflow/.local/lib/python3.12/site-packages/airflow/example_dags/example_xcomargs.py
[2024-09-25T14:56:34.767+0000] {processor.py:925} INFO - DAG(s) 'example_xcom_args_with_operators', 'example_xcom_args' retrieved from /home/airflow/.local/lib/python3.12/site-packages/airflow/example_dags/example_xcomargs.py
[2024-09-25T14:56:34.782+0000] {logging_mixin.py:190} INFO - [2024-09-25T14:56:34.782+0000] {dag.py:3239} INFO - Sync 2 DAGs
[2024-09-25T14:56:34.795+0000] {logging_mixin.py:190} INFO - [2024-09-25T14:56:34.794+0000] {dag.py:4180} INFO - Setting next_dagrun for example_xcom_args to None, run_after=None
[2024-09-25T14:56:34.798+0000] {logging_mixin.py:190} INFO - [2024-09-25T14:56:34.797+0000] {dag.py:4180} INFO - Setting next_dagrun for example_xcom_args_with_operators to None, run_after=None
[2024-09-25T14:56:34.807+0000] {processor.py:208} INFO - Processing /home/airflow/.local/lib/python3.12/site-packages/airflow/example_dags/example_xcomargs.py took 0.053 seconds
[2024-09-25T14:57:05.331+0000] {processor.py:186} INFO - Started process (PID=247) to work on /home/airflow/.local/lib/python3.12/site-packages/airflow/example_dags/example_xcomargs.py
[2024-09-25T14:57:05.332+0000] {processor.py:914} INFO - Processing file /home/airflow/.local/lib/python3.12/site-packages/airflow/example_dags/example_xcomargs.py for tasks to queue
[2024-09-25T14:57:05.333+0000] {logging_mixin.py:190} INFO - [2024-09-25T14:57:05.333+0000] {dagbag.py:588} INFO - Filling up the DagBag from /home/airflow/.local/lib/python3.12/site-packages/airflow/example_dags/example_xcomargs.py
[2024-09-25T14:57:05.341+0000] {processor.py:925} INFO - DAG(s) 'example_xcom_args_with_operators', 'example_xcom_args' retrieved from /home/airflow/.local/lib/python3.12/site-packages/airflow/example_dags/example_xcomargs.py
[2024-09-25T14:57:05.357+0000] {logging_mixin.py:190} INFO - [2024-09-25T14:57:05.357+0000] {dag.py:3239} INFO - Sync 2 DAGs
[2024-09-25T14:57:05.368+0000] {logging_mixin.py:190} INFO - [2024-09-25T14:57:05.368+0000] {dag.py:4180} INFO - Setting next_dagrun for example_xcom_args to None, run_after=None
[2024-09-25T14:57:05.371+0000] {logging_mixin.py:190} INFO - [2024-09-25T14:57:05.370+0000] {dag.py:4180} INFO - Setting next_dagrun for example_xcom_args_with_operators to None, run_after=None
[2024-09-25T14:57:05.380+0000] {processor.py:208} INFO - Processing /home/airflow/.local/lib/python3.12/site-packages/airflow/example_dags/example_xcomargs.py took 0.053 seconds
[2024-09-25T14:57:35.908+0000] {processor.py:186} INFO - Started process (PID=310) to work on /home/airflow/.local/lib/python3.12/site-packages/airflow/example_dags/example_xcomargs.py
[2024-09-25T14:57:35.909+0000] {processor.py:914} INFO - Processing file /home/airflow/.local/lib/python3.12/site-packages/airflow/example_dags/example_xcomargs.py for tasks to queue
[2024-09-25T14:57:35.910+0000] {logging_mixin.py:190} INFO - [2024-09-25T14:57:35.910+0000] {dagbag.py:588} INFO - Filling up the DagBag from /home/airflow/.local/lib/python3.12/site-packages/airflow/example_dags/example_xcomargs.py
[2024-09-25T14:57:35.918+0000] {processor.py:925} INFO - DAG(s) 'example_xcom_args_with_operators', 'example_xcom_args' retrieved from /home/airflow/.local/lib/python3.12/site-packages/airflow/example_dags/example_xcomargs.py
[2024-09-25T14:57:35.936+0000] {logging_mixin.py:190} INFO - [2024-09-25T14:57:35.936+0000] {dag.py:3239} INFO - Sync 2 DAGs
[2024-09-25T14:57:35.948+0000] {logging_mixin.py:190} INFO - [2024-09-25T14:57:35.948+0000] {dag.py:4180} INFO - Setting next_dagrun for example_xcom_args to None, run_after=None
[2024-09-25T14:57:35.951+0000] {logging_mixin.py:190} INFO - [2024-09-25T14:57:35.950+0000] {dag.py:4180} INFO - Setting next_dagrun for example_xcom_args_with_operators to None, run_after=None
[2024-09-25T14:57:35.962+0000] {processor.py:208} INFO - Processing /home/airflow/.local/lib/python3.12/site-packages/airflow/example_dags/example_xcomargs.py took 0.059 seconds
[2024-09-25T14:58:06.818+0000] {processor.py:186} INFO - Started process (PID=373) to work on /home/airflow/.local/lib/python3.12/site-packages/airflow/example_dags/example_xcomargs.py
[2024-09-25T14:58:06.819+0000] {processor.py:914} INFO - Processing file /home/airflow/.local/lib/python3.12/site-packages/airflow/example_dags/example_xcomargs.py for tasks to queue
[2024-09-25T14:58:06.821+0000] {logging_mixin.py:190} INFO - [2024-09-25T14:58:06.820+0000] {dagbag.py:588} INFO - Filling up the DagBag from /home/airflow/.local/lib/python3.12/site-packages/airflow/example_dags/example_xcomargs.py
[2024-09-25T14:58:06.828+0000] {processor.py:925} INFO - DAG(s) 'example_xcom_args_with_operators', 'example_xcom_args' retrieved from /home/airflow/.local/lib/python3.12/site-packages/airflow/example_dags/example_xcomargs.py
[2024-09-25T14:58:06.844+0000] {logging_mixin.py:190} INFO - [2024-09-25T14:58:06.844+0000] {dag.py:3239} INFO - Sync 2 DAGs
[2024-09-25T14:58:06.855+0000] {logging_mixin.py:190} INFO - [2024-09-25T14:58:06.854+0000] {dag.py:4180} INFO - Setting next_dagrun for example_xcom_args to None, run_after=None
[2024-09-25T14:58:06.857+0000] {logging_mixin.py:190} INFO - [2024-09-25T14:58:06.857+0000] {dag.py:4180} INFO - Setting next_dagrun for example_xcom_args_with_operators to None, run_after=None
[2024-09-25T14:58:06.866+0000] {processor.py:208} INFO - Processing /home/airflow/.local/lib/python3.12/site-packages/airflow/example_dags/example_xcomargs.py took 0.052 seconds
