[2024-09-25T14:55:32.902+0000] {processor.py:186} INFO - Started process (PID=55) to work on /home/airflow/.local/lib/python3.12/site-packages/airflow/example_dags/example_external_task_marker_dag.py
[2024-09-25T14:55:32.903+0000] {processor.py:914} INFO - Processing file /home/airflow/.local/lib/python3.12/site-packages/airflow/example_dags/example_external_task_marker_dag.py for tasks to queue
[2024-09-25T14:55:32.905+0000] {logging_mixin.py:190} INFO - [2024-09-25T14:55:32.905+0000] {dagbag.py:588} INFO - Filling up the DagBag from /home/airflow/.local/lib/python3.12/site-packages/airflow/example_dags/example_external_task_marker_dag.py
[2024-09-25T14:55:32.913+0000] {processor.py:925} INFO - DAG(s) 'example_external_task_marker_parent', 'example_external_task_marker_child' retrieved from /home/airflow/.local/lib/python3.12/site-packages/airflow/example_dags/example_external_task_marker_dag.py
[2024-09-25T14:55:33.006+0000] {logging_mixin.py:190} INFO - [2024-09-25T14:55:33.005+0000] {override.py:1900} INFO - Created Permission View: can read on DAG:example_external_task_marker_parent
[2024-09-25T14:55:33.012+0000] {logging_mixin.py:190} INFO - [2024-09-25T14:55:33.012+0000] {override.py:1900} INFO - Created Permission View: can edit on DAG:example_external_task_marker_parent
[2024-09-25T14:55:33.016+0000] {logging_mixin.py:190} INFO - [2024-09-25T14:55:33.016+0000] {override.py:1900} INFO - Created Permission View: can delete on DAG:example_external_task_marker_parent
[2024-09-25T14:55:33.020+0000] {logging_mixin.py:190} INFO - [2024-09-25T14:55:33.019+0000] {override.py:1900} INFO - Created Permission View: can read on DAG Run:example_external_task_marker_parent
[2024-09-25T14:55:33.023+0000] {logging_mixin.py:190} INFO - [2024-09-25T14:55:33.023+0000] {override.py:1900} INFO - Created Permission View: can delete on DAG Run:example_external_task_marker_parent
[2024-09-25T14:55:33.026+0000] {logging_mixin.py:190} INFO - [2024-09-25T14:55:33.026+0000] {override.py:1900} INFO - Created Permission View: menu access on DAG Run:example_external_task_marker_parent
[2024-09-25T14:55:33.029+0000] {logging_mixin.py:190} INFO - [2024-09-25T14:55:33.029+0000] {override.py:1900} INFO - Created Permission View: can create on DAG Run:example_external_task_marker_parent
[2024-09-25T14:55:33.038+0000] {logging_mixin.py:190} INFO - [2024-09-25T14:55:33.037+0000] {override.py:1900} INFO - Created Permission View: can read on DAG:example_external_task_marker_child
[2024-09-25T14:55:33.042+0000] {logging_mixin.py:190} INFO - [2024-09-25T14:55:33.041+0000] {override.py:1900} INFO - Created Permission View: can edit on DAG:example_external_task_marker_child
[2024-09-25T14:55:33.045+0000] {logging_mixin.py:190} INFO - [2024-09-25T14:55:33.045+0000] {override.py:1900} INFO - Created Permission View: can delete on DAG:example_external_task_marker_child
[2024-09-25T14:55:33.049+0000] {logging_mixin.py:190} INFO - [2024-09-25T14:55:33.049+0000] {override.py:1900} INFO - Created Permission View: can read on DAG Run:example_external_task_marker_child
[2024-09-25T14:55:33.052+0000] {logging_mixin.py:190} INFO - [2024-09-25T14:55:33.052+0000] {override.py:1900} INFO - Created Permission View: can delete on DAG Run:example_external_task_marker_child
[2024-09-25T14:55:33.057+0000] {logging_mixin.py:190} INFO - [2024-09-25T14:55:33.057+0000] {override.py:1900} INFO - Created Permission View: menu access on DAG Run:example_external_task_marker_child
[2024-09-25T14:55:33.061+0000] {logging_mixin.py:190} INFO - [2024-09-25T14:55:33.061+0000] {override.py:1900} INFO - Created Permission View: can create on DAG Run:example_external_task_marker_child
[2024-09-25T14:55:33.061+0000] {logging_mixin.py:190} INFO - [2024-09-25T14:55:33.061+0000] {dag.py:3239} INFO - Sync 2 DAGs
[2024-09-25T14:55:33.070+0000] {logging_mixin.py:190} INFO - [2024-09-25T14:55:33.070+0000] {dag.py:3262} INFO - Creating ORM DAG for example_external_task_marker_parent
[2024-09-25T14:55:33.071+0000] {logging_mixin.py:190} INFO - [2024-09-25T14:55:33.071+0000] {dag.py:3262} INFO - Creating ORM DAG for example_external_task_marker_child
[2024-09-25T14:55:33.071+0000] {logging_mixin.py:190} INFO - [2024-09-25T14:55:33.071+0000] {dag.py:4180} INFO - Setting next_dagrun for example_external_task_marker_child to None, run_after=None
[2024-09-25T14:55:33.072+0000] {logging_mixin.py:190} INFO - [2024-09-25T14:55:33.072+0000] {dag.py:4180} INFO - Setting next_dagrun for example_external_task_marker_parent to None, run_after=None
[2024-09-25T14:55:33.083+0000] {processor.py:208} INFO - Processing /home/airflow/.local/lib/python3.12/site-packages/airflow/example_dags/example_external_task_marker_dag.py took 0.186 seconds
[2024-09-25T14:56:03.830+0000] {processor.py:186} INFO - Started process (PID=118) to work on /home/airflow/.local/lib/python3.12/site-packages/airflow/example_dags/example_external_task_marker_dag.py
[2024-09-25T14:56:03.831+0000] {processor.py:914} INFO - Processing file /home/airflow/.local/lib/python3.12/site-packages/airflow/example_dags/example_external_task_marker_dag.py for tasks to queue
[2024-09-25T14:56:03.832+0000] {logging_mixin.py:190} INFO - [2024-09-25T14:56:03.832+0000] {dagbag.py:588} INFO - Filling up the DagBag from /home/airflow/.local/lib/python3.12/site-packages/airflow/example_dags/example_external_task_marker_dag.py
[2024-09-25T14:56:03.838+0000] {processor.py:925} INFO - DAG(s) 'example_external_task_marker_child', 'example_external_task_marker_parent' retrieved from /home/airflow/.local/lib/python3.12/site-packages/airflow/example_dags/example_external_task_marker_dag.py
[2024-09-25T14:56:03.860+0000] {logging_mixin.py:190} INFO - [2024-09-25T14:56:03.859+0000] {dag.py:3239} INFO - Sync 2 DAGs
[2024-09-25T14:56:03.876+0000] {logging_mixin.py:190} INFO - [2024-09-25T14:56:03.876+0000] {dag.py:4180} INFO - Setting next_dagrun for example_external_task_marker_child to None, run_after=None
[2024-09-25T14:56:03.881+0000] {logging_mixin.py:190} INFO - [2024-09-25T14:56:03.881+0000] {dag.py:4180} INFO - Setting next_dagrun for example_external_task_marker_parent to None, run_after=None
[2024-09-25T14:56:03.894+0000] {processor.py:208} INFO - Processing /home/airflow/.local/lib/python3.12/site-packages/airflow/example_dags/example_external_task_marker_dag.py took 0.068 seconds
[2024-09-25T14:56:34.636+0000] {processor.py:186} INFO - Started process (PID=181) to work on /home/airflow/.local/lib/python3.12/site-packages/airflow/example_dags/example_external_task_marker_dag.py
[2024-09-25T14:56:34.637+0000] {processor.py:914} INFO - Processing file /home/airflow/.local/lib/python3.12/site-packages/airflow/example_dags/example_external_task_marker_dag.py for tasks to queue
[2024-09-25T14:56:34.639+0000] {logging_mixin.py:190} INFO - [2024-09-25T14:56:34.638+0000] {dagbag.py:588} INFO - Filling up the DagBag from /home/airflow/.local/lib/python3.12/site-packages/airflow/example_dags/example_external_task_marker_dag.py
[2024-09-25T14:56:34.645+0000] {processor.py:925} INFO - DAG(s) 'example_external_task_marker_parent', 'example_external_task_marker_child' retrieved from /home/airflow/.local/lib/python3.12/site-packages/airflow/example_dags/example_external_task_marker_dag.py
[2024-09-25T14:56:34.663+0000] {logging_mixin.py:190} INFO - [2024-09-25T14:56:34.663+0000] {dag.py:3239} INFO - Sync 2 DAGs
[2024-09-25T14:56:34.674+0000] {logging_mixin.py:190} INFO - [2024-09-25T14:56:34.674+0000] {dag.py:4180} INFO - Setting next_dagrun for example_external_task_marker_child to None, run_after=None
[2024-09-25T14:56:34.677+0000] {logging_mixin.py:190} INFO - [2024-09-25T14:56:34.677+0000] {dag.py:4180} INFO - Setting next_dagrun for example_external_task_marker_parent to None, run_after=None
[2024-09-25T14:56:34.687+0000] {processor.py:208} INFO - Processing /home/airflow/.local/lib/python3.12/site-packages/airflow/example_dags/example_external_task_marker_dag.py took 0.056 seconds
[2024-09-25T14:57:05.222+0000] {processor.py:186} INFO - Started process (PID=244) to work on /home/airflow/.local/lib/python3.12/site-packages/airflow/example_dags/example_external_task_marker_dag.py
[2024-09-25T14:57:05.223+0000] {processor.py:914} INFO - Processing file /home/airflow/.local/lib/python3.12/site-packages/airflow/example_dags/example_external_task_marker_dag.py for tasks to queue
[2024-09-25T14:57:05.224+0000] {logging_mixin.py:190} INFO - [2024-09-25T14:57:05.224+0000] {dagbag.py:588} INFO - Filling up the DagBag from /home/airflow/.local/lib/python3.12/site-packages/airflow/example_dags/example_external_task_marker_dag.py
[2024-09-25T14:57:05.230+0000] {processor.py:925} INFO - DAG(s) 'example_external_task_marker_child', 'example_external_task_marker_parent' retrieved from /home/airflow/.local/lib/python3.12/site-packages/airflow/example_dags/example_external_task_marker_dag.py
[2024-09-25T14:57:05.246+0000] {logging_mixin.py:190} INFO - [2024-09-25T14:57:05.245+0000] {dag.py:3239} INFO - Sync 2 DAGs
[2024-09-25T14:57:05.256+0000] {logging_mixin.py:190} INFO - [2024-09-25T14:57:05.256+0000] {dag.py:4180} INFO - Setting next_dagrun for example_external_task_marker_child to None, run_after=None
[2024-09-25T14:57:05.258+0000] {logging_mixin.py:190} INFO - [2024-09-25T14:57:05.258+0000] {dag.py:4180} INFO - Setting next_dagrun for example_external_task_marker_parent to None, run_after=None
[2024-09-25T14:57:05.268+0000] {processor.py:208} INFO - Processing /home/airflow/.local/lib/python3.12/site-packages/airflow/example_dags/example_external_task_marker_dag.py took 0.050 seconds
[2024-09-25T14:57:35.757+0000] {processor.py:186} INFO - Started process (PID=307) to work on /home/airflow/.local/lib/python3.12/site-packages/airflow/example_dags/example_external_task_marker_dag.py
[2024-09-25T14:57:35.758+0000] {processor.py:914} INFO - Processing file /home/airflow/.local/lib/python3.12/site-packages/airflow/example_dags/example_external_task_marker_dag.py for tasks to queue
[2024-09-25T14:57:35.760+0000] {logging_mixin.py:190} INFO - [2024-09-25T14:57:35.760+0000] {dagbag.py:588} INFO - Filling up the DagBag from /home/airflow/.local/lib/python3.12/site-packages/airflow/example_dags/example_external_task_marker_dag.py
[2024-09-25T14:57:35.766+0000] {processor.py:925} INFO - DAG(s) 'example_external_task_marker_child', 'example_external_task_marker_parent' retrieved from /home/airflow/.local/lib/python3.12/site-packages/airflow/example_dags/example_external_task_marker_dag.py
[2024-09-25T14:57:35.783+0000] {logging_mixin.py:190} INFO - [2024-09-25T14:57:35.783+0000] {dag.py:3239} INFO - Sync 2 DAGs
[2024-09-25T14:57:35.795+0000] {logging_mixin.py:190} INFO - [2024-09-25T14:57:35.795+0000] {dag.py:4180} INFO - Setting next_dagrun for example_external_task_marker_child to None, run_after=None
[2024-09-25T14:57:35.798+0000] {logging_mixin.py:190} INFO - [2024-09-25T14:57:35.798+0000] {dag.py:4180} INFO - Setting next_dagrun for example_external_task_marker_parent to None, run_after=None
[2024-09-25T14:57:35.808+0000] {processor.py:208} INFO - Processing /home/airflow/.local/lib/python3.12/site-packages/airflow/example_dags/example_external_task_marker_dag.py took 0.056 seconds
[2024-09-25T14:58:06.711+0000] {processor.py:186} INFO - Started process (PID=370) to work on /home/airflow/.local/lib/python3.12/site-packages/airflow/example_dags/example_external_task_marker_dag.py
[2024-09-25T14:58:06.711+0000] {processor.py:914} INFO - Processing file /home/airflow/.local/lib/python3.12/site-packages/airflow/example_dags/example_external_task_marker_dag.py for tasks to queue
[2024-09-25T14:58:06.713+0000] {logging_mixin.py:190} INFO - [2024-09-25T14:58:06.713+0000] {dagbag.py:588} INFO - Filling up the DagBag from /home/airflow/.local/lib/python3.12/site-packages/airflow/example_dags/example_external_task_marker_dag.py
[2024-09-25T14:58:06.719+0000] {processor.py:925} INFO - DAG(s) 'example_external_task_marker_child', 'example_external_task_marker_parent' retrieved from /home/airflow/.local/lib/python3.12/site-packages/airflow/example_dags/example_external_task_marker_dag.py
[2024-09-25T14:58:06.737+0000] {logging_mixin.py:190} INFO - [2024-09-25T14:58:06.737+0000] {dag.py:3239} INFO - Sync 2 DAGs
[2024-09-25T14:58:06.748+0000] {logging_mixin.py:190} INFO - [2024-09-25T14:58:06.748+0000] {dag.py:4180} INFO - Setting next_dagrun for example_external_task_marker_child to None, run_after=None
[2024-09-25T14:58:06.750+0000] {logging_mixin.py:190} INFO - [2024-09-25T14:58:06.750+0000] {dag.py:4180} INFO - Setting next_dagrun for example_external_task_marker_parent to None, run_after=None
[2024-09-25T14:58:06.760+0000] {processor.py:208} INFO - Processing /home/airflow/.local/lib/python3.12/site-packages/airflow/example_dags/example_external_task_marker_dag.py took 0.054 seconds
