[2024-09-25T14:55:32.853+0000] {processor.py:186} INFO - Started process (PID=54) to work on /home/airflow/.local/lib/python3.12/site-packages/airflow/example_dags/example_branch_operator.py
[2024-09-25T14:55:32.854+0000] {processor.py:914} INFO - Processing file /home/airflow/.local/lib/python3.12/site-packages/airflow/example_dags/example_branch_operator.py for tasks to queue
[2024-09-25T14:55:32.855+0000] {logging_mixin.py:190} INFO - [2024-09-25T14:55:32.855+0000] {dagbag.py:588} INFO - Filling up the DagBag from /home/airflow/.local/lib/python3.12/site-packages/airflow/example_dags/example_branch_operator.py
[2024-09-25T14:55:32.875+0000] {processor.py:925} INFO - DAG(s) 'example_branch_operator' retrieved from /home/airflow/.local/lib/python3.12/site-packages/airflow/example_dags/example_branch_operator.py
[2024-09-25T14:55:32.970+0000] {logging_mixin.py:190} INFO - [2024-09-25T14:55:32.970+0000] {override.py:1900} INFO - Created Permission View: can read on DAG:example_branch_operator
[2024-09-25T14:55:32.981+0000] {logging_mixin.py:190} INFO - [2024-09-25T14:55:32.981+0000] {override.py:1900} INFO - Created Permission View: can edit on DAG:example_branch_operator
[2024-09-25T14:55:32.987+0000] {logging_mixin.py:190} INFO - [2024-09-25T14:55:32.987+0000] {override.py:1900} INFO - Created Permission View: can delete on DAG:example_branch_operator
[2024-09-25T14:55:32.993+0000] {logging_mixin.py:190} INFO - [2024-09-25T14:55:32.993+0000] {override.py:1900} INFO - Created Permission View: can read on DAG Run:example_branch_operator
[2024-09-25T14:55:33.000+0000] {logging_mixin.py:190} INFO - [2024-09-25T14:55:33.000+0000] {override.py:1900} INFO - Created Permission View: can delete on DAG Run:example_branch_operator
[2024-09-25T14:55:33.005+0000] {logging_mixin.py:190} INFO - [2024-09-25T14:55:33.005+0000] {override.py:1900} INFO - Created Permission View: menu access on DAG Run:example_branch_operator
[2024-09-25T14:55:33.009+0000] {logging_mixin.py:190} INFO - [2024-09-25T14:55:33.009+0000] {override.py:1900} INFO - Created Permission View: can create on DAG Run:example_branch_operator
[2024-09-25T14:55:33.010+0000] {logging_mixin.py:190} INFO - [2024-09-25T14:55:33.010+0000] {dag.py:3239} INFO - Sync 1 DAGs
[2024-09-25T14:55:33.019+0000] {logging_mixin.py:190} INFO - [2024-09-25T14:55:33.019+0000] {dag.py:3262} INFO - Creating ORM DAG for example_branch_operator
[2024-09-25T14:55:33.026+0000] {logging_mixin.py:190} INFO - [2024-09-25T14:55:33.026+0000] {dag.py:4180} INFO - Setting next_dagrun for example_branch_operator to 2024-09-24 00:00:00+00:00, run_after=2024-09-25 00:00:00+00:00
[2024-09-25T14:55:33.038+0000] {processor.py:208} INFO - Processing /home/airflow/.local/lib/python3.12/site-packages/airflow/example_dags/example_branch_operator.py took 0.189 seconds
[2024-09-25T14:56:03.756+0000] {processor.py:186} INFO - Started process (PID=117) to work on /home/airflow/.local/lib/python3.12/site-packages/airflow/example_dags/example_branch_operator.py
[2024-09-25T14:56:03.756+0000] {processor.py:914} INFO - Processing file /home/airflow/.local/lib/python3.12/site-packages/airflow/example_dags/example_branch_operator.py for tasks to queue
[2024-09-25T14:56:03.758+0000] {logging_mixin.py:190} INFO - [2024-09-25T14:56:03.758+0000] {dagbag.py:588} INFO - Filling up the DagBag from /home/airflow/.local/lib/python3.12/site-packages/airflow/example_dags/example_branch_operator.py
[2024-09-25T14:56:03.771+0000] {processor.py:925} INFO - DAG(s) 'example_branch_operator' retrieved from /home/airflow/.local/lib/python3.12/site-packages/airflow/example_dags/example_branch_operator.py
[2024-09-25T14:56:03.791+0000] {logging_mixin.py:190} INFO - [2024-09-25T14:56:03.791+0000] {dag.py:3239} INFO - Sync 1 DAGs
[2024-09-25T14:56:03.810+0000] {logging_mixin.py:190} INFO - [2024-09-25T14:56:03.810+0000] {dag.py:4180} INFO - Setting next_dagrun for example_branch_operator to 2024-09-24 00:00:00+00:00, run_after=2024-09-25 00:00:00+00:00
[2024-09-25T14:56:03.822+0000] {processor.py:208} INFO - Processing /home/airflow/.local/lib/python3.12/site-packages/airflow/example_dags/example_branch_operator.py took 0.071 seconds
[2024-09-25T14:56:34.566+0000] {processor.py:186} INFO - Started process (PID=180) to work on /home/airflow/.local/lib/python3.12/site-packages/airflow/example_dags/example_branch_operator.py
[2024-09-25T14:56:34.566+0000] {processor.py:914} INFO - Processing file /home/airflow/.local/lib/python3.12/site-packages/airflow/example_dags/example_branch_operator.py for tasks to queue
[2024-09-25T14:56:34.568+0000] {logging_mixin.py:190} INFO - [2024-09-25T14:56:34.568+0000] {dagbag.py:588} INFO - Filling up the DagBag from /home/airflow/.local/lib/python3.12/site-packages/airflow/example_dags/example_branch_operator.py
[2024-09-25T14:56:34.581+0000] {processor.py:925} INFO - DAG(s) 'example_branch_operator' retrieved from /home/airflow/.local/lib/python3.12/site-packages/airflow/example_dags/example_branch_operator.py
[2024-09-25T14:56:34.602+0000] {logging_mixin.py:190} INFO - [2024-09-25T14:56:34.601+0000] {dag.py:3239} INFO - Sync 1 DAGs
[2024-09-25T14:56:34.622+0000] {logging_mixin.py:190} INFO - [2024-09-25T14:56:34.622+0000] {dag.py:4180} INFO - Setting next_dagrun for example_branch_operator to 2024-09-24 00:00:00+00:00, run_after=2024-09-25 00:00:00+00:00
[2024-09-25T14:56:34.635+0000] {processor.py:208} INFO - Processing /home/airflow/.local/lib/python3.12/site-packages/airflow/example_dags/example_branch_operator.py took 0.073 seconds
[2024-09-25T14:57:05.157+0000] {processor.py:186} INFO - Started process (PID=243) to work on /home/airflow/.local/lib/python3.12/site-packages/airflow/example_dags/example_branch_operator.py
[2024-09-25T14:57:05.158+0000] {processor.py:914} INFO - Processing file /home/airflow/.local/lib/python3.12/site-packages/airflow/example_dags/example_branch_operator.py for tasks to queue
[2024-09-25T14:57:05.159+0000] {logging_mixin.py:190} INFO - [2024-09-25T14:57:05.159+0000] {dagbag.py:588} INFO - Filling up the DagBag from /home/airflow/.local/lib/python3.12/site-packages/airflow/example_dags/example_branch_operator.py
[2024-09-25T14:57:05.172+0000] {processor.py:925} INFO - DAG(s) 'example_branch_operator' retrieved from /home/airflow/.local/lib/python3.12/site-packages/airflow/example_dags/example_branch_operator.py
[2024-09-25T14:57:05.191+0000] {logging_mixin.py:190} INFO - [2024-09-25T14:57:05.191+0000] {dag.py:3239} INFO - Sync 1 DAGs
[2024-09-25T14:57:05.208+0000] {logging_mixin.py:190} INFO - [2024-09-25T14:57:05.208+0000] {dag.py:4180} INFO - Setting next_dagrun for example_branch_operator to 2024-09-24 00:00:00+00:00, run_after=2024-09-25 00:00:00+00:00
[2024-09-25T14:57:05.219+0000] {processor.py:208} INFO - Processing /home/airflow/.local/lib/python3.12/site-packages/airflow/example_dags/example_branch_operator.py took 0.066 seconds
[2024-09-25T14:57:35.733+0000] {processor.py:186} INFO - Started process (PID=306) to work on /home/airflow/.local/lib/python3.12/site-packages/airflow/example_dags/example_branch_operator.py
[2024-09-25T14:57:35.734+0000] {processor.py:914} INFO - Processing file /home/airflow/.local/lib/python3.12/site-packages/airflow/example_dags/example_branch_operator.py for tasks to queue
[2024-09-25T14:57:35.736+0000] {logging_mixin.py:190} INFO - [2024-09-25T14:57:35.735+0000] {dagbag.py:588} INFO - Filling up the DagBag from /home/airflow/.local/lib/python3.12/site-packages/airflow/example_dags/example_branch_operator.py
[2024-09-25T14:57:35.748+0000] {processor.py:925} INFO - DAG(s) 'example_branch_operator' retrieved from /home/airflow/.local/lib/python3.12/site-packages/airflow/example_dags/example_branch_operator.py
[2024-09-25T14:57:35.769+0000] {logging_mixin.py:190} INFO - [2024-09-25T14:57:35.769+0000] {dag.py:3239} INFO - Sync 1 DAGs
[2024-09-25T14:57:35.787+0000] {logging_mixin.py:190} INFO - [2024-09-25T14:57:35.786+0000] {dag.py:4180} INFO - Setting next_dagrun for example_branch_operator to 2024-09-24 00:00:00+00:00, run_after=2024-09-25 00:00:00+00:00
[2024-09-25T14:57:35.799+0000] {processor.py:208} INFO - Processing /home/airflow/.local/lib/python3.12/site-packages/airflow/example_dags/example_branch_operator.py took 0.070 seconds
[2024-09-25T14:58:06.644+0000] {processor.py:186} INFO - Started process (PID=369) to work on /home/airflow/.local/lib/python3.12/site-packages/airflow/example_dags/example_branch_operator.py
[2024-09-25T14:58:06.645+0000] {processor.py:914} INFO - Processing file /home/airflow/.local/lib/python3.12/site-packages/airflow/example_dags/example_branch_operator.py for tasks to queue
[2024-09-25T14:58:06.647+0000] {logging_mixin.py:190} INFO - [2024-09-25T14:58:06.646+0000] {dagbag.py:588} INFO - Filling up the DagBag from /home/airflow/.local/lib/python3.12/site-packages/airflow/example_dags/example_branch_operator.py
[2024-09-25T14:58:06.659+0000] {processor.py:925} INFO - DAG(s) 'example_branch_operator' retrieved from /home/airflow/.local/lib/python3.12/site-packages/airflow/example_dags/example_branch_operator.py
[2024-09-25T14:58:06.678+0000] {logging_mixin.py:190} INFO - [2024-09-25T14:58:06.678+0000] {dag.py:3239} INFO - Sync 1 DAGs
[2024-09-25T14:58:06.695+0000] {logging_mixin.py:190} INFO - [2024-09-25T14:58:06.695+0000] {dag.py:4180} INFO - Setting next_dagrun for example_branch_operator to 2024-09-24 00:00:00+00:00, run_after=2024-09-25 00:00:00+00:00
[2024-09-25T14:58:06.706+0000] {processor.py:208} INFO - Processing /home/airflow/.local/lib/python3.12/site-packages/airflow/example_dags/example_branch_operator.py took 0.065 seconds
