[2024-09-25T14:55:31.844+0000] {processor.py:186} INFO - Started process (PID=43) to work on /home/airflow/.local/lib/python3.12/site-packages/airflow/example_dags/example_latest_only.py
[2024-09-25T14:55:31.844+0000] {processor.py:914} INFO - Processing file /home/airflow/.local/lib/python3.12/site-packages/airflow/example_dags/example_latest_only.py for tasks to queue
[2024-09-25T14:55:31.846+0000] {logging_mixin.py:190} INFO - [2024-09-25T14:55:31.845+0000] {dagbag.py:588} INFO - Filling up the DagBag from /home/airflow/.local/lib/python3.12/site-packages/airflow/example_dags/example_latest_only.py
[2024-09-25T14:55:31.854+0000] {processor.py:925} INFO - DAG(s) 'latest_only' retrieved from /home/airflow/.local/lib/python3.12/site-packages/airflow/example_dags/example_latest_only.py
[2024-09-25T14:55:31.931+0000] {logging_mixin.py:190} INFO - [2024-09-25T14:55:31.931+0000] {override.py:1900} INFO - Created Permission View: can read on DAG:latest_only
[2024-09-25T14:55:31.937+0000] {logging_mixin.py:190} INFO - [2024-09-25T14:55:31.937+0000] {override.py:1900} INFO - Created Permission View: can edit on DAG:latest_only
[2024-09-25T14:55:31.940+0000] {logging_mixin.py:190} INFO - [2024-09-25T14:55:31.940+0000] {override.py:1900} INFO - Created Permission View: can delete on DAG:latest_only
[2024-09-25T14:55:31.943+0000] {logging_mixin.py:190} INFO - [2024-09-25T14:55:31.943+0000] {override.py:1900} INFO - Created Permission View: can read on DAG Run:latest_only
[2024-09-25T14:55:31.946+0000] {logging_mixin.py:190} INFO - [2024-09-25T14:55:31.946+0000] {override.py:1900} INFO - Created Permission View: can delete on DAG Run:latest_only
[2024-09-25T14:55:31.949+0000] {logging_mixin.py:190} INFO - [2024-09-25T14:55:31.949+0000] {override.py:1900} INFO - Created Permission View: menu access on DAG Run:latest_only
[2024-09-25T14:55:31.952+0000] {logging_mixin.py:190} INFO - [2024-09-25T14:55:31.952+0000] {override.py:1900} INFO - Created Permission View: can create on DAG Run:latest_only
[2024-09-25T14:55:31.953+0000] {logging_mixin.py:190} INFO - [2024-09-25T14:55:31.953+0000] {dag.py:3239} INFO - Sync 1 DAGs
[2024-09-25T14:55:31.961+0000] {logging_mixin.py:190} INFO - [2024-09-25T14:55:31.961+0000] {dag.py:3262} INFO - Creating ORM DAG for latest_only
[2024-09-25T14:55:31.967+0000] {logging_mixin.py:190} INFO - [2024-09-25T14:55:31.967+0000] {dag.py:4180} INFO - Setting next_dagrun for latest_only to 2024-09-25 08:00:00+00:00, run_after=2024-09-25 12:00:00+00:00
[2024-09-25T14:55:31.978+0000] {processor.py:208} INFO - Processing /home/airflow/.local/lib/python3.12/site-packages/airflow/example_dags/example_latest_only.py took 0.138 seconds
[2024-09-25T14:56:02.257+0000] {processor.py:186} INFO - Started process (PID=106) to work on /home/airflow/.local/lib/python3.12/site-packages/airflow/example_dags/example_latest_only.py
[2024-09-25T14:56:02.258+0000] {processor.py:914} INFO - Processing file /home/airflow/.local/lib/python3.12/site-packages/airflow/example_dags/example_latest_only.py for tasks to queue
[2024-09-25T14:56:02.259+0000] {logging_mixin.py:190} INFO - [2024-09-25T14:56:02.259+0000] {dagbag.py:588} INFO - Filling up the DagBag from /home/airflow/.local/lib/python3.12/site-packages/airflow/example_dags/example_latest_only.py
[2024-09-25T14:56:02.264+0000] {processor.py:925} INFO - DAG(s) 'latest_only' retrieved from /home/airflow/.local/lib/python3.12/site-packages/airflow/example_dags/example_latest_only.py
[2024-09-25T14:56:02.279+0000] {logging_mixin.py:190} INFO - [2024-09-25T14:56:02.279+0000] {dag.py:3239} INFO - Sync 1 DAGs
[2024-09-25T14:56:02.295+0000] {logging_mixin.py:190} INFO - [2024-09-25T14:56:02.294+0000] {dag.py:4180} INFO - Setting next_dagrun for latest_only to 2024-09-25 08:00:00+00:00, run_after=2024-09-25 12:00:00+00:00
[2024-09-25T14:56:02.305+0000] {processor.py:208} INFO - Processing /home/airflow/.local/lib/python3.12/site-packages/airflow/example_dags/example_latest_only.py took 0.052 seconds
[2024-09-25T14:56:33.133+0000] {processor.py:186} INFO - Started process (PID=169) to work on /home/airflow/.local/lib/python3.12/site-packages/airflow/example_dags/example_latest_only.py
[2024-09-25T14:56:33.134+0000] {processor.py:914} INFO - Processing file /home/airflow/.local/lib/python3.12/site-packages/airflow/example_dags/example_latest_only.py for tasks to queue
[2024-09-25T14:56:33.135+0000] {logging_mixin.py:190} INFO - [2024-09-25T14:56:33.135+0000] {dagbag.py:588} INFO - Filling up the DagBag from /home/airflow/.local/lib/python3.12/site-packages/airflow/example_dags/example_latest_only.py
[2024-09-25T14:56:33.140+0000] {processor.py:925} INFO - DAG(s) 'latest_only' retrieved from /home/airflow/.local/lib/python3.12/site-packages/airflow/example_dags/example_latest_only.py
[2024-09-25T14:56:33.154+0000] {logging_mixin.py:190} INFO - [2024-09-25T14:56:33.154+0000] {dag.py:3239} INFO - Sync 1 DAGs
[2024-09-25T14:56:33.170+0000] {logging_mixin.py:190} INFO - [2024-09-25T14:56:33.170+0000] {dag.py:4180} INFO - Setting next_dagrun for latest_only to 2024-09-25 08:00:00+00:00, run_after=2024-09-25 12:00:00+00:00
[2024-09-25T14:56:33.181+0000] {processor.py:208} INFO - Processing /home/airflow/.local/lib/python3.12/site-packages/airflow/example_dags/example_latest_only.py took 0.052 seconds
[2024-09-25T14:57:03.735+0000] {processor.py:186} INFO - Started process (PID=232) to work on /home/airflow/.local/lib/python3.12/site-packages/airflow/example_dags/example_latest_only.py
[2024-09-25T14:57:03.736+0000] {processor.py:914} INFO - Processing file /home/airflow/.local/lib/python3.12/site-packages/airflow/example_dags/example_latest_only.py for tasks to queue
[2024-09-25T14:57:03.738+0000] {logging_mixin.py:190} INFO - [2024-09-25T14:57:03.737+0000] {dagbag.py:588} INFO - Filling up the DagBag from /home/airflow/.local/lib/python3.12/site-packages/airflow/example_dags/example_latest_only.py
[2024-09-25T14:57:03.742+0000] {processor.py:925} INFO - DAG(s) 'latest_only' retrieved from /home/airflow/.local/lib/python3.12/site-packages/airflow/example_dags/example_latest_only.py
[2024-09-25T14:57:03.756+0000] {logging_mixin.py:190} INFO - [2024-09-25T14:57:03.756+0000] {dag.py:3239} INFO - Sync 1 DAGs
[2024-09-25T14:57:03.773+0000] {logging_mixin.py:190} INFO - [2024-09-25T14:57:03.772+0000] {dag.py:4180} INFO - Setting next_dagrun for latest_only to 2024-09-25 08:00:00+00:00, run_after=2024-09-25 12:00:00+00:00
[2024-09-25T14:57:03.783+0000] {processor.py:208} INFO - Processing /home/airflow/.local/lib/python3.12/site-packages/airflow/example_dags/example_latest_only.py took 0.052 seconds
[2024-09-25T14:57:34.275+0000] {processor.py:186} INFO - Started process (PID=295) to work on /home/airflow/.local/lib/python3.12/site-packages/airflow/example_dags/example_latest_only.py
[2024-09-25T14:57:34.275+0000] {processor.py:914} INFO - Processing file /home/airflow/.local/lib/python3.12/site-packages/airflow/example_dags/example_latest_only.py for tasks to queue
[2024-09-25T14:57:34.277+0000] {logging_mixin.py:190} INFO - [2024-09-25T14:57:34.277+0000] {dagbag.py:588} INFO - Filling up the DagBag from /home/airflow/.local/lib/python3.12/site-packages/airflow/example_dags/example_latest_only.py
[2024-09-25T14:57:34.283+0000] {processor.py:925} INFO - DAG(s) 'latest_only' retrieved from /home/airflow/.local/lib/python3.12/site-packages/airflow/example_dags/example_latest_only.py
[2024-09-25T14:57:34.297+0000] {logging_mixin.py:190} INFO - [2024-09-25T14:57:34.297+0000] {dag.py:3239} INFO - Sync 1 DAGs
[2024-09-25T14:57:34.316+0000] {logging_mixin.py:190} INFO - [2024-09-25T14:57:34.315+0000] {dag.py:4180} INFO - Setting next_dagrun for latest_only to 2024-09-25 08:00:00+00:00, run_after=2024-09-25 12:00:00+00:00
[2024-09-25T14:57:34.328+0000] {processor.py:208} INFO - Processing /home/airflow/.local/lib/python3.12/site-packages/airflow/example_dags/example_latest_only.py took 0.058 seconds
[2024-09-25T14:58:05.106+0000] {processor.py:186} INFO - Started process (PID=358) to work on /home/airflow/.local/lib/python3.12/site-packages/airflow/example_dags/example_latest_only.py
[2024-09-25T14:58:05.107+0000] {processor.py:914} INFO - Processing file /home/airflow/.local/lib/python3.12/site-packages/airflow/example_dags/example_latest_only.py for tasks to queue
[2024-09-25T14:58:05.110+0000] {logging_mixin.py:190} INFO - [2024-09-25T14:58:05.109+0000] {dagbag.py:588} INFO - Filling up the DagBag from /home/airflow/.local/lib/python3.12/site-packages/airflow/example_dags/example_latest_only.py
[2024-09-25T14:58:05.116+0000] {processor.py:925} INFO - DAG(s) 'latest_only' retrieved from /home/airflow/.local/lib/python3.12/site-packages/airflow/example_dags/example_latest_only.py
[2024-09-25T14:58:05.136+0000] {logging_mixin.py:190} INFO - [2024-09-25T14:58:05.136+0000] {dag.py:3239} INFO - Sync 1 DAGs
[2024-09-25T14:58:05.159+0000] {logging_mixin.py:190} INFO - [2024-09-25T14:58:05.159+0000] {dag.py:4180} INFO - Setting next_dagrun for latest_only to 2024-09-25 08:00:00+00:00, run_after=2024-09-25 12:00:00+00:00
[2024-09-25T14:58:05.182+0000] {processor.py:208} INFO - Processing /home/airflow/.local/lib/python3.12/site-packages/airflow/example_dags/example_latest_only.py took 0.081 seconds
