[2024-09-25T14:55:35.332+0000] {processor.py:186} INFO - Started process (PID=77) to work on /home/airflow/.local/lib/python3.12/site-packages/airflow/example_dags/tutorial_dag.py
[2024-09-25T14:55:35.332+0000] {processor.py:914} INFO - Processing file /home/airflow/.local/lib/python3.12/site-packages/airflow/example_dags/tutorial_dag.py for tasks to queue
[2024-09-25T14:55:35.334+0000] {logging_mixin.py:190} INFO - [2024-09-25T14:55:35.334+0000] {dagbag.py:588} INFO - Filling up the DagBag from /home/airflow/.local/lib/python3.12/site-packages/airflow/example_dags/tutorial_dag.py
[2024-09-25T14:55:35.340+0000] {processor.py:925} INFO - DAG(s) 'tutorial_dag' retrieved from /home/airflow/.local/lib/python3.12/site-packages/airflow/example_dags/tutorial_dag.py
[2024-09-25T14:55:35.424+0000] {logging_mixin.py:190} INFO - [2024-09-25T14:55:35.424+0000] {override.py:1900} INFO - Created Permission View: can read on DAG:tutorial_dag
[2024-09-25T14:55:35.430+0000] {logging_mixin.py:190} INFO - [2024-09-25T14:55:35.430+0000] {override.py:1900} INFO - Created Permission View: can edit on DAG:tutorial_dag
[2024-09-25T14:55:35.433+0000] {logging_mixin.py:190} INFO - [2024-09-25T14:55:35.433+0000] {override.py:1900} INFO - Created Permission View: can delete on DAG:tutorial_dag
[2024-09-25T14:55:35.437+0000] {logging_mixin.py:190} INFO - [2024-09-25T14:55:35.437+0000] {override.py:1900} INFO - Created Permission View: can read on DAG Run:tutorial_dag
[2024-09-25T14:55:35.441+0000] {logging_mixin.py:190} INFO - [2024-09-25T14:55:35.441+0000] {override.py:1900} INFO - Created Permission View: can delete on DAG Run:tutorial_dag
[2024-09-25T14:55:35.444+0000] {logging_mixin.py:190} INFO - [2024-09-25T14:55:35.444+0000] {override.py:1900} INFO - Created Permission View: menu access on DAG Run:tutorial_dag
[2024-09-25T14:55:35.448+0000] {logging_mixin.py:190} INFO - [2024-09-25T14:55:35.447+0000] {override.py:1900} INFO - Created Permission View: can create on DAG Run:tutorial_dag
[2024-09-25T14:55:35.448+0000] {logging_mixin.py:190} INFO - [2024-09-25T14:55:35.448+0000] {dag.py:3239} INFO - Sync 1 DAGs
[2024-09-25T14:55:35.458+0000] {logging_mixin.py:190} INFO - [2024-09-25T14:55:35.458+0000] {dag.py:3262} INFO - Creating ORM DAG for tutorial_dag
[2024-09-25T14:55:35.459+0000] {logging_mixin.py:190} INFO - [2024-09-25T14:55:35.459+0000] {dag.py:4180} INFO - Setting next_dagrun for tutorial_dag to None, run_after=None
[2024-09-25T14:55:35.469+0000] {processor.py:208} INFO - Processing /home/airflow/.local/lib/python3.12/site-packages/airflow/example_dags/tutorial_dag.py took 0.141 seconds
[2024-09-25T14:56:05.851+0000] {processor.py:186} INFO - Started process (PID=140) to work on /home/airflow/.local/lib/python3.12/site-packages/airflow/example_dags/tutorial_dag.py
[2024-09-25T14:56:05.851+0000] {processor.py:914} INFO - Processing file /home/airflow/.local/lib/python3.12/site-packages/airflow/example_dags/tutorial_dag.py for tasks to queue
[2024-09-25T14:56:05.853+0000] {logging_mixin.py:190} INFO - [2024-09-25T14:56:05.852+0000] {dagbag.py:588} INFO - Filling up the DagBag from /home/airflow/.local/lib/python3.12/site-packages/airflow/example_dags/tutorial_dag.py
[2024-09-25T14:56:05.858+0000] {processor.py:925} INFO - DAG(s) 'tutorial_dag' retrieved from /home/airflow/.local/lib/python3.12/site-packages/airflow/example_dags/tutorial_dag.py
[2024-09-25T14:56:05.873+0000] {logging_mixin.py:190} INFO - [2024-09-25T14:56:05.873+0000] {dag.py:3239} INFO - Sync 1 DAGs
[2024-09-25T14:56:05.885+0000] {logging_mixin.py:190} INFO - [2024-09-25T14:56:05.885+0000] {dag.py:4180} INFO - Setting next_dagrun for tutorial_dag to None, run_after=None
[2024-09-25T14:56:05.898+0000] {processor.py:208} INFO - Processing /home/airflow/.local/lib/python3.12/site-packages/airflow/example_dags/tutorial_dag.py took 0.052 seconds
[2024-09-25T14:56:36.615+0000] {processor.py:186} INFO - Started process (PID=203) to work on /home/airflow/.local/lib/python3.12/site-packages/airflow/example_dags/tutorial_dag.py
[2024-09-25T14:56:36.616+0000] {processor.py:914} INFO - Processing file /home/airflow/.local/lib/python3.12/site-packages/airflow/example_dags/tutorial_dag.py for tasks to queue
[2024-09-25T14:56:36.617+0000] {logging_mixin.py:190} INFO - [2024-09-25T14:56:36.617+0000] {dagbag.py:588} INFO - Filling up the DagBag from /home/airflow/.local/lib/python3.12/site-packages/airflow/example_dags/tutorial_dag.py
[2024-09-25T14:56:36.623+0000] {processor.py:925} INFO - DAG(s) 'tutorial_dag' retrieved from /home/airflow/.local/lib/python3.12/site-packages/airflow/example_dags/tutorial_dag.py
[2024-09-25T14:56:36.637+0000] {logging_mixin.py:190} INFO - [2024-09-25T14:56:36.637+0000] {dag.py:3239} INFO - Sync 1 DAGs
[2024-09-25T14:56:36.647+0000] {logging_mixin.py:190} INFO - [2024-09-25T14:56:36.647+0000] {dag.py:4180} INFO - Setting next_dagrun for tutorial_dag to None, run_after=None
[2024-09-25T14:56:36.658+0000] {processor.py:208} INFO - Processing /home/airflow/.local/lib/python3.12/site-packages/airflow/example_dags/tutorial_dag.py took 0.047 seconds
[2024-09-25T14:57:07.174+0000] {processor.py:186} INFO - Started process (PID=266) to work on /home/airflow/.local/lib/python3.12/site-packages/airflow/example_dags/tutorial_dag.py
[2024-09-25T14:57:07.174+0000] {processor.py:914} INFO - Processing file /home/airflow/.local/lib/python3.12/site-packages/airflow/example_dags/tutorial_dag.py for tasks to queue
[2024-09-25T14:57:07.176+0000] {logging_mixin.py:190} INFO - [2024-09-25T14:57:07.176+0000] {dagbag.py:588} INFO - Filling up the DagBag from /home/airflow/.local/lib/python3.12/site-packages/airflow/example_dags/tutorial_dag.py
[2024-09-25T14:57:07.181+0000] {processor.py:925} INFO - DAG(s) 'tutorial_dag' retrieved from /home/airflow/.local/lib/python3.12/site-packages/airflow/example_dags/tutorial_dag.py
[2024-09-25T14:57:07.194+0000] {logging_mixin.py:190} INFO - [2024-09-25T14:57:07.194+0000] {dag.py:3239} INFO - Sync 1 DAGs
[2024-09-25T14:57:07.205+0000] {logging_mixin.py:190} INFO - [2024-09-25T14:57:07.205+0000] {dag.py:4180} INFO - Setting next_dagrun for tutorial_dag to None, run_after=None
[2024-09-25T14:57:07.215+0000] {processor.py:208} INFO - Processing /home/airflow/.local/lib/python3.12/site-packages/airflow/example_dags/tutorial_dag.py took 0.046 seconds
[2024-09-25T14:57:37.869+0000] {processor.py:186} INFO - Started process (PID=329) to work on /home/airflow/.local/lib/python3.12/site-packages/airflow/example_dags/tutorial_dag.py
[2024-09-25T14:57:37.869+0000] {processor.py:914} INFO - Processing file /home/airflow/.local/lib/python3.12/site-packages/airflow/example_dags/tutorial_dag.py for tasks to queue
[2024-09-25T14:57:37.871+0000] {logging_mixin.py:190} INFO - [2024-09-25T14:57:37.871+0000] {dagbag.py:588} INFO - Filling up the DagBag from /home/airflow/.local/lib/python3.12/site-packages/airflow/example_dags/tutorial_dag.py
[2024-09-25T14:57:37.876+0000] {processor.py:925} INFO - DAG(s) 'tutorial_dag' retrieved from /home/airflow/.local/lib/python3.12/site-packages/airflow/example_dags/tutorial_dag.py
[2024-09-25T14:57:37.891+0000] {logging_mixin.py:190} INFO - [2024-09-25T14:57:37.891+0000] {dag.py:3239} INFO - Sync 1 DAGs
[2024-09-25T14:57:37.902+0000] {logging_mixin.py:190} INFO - [2024-09-25T14:57:37.902+0000] {dag.py:4180} INFO - Setting next_dagrun for tutorial_dag to None, run_after=None
[2024-09-25T14:57:37.919+0000] {processor.py:208} INFO - Processing /home/airflow/.local/lib/python3.12/site-packages/airflow/example_dags/tutorial_dag.py took 0.055 seconds
[2024-09-25T14:58:08.687+0000] {processor.py:186} INFO - Started process (PID=392) to work on /home/airflow/.local/lib/python3.12/site-packages/airflow/example_dags/tutorial_dag.py
[2024-09-25T14:58:08.688+0000] {processor.py:914} INFO - Processing file /home/airflow/.local/lib/python3.12/site-packages/airflow/example_dags/tutorial_dag.py for tasks to queue
[2024-09-25T14:58:08.689+0000] {logging_mixin.py:190} INFO - [2024-09-25T14:58:08.689+0000] {dagbag.py:588} INFO - Filling up the DagBag from /home/airflow/.local/lib/python3.12/site-packages/airflow/example_dags/tutorial_dag.py
[2024-09-25T14:58:08.694+0000] {processor.py:925} INFO - DAG(s) 'tutorial_dag' retrieved from /home/airflow/.local/lib/python3.12/site-packages/airflow/example_dags/tutorial_dag.py
[2024-09-25T14:58:08.708+0000] {logging_mixin.py:190} INFO - [2024-09-25T14:58:08.708+0000] {dag.py:3239} INFO - Sync 1 DAGs
[2024-09-25T14:58:08.720+0000] {logging_mixin.py:190} INFO - [2024-09-25T14:58:08.720+0000] {dag.py:4180} INFO - Setting next_dagrun for tutorial_dag to None, run_after=None
[2024-09-25T14:58:08.733+0000] {processor.py:208} INFO - Processing /home/airflow/.local/lib/python3.12/site-packages/airflow/example_dags/tutorial_dag.py took 0.051 seconds
