[2024-09-25T14:55:32.156+0000] {processor.py:186} INFO - Started process (PID=46) to work on /home/airflow/.local/lib/python3.12/site-packages/airflow/example_dags/tutorial_taskflow_api.py
[2024-09-25T14:55:32.157+0000] {processor.py:914} INFO - Processing file /home/airflow/.local/lib/python3.12/site-packages/airflow/example_dags/tutorial_taskflow_api.py for tasks to queue
[2024-09-25T14:55:32.158+0000] {logging_mixin.py:190} INFO - [2024-09-25T14:55:32.158+0000] {dagbag.py:588} INFO - Filling up the DagBag from /home/airflow/.local/lib/python3.12/site-packages/airflow/example_dags/tutorial_taskflow_api.py
[2024-09-25T14:55:32.168+0000] {processor.py:925} INFO - DAG(s) 'tutorial_taskflow_api' retrieved from /home/airflow/.local/lib/python3.12/site-packages/airflow/example_dags/tutorial_taskflow_api.py
[2024-09-25T14:55:32.248+0000] {logging_mixin.py:190} INFO - [2024-09-25T14:55:32.248+0000] {override.py:1900} INFO - Created Permission View: can read on DAG:tutorial_taskflow_api
[2024-09-25T14:55:32.254+0000] {logging_mixin.py:190} INFO - [2024-09-25T14:55:32.254+0000] {override.py:1900} INFO - Created Permission View: can edit on DAG:tutorial_taskflow_api
[2024-09-25T14:55:32.257+0000] {logging_mixin.py:190} INFO - [2024-09-25T14:55:32.257+0000] {override.py:1900} INFO - Created Permission View: can delete on DAG:tutorial_taskflow_api
[2024-09-25T14:55:32.261+0000] {logging_mixin.py:190} INFO - [2024-09-25T14:55:32.261+0000] {override.py:1900} INFO - Created Permission View: can read on DAG Run:tutorial_taskflow_api
[2024-09-25T14:55:32.264+0000] {logging_mixin.py:190} INFO - [2024-09-25T14:55:32.264+0000] {override.py:1900} INFO - Created Permission View: can delete on DAG Run:tutorial_taskflow_api
[2024-09-25T14:55:32.268+0000] {logging_mixin.py:190} INFO - [2024-09-25T14:55:32.268+0000] {override.py:1900} INFO - Created Permission View: menu access on DAG Run:tutorial_taskflow_api
[2024-09-25T14:55:32.271+0000] {logging_mixin.py:190} INFO - [2024-09-25T14:55:32.271+0000] {override.py:1900} INFO - Created Permission View: can create on DAG Run:tutorial_taskflow_api
[2024-09-25T14:55:32.271+0000] {logging_mixin.py:190} INFO - [2024-09-25T14:55:32.271+0000] {dag.py:3239} INFO - Sync 1 DAGs
[2024-09-25T14:55:32.280+0000] {logging_mixin.py:190} INFO - [2024-09-25T14:55:32.280+0000] {dag.py:3262} INFO - Creating ORM DAG for tutorial_taskflow_api
[2024-09-25T14:55:32.281+0000] {logging_mixin.py:190} INFO - [2024-09-25T14:55:32.281+0000] {dag.py:4180} INFO - Setting next_dagrun for tutorial_taskflow_api to None, run_after=None
[2024-09-25T14:55:32.292+0000] {processor.py:208} INFO - Processing /home/airflow/.local/lib/python3.12/site-packages/airflow/example_dags/tutorial_taskflow_api.py took 0.140 seconds
[2024-09-25T14:56:02.382+0000] {processor.py:186} INFO - Started process (PID=109) to work on /home/airflow/.local/lib/python3.12/site-packages/airflow/example_dags/tutorial_taskflow_api.py
[2024-09-25T14:56:02.383+0000] {processor.py:914} INFO - Processing file /home/airflow/.local/lib/python3.12/site-packages/airflow/example_dags/tutorial_taskflow_api.py for tasks to queue
[2024-09-25T14:56:02.384+0000] {logging_mixin.py:190} INFO - [2024-09-25T14:56:02.384+0000] {dagbag.py:588} INFO - Filling up the DagBag from /home/airflow/.local/lib/python3.12/site-packages/airflow/example_dags/tutorial_taskflow_api.py
[2024-09-25T14:56:02.390+0000] {processor.py:925} INFO - DAG(s) 'tutorial_taskflow_api' retrieved from /home/airflow/.local/lib/python3.12/site-packages/airflow/example_dags/tutorial_taskflow_api.py
[2024-09-25T14:56:02.404+0000] {logging_mixin.py:190} INFO - [2024-09-25T14:56:02.404+0000] {dag.py:3239} INFO - Sync 1 DAGs
[2024-09-25T14:56:02.415+0000] {logging_mixin.py:190} INFO - [2024-09-25T14:56:02.415+0000] {dag.py:4180} INFO - Setting next_dagrun for tutorial_taskflow_api to None, run_after=None
[2024-09-25T14:56:02.426+0000] {processor.py:208} INFO - Processing /home/airflow/.local/lib/python3.12/site-packages/airflow/example_dags/tutorial_taskflow_api.py took 0.048 seconds
[2024-09-25T14:56:33.251+0000] {processor.py:186} INFO - Started process (PID=172) to work on /home/airflow/.local/lib/python3.12/site-packages/airflow/example_dags/tutorial_taskflow_api.py
[2024-09-25T14:56:33.252+0000] {processor.py:914} INFO - Processing file /home/airflow/.local/lib/python3.12/site-packages/airflow/example_dags/tutorial_taskflow_api.py for tasks to queue
[2024-09-25T14:56:33.254+0000] {logging_mixin.py:190} INFO - [2024-09-25T14:56:33.253+0000] {dagbag.py:588} INFO - Filling up the DagBag from /home/airflow/.local/lib/python3.12/site-packages/airflow/example_dags/tutorial_taskflow_api.py
[2024-09-25T14:56:33.259+0000] {processor.py:925} INFO - DAG(s) 'tutorial_taskflow_api' retrieved from /home/airflow/.local/lib/python3.12/site-packages/airflow/example_dags/tutorial_taskflow_api.py
[2024-09-25T14:56:33.273+0000] {logging_mixin.py:190} INFO - [2024-09-25T14:56:33.273+0000] {dag.py:3239} INFO - Sync 1 DAGs
[2024-09-25T14:56:33.284+0000] {logging_mixin.py:190} INFO - [2024-09-25T14:56:33.283+0000] {dag.py:4180} INFO - Setting next_dagrun for tutorial_taskflow_api to None, run_after=None
[2024-09-25T14:56:33.295+0000] {processor.py:208} INFO - Processing /home/airflow/.local/lib/python3.12/site-packages/airflow/example_dags/tutorial_taskflow_api.py took 0.047 seconds
[2024-09-25T14:57:03.857+0000] {processor.py:186} INFO - Started process (PID=235) to work on /home/airflow/.local/lib/python3.12/site-packages/airflow/example_dags/tutorial_taskflow_api.py
[2024-09-25T14:57:03.858+0000] {processor.py:914} INFO - Processing file /home/airflow/.local/lib/python3.12/site-packages/airflow/example_dags/tutorial_taskflow_api.py for tasks to queue
[2024-09-25T14:57:03.859+0000] {logging_mixin.py:190} INFO - [2024-09-25T14:57:03.859+0000] {dagbag.py:588} INFO - Filling up the DagBag from /home/airflow/.local/lib/python3.12/site-packages/airflow/example_dags/tutorial_taskflow_api.py
[2024-09-25T14:57:03.866+0000] {processor.py:925} INFO - DAG(s) 'tutorial_taskflow_api' retrieved from /home/airflow/.local/lib/python3.12/site-packages/airflow/example_dags/tutorial_taskflow_api.py
[2024-09-25T14:57:03.882+0000] {logging_mixin.py:190} INFO - [2024-09-25T14:57:03.881+0000] {dag.py:3239} INFO - Sync 1 DAGs
[2024-09-25T14:57:03.892+0000] {logging_mixin.py:190} INFO - [2024-09-25T14:57:03.892+0000] {dag.py:4180} INFO - Setting next_dagrun for tutorial_taskflow_api to None, run_after=None
[2024-09-25T14:57:03.903+0000] {processor.py:208} INFO - Processing /home/airflow/.local/lib/python3.12/site-packages/airflow/example_dags/tutorial_taskflow_api.py took 0.050 seconds
[2024-09-25T14:57:34.409+0000] {processor.py:186} INFO - Started process (PID=298) to work on /home/airflow/.local/lib/python3.12/site-packages/airflow/example_dags/tutorial_taskflow_api.py
[2024-09-25T14:57:34.409+0000] {processor.py:914} INFO - Processing file /home/airflow/.local/lib/python3.12/site-packages/airflow/example_dags/tutorial_taskflow_api.py for tasks to queue
[2024-09-25T14:57:34.411+0000] {logging_mixin.py:190} INFO - [2024-09-25T14:57:34.411+0000] {dagbag.py:588} INFO - Filling up the DagBag from /home/airflow/.local/lib/python3.12/site-packages/airflow/example_dags/tutorial_taskflow_api.py
[2024-09-25T14:57:34.417+0000] {processor.py:925} INFO - DAG(s) 'tutorial_taskflow_api' retrieved from /home/airflow/.local/lib/python3.12/site-packages/airflow/example_dags/tutorial_taskflow_api.py
[2024-09-25T14:57:34.433+0000] {logging_mixin.py:190} INFO - [2024-09-25T14:57:34.433+0000] {dag.py:3239} INFO - Sync 1 DAGs
[2024-09-25T14:57:34.447+0000] {logging_mixin.py:190} INFO - [2024-09-25T14:57:34.446+0000] {dag.py:4180} INFO - Setting next_dagrun for tutorial_taskflow_api to None, run_after=None
[2024-09-25T14:57:34.459+0000] {processor.py:208} INFO - Processing /home/airflow/.local/lib/python3.12/site-packages/airflow/example_dags/tutorial_taskflow_api.py took 0.055 seconds
[2024-09-25T14:58:05.294+0000] {processor.py:186} INFO - Started process (PID=361) to work on /home/airflow/.local/lib/python3.12/site-packages/airflow/example_dags/tutorial_taskflow_api.py
[2024-09-25T14:58:05.295+0000] {processor.py:914} INFO - Processing file /home/airflow/.local/lib/python3.12/site-packages/airflow/example_dags/tutorial_taskflow_api.py for tasks to queue
[2024-09-25T14:58:05.297+0000] {logging_mixin.py:190} INFO - [2024-09-25T14:58:05.297+0000] {dagbag.py:588} INFO - Filling up the DagBag from /home/airflow/.local/lib/python3.12/site-packages/airflow/example_dags/tutorial_taskflow_api.py
[2024-09-25T14:58:05.304+0000] {processor.py:925} INFO - DAG(s) 'tutorial_taskflow_api' retrieved from /home/airflow/.local/lib/python3.12/site-packages/airflow/example_dags/tutorial_taskflow_api.py
[2024-09-25T14:58:05.323+0000] {logging_mixin.py:190} INFO - [2024-09-25T14:58:05.322+0000] {dag.py:3239} INFO - Sync 1 DAGs
[2024-09-25T14:58:05.337+0000] {logging_mixin.py:190} INFO - [2024-09-25T14:58:05.337+0000] {dag.py:4180} INFO - Setting next_dagrun for tutorial_taskflow_api to None, run_after=None
[2024-09-25T14:58:05.354+0000] {processor.py:208} INFO - Processing /home/airflow/.local/lib/python3.12/site-packages/airflow/example_dags/tutorial_taskflow_api.py took 0.064 seconds
