[2024-09-25T14:55:31.675+0000] {processor.py:186} INFO - Started process (PID=41) to work on /home/airflow/.local/lib/python3.12/site-packages/airflow/example_dags/tutorial.py
[2024-09-25T14:55:31.676+0000] {processor.py:914} INFO - Processing file /home/airflow/.local/lib/python3.12/site-packages/airflow/example_dags/tutorial.py for tasks to queue
[2024-09-25T14:55:31.677+0000] {logging_mixin.py:190} INFO - [2024-09-25T14:55:31.677+0000] {dagbag.py:588} INFO - Filling up the DagBag from /home/airflow/.local/lib/python3.12/site-packages/airflow/example_dags/tutorial.py
[2024-09-25T14:55:31.684+0000] {processor.py:925} INFO - DAG(s) 'tutorial' retrieved from /home/airflow/.local/lib/python3.12/site-packages/airflow/example_dags/tutorial.py
[2024-09-25T14:55:31.764+0000] {logging_mixin.py:190} INFO - [2024-09-25T14:55:31.764+0000] {override.py:1900} INFO - Created Permission View: can read on DAG:tutorial
[2024-09-25T14:55:31.770+0000] {logging_mixin.py:190} INFO - [2024-09-25T14:55:31.770+0000] {override.py:1900} INFO - Created Permission View: can edit on DAG:tutorial
[2024-09-25T14:55:31.773+0000] {logging_mixin.py:190} INFO - [2024-09-25T14:55:31.773+0000] {override.py:1900} INFO - Created Permission View: can delete on DAG:tutorial
[2024-09-25T14:55:31.777+0000] {logging_mixin.py:190} INFO - [2024-09-25T14:55:31.777+0000] {override.py:1900} INFO - Created Permission View: can read on DAG Run:tutorial
[2024-09-25T14:55:31.780+0000] {logging_mixin.py:190} INFO - [2024-09-25T14:55:31.780+0000] {override.py:1900} INFO - Created Permission View: can delete on DAG Run:tutorial
[2024-09-25T14:55:31.783+0000] {logging_mixin.py:190} INFO - [2024-09-25T14:55:31.783+0000] {override.py:1900} INFO - Created Permission View: menu access on DAG Run:tutorial
[2024-09-25T14:55:31.786+0000] {logging_mixin.py:190} INFO - [2024-09-25T14:55:31.786+0000] {override.py:1900} INFO - Created Permission View: can create on DAG Run:tutorial
[2024-09-25T14:55:31.787+0000] {logging_mixin.py:190} INFO - [2024-09-25T14:55:31.787+0000] {dag.py:3239} INFO - Sync 1 DAGs
[2024-09-25T14:55:31.795+0000] {logging_mixin.py:190} INFO - [2024-09-25T14:55:31.795+0000] {dag.py:3262} INFO - Creating ORM DAG for tutorial
[2024-09-25T14:55:31.801+0000] {logging_mixin.py:190} INFO - [2024-09-25T14:55:31.801+0000] {dag.py:4180} INFO - Setting next_dagrun for tutorial to 2024-09-24 00:00:00+00:00, run_after=2024-09-25 00:00:00+00:00
[2024-09-25T14:55:31.811+0000] {processor.py:208} INFO - Processing /home/airflow/.local/lib/python3.12/site-packages/airflow/example_dags/tutorial.py took 0.139 seconds
[2024-09-25T14:56:02.185+0000] {processor.py:186} INFO - Started process (PID=104) to work on /home/airflow/.local/lib/python3.12/site-packages/airflow/example_dags/tutorial.py
[2024-09-25T14:56:02.185+0000] {processor.py:914} INFO - Processing file /home/airflow/.local/lib/python3.12/site-packages/airflow/example_dags/tutorial.py for tasks to queue
[2024-09-25T14:56:02.187+0000] {logging_mixin.py:190} INFO - [2024-09-25T14:56:02.187+0000] {dagbag.py:588} INFO - Filling up the DagBag from /home/airflow/.local/lib/python3.12/site-packages/airflow/example_dags/tutorial.py
[2024-09-25T14:56:02.193+0000] {processor.py:925} INFO - DAG(s) 'tutorial' retrieved from /home/airflow/.local/lib/python3.12/site-packages/airflow/example_dags/tutorial.py
[2024-09-25T14:56:02.207+0000] {logging_mixin.py:190} INFO - [2024-09-25T14:56:02.206+0000] {dag.py:3239} INFO - Sync 1 DAGs
[2024-09-25T14:56:02.223+0000] {logging_mixin.py:190} INFO - [2024-09-25T14:56:02.223+0000] {dag.py:4180} INFO - Setting next_dagrun for tutorial to 2024-09-24 00:00:00+00:00, run_after=2024-09-25 00:00:00+00:00
[2024-09-25T14:56:02.233+0000] {processor.py:208} INFO - Processing /home/airflow/.local/lib/python3.12/site-packages/airflow/example_dags/tutorial.py took 0.053 seconds
[2024-09-25T14:56:33.060+0000] {processor.py:186} INFO - Started process (PID=167) to work on /home/airflow/.local/lib/python3.12/site-packages/airflow/example_dags/tutorial.py
[2024-09-25T14:56:33.061+0000] {processor.py:914} INFO - Processing file /home/airflow/.local/lib/python3.12/site-packages/airflow/example_dags/tutorial.py for tasks to queue
[2024-09-25T14:56:33.062+0000] {logging_mixin.py:190} INFO - [2024-09-25T14:56:33.062+0000] {dagbag.py:588} INFO - Filling up the DagBag from /home/airflow/.local/lib/python3.12/site-packages/airflow/example_dags/tutorial.py
[2024-09-25T14:56:33.068+0000] {processor.py:925} INFO - DAG(s) 'tutorial' retrieved from /home/airflow/.local/lib/python3.12/site-packages/airflow/example_dags/tutorial.py
[2024-09-25T14:56:33.082+0000] {logging_mixin.py:190} INFO - [2024-09-25T14:56:33.082+0000] {dag.py:3239} INFO - Sync 1 DAGs
[2024-09-25T14:56:33.098+0000] {logging_mixin.py:190} INFO - [2024-09-25T14:56:33.098+0000] {dag.py:4180} INFO - Setting next_dagrun for tutorial to 2024-09-24 00:00:00+00:00, run_after=2024-09-25 00:00:00+00:00
[2024-09-25T14:56:33.109+0000] {processor.py:208} INFO - Processing /home/airflow/.local/lib/python3.12/site-packages/airflow/example_dags/tutorial.py took 0.053 seconds
[2024-09-25T14:57:03.663+0000] {processor.py:186} INFO - Started process (PID=230) to work on /home/airflow/.local/lib/python3.12/site-packages/airflow/example_dags/tutorial.py
[2024-09-25T14:57:03.663+0000] {processor.py:914} INFO - Processing file /home/airflow/.local/lib/python3.12/site-packages/airflow/example_dags/tutorial.py for tasks to queue
[2024-09-25T14:57:03.665+0000] {logging_mixin.py:190} INFO - [2024-09-25T14:57:03.665+0000] {dagbag.py:588} INFO - Filling up the DagBag from /home/airflow/.local/lib/python3.12/site-packages/airflow/example_dags/tutorial.py
[2024-09-25T14:57:03.671+0000] {processor.py:925} INFO - DAG(s) 'tutorial' retrieved from /home/airflow/.local/lib/python3.12/site-packages/airflow/example_dags/tutorial.py
[2024-09-25T14:57:03.684+0000] {logging_mixin.py:190} INFO - [2024-09-25T14:57:03.684+0000] {dag.py:3239} INFO - Sync 1 DAGs
[2024-09-25T14:57:03.701+0000] {logging_mixin.py:190} INFO - [2024-09-25T14:57:03.701+0000] {dag.py:4180} INFO - Setting next_dagrun for tutorial to 2024-09-24 00:00:00+00:00, run_after=2024-09-25 00:00:00+00:00
[2024-09-25T14:57:03.711+0000] {processor.py:208} INFO - Processing /home/airflow/.local/lib/python3.12/site-packages/airflow/example_dags/tutorial.py took 0.053 seconds
[2024-09-25T14:57:34.196+0000] {processor.py:186} INFO - Started process (PID=293) to work on /home/airflow/.local/lib/python3.12/site-packages/airflow/example_dags/tutorial.py
[2024-09-25T14:57:34.196+0000] {processor.py:914} INFO - Processing file /home/airflow/.local/lib/python3.12/site-packages/airflow/example_dags/tutorial.py for tasks to queue
[2024-09-25T14:57:34.198+0000] {logging_mixin.py:190} INFO - [2024-09-25T14:57:34.198+0000] {dagbag.py:588} INFO - Filling up the DagBag from /home/airflow/.local/lib/python3.12/site-packages/airflow/example_dags/tutorial.py
[2024-09-25T14:57:34.205+0000] {processor.py:925} INFO - DAG(s) 'tutorial' retrieved from /home/airflow/.local/lib/python3.12/site-packages/airflow/example_dags/tutorial.py
[2024-09-25T14:57:34.220+0000] {logging_mixin.py:190} INFO - [2024-09-25T14:57:34.220+0000] {dag.py:3239} INFO - Sync 1 DAGs
[2024-09-25T14:57:34.238+0000] {logging_mixin.py:190} INFO - [2024-09-25T14:57:34.238+0000] {dag.py:4180} INFO - Setting next_dagrun for tutorial to 2024-09-24 00:00:00+00:00, run_after=2024-09-25 00:00:00+00:00
[2024-09-25T14:57:34.249+0000] {processor.py:208} INFO - Processing /home/airflow/.local/lib/python3.12/site-packages/airflow/example_dags/tutorial.py took 0.057 seconds
[2024-09-25T14:58:05.007+0000] {processor.py:186} INFO - Started process (PID=356) to work on /home/airflow/.local/lib/python3.12/site-packages/airflow/example_dags/tutorial.py
[2024-09-25T14:58:05.008+0000] {processor.py:914} INFO - Processing file /home/airflow/.local/lib/python3.12/site-packages/airflow/example_dags/tutorial.py for tasks to queue
[2024-09-25T14:58:05.010+0000] {logging_mixin.py:190} INFO - [2024-09-25T14:58:05.010+0000] {dagbag.py:588} INFO - Filling up the DagBag from /home/airflow/.local/lib/python3.12/site-packages/airflow/example_dags/tutorial.py
[2024-09-25T14:58:05.016+0000] {processor.py:925} INFO - DAG(s) 'tutorial' retrieved from /home/airflow/.local/lib/python3.12/site-packages/airflow/example_dags/tutorial.py
[2024-09-25T14:58:05.033+0000] {logging_mixin.py:190} INFO - [2024-09-25T14:58:05.033+0000] {dag.py:3239} INFO - Sync 1 DAGs
[2024-09-25T14:58:05.055+0000] {logging_mixin.py:190} INFO - [2024-09-25T14:58:05.054+0000] {dag.py:4180} INFO - Setting next_dagrun for tutorial to 2024-09-24 00:00:00+00:00, run_after=2024-09-25 00:00:00+00:00
[2024-09-25T14:58:05.073+0000] {processor.py:208} INFO - Processing /home/airflow/.local/lib/python3.12/site-packages/airflow/example_dags/tutorial.py took 0.069 seconds
