[2024-09-25T14:55:34.239+0000] {processor.py:186} INFO - Started process (PID=68) to work on /home/airflow/.local/lib/python3.12/site-packages/airflow/example_dags/tutorial_objectstorage.py
[2024-09-25T14:55:34.239+0000] {processor.py:914} INFO - Processing file /home/airflow/.local/lib/python3.12/site-packages/airflow/example_dags/tutorial_objectstorage.py for tasks to queue
[2024-09-25T14:55:34.241+0000] {logging_mixin.py:190} INFO - [2024-09-25T14:55:34.240+0000] {dagbag.py:588} INFO - Filling up the DagBag from /home/airflow/.local/lib/python3.12/site-packages/airflow/example_dags/tutorial_objectstorage.py
[2024-09-25T14:55:34.248+0000] {processor.py:925} INFO - DAG(s) 'tutorial_objectstorage' retrieved from /home/airflow/.local/lib/python3.12/site-packages/airflow/example_dags/tutorial_objectstorage.py
[2024-09-25T14:55:34.327+0000] {logging_mixin.py:190} INFO - [2024-09-25T14:55:34.326+0000] {override.py:1900} INFO - Created Permission View: can read on DAG:tutorial_objectstorage
[2024-09-25T14:55:34.333+0000] {logging_mixin.py:190} INFO - [2024-09-25T14:55:34.333+0000] {override.py:1900} INFO - Created Permission View: can edit on DAG:tutorial_objectstorage
[2024-09-25T14:55:34.337+0000] {logging_mixin.py:190} INFO - [2024-09-25T14:55:34.337+0000] {override.py:1900} INFO - Created Permission View: can delete on DAG:tutorial_objectstorage
[2024-09-25T14:55:34.341+0000] {logging_mixin.py:190} INFO - [2024-09-25T14:55:34.341+0000] {override.py:1900} INFO - Created Permission View: can read on DAG Run:tutorial_objectstorage
[2024-09-25T14:55:34.344+0000] {logging_mixin.py:190} INFO - [2024-09-25T14:55:34.344+0000] {override.py:1900} INFO - Created Permission View: can delete on DAG Run:tutorial_objectstorage
[2024-09-25T14:55:34.348+0000] {logging_mixin.py:190} INFO - [2024-09-25T14:55:34.348+0000] {override.py:1900} INFO - Created Permission View: menu access on DAG Run:tutorial_objectstorage
[2024-09-25T14:55:34.351+0000] {logging_mixin.py:190} INFO - [2024-09-25T14:55:34.351+0000] {override.py:1900} INFO - Created Permission View: can create on DAG Run:tutorial_objectstorage
[2024-09-25T14:55:34.351+0000] {logging_mixin.py:190} INFO - [2024-09-25T14:55:34.351+0000] {dag.py:3239} INFO - Sync 1 DAGs
[2024-09-25T14:55:34.362+0000] {logging_mixin.py:190} INFO - [2024-09-25T14:55:34.362+0000] {dag.py:3262} INFO - Creating ORM DAG for tutorial_objectstorage
[2024-09-25T14:55:34.362+0000] {logging_mixin.py:190} INFO - [2024-09-25T14:55:34.362+0000] {dag.py:4180} INFO - Setting next_dagrun for tutorial_objectstorage to None, run_after=None
[2024-09-25T14:55:34.372+0000] {processor.py:208} INFO - Processing /home/airflow/.local/lib/python3.12/site-packages/airflow/example_dags/tutorial_objectstorage.py took 0.137 seconds
[2024-09-25T14:56:05.341+0000] {processor.py:186} INFO - Started process (PID=131) to work on /home/airflow/.local/lib/python3.12/site-packages/airflow/example_dags/tutorial_objectstorage.py
[2024-09-25T14:56:05.342+0000] {processor.py:914} INFO - Processing file /home/airflow/.local/lib/python3.12/site-packages/airflow/example_dags/tutorial_objectstorage.py for tasks to queue
[2024-09-25T14:56:05.344+0000] {logging_mixin.py:190} INFO - [2024-09-25T14:56:05.343+0000] {dagbag.py:588} INFO - Filling up the DagBag from /home/airflow/.local/lib/python3.12/site-packages/airflow/example_dags/tutorial_objectstorage.py
[2024-09-25T14:56:05.351+0000] {processor.py:925} INFO - DAG(s) 'tutorial_objectstorage' retrieved from /home/airflow/.local/lib/python3.12/site-packages/airflow/example_dags/tutorial_objectstorage.py
[2024-09-25T14:56:05.366+0000] {logging_mixin.py:190} INFO - [2024-09-25T14:56:05.366+0000] {dag.py:3239} INFO - Sync 1 DAGs
[2024-09-25T14:56:05.378+0000] {logging_mixin.py:190} INFO - [2024-09-25T14:56:05.378+0000] {dag.py:4180} INFO - Setting next_dagrun for tutorial_objectstorage to None, run_after=None
[2024-09-25T14:56:05.392+0000] {processor.py:208} INFO - Processing /home/airflow/.local/lib/python3.12/site-packages/airflow/example_dags/tutorial_objectstorage.py took 0.056 seconds
[2024-09-25T14:56:36.105+0000] {processor.py:186} INFO - Started process (PID=194) to work on /home/airflow/.local/lib/python3.12/site-packages/airflow/example_dags/tutorial_objectstorage.py
[2024-09-25T14:56:36.106+0000] {processor.py:914} INFO - Processing file /home/airflow/.local/lib/python3.12/site-packages/airflow/example_dags/tutorial_objectstorage.py for tasks to queue
[2024-09-25T14:56:36.107+0000] {logging_mixin.py:190} INFO - [2024-09-25T14:56:36.107+0000] {dagbag.py:588} INFO - Filling up the DagBag from /home/airflow/.local/lib/python3.12/site-packages/airflow/example_dags/tutorial_objectstorage.py
[2024-09-25T14:56:36.113+0000] {processor.py:925} INFO - DAG(s) 'tutorial_objectstorage' retrieved from /home/airflow/.local/lib/python3.12/site-packages/airflow/example_dags/tutorial_objectstorage.py
[2024-09-25T14:56:36.128+0000] {logging_mixin.py:190} INFO - [2024-09-25T14:56:36.127+0000] {dag.py:3239} INFO - Sync 1 DAGs
[2024-09-25T14:56:36.138+0000] {logging_mixin.py:190} INFO - [2024-09-25T14:56:36.138+0000] {dag.py:4180} INFO - Setting next_dagrun for tutorial_objectstorage to None, run_after=None
[2024-09-25T14:56:36.149+0000] {processor.py:208} INFO - Processing /home/airflow/.local/lib/python3.12/site-packages/airflow/example_dags/tutorial_objectstorage.py took 0.048 seconds
[2024-09-25T14:57:06.665+0000] {processor.py:186} INFO - Started process (PID=257) to work on /home/airflow/.local/lib/python3.12/site-packages/airflow/example_dags/tutorial_objectstorage.py
[2024-09-25T14:57:06.665+0000] {processor.py:914} INFO - Processing file /home/airflow/.local/lib/python3.12/site-packages/airflow/example_dags/tutorial_objectstorage.py for tasks to queue
[2024-09-25T14:57:06.667+0000] {logging_mixin.py:190} INFO - [2024-09-25T14:57:06.667+0000] {dagbag.py:588} INFO - Filling up the DagBag from /home/airflow/.local/lib/python3.12/site-packages/airflow/example_dags/tutorial_objectstorage.py
[2024-09-25T14:57:06.674+0000] {processor.py:925} INFO - DAG(s) 'tutorial_objectstorage' retrieved from /home/airflow/.local/lib/python3.12/site-packages/airflow/example_dags/tutorial_objectstorage.py
[2024-09-25T14:57:06.688+0000] {logging_mixin.py:190} INFO - [2024-09-25T14:57:06.688+0000] {dag.py:3239} INFO - Sync 1 DAGs
[2024-09-25T14:57:06.698+0000] {logging_mixin.py:190} INFO - [2024-09-25T14:57:06.698+0000] {dag.py:4180} INFO - Setting next_dagrun for tutorial_objectstorage to None, run_after=None
[2024-09-25T14:57:06.708+0000] {processor.py:208} INFO - Processing /home/airflow/.local/lib/python3.12/site-packages/airflow/example_dags/tutorial_objectstorage.py took 0.048 seconds
[2024-09-25T14:57:37.329+0000] {processor.py:186} INFO - Started process (PID=320) to work on /home/airflow/.local/lib/python3.12/site-packages/airflow/example_dags/tutorial_objectstorage.py
[2024-09-25T14:57:37.330+0000] {processor.py:914} INFO - Processing file /home/airflow/.local/lib/python3.12/site-packages/airflow/example_dags/tutorial_objectstorage.py for tasks to queue
[2024-09-25T14:57:37.332+0000] {logging_mixin.py:190} INFO - [2024-09-25T14:57:37.332+0000] {dagbag.py:588} INFO - Filling up the DagBag from /home/airflow/.local/lib/python3.12/site-packages/airflow/example_dags/tutorial_objectstorage.py
[2024-09-25T14:57:37.339+0000] {processor.py:925} INFO - DAG(s) 'tutorial_objectstorage' retrieved from /home/airflow/.local/lib/python3.12/site-packages/airflow/example_dags/tutorial_objectstorage.py
[2024-09-25T14:57:37.355+0000] {logging_mixin.py:190} INFO - [2024-09-25T14:57:37.355+0000] {dag.py:3239} INFO - Sync 1 DAGs
[2024-09-25T14:57:37.367+0000] {logging_mixin.py:190} INFO - [2024-09-25T14:57:37.367+0000] {dag.py:4180} INFO - Setting next_dagrun for tutorial_objectstorage to None, run_after=None
[2024-09-25T14:57:37.379+0000] {processor.py:208} INFO - Processing /home/airflow/.local/lib/python3.12/site-packages/airflow/example_dags/tutorial_objectstorage.py took 0.054 seconds
[2024-09-25T14:58:08.172+0000] {processor.py:186} INFO - Started process (PID=383) to work on /home/airflow/.local/lib/python3.12/site-packages/airflow/example_dags/tutorial_objectstorage.py
[2024-09-25T14:58:08.172+0000] {processor.py:914} INFO - Processing file /home/airflow/.local/lib/python3.12/site-packages/airflow/example_dags/tutorial_objectstorage.py for tasks to queue
[2024-09-25T14:58:08.174+0000] {logging_mixin.py:190} INFO - [2024-09-25T14:58:08.174+0000] {dagbag.py:588} INFO - Filling up the DagBag from /home/airflow/.local/lib/python3.12/site-packages/airflow/example_dags/tutorial_objectstorage.py
[2024-09-25T14:58:08.180+0000] {processor.py:925} INFO - DAG(s) 'tutorial_objectstorage' retrieved from /home/airflow/.local/lib/python3.12/site-packages/airflow/example_dags/tutorial_objectstorage.py
[2024-09-25T14:58:08.194+0000] {logging_mixin.py:190} INFO - [2024-09-25T14:58:08.194+0000] {dag.py:3239} INFO - Sync 1 DAGs
[2024-09-25T14:58:08.204+0000] {logging_mixin.py:190} INFO - [2024-09-25T14:58:08.204+0000] {dag.py:4180} INFO - Setting next_dagrun for tutorial_objectstorage to None, run_after=None
[2024-09-25T14:58:08.215+0000] {processor.py:208} INFO - Processing /home/airflow/.local/lib/python3.12/site-packages/airflow/example_dags/tutorial_objectstorage.py took 0.048 seconds
